                                      1 ;--------------------------------------------------------
                                      2 ; File Created by SDCC : free open source ISO C Compiler 
                                      3 ; Version 4.2.2 #13350 (Linux)
                                      4 ;--------------------------------------------------------
                                      5 	.module Font_Minimal3x5
                                      6 	.optsdcc -msm83
                                      7 	
                                      8 ;--------------------------------------------------------
                                      9 ; Public variables in this module
                                     10 ;--------------------------------------------------------
                                     11 	.globl _Font_Minimal3x5
                                     12 	.globl b___func_Font_Minimal3x5
                                     13 	.globl ___func_Font_Minimal3x5
                                     14 ;--------------------------------------------------------
                                     15 ; special function registers
                                     16 ;--------------------------------------------------------
                                     17 ;--------------------------------------------------------
                                     18 ; ram data
                                     19 ;--------------------------------------------------------
                                     20 	.area _DATA
                                     21 ;--------------------------------------------------------
                                     22 ; ram data
                                     23 ;--------------------------------------------------------
                                     24 	.area _INITIALIZED
                                     25 ;--------------------------------------------------------
                                     26 ; absolute external ram data
                                     27 ;--------------------------------------------------------
                                     28 	.area _DABS (ABS)
                                     29 ;--------------------------------------------------------
                                     30 ; global & static initialisations
                                     31 ;--------------------------------------------------------
                                     32 	.area _HOME
                                     33 	.area _GSINIT
                                     34 	.area _GSFINAL
                                     35 	.area _GSINIT
                                     36 ;--------------------------------------------------------
                                     37 ; Home
                                     38 ;--------------------------------------------------------
                                     39 	.area _HOME
                                     40 	.area _HOME
                                     41 ;--------------------------------------------------------
                                     42 ; code
                                     43 ;--------------------------------------------------------
                                     44 	.area _CODE_255
                           000000    45 	G$__func_Font_Minimal3x5$0$0	= .
                                     46 	.globl	G$__func_Font_Minimal3x5$0$0
                           000000    47 	C$Font_Minimal3x5.c$5$0_0$130	= .
                                     48 	.globl	C$Font_Minimal3x5.c$5$0_0$130
                                     49 ;res/fonts/Font_Minimal3x5.c:5: BANKREF(Font_Minimal3x5)
                                     50 ;	---------------------------------
                                     51 ; Function __func_Font_Minimal3x5
                                     52 ; ---------------------------------
                           0000FF    53 	b___func_Font_Minimal3x5	= 255
      000000                         54 ___func_Font_Minimal3x5::
                                     55 	.local b___func_Font_Minimal3x5 
                           0000FF    56 	___bank_Font_Minimal3x5 = b___func_Font_Minimal3x5 
                                     57 	.globl ___bank_Font_Minimal3x5 
                                     58 	.area _CODE_255
                           000000    59 FFont_Minimal3x5$Font_Minimal3x5_table$0_0$0 == .
      000000                         60 _Font_Minimal3x5_table:
      000000 00                      61 	.db #0x00	; 0
      000001 00                      62 	.db #0x00	; 0
      000002 00                      63 	.db #0x00	; 0
      000003 00                      64 	.db #0x00	; 0
      000004 00                      65 	.db #0x00	; 0
      000005 00                      66 	.db #0x00	; 0
      000006 00                      67 	.db #0x00	; 0
      000007 00                      68 	.db #0x00	; 0
      000008 00                      69 	.db #0x00	; 0
      000009 00                      70 	.db #0x00	; 0
      00000A 00                      71 	.db #0x00	; 0
      00000B 00                      72 	.db #0x00	; 0
      00000C 00                      73 	.db #0x00	; 0
      00000D 00                      74 	.db #0x00	; 0
      00000E 00                      75 	.db #0x00	; 0
      00000F 00                      76 	.db #0x00	; 0
      000010 00                      77 	.db #0x00	; 0
      000011 00                      78 	.db #0x00	; 0
      000012 00                      79 	.db #0x00	; 0
      000013 00                      80 	.db #0x00	; 0
      000014 00                      81 	.db #0x00	; 0
      000015 00                      82 	.db #0x00	; 0
      000016 00                      83 	.db #0x00	; 0
      000017 00                      84 	.db #0x00	; 0
      000018 00                      85 	.db #0x00	; 0
      000019 00                      86 	.db #0x00	; 0
      00001A 00                      87 	.db #0x00	; 0
      00001B 00                      88 	.db #0x00	; 0
      00001C 00                      89 	.db #0x00	; 0
      00001D 00                      90 	.db #0x00	; 0
      00001E 00                      91 	.db #0x00	; 0
      00001F 00                      92 	.db #0x00	; 0
      000020 00                      93 	.db #0x00	; 0
      000021 01                      94 	.db #0x01	; 1
      000022 02                      95 	.db #0x02	; 2
      000023 03                      96 	.db #0x03	; 3
      000024 04                      97 	.db #0x04	; 4
      000025 05                      98 	.db #0x05	; 5
      000026 06                      99 	.db #0x06	; 6
      000027 07                     100 	.db #0x07	; 7
      000028 08                     101 	.db #0x08	; 8
      000029 09                     102 	.db #0x09	; 9
      00002A 0A                     103 	.db #0x0a	; 10
      00002B 0B                     104 	.db #0x0b	; 11
      00002C 0C                     105 	.db #0x0c	; 12
      00002D 0D                     106 	.db #0x0d	; 13
      00002E 0E                     107 	.db #0x0e	; 14
      00002F 0F                     108 	.db #0x0f	; 15
      000030 10                     109 	.db #0x10	; 16
      000031 11                     110 	.db #0x11	; 17
      000032 12                     111 	.db #0x12	; 18
      000033 13                     112 	.db #0x13	; 19
      000034 14                     113 	.db #0x14	; 20
      000035 15                     114 	.db #0x15	; 21
      000036 16                     115 	.db #0x16	; 22
      000037 17                     116 	.db #0x17	; 23
      000038 18                     117 	.db #0x18	; 24
      000039 19                     118 	.db #0x19	; 25
      00003A 1A                     119 	.db #0x1a	; 26
      00003B 1B                     120 	.db #0x1b	; 27
      00003C 1C                     121 	.db #0x1c	; 28
      00003D 1D                     122 	.db #0x1d	; 29
      00003E 1E                     123 	.db #0x1e	; 30
      00003F 1F                     124 	.db #0x1f	; 31
      000040 20                     125 	.db #0x20	; 32
      000041 21                     126 	.db #0x21	; 33
      000042 22                     127 	.db #0x22	; 34
      000043 23                     128 	.db #0x23	; 35
      000044 24                     129 	.db #0x24	; 36
      000045 25                     130 	.db #0x25	; 37
      000046 26                     131 	.db #0x26	; 38
      000047 27                     132 	.db #0x27	; 39
      000048 28                     133 	.db #0x28	; 40
      000049 29                     134 	.db #0x29	; 41
      00004A 2A                     135 	.db #0x2a	; 42
      00004B 2B                     136 	.db #0x2b	; 43
      00004C 2C                     137 	.db #0x2c	; 44
      00004D 2D                     138 	.db #0x2d	; 45
      00004E 2E                     139 	.db #0x2e	; 46
      00004F 10                     140 	.db #0x10	; 16
      000050 2F                     141 	.db #0x2f	; 47
      000051 30                     142 	.db #0x30	; 48	'0'
      000052 31                     143 	.db #0x31	; 49	'1'
      000053 32                     144 	.db #0x32	; 50	'2'
      000054 33                     145 	.db #0x33	; 51	'3'
      000055 34                     146 	.db #0x34	; 52	'4'
      000056 35                     147 	.db #0x35	; 53	'5'
      000057 36                     148 	.db #0x36	; 54	'6'
      000058 37                     149 	.db #0x37	; 55	'7'
      000059 38                     150 	.db #0x38	; 56	'8'
      00005A 39                     151 	.db #0x39	; 57	'9'
      00005B 3A                     152 	.db #0x3a	; 58
      00005C 3B                     153 	.db #0x3b	; 59
      00005D 3C                     154 	.db #0x3c	; 60
      00005E 3D                     155 	.db #0x3d	; 61
      00005F 3E                     156 	.db #0x3e	; 62
      000060 07                     157 	.db #0x07	; 7
      000061 21                     158 	.db #0x21	; 33
      000062 22                     159 	.db #0x22	; 34
      000063 23                     160 	.db #0x23	; 35
      000064 24                     161 	.db #0x24	; 36
      000065 25                     162 	.db #0x25	; 37
      000066 26                     163 	.db #0x26	; 38
      000067 27                     164 	.db #0x27	; 39
      000068 28                     165 	.db #0x28	; 40
      000069 29                     166 	.db #0x29	; 41
      00006A 2A                     167 	.db #0x2a	; 42
      00006B 2B                     168 	.db #0x2b	; 43
      00006C 2C                     169 	.db #0x2c	; 44
      00006D 2D                     170 	.db #0x2d	; 45
      00006E 2E                     171 	.db #0x2e	; 46
      00006F 10                     172 	.db #0x10	; 16
      000070 2F                     173 	.db #0x2f	; 47
      000071 30                     174 	.db #0x30	; 48	'0'
      000072 31                     175 	.db #0x31	; 49	'1'
      000073 32                     176 	.db #0x32	; 50	'2'
      000074 33                     177 	.db #0x33	; 51	'3'
      000075 34                     178 	.db #0x34	; 52	'4'
      000076 35                     179 	.db #0x35	; 53	'5'
      000077 36                     180 	.db #0x36	; 54	'6'
      000078 37                     181 	.db #0x37	; 55	'7'
      000079 38                     182 	.db #0x38	; 56	'8'
      00007A 39                     183 	.db #0x39	; 57	'9'
      00007B 3F                     184 	.db #0x3f	; 63
      00007C 40                     185 	.db #0x40	; 64
      00007D 41                     186 	.db #0x41	; 65	'A'
      00007E 42                     187 	.db #0x42	; 66	'B'
      00007F 07                     188 	.db #0x07	; 7
                           000080   189 FFont_Minimal3x5$Font_Minimal3x5_widths$0_0$0 == .
      000080                        190 _Font_Minimal3x5_widths:
      000080 04                     191 	.db #0x04	; 4
      000081 02                     192 	.db #0x02	; 2
      000082 04                     193 	.db #0x04	; 4
      000083 06                     194 	.db #0x06	; 6
      000084 06                     195 	.db #0x06	; 6
      000085 06                     196 	.db #0x06	; 6
      000086 06                     197 	.db #0x06	; 6
      000087 02                     198 	.db #0x02	; 2
      000088 03                     199 	.db #0x03	; 3
      000089 03                     200 	.db #0x03	; 3
      00008A 04                     201 	.db #0x04	; 4
      00008B 04                     202 	.db #0x04	; 4
      00008C 02                     203 	.db #0x02	; 2
      00008D 04                     204 	.db #0x04	; 4
      00008E 02                     205 	.db #0x02	; 2
      00008F 04                     206 	.db #0x04	; 4
      000090 04                     207 	.db #0x04	; 4
      000091 04                     208 	.db #0x04	; 4
      000092 04                     209 	.db #0x04	; 4
      000093 04                     210 	.db #0x04	; 4
      000094 04                     211 	.db #0x04	; 4
      000095 04                     212 	.db #0x04	; 4
      000096 04                     213 	.db #0x04	; 4
      000097 04                     214 	.db #0x04	; 4
      000098 04                     215 	.db #0x04	; 4
      000099 04                     216 	.db #0x04	; 4
      00009A 02                     217 	.db #0x02	; 2
      00009B 02                     218 	.db #0x02	; 2
      00009C 04                     219 	.db #0x04	; 4
      00009D 04                     220 	.db #0x04	; 4
      00009E 04                     221 	.db #0x04	; 4
      00009F 04                     222 	.db #0x04	; 4
      0000A0 08                     223 	.db #0x08	; 8
      0000A1 04                     224 	.db #0x04	; 4
      0000A2 04                     225 	.db #0x04	; 4
      0000A3 04                     226 	.db #0x04	; 4
      0000A4 04                     227 	.db #0x04	; 4
      0000A5 04                     228 	.db #0x04	; 4
      0000A6 04                     229 	.db #0x04	; 4
      0000A7 04                     230 	.db #0x04	; 4
      0000A8 04                     231 	.db #0x04	; 4
      0000A9 04                     232 	.db #0x04	; 4
      0000AA 04                     233 	.db #0x04	; 4
      0000AB 04                     234 	.db #0x04	; 4
      0000AC 04                     235 	.db #0x04	; 4
      0000AD 06                     236 	.db #0x06	; 6
      0000AE 05                     237 	.db #0x05	; 5
      0000AF 04                     238 	.db #0x04	; 4
      0000B0 04                     239 	.db #0x04	; 4
      0000B1 04                     240 	.db #0x04	; 4
      0000B2 04                     241 	.db #0x04	; 4
      0000B3 04                     242 	.db #0x04	; 4
      0000B4 04                     243 	.db #0x04	; 4
      0000B5 04                     244 	.db #0x04	; 4
      0000B6 06                     245 	.db #0x06	; 6
      0000B7 04                     246 	.db #0x04	; 4
      0000B8 04                     247 	.db #0x04	; 4
      0000B9 04                     248 	.db #0x04	; 4
      0000BA 03                     249 	.db #0x03	; 3
      0000BB 04                     250 	.db #0x04	; 4
      0000BC 03                     251 	.db #0x03	; 3
      0000BD 04                     252 	.db #0x04	; 4
      0000BE 04                     253 	.db #0x04	; 4
      0000BF 04                     254 	.db #0x04	; 4
      0000C0 02                     255 	.db #0x02	; 2
      0000C1 04                     256 	.db #0x04	; 4
      0000C2 05                     257 	.db #0x05	; 5
                           0000C3   258 FFont_Minimal3x5$Font_Minimal3x5_faces$0_0$0 == .
      0000C3                        259 _Font_Minimal3x5_faces:
      0000C3 00                     260 	.db #0x00	; 0
      0000C4 00                     261 	.db #0x00	; 0
      0000C5 00                     262 	.db #0x00	; 0
      0000C6 00                     263 	.db #0x00	; 0
      0000C7 00                     264 	.db #0x00	; 0
      0000C8 00                     265 	.db #0x00	; 0
      0000C9 00                     266 	.db #0x00	; 0
      0000CA 00                     267 	.db #0x00	; 0
      0000CB 00                     268 	.db #0x00	; 0
      0000CC 00                     269 	.db #0x00	; 0
      0000CD 80                     270 	.db #0x80	; 128
      0000CE 80                     271 	.db #0x80	; 128
      0000CF 80                     272 	.db #0x80	; 128
      0000D0 00                     273 	.db #0x00	; 0
      0000D1 80                     274 	.db #0x80	; 128
      0000D2 00                     275 	.db #0x00	; 0
      0000D3 00                     276 	.db #0x00	; 0
      0000D4 00                     277 	.db #0x00	; 0
      0000D5 A0                     278 	.db #0xa0	; 160
      0000D6 A0                     279 	.db #0xa0	; 160
      0000D7 00                     280 	.db #0x00	; 0
      0000D8 00                     281 	.db #0x00	; 0
      0000D9 00                     282 	.db #0x00	; 0
      0000DA 00                     283 	.db #0x00	; 0
      0000DB 00                     284 	.db #0x00	; 0
      0000DC 00                     285 	.db #0x00	; 0
      0000DD 50                     286 	.db #0x50	; 80	'P'
      0000DE F8                     287 	.db #0xf8	; 248
      0000DF 50                     288 	.db #0x50	; 80	'P'
      0000E0 F8                     289 	.db #0xf8	; 248
      0000E1 50                     290 	.db #0x50	; 80	'P'
      0000E2 00                     291 	.db #0x00	; 0
      0000E3 00                     292 	.db #0x00	; 0
      0000E4 20                     293 	.db #0x20	; 32
      0000E5 F8                     294 	.db #0xf8	; 248
      0000E6 A0                     295 	.db #0xa0	; 160
      0000E7 78                     296 	.db #0x78	; 120	'x'
      0000E8 28                     297 	.db #0x28	; 40
      0000E9 F8                     298 	.db #0xf8	; 248
      0000EA 20                     299 	.db #0x20	; 32
      0000EB 00                     300 	.db #0x00	; 0
      0000EC 00                     301 	.db #0x00	; 0
      0000ED 28                     302 	.db #0x28	; 40
      0000EE 08                     303 	.db #0x08	; 8
      0000EF 10                     304 	.db #0x10	; 16
      0000F0 20                     305 	.db #0x20	; 32
      0000F1 28                     306 	.db #0x28	; 40
      0000F2 00                     307 	.db #0x00	; 0
      0000F3 00                     308 	.db #0x00	; 0
      0000F4 70                     309 	.db #0x70	; 112	'p'
      0000F5 40                     310 	.db #0x40	; 64
      0000F6 60                     311 	.db #0x60	; 96
      0000F7 E8                     312 	.db #0xe8	; 232
      0000F8 B0                     313 	.db #0xb0	; 176
      0000F9 78                     314 	.db #0x78	; 120	'x'
      0000FA 00                     315 	.db #0x00	; 0
      0000FB 00                     316 	.db #0x00	; 0
      0000FC 00                     317 	.db #0x00	; 0
      0000FD 80                     318 	.db #0x80	; 128
      0000FE 80                     319 	.db #0x80	; 128
      0000FF 00                     320 	.db #0x00	; 0
      000100 00                     321 	.db #0x00	; 0
      000101 00                     322 	.db #0x00	; 0
      000102 00                     323 	.db #0x00	; 0
      000103 00                     324 	.db #0x00	; 0
      000104 00                     325 	.db #0x00	; 0
      000105 40                     326 	.db #0x40	; 64
      000106 80                     327 	.db #0x80	; 128
      000107 80                     328 	.db #0x80	; 128
      000108 80                     329 	.db #0x80	; 128
      000109 40                     330 	.db #0x40	; 64
      00010A 00                     331 	.db #0x00	; 0
      00010B 00                     332 	.db #0x00	; 0
      00010C 00                     333 	.db #0x00	; 0
      00010D 80                     334 	.db #0x80	; 128
      00010E 40                     335 	.db #0x40	; 64
      00010F 40                     336 	.db #0x40	; 64
      000110 40                     337 	.db #0x40	; 64
      000111 80                     338 	.db #0x80	; 128
      000112 00                     339 	.db #0x00	; 0
      000113 00                     340 	.db #0x00	; 0
      000114 00                     341 	.db #0x00	; 0
      000115 00                     342 	.db #0x00	; 0
      000116 A0                     343 	.db #0xa0	; 160
      000117 40                     344 	.db #0x40	; 64
      000118 A0                     345 	.db #0xa0	; 160
      000119 00                     346 	.db #0x00	; 0
      00011A 00                     347 	.db #0x00	; 0
      00011B 00                     348 	.db #0x00	; 0
      00011C 00                     349 	.db #0x00	; 0
      00011D 00                     350 	.db #0x00	; 0
      00011E 40                     351 	.db #0x40	; 64
      00011F E0                     352 	.db #0xe0	; 224
      000120 40                     353 	.db #0x40	; 64
      000121 00                     354 	.db #0x00	; 0
      000122 00                     355 	.db #0x00	; 0
      000123 00                     356 	.db #0x00	; 0
      000124 00                     357 	.db #0x00	; 0
      000125 00                     358 	.db #0x00	; 0
      000126 00                     359 	.db #0x00	; 0
      000127 00                     360 	.db #0x00	; 0
      000128 00                     361 	.db #0x00	; 0
      000129 80                     362 	.db #0x80	; 128
      00012A 80                     363 	.db #0x80	; 128
      00012B 00                     364 	.db #0x00	; 0
      00012C 00                     365 	.db #0x00	; 0
      00012D 00                     366 	.db #0x00	; 0
      00012E 00                     367 	.db #0x00	; 0
      00012F E0                     368 	.db #0xe0	; 224
      000130 00                     369 	.db #0x00	; 0
      000131 00                     370 	.db #0x00	; 0
      000132 00                     371 	.db #0x00	; 0
      000133 00                     372 	.db #0x00	; 0
      000134 00                     373 	.db #0x00	; 0
      000135 00                     374 	.db #0x00	; 0
      000136 00                     375 	.db #0x00	; 0
      000137 00                     376 	.db #0x00	; 0
      000138 00                     377 	.db #0x00	; 0
      000139 80                     378 	.db #0x80	; 128
      00013A 00                     379 	.db #0x00	; 0
      00013B 00                     380 	.db #0x00	; 0
      00013C 20                     381 	.db #0x20	; 32
      00013D 20                     382 	.db #0x20	; 32
      00013E 40                     383 	.db #0x40	; 64
      00013F 40                     384 	.db #0x40	; 64
      000140 40                     385 	.db #0x40	; 64
      000141 80                     386 	.db #0x80	; 128
      000142 80                     387 	.db #0x80	; 128
      000143 00                     388 	.db #0x00	; 0
      000144 00                     389 	.db #0x00	; 0
      000145 E0                     390 	.db #0xe0	; 224
      000146 A0                     391 	.db #0xa0	; 160
      000147 A0                     392 	.db #0xa0	; 160
      000148 A0                     393 	.db #0xa0	; 160
      000149 E0                     394 	.db #0xe0	; 224
      00014A 00                     395 	.db #0x00	; 0
      00014B 00                     396 	.db #0x00	; 0
      00014C 00                     397 	.db #0x00	; 0
      00014D 40                     398 	.db #0x40	; 64
      00014E C0                     399 	.db #0xc0	; 192
      00014F 40                     400 	.db #0x40	; 64
      000150 40                     401 	.db #0x40	; 64
      000151 E0                     402 	.db #0xe0	; 224
      000152 00                     403 	.db #0x00	; 0
      000153 00                     404 	.db #0x00	; 0
      000154 00                     405 	.db #0x00	; 0
      000155 E0                     406 	.db #0xe0	; 224
      000156 20                     407 	.db #0x20	; 32
      000157 E0                     408 	.db #0xe0	; 224
      000158 80                     409 	.db #0x80	; 128
      000159 E0                     410 	.db #0xe0	; 224
      00015A 00                     411 	.db #0x00	; 0
      00015B 00                     412 	.db #0x00	; 0
      00015C 00                     413 	.db #0x00	; 0
      00015D E0                     414 	.db #0xe0	; 224
      00015E 20                     415 	.db #0x20	; 32
      00015F 60                     416 	.db #0x60	; 96
      000160 20                     417 	.db #0x20	; 32
      000161 E0                     418 	.db #0xe0	; 224
      000162 00                     419 	.db #0x00	; 0
      000163 00                     420 	.db #0x00	; 0
      000164 00                     421 	.db #0x00	; 0
      000165 A0                     422 	.db #0xa0	; 160
      000166 A0                     423 	.db #0xa0	; 160
      000167 E0                     424 	.db #0xe0	; 224
      000168 20                     425 	.db #0x20	; 32
      000169 20                     426 	.db #0x20	; 32
      00016A 00                     427 	.db #0x00	; 0
      00016B 00                     428 	.db #0x00	; 0
      00016C 00                     429 	.db #0x00	; 0
      00016D E0                     430 	.db #0xe0	; 224
      00016E 80                     431 	.db #0x80	; 128
      00016F E0                     432 	.db #0xe0	; 224
      000170 20                     433 	.db #0x20	; 32
      000171 E0                     434 	.db #0xe0	; 224
      000172 00                     435 	.db #0x00	; 0
      000173 00                     436 	.db #0x00	; 0
      000174 00                     437 	.db #0x00	; 0
      000175 E0                     438 	.db #0xe0	; 224
      000176 80                     439 	.db #0x80	; 128
      000177 E0                     440 	.db #0xe0	; 224
      000178 A0                     441 	.db #0xa0	; 160
      000179 E0                     442 	.db #0xe0	; 224
      00017A 00                     443 	.db #0x00	; 0
      00017B 00                     444 	.db #0x00	; 0
      00017C 00                     445 	.db #0x00	; 0
      00017D E0                     446 	.db #0xe0	; 224
      00017E 20                     447 	.db #0x20	; 32
      00017F 20                     448 	.db #0x20	; 32
      000180 40                     449 	.db #0x40	; 64
      000181 40                     450 	.db #0x40	; 64
      000182 00                     451 	.db #0x00	; 0
      000183 00                     452 	.db #0x00	; 0
      000184 00                     453 	.db #0x00	; 0
      000185 E0                     454 	.db #0xe0	; 224
      000186 A0                     455 	.db #0xa0	; 160
      000187 E0                     456 	.db #0xe0	; 224
      000188 A0                     457 	.db #0xa0	; 160
      000189 E0                     458 	.db #0xe0	; 224
      00018A 00                     459 	.db #0x00	; 0
      00018B 00                     460 	.db #0x00	; 0
      00018C 00                     461 	.db #0x00	; 0
      00018D E0                     462 	.db #0xe0	; 224
      00018E A0                     463 	.db #0xa0	; 160
      00018F E0                     464 	.db #0xe0	; 224
      000190 20                     465 	.db #0x20	; 32
      000191 E0                     466 	.db #0xe0	; 224
      000192 00                     467 	.db #0x00	; 0
      000193 00                     468 	.db #0x00	; 0
      000194 00                     469 	.db #0x00	; 0
      000195 00                     470 	.db #0x00	; 0
      000196 00                     471 	.db #0x00	; 0
      000197 80                     472 	.db #0x80	; 128
      000198 00                     473 	.db #0x00	; 0
      000199 80                     474 	.db #0x80	; 128
      00019A 00                     475 	.db #0x00	; 0
      00019B 00                     476 	.db #0x00	; 0
      00019C 00                     477 	.db #0x00	; 0
      00019D 00                     478 	.db #0x00	; 0
      00019E 00                     479 	.db #0x00	; 0
      00019F 80                     480 	.db #0x80	; 128
      0001A0 00                     481 	.db #0x00	; 0
      0001A1 80                     482 	.db #0x80	; 128
      0001A2 80                     483 	.db #0x80	; 128
      0001A3 00                     484 	.db #0x00	; 0
      0001A4 00                     485 	.db #0x00	; 0
      0001A5 20                     486 	.db #0x20	; 32
      0001A6 40                     487 	.db #0x40	; 64
      0001A7 80                     488 	.db #0x80	; 128
      0001A8 40                     489 	.db #0x40	; 64
      0001A9 20                     490 	.db #0x20	; 32
      0001AA 00                     491 	.db #0x00	; 0
      0001AB 00                     492 	.db #0x00	; 0
      0001AC 00                     493 	.db #0x00	; 0
      0001AD 00                     494 	.db #0x00	; 0
      0001AE E0                     495 	.db #0xe0	; 224
      0001AF 00                     496 	.db #0x00	; 0
      0001B0 E0                     497 	.db #0xe0	; 224
      0001B1 00                     498 	.db #0x00	; 0
      0001B2 00                     499 	.db #0x00	; 0
      0001B3 00                     500 	.db #0x00	; 0
      0001B4 00                     501 	.db #0x00	; 0
      0001B5 80                     502 	.db #0x80	; 128
      0001B6 40                     503 	.db #0x40	; 64
      0001B7 20                     504 	.db #0x20	; 32
      0001B8 40                     505 	.db #0x40	; 64
      0001B9 80                     506 	.db #0x80	; 128
      0001BA 00                     507 	.db #0x00	; 0
      0001BB 00                     508 	.db #0x00	; 0
      0001BC 00                     509 	.db #0x00	; 0
      0001BD E0                     510 	.db #0xe0	; 224
      0001BE 20                     511 	.db #0x20	; 32
      0001BF 60                     512 	.db #0x60	; 96
      0001C0 00                     513 	.db #0x00	; 0
      0001C1 40                     514 	.db #0x40	; 64
      0001C2 00                     515 	.db #0x00	; 0
      0001C3 00                     516 	.db #0x00	; 0
      0001C4 3C                     517 	.db #0x3c	; 60
      0001C5 46                     518 	.db #0x46	; 70	'F'
      0001C6 BA                     519 	.db #0xba	; 186
      0001C7 AA                     520 	.db #0xaa	; 170
      0001C8 BC                     521 	.db #0xbc	; 188
      0001C9 40                     522 	.db #0x40	; 64
      0001CA 38                     523 	.db #0x38	; 56	'8'
      0001CB 00                     524 	.db #0x00	; 0
      0001CC 00                     525 	.db #0x00	; 0
      0001CD E0                     526 	.db #0xe0	; 224
      0001CE A0                     527 	.db #0xa0	; 160
      0001CF E0                     528 	.db #0xe0	; 224
      0001D0 A0                     529 	.db #0xa0	; 160
      0001D1 A0                     530 	.db #0xa0	; 160
      0001D2 00                     531 	.db #0x00	; 0
      0001D3 00                     532 	.db #0x00	; 0
      0001D4 00                     533 	.db #0x00	; 0
      0001D5 C0                     534 	.db #0xc0	; 192
      0001D6 A0                     535 	.db #0xa0	; 160
      0001D7 C0                     536 	.db #0xc0	; 192
      0001D8 A0                     537 	.db #0xa0	; 160
      0001D9 C0                     538 	.db #0xc0	; 192
      0001DA 00                     539 	.db #0x00	; 0
      0001DB 00                     540 	.db #0x00	; 0
      0001DC 00                     541 	.db #0x00	; 0
      0001DD E0                     542 	.db #0xe0	; 224
      0001DE 80                     543 	.db #0x80	; 128
      0001DF 80                     544 	.db #0x80	; 128
      0001E0 80                     545 	.db #0x80	; 128
      0001E1 E0                     546 	.db #0xe0	; 224
      0001E2 00                     547 	.db #0x00	; 0
      0001E3 00                     548 	.db #0x00	; 0
      0001E4 00                     549 	.db #0x00	; 0
      0001E5 C0                     550 	.db #0xc0	; 192
      0001E6 A0                     551 	.db #0xa0	; 160
      0001E7 A0                     552 	.db #0xa0	; 160
      0001E8 A0                     553 	.db #0xa0	; 160
      0001E9 C0                     554 	.db #0xc0	; 192
      0001EA 00                     555 	.db #0x00	; 0
      0001EB 00                     556 	.db #0x00	; 0
      0001EC 00                     557 	.db #0x00	; 0
      0001ED E0                     558 	.db #0xe0	; 224
      0001EE 80                     559 	.db #0x80	; 128
      0001EF C0                     560 	.db #0xc0	; 192
      0001F0 80                     561 	.db #0x80	; 128
      0001F1 E0                     562 	.db #0xe0	; 224
      0001F2 00                     563 	.db #0x00	; 0
      0001F3 00                     564 	.db #0x00	; 0
      0001F4 00                     565 	.db #0x00	; 0
      0001F5 E0                     566 	.db #0xe0	; 224
      0001F6 80                     567 	.db #0x80	; 128
      0001F7 C0                     568 	.db #0xc0	; 192
      0001F8 80                     569 	.db #0x80	; 128
      0001F9 80                     570 	.db #0x80	; 128
      0001FA 00                     571 	.db #0x00	; 0
      0001FB 00                     572 	.db #0x00	; 0
      0001FC 00                     573 	.db #0x00	; 0
      0001FD E0                     574 	.db #0xe0	; 224
      0001FE 80                     575 	.db #0x80	; 128
      0001FF A0                     576 	.db #0xa0	; 160
      000200 A0                     577 	.db #0xa0	; 160
      000201 E0                     578 	.db #0xe0	; 224
      000202 00                     579 	.db #0x00	; 0
      000203 00                     580 	.db #0x00	; 0
      000204 00                     581 	.db #0x00	; 0
      000205 A0                     582 	.db #0xa0	; 160
      000206 A0                     583 	.db #0xa0	; 160
      000207 E0                     584 	.db #0xe0	; 224
      000208 A0                     585 	.db #0xa0	; 160
      000209 A0                     586 	.db #0xa0	; 160
      00020A 00                     587 	.db #0x00	; 0
      00020B 00                     588 	.db #0x00	; 0
      00020C 00                     589 	.db #0x00	; 0
      00020D E0                     590 	.db #0xe0	; 224
      00020E 40                     591 	.db #0x40	; 64
      00020F 40                     592 	.db #0x40	; 64
      000210 40                     593 	.db #0x40	; 64
      000211 E0                     594 	.db #0xe0	; 224
      000212 00                     595 	.db #0x00	; 0
      000213 00                     596 	.db #0x00	; 0
      000214 00                     597 	.db #0x00	; 0
      000215 E0                     598 	.db #0xe0	; 224
      000216 20                     599 	.db #0x20	; 32
      000217 20                     600 	.db #0x20	; 32
      000218 20                     601 	.db #0x20	; 32
      000219 C0                     602 	.db #0xc0	; 192
      00021A 00                     603 	.db #0x00	; 0
      00021B 00                     604 	.db #0x00	; 0
      00021C 00                     605 	.db #0x00	; 0
      00021D A0                     606 	.db #0xa0	; 160
      00021E A0                     607 	.db #0xa0	; 160
      00021F C0                     608 	.db #0xc0	; 192
      000220 A0                     609 	.db #0xa0	; 160
      000221 A0                     610 	.db #0xa0	; 160
      000222 00                     611 	.db #0x00	; 0
      000223 00                     612 	.db #0x00	; 0
      000224 00                     613 	.db #0x00	; 0
      000225 80                     614 	.db #0x80	; 128
      000226 80                     615 	.db #0x80	; 128
      000227 80                     616 	.db #0x80	; 128
      000228 80                     617 	.db #0x80	; 128
      000229 E0                     618 	.db #0xe0	; 224
      00022A 00                     619 	.db #0x00	; 0
      00022B 00                     620 	.db #0x00	; 0
      00022C 00                     621 	.db #0x00	; 0
      00022D 88                     622 	.db #0x88	; 136
      00022E D8                     623 	.db #0xd8	; 216
      00022F A8                     624 	.db #0xa8	; 168
      000230 88                     625 	.db #0x88	; 136
      000231 88                     626 	.db #0x88	; 136
      000232 00                     627 	.db #0x00	; 0
      000233 00                     628 	.db #0x00	; 0
      000234 00                     629 	.db #0x00	; 0
      000235 90                     630 	.db #0x90	; 144
      000236 D0                     631 	.db #0xd0	; 208
      000237 B0                     632 	.db #0xb0	; 176
      000238 90                     633 	.db #0x90	; 144
      000239 90                     634 	.db #0x90	; 144
      00023A 00                     635 	.db #0x00	; 0
      00023B 00                     636 	.db #0x00	; 0
      00023C 00                     637 	.db #0x00	; 0
      00023D E0                     638 	.db #0xe0	; 224
      00023E A0                     639 	.db #0xa0	; 160
      00023F E0                     640 	.db #0xe0	; 224
      000240 80                     641 	.db #0x80	; 128
      000241 80                     642 	.db #0x80	; 128
      000242 00                     643 	.db #0x00	; 0
      000243 00                     644 	.db #0x00	; 0
      000244 00                     645 	.db #0x00	; 0
      000245 40                     646 	.db #0x40	; 64
      000246 A0                     647 	.db #0xa0	; 160
      000247 A0                     648 	.db #0xa0	; 160
      000248 A0                     649 	.db #0xa0	; 160
      000249 60                     650 	.db #0x60	; 96
      00024A 00                     651 	.db #0x00	; 0
      00024B 00                     652 	.db #0x00	; 0
      00024C 00                     653 	.db #0x00	; 0
      00024D E0                     654 	.db #0xe0	; 224
      00024E A0                     655 	.db #0xa0	; 160
      00024F C0                     656 	.db #0xc0	; 192
      000250 A0                     657 	.db #0xa0	; 160
      000251 A0                     658 	.db #0xa0	; 160
      000252 00                     659 	.db #0x00	; 0
      000253 00                     660 	.db #0x00	; 0
      000254 00                     661 	.db #0x00	; 0
      000255 E0                     662 	.db #0xe0	; 224
      000256 80                     663 	.db #0x80	; 128
      000257 40                     664 	.db #0x40	; 64
      000258 20                     665 	.db #0x20	; 32
      000259 E0                     666 	.db #0xe0	; 224
      00025A 00                     667 	.db #0x00	; 0
      00025B 00                     668 	.db #0x00	; 0
      00025C 00                     669 	.db #0x00	; 0
      00025D E0                     670 	.db #0xe0	; 224
      00025E 40                     671 	.db #0x40	; 64
      00025F 40                     672 	.db #0x40	; 64
      000260 40                     673 	.db #0x40	; 64
      000261 40                     674 	.db #0x40	; 64
      000262 00                     675 	.db #0x00	; 0
      000263 00                     676 	.db #0x00	; 0
      000264 00                     677 	.db #0x00	; 0
      000265 A0                     678 	.db #0xa0	; 160
      000266 A0                     679 	.db #0xa0	; 160
      000267 A0                     680 	.db #0xa0	; 160
      000268 A0                     681 	.db #0xa0	; 160
      000269 E0                     682 	.db #0xe0	; 224
      00026A 00                     683 	.db #0x00	; 0
      00026B 00                     684 	.db #0x00	; 0
      00026C 00                     685 	.db #0x00	; 0
      00026D A0                     686 	.db #0xa0	; 160
      00026E A0                     687 	.db #0xa0	; 160
      00026F A0                     688 	.db #0xa0	; 160
      000270 A0                     689 	.db #0xa0	; 160
      000271 40                     690 	.db #0x40	; 64
      000272 00                     691 	.db #0x00	; 0
      000273 00                     692 	.db #0x00	; 0
      000274 00                     693 	.db #0x00	; 0
      000275 88                     694 	.db #0x88	; 136
      000276 88                     695 	.db #0x88	; 136
      000277 A8                     696 	.db #0xa8	; 168
      000278 A8                     697 	.db #0xa8	; 168
      000279 50                     698 	.db #0x50	; 80	'P'
      00027A 00                     699 	.db #0x00	; 0
      00027B 00                     700 	.db #0x00	; 0
      00027C 00                     701 	.db #0x00	; 0
      00027D A0                     702 	.db #0xa0	; 160
      00027E A0                     703 	.db #0xa0	; 160
      00027F 40                     704 	.db #0x40	; 64
      000280 A0                     705 	.db #0xa0	; 160
      000281 A0                     706 	.db #0xa0	; 160
      000282 00                     707 	.db #0x00	; 0
      000283 00                     708 	.db #0x00	; 0
      000284 00                     709 	.db #0x00	; 0
      000285 A0                     710 	.db #0xa0	; 160
      000286 A0                     711 	.db #0xa0	; 160
      000287 40                     712 	.db #0x40	; 64
      000288 40                     713 	.db #0x40	; 64
      000289 40                     714 	.db #0x40	; 64
      00028A 00                     715 	.db #0x00	; 0
      00028B 00                     716 	.db #0x00	; 0
      00028C 00                     717 	.db #0x00	; 0
      00028D E0                     718 	.db #0xe0	; 224
      00028E 20                     719 	.db #0x20	; 32
      00028F 40                     720 	.db #0x40	; 64
      000290 80                     721 	.db #0x80	; 128
      000291 E0                     722 	.db #0xe0	; 224
      000292 00                     723 	.db #0x00	; 0
      000293 00                     724 	.db #0x00	; 0
      000294 00                     725 	.db #0x00	; 0
      000295 C0                     726 	.db #0xc0	; 192
      000296 80                     727 	.db #0x80	; 128
      000297 80                     728 	.db #0x80	; 128
      000298 80                     729 	.db #0x80	; 128
      000299 C0                     730 	.db #0xc0	; 192
      00029A 00                     731 	.db #0x00	; 0
      00029B 00                     732 	.db #0x00	; 0
      00029C 80                     733 	.db #0x80	; 128
      00029D 80                     734 	.db #0x80	; 128
      00029E 40                     735 	.db #0x40	; 64
      00029F 40                     736 	.db #0x40	; 64
      0002A0 40                     737 	.db #0x40	; 64
      0002A1 20                     738 	.db #0x20	; 32
      0002A2 20                     739 	.db #0x20	; 32
      0002A3 00                     740 	.db #0x00	; 0
      0002A4 00                     741 	.db #0x00	; 0
      0002A5 C0                     742 	.db #0xc0	; 192
      0002A6 40                     743 	.db #0x40	; 64
      0002A7 40                     744 	.db #0x40	; 64
      0002A8 40                     745 	.db #0x40	; 64
      0002A9 C0                     746 	.db #0xc0	; 192
      0002AA 00                     747 	.db #0x00	; 0
      0002AB 00                     748 	.db #0x00	; 0
      0002AC 00                     749 	.db #0x00	; 0
      0002AD 40                     750 	.db #0x40	; 64
      0002AE A0                     751 	.db #0xa0	; 160
      0002AF 00                     752 	.db #0x00	; 0
      0002B0 00                     753 	.db #0x00	; 0
      0002B1 00                     754 	.db #0x00	; 0
      0002B2 00                     755 	.db #0x00	; 0
      0002B3 00                     756 	.db #0x00	; 0
      0002B4 00                     757 	.db #0x00	; 0
      0002B5 00                     758 	.db #0x00	; 0
      0002B6 00                     759 	.db #0x00	; 0
      0002B7 00                     760 	.db #0x00	; 0
      0002B8 00                     761 	.db #0x00	; 0
      0002B9 E0                     762 	.db #0xe0	; 224
      0002BA 00                     763 	.db #0x00	; 0
      0002BB 00                     764 	.db #0x00	; 0
      0002BC 60                     765 	.db #0x60	; 96
      0002BD 40                     766 	.db #0x40	; 64
      0002BE 40                     767 	.db #0x40	; 64
      0002BF 80                     768 	.db #0x80	; 128
      0002C0 40                     769 	.db #0x40	; 64
      0002C1 40                     770 	.db #0x40	; 64
      0002C2 60                     771 	.db #0x60	; 96
      0002C3 00                     772 	.db #0x00	; 0
      0002C4 00                     773 	.db #0x00	; 0
      0002C5 80                     774 	.db #0x80	; 128
      0002C6 80                     775 	.db #0x80	; 128
      0002C7 80                     776 	.db #0x80	; 128
      0002C8 80                     777 	.db #0x80	; 128
      0002C9 80                     778 	.db #0x80	; 128
      0002CA 00                     779 	.db #0x00	; 0
      0002CB 00                     780 	.db #0x00	; 0
      0002CC C0                     781 	.db #0xc0	; 192
      0002CD 40                     782 	.db #0x40	; 64
      0002CE 40                     783 	.db #0x40	; 64
      0002CF 20                     784 	.db #0x20	; 32
      0002D0 40                     785 	.db #0x40	; 64
      0002D1 40                     786 	.db #0x40	; 64
      0002D2 C0                     787 	.db #0xc0	; 192
      0002D3 00                     788 	.db #0x00	; 0
      0002D4 00                     789 	.db #0x00	; 0
      0002D5 00                     790 	.db #0x00	; 0
      0002D6 50                     791 	.db #0x50	; 80	'P'
      0002D7 A0                     792 	.db #0xa0	; 160
      0002D8 00                     793 	.db #0x00	; 0
      0002D9 00                     794 	.db #0x00	; 0
      0002DA 00                     795 	.db #0x00	; 0
                           0002DB   796 G$Font_Minimal3x5$0_0$0 == .
      0002DB                        797 _Font_Minimal3x5:
      0002DB 03                     798 	.db #0x03	; 3
      0002DCr00r00                  799 	.dw _Font_Minimal3x5_table
      0002DEr80r00                  800 	.dw _Font_Minimal3x5_widths
      0002E0rC3r00                  801 	.dw _Font_Minimal3x5_faces
                                    802 	.area _INITIALIZER
                                    803 	.area _CABS (ABS)
