                                      1 ;--------------------------------------------------------
                                      2 ; File Created by SDCC : free open source ISO C Compiler 
                                      3 ; Version 4.2.2 #13350 (Linux)
                                      4 ;--------------------------------------------------------
                                      5 	.module Font_condensed
                                      6 	.optsdcc -msm83
                                      7 	
                                      8 ;--------------------------------------------------------
                                      9 ; Public variables in this module
                                     10 ;--------------------------------------------------------
                                     11 	.globl _Font_condensed
                                     12 	.globl b___func_Font_condensed
                                     13 	.globl ___func_Font_condensed
                                     14 ;--------------------------------------------------------
                                     15 ; special function registers
                                     16 ;--------------------------------------------------------
                                     17 ;--------------------------------------------------------
                                     18 ; ram data
                                     19 ;--------------------------------------------------------
                                     20 	.area _DATA
                                     21 ;--------------------------------------------------------
                                     22 ; ram data
                                     23 ;--------------------------------------------------------
                                     24 	.area _INITIALIZED
                                     25 ;--------------------------------------------------------
                                     26 ; absolute external ram data
                                     27 ;--------------------------------------------------------
                                     28 	.area _DABS (ABS)
                                     29 ;--------------------------------------------------------
                                     30 ; global & static initialisations
                                     31 ;--------------------------------------------------------
                                     32 	.area _HOME
                                     33 	.area _GSINIT
                                     34 	.area _GSFINAL
                                     35 	.area _GSINIT
                                     36 ;--------------------------------------------------------
                                     37 ; Home
                                     38 ;--------------------------------------------------------
                                     39 	.area _HOME
                                     40 	.area _HOME
                                     41 ;--------------------------------------------------------
                                     42 ; code
                                     43 ;--------------------------------------------------------
                                     44 	.area _CODE_255
                           000000    45 	G$__func_Font_condensed$0$0	= .
                                     46 	.globl	G$__func_Font_condensed$0$0
                           000000    47 	C$Font_condensed.c$5$0_0$130	= .
                                     48 	.globl	C$Font_condensed.c$5$0_0$130
                                     49 ;res/fonts/Font_condensed.c:5: BANKREF(Font_condensed)
                                     50 ;	---------------------------------
                                     51 ; Function __func_Font_condensed
                                     52 ; ---------------------------------
                           0000FF    53 	b___func_Font_condensed	= 255
      000000                         54 ___func_Font_condensed::
                                     55 	.local b___func_Font_condensed 
                           0000FF    56 	___bank_Font_condensed = b___func_Font_condensed 
                                     57 	.globl ___bank_Font_condensed 
                                     58 	.area _CODE_255
                           000000    59 FFont_condensed$Font_condensed_table$0_0$0 == .
      000000                         60 _Font_condensed_table:
      000000 00                      61 	.db #0x00	; 0
      000001 00                      62 	.db #0x00	; 0
      000002 00                      63 	.db #0x00	; 0
      000003 00                      64 	.db #0x00	; 0
      000004 00                      65 	.db #0x00	; 0
      000005 00                      66 	.db #0x00	; 0
      000006 00                      67 	.db #0x00	; 0
      000007 00                      68 	.db #0x00	; 0
      000008 00                      69 	.db #0x00	; 0
      000009 00                      70 	.db #0x00	; 0
      00000A 00                      71 	.db #0x00	; 0
      00000B 00                      72 	.db #0x00	; 0
      00000C 00                      73 	.db #0x00	; 0
      00000D 00                      74 	.db #0x00	; 0
      00000E 00                      75 	.db #0x00	; 0
      00000F 00                      76 	.db #0x00	; 0
      000010 00                      77 	.db #0x00	; 0
      000011 00                      78 	.db #0x00	; 0
      000012 00                      79 	.db #0x00	; 0
      000013 00                      80 	.db #0x00	; 0
      000014 00                      81 	.db #0x00	; 0
      000015 00                      82 	.db #0x00	; 0
      000016 00                      83 	.db #0x00	; 0
      000017 00                      84 	.db #0x00	; 0
      000018 00                      85 	.db #0x00	; 0
      000019 00                      86 	.db #0x00	; 0
      00001A 00                      87 	.db #0x00	; 0
      00001B 00                      88 	.db #0x00	; 0
      00001C 00                      89 	.db #0x00	; 0
      00001D 00                      90 	.db #0x00	; 0
      00001E 00                      91 	.db #0x00	; 0
      00001F 00                      92 	.db #0x00	; 0
      000020 00                      93 	.db #0x00	; 0
      000021 01                      94 	.db #0x01	; 1
      000022 02                      95 	.db #0x02	; 2
      000023 03                      96 	.db #0x03	; 3
      000024 04                      97 	.db #0x04	; 4
      000025 05                      98 	.db #0x05	; 5
      000026 06                      99 	.db #0x06	; 6
      000027 07                     100 	.db #0x07	; 7
      000028 08                     101 	.db #0x08	; 8
      000029 09                     102 	.db #0x09	; 9
      00002A 0A                     103 	.db #0x0a	; 10
      00002B 0B                     104 	.db #0x0b	; 11
      00002C 0C                     105 	.db #0x0c	; 12
      00002D 0D                     106 	.db #0x0d	; 13
      00002E 0E                     107 	.db #0x0e	; 14
      00002F 0F                     108 	.db #0x0f	; 15
      000030 10                     109 	.db #0x10	; 16
      000031 11                     110 	.db #0x11	; 17
      000032 12                     111 	.db #0x12	; 18
      000033 13                     112 	.db #0x13	; 19
      000034 14                     113 	.db #0x14	; 20
      000035 15                     114 	.db #0x15	; 21
      000036 16                     115 	.db #0x16	; 22
      000037 17                     116 	.db #0x17	; 23
      000038 18                     117 	.db #0x18	; 24
      000039 19                     118 	.db #0x19	; 25
      00003A 1A                     119 	.db #0x1a	; 26
      00003B 1B                     120 	.db #0x1b	; 27
      00003C 1C                     121 	.db #0x1c	; 28
      00003D 1D                     122 	.db #0x1d	; 29
      00003E 1E                     123 	.db #0x1e	; 30
      00003F 1F                     124 	.db #0x1f	; 31
      000040 20                     125 	.db #0x20	; 32
      000041 21                     126 	.db #0x21	; 33
      000042 22                     127 	.db #0x22	; 34
      000043 23                     128 	.db #0x23	; 35
      000044 10                     129 	.db #0x10	; 16
      000045 24                     130 	.db #0x24	; 36
      000046 25                     131 	.db #0x25	; 37
      000047 26                     132 	.db #0x26	; 38
      000048 27                     133 	.db #0x27	; 39
      000049 28                     134 	.db #0x28	; 40
      00004A 29                     135 	.db #0x29	; 41
      00004B 2A                     136 	.db #0x2a	; 42
      00004C 2B                     137 	.db #0x2b	; 43
      00004D 2C                     138 	.db #0x2c	; 44
      00004E 2D                     139 	.db #0x2d	; 45
      00004F 10                     140 	.db #0x10	; 16
      000050 2E                     141 	.db #0x2e	; 46
      000051 10                     142 	.db #0x10	; 16
      000052 2F                     143 	.db #0x2f	; 47
      000053 30                     144 	.db #0x30	; 48	'0'
      000054 31                     145 	.db #0x31	; 49	'1'
      000055 32                     146 	.db #0x32	; 50	'2'
      000056 33                     147 	.db #0x33	; 51	'3'
      000057 34                     148 	.db #0x34	; 52	'4'
      000058 35                     149 	.db #0x35	; 53	'5'
      000059 36                     150 	.db #0x36	; 54	'6'
      00005A 37                     151 	.db #0x37	; 55	'7'
      00005B 08                     152 	.db #0x08	; 8
      00005C 38                     153 	.db #0x38	; 56	'8'
      00005D 09                     154 	.db #0x09	; 9
      00005E 39                     155 	.db #0x39	; 57	'9'
      00005F 3A                     156 	.db #0x3a	; 58
      000060 3B                     157 	.db #0x3b	; 59
      000061 3C                     158 	.db #0x3c	; 60
      000062 3D                     159 	.db #0x3d	; 61
      000063 3E                     160 	.db #0x3e	; 62
      000064 3F                     161 	.db #0x3f	; 63
      000065 40                     162 	.db #0x40	; 64
      000066 41                     163 	.db #0x41	; 65	'A'
      000067 42                     164 	.db #0x42	; 66	'B'
      000068 43                     165 	.db #0x43	; 67	'C'
      000069 44                     166 	.db #0x44	; 68	'D'
      00006A 45                     167 	.db #0x45	; 69	'E'
      00006B 46                     168 	.db #0x46	; 70	'F'
      00006C 28                     169 	.db #0x28	; 40
      00006D 47                     170 	.db #0x47	; 71	'G'
      00006E 48                     171 	.db #0x48	; 72	'H'
      00006F 49                     172 	.db #0x49	; 73	'I'
      000070 4A                     173 	.db #0x4a	; 74	'J'
      000071 4B                     174 	.db #0x4b	; 75	'K'
      000072 4C                     175 	.db #0x4c	; 76	'L'
      000073 4D                     176 	.db #0x4d	; 77	'M'
      000074 4E                     177 	.db #0x4e	; 78	'N'
      000075 4F                     178 	.db #0x4f	; 79	'O'
      000076 50                     179 	.db #0x50	; 80	'P'
      000077 51                     180 	.db #0x51	; 81	'Q'
      000078 52                     181 	.db #0x52	; 82	'R'
      000079 53                     182 	.db #0x53	; 83	'S'
      00007A 54                     183 	.db #0x54	; 84	'T'
      00007B 55                     184 	.db #0x55	; 85	'U'
      00007C 28                     185 	.db #0x28	; 40
      00007D 56                     186 	.db #0x56	; 86	'V'
      00007E 57                     187 	.db #0x57	; 87	'W'
      00007F 58                     188 	.db #0x58	; 88	'X'
                           000080   189 FFont_condensed$Font_condensed_widths$0_0$0 == .
      000080                        190 _Font_condensed_widths:
      000080 02                     191 	.db #0x02	; 2
      000081 02                     192 	.db #0x02	; 2
      000082 04                     193 	.db #0x04	; 4
      000083 06                     194 	.db #0x06	; 6
      000084 04                     195 	.db #0x04	; 4
      000085 05                     196 	.db #0x05	; 5
      000086 05                     197 	.db #0x05	; 5
      000087 02                     198 	.db #0x02	; 2
      000088 03                     199 	.db #0x03	; 3
      000089 03                     200 	.db #0x03	; 3
      00008A 04                     201 	.db #0x04	; 4
      00008B 04                     202 	.db #0x04	; 4
      00008C 02                     203 	.db #0x02	; 2
      00008D 04                     204 	.db #0x04	; 4
      00008E 02                     205 	.db #0x02	; 2
      00008F 04                     206 	.db #0x04	; 4
      000090 04                     207 	.db #0x04	; 4
      000091 03                     208 	.db #0x03	; 3
      000092 04                     209 	.db #0x04	; 4
      000093 04                     210 	.db #0x04	; 4
      000094 05                     211 	.db #0x05	; 5
      000095 04                     212 	.db #0x04	; 4
      000096 04                     213 	.db #0x04	; 4
      000097 04                     214 	.db #0x04	; 4
      000098 04                     215 	.db #0x04	; 4
      000099 04                     216 	.db #0x04	; 4
      00009A 02                     217 	.db #0x02	; 2
      00009B 02                     218 	.db #0x02	; 2
      00009C 04                     219 	.db #0x04	; 4
      00009D 04                     220 	.db #0x04	; 4
      00009E 04                     221 	.db #0x04	; 4
      00009F 04                     222 	.db #0x04	; 4
      0000A0 05                     223 	.db #0x05	; 5
      0000A1 04                     224 	.db #0x04	; 4
      0000A2 04                     225 	.db #0x04	; 4
      0000A3 04                     226 	.db #0x04	; 4
      0000A4 04                     227 	.db #0x04	; 4
      0000A5 04                     228 	.db #0x04	; 4
      0000A6 04                     229 	.db #0x04	; 4
      0000A7 04                     230 	.db #0x04	; 4
      0000A8 02                     231 	.db #0x02	; 2
      0000A9 04                     232 	.db #0x04	; 4
      0000AA 04                     233 	.db #0x04	; 4
      0000AB 03                     234 	.db #0x03	; 3
      0000AC 06                     235 	.db #0x06	; 6
      0000AD 05                     236 	.db #0x05	; 5
      0000AE 04                     237 	.db #0x04	; 4
      0000AF 04                     238 	.db #0x04	; 4
      0000B0 04                     239 	.db #0x04	; 4
      0000B1 04                     240 	.db #0x04	; 4
      0000B2 04                     241 	.db #0x04	; 4
      0000B3 04                     242 	.db #0x04	; 4
      0000B4 06                     243 	.db #0x06	; 6
      0000B5 04                     244 	.db #0x04	; 4
      0000B6 04                     245 	.db #0x04	; 4
      0000B7 04                     246 	.db #0x04	; 4
      0000B8 04                     247 	.db #0x04	; 4
      0000B9 04                     248 	.db #0x04	; 4
      0000BA 04                     249 	.db #0x04	; 4
      0000BB 03                     250 	.db #0x03	; 3
      0000BC 04                     251 	.db #0x04	; 4
      0000BD 04                     252 	.db #0x04	; 4
      0000BE 04                     253 	.db #0x04	; 4
      0000BF 04                     254 	.db #0x04	; 4
      0000C0 04                     255 	.db #0x04	; 4
      0000C1 03                     256 	.db #0x03	; 3
      0000C2 04                     257 	.db #0x04	; 4
      0000C3 04                     258 	.db #0x04	; 4
      0000C4 02                     259 	.db #0x02	; 2
      0000C5 03                     260 	.db #0x03	; 3
      0000C6 04                     261 	.db #0x04	; 4
      0000C7 06                     262 	.db #0x06	; 6
      0000C8 04                     263 	.db #0x04	; 4
      0000C9 04                     264 	.db #0x04	; 4
      0000CA 04                     265 	.db #0x04	; 4
      0000CB 04                     266 	.db #0x04	; 4
      0000CC 04                     267 	.db #0x04	; 4
      0000CD 04                     268 	.db #0x04	; 4
      0000CE 03                     269 	.db #0x03	; 3
      0000CF 04                     270 	.db #0x04	; 4
      0000D0 04                     271 	.db #0x04	; 4
      0000D1 06                     272 	.db #0x06	; 6
      0000D2 04                     273 	.db #0x04	; 4
      0000D3 04                     274 	.db #0x04	; 4
      0000D4 04                     275 	.db #0x04	; 4
      0000D5 04                     276 	.db #0x04	; 4
      0000D6 04                     277 	.db #0x04	; 4
      0000D7 05                     278 	.db #0x05	; 5
      0000D8 08                     279 	.db #0x08	; 8
                           0000D9   280 FFont_condensed$Font_condensed_faces$0_0$0 == .
      0000D9                        281 _Font_condensed_faces:
      0000D9 00                     282 	.db #0x00	; 0
      0000DA 00                     283 	.db #0x00	; 0
      0000DB 00                     284 	.db #0x00	; 0
      0000DC 00                     285 	.db #0x00	; 0
      0000DD 00                     286 	.db #0x00	; 0
      0000DE 00                     287 	.db #0x00	; 0
      0000DF 00                     288 	.db #0x00	; 0
      0000E0 00                     289 	.db #0x00	; 0
      0000E1 00                     290 	.db #0x00	; 0
      0000E2 80                     291 	.db #0x80	; 128
      0000E3 80                     292 	.db #0x80	; 128
      0000E4 80                     293 	.db #0x80	; 128
      0000E5 80                     294 	.db #0x80	; 128
      0000E6 00                     295 	.db #0x00	; 0
      0000E7 80                     296 	.db #0x80	; 128
      0000E8 00                     297 	.db #0x00	; 0
      0000E9 00                     298 	.db #0x00	; 0
      0000EA A0                     299 	.db #0xa0	; 160
      0000EB A0                     300 	.db #0xa0	; 160
      0000EC 00                     301 	.db #0x00	; 0
      0000ED 00                     302 	.db #0x00	; 0
      0000EE 00                     303 	.db #0x00	; 0
      0000EF 00                     304 	.db #0x00	; 0
      0000F0 00                     305 	.db #0x00	; 0
      0000F1 00                     306 	.db #0x00	; 0
      0000F2 00                     307 	.db #0x00	; 0
      0000F3 50                     308 	.db #0x50	; 80	'P'
      0000F4 F8                     309 	.db #0xf8	; 248
      0000F5 50                     310 	.db #0x50	; 80	'P'
      0000F6 F8                     311 	.db #0xf8	; 248
      0000F7 50                     312 	.db #0x50	; 80	'P'
      0000F8 00                     313 	.db #0x00	; 0
      0000F9 40                     314 	.db #0x40	; 64
      0000FA E0                     315 	.db #0xe0	; 224
      0000FB A0                     316 	.db #0xa0	; 160
      0000FC C0                     317 	.db #0xc0	; 192
      0000FD 60                     318 	.db #0x60	; 96
      0000FE A0                     319 	.db #0xa0	; 160
      0000FF E0                     320 	.db #0xe0	; 224
      000100 40                     321 	.db #0x40	; 64
      000101 00                     322 	.db #0x00	; 0
      000102 00                     323 	.db #0x00	; 0
      000103 90                     324 	.db #0x90	; 144
      000104 20                     325 	.db #0x20	; 32
      000105 40                     326 	.db #0x40	; 64
      000106 90                     327 	.db #0x90	; 144
      000107 00                     328 	.db #0x00	; 0
      000108 00                     329 	.db #0x00	; 0
      000109 00                     330 	.db #0x00	; 0
      00010A E0                     331 	.db #0xe0	; 224
      00010B A0                     332 	.db #0xa0	; 160
      00010C A0                     333 	.db #0xa0	; 160
      00010D E0                     334 	.db #0xe0	; 224
      00010E B0                     335 	.db #0xb0	; 176
      00010F D0                     336 	.db #0xd0	; 208
      000110 00                     337 	.db #0x00	; 0
      000111 00                     338 	.db #0x00	; 0
      000112 80                     339 	.db #0x80	; 128
      000113 80                     340 	.db #0x80	; 128
      000114 00                     341 	.db #0x00	; 0
      000115 00                     342 	.db #0x00	; 0
      000116 00                     343 	.db #0x00	; 0
      000117 00                     344 	.db #0x00	; 0
      000118 00                     345 	.db #0x00	; 0
      000119 00                     346 	.db #0x00	; 0
      00011A C0                     347 	.db #0xc0	; 192
      00011B 80                     348 	.db #0x80	; 128
      00011C 80                     349 	.db #0x80	; 128
      00011D 80                     350 	.db #0x80	; 128
      00011E 80                     351 	.db #0x80	; 128
      00011F C0                     352 	.db #0xc0	; 192
      000120 00                     353 	.db #0x00	; 0
      000121 00                     354 	.db #0x00	; 0
      000122 C0                     355 	.db #0xc0	; 192
      000123 40                     356 	.db #0x40	; 64
      000124 40                     357 	.db #0x40	; 64
      000125 40                     358 	.db #0x40	; 64
      000126 40                     359 	.db #0x40	; 64
      000127 C0                     360 	.db #0xc0	; 192
      000128 00                     361 	.db #0x00	; 0
      000129 00                     362 	.db #0x00	; 0
      00012A 00                     363 	.db #0x00	; 0
      00012B A0                     364 	.db #0xa0	; 160
      00012C E0                     365 	.db #0xe0	; 224
      00012D E0                     366 	.db #0xe0	; 224
      00012E E0                     367 	.db #0xe0	; 224
      00012F A0                     368 	.db #0xa0	; 160
      000130 00                     369 	.db #0x00	; 0
      000131 00                     370 	.db #0x00	; 0
      000132 00                     371 	.db #0x00	; 0
      000133 00                     372 	.db #0x00	; 0
      000134 40                     373 	.db #0x40	; 64
      000135 E0                     374 	.db #0xe0	; 224
      000136 40                     375 	.db #0x40	; 64
      000137 00                     376 	.db #0x00	; 0
      000138 00                     377 	.db #0x00	; 0
      000139 00                     378 	.db #0x00	; 0
      00013A 00                     379 	.db #0x00	; 0
      00013B 00                     380 	.db #0x00	; 0
      00013C 00                     381 	.db #0x00	; 0
      00013D 00                     382 	.db #0x00	; 0
      00013E 00                     383 	.db #0x00	; 0
      00013F 80                     384 	.db #0x80	; 128
      000140 80                     385 	.db #0x80	; 128
      000141 00                     386 	.db #0x00	; 0
      000142 00                     387 	.db #0x00	; 0
      000143 00                     388 	.db #0x00	; 0
      000144 00                     389 	.db #0x00	; 0
      000145 E0                     390 	.db #0xe0	; 224
      000146 00                     391 	.db #0x00	; 0
      000147 00                     392 	.db #0x00	; 0
      000148 00                     393 	.db #0x00	; 0
      000149 00                     394 	.db #0x00	; 0
      00014A 00                     395 	.db #0x00	; 0
      00014B 00                     396 	.db #0x00	; 0
      00014C 00                     397 	.db #0x00	; 0
      00014D 00                     398 	.db #0x00	; 0
      00014E 00                     399 	.db #0x00	; 0
      00014F 80                     400 	.db #0x80	; 128
      000150 00                     401 	.db #0x00	; 0
      000151 00                     402 	.db #0x00	; 0
      000152 20                     403 	.db #0x20	; 32
      000153 20                     404 	.db #0x20	; 32
      000154 40                     405 	.db #0x40	; 64
      000155 40                     406 	.db #0x40	; 64
      000156 80                     407 	.db #0x80	; 128
      000157 80                     408 	.db #0x80	; 128
      000158 00                     409 	.db #0x00	; 0
      000159 00                     410 	.db #0x00	; 0
      00015A E0                     411 	.db #0xe0	; 224
      00015B A0                     412 	.db #0xa0	; 160
      00015C A0                     413 	.db #0xa0	; 160
      00015D A0                     414 	.db #0xa0	; 160
      00015E A0                     415 	.db #0xa0	; 160
      00015F E0                     416 	.db #0xe0	; 224
      000160 00                     417 	.db #0x00	; 0
      000161 00                     418 	.db #0x00	; 0
      000162 40                     419 	.db #0x40	; 64
      000163 C0                     420 	.db #0xc0	; 192
      000164 40                     421 	.db #0x40	; 64
      000165 40                     422 	.db #0x40	; 64
      000166 40                     423 	.db #0x40	; 64
      000167 40                     424 	.db #0x40	; 64
      000168 00                     425 	.db #0x00	; 0
      000169 00                     426 	.db #0x00	; 0
      00016A E0                     427 	.db #0xe0	; 224
      00016B A0                     428 	.db #0xa0	; 160
      00016C 20                     429 	.db #0x20	; 32
      00016D E0                     430 	.db #0xe0	; 224
      00016E 80                     431 	.db #0x80	; 128
      00016F E0                     432 	.db #0xe0	; 224
      000170 00                     433 	.db #0x00	; 0
      000171 00                     434 	.db #0x00	; 0
      000172 E0                     435 	.db #0xe0	; 224
      000173 A0                     436 	.db #0xa0	; 160
      000174 60                     437 	.db #0x60	; 96
      000175 20                     438 	.db #0x20	; 32
      000176 A0                     439 	.db #0xa0	; 160
      000177 E0                     440 	.db #0xe0	; 224
      000178 00                     441 	.db #0x00	; 0
      000179 00                     442 	.db #0x00	; 0
      00017A 20                     443 	.db #0x20	; 32
      00017B 60                     444 	.db #0x60	; 96
      00017C 20                     445 	.db #0x20	; 32
      00017D A0                     446 	.db #0xa0	; 160
      00017E F0                     447 	.db #0xf0	; 240
      00017F 20                     448 	.db #0x20	; 32
      000180 00                     449 	.db #0x00	; 0
      000181 00                     450 	.db #0x00	; 0
      000182 E0                     451 	.db #0xe0	; 224
      000183 80                     452 	.db #0x80	; 128
      000184 E0                     453 	.db #0xe0	; 224
      000185 20                     454 	.db #0x20	; 32
      000186 A0                     455 	.db #0xa0	; 160
      000187 E0                     456 	.db #0xe0	; 224
      000188 00                     457 	.db #0x00	; 0
      000189 00                     458 	.db #0x00	; 0
      00018A E0                     459 	.db #0xe0	; 224
      00018B 80                     460 	.db #0x80	; 128
      00018C E0                     461 	.db #0xe0	; 224
      00018D A0                     462 	.db #0xa0	; 160
      00018E A0                     463 	.db #0xa0	; 160
      00018F E0                     464 	.db #0xe0	; 224
      000190 00                     465 	.db #0x00	; 0
      000191 00                     466 	.db #0x00	; 0
      000192 E0                     467 	.db #0xe0	; 224
      000193 20                     468 	.db #0x20	; 32
      000194 40                     469 	.db #0x40	; 64
      000195 40                     470 	.db #0x40	; 64
      000196 80                     471 	.db #0x80	; 128
      000197 80                     472 	.db #0x80	; 128
      000198 00                     473 	.db #0x00	; 0
      000199 00                     474 	.db #0x00	; 0
      00019A E0                     475 	.db #0xe0	; 224
      00019B A0                     476 	.db #0xa0	; 160
      00019C E0                     477 	.db #0xe0	; 224
      00019D A0                     478 	.db #0xa0	; 160
      00019E A0                     479 	.db #0xa0	; 160
      00019F E0                     480 	.db #0xe0	; 224
      0001A0 00                     481 	.db #0x00	; 0
      0001A1 00                     482 	.db #0x00	; 0
      0001A2 E0                     483 	.db #0xe0	; 224
      0001A3 A0                     484 	.db #0xa0	; 160
      0001A4 A0                     485 	.db #0xa0	; 160
      0001A5 E0                     486 	.db #0xe0	; 224
      0001A6 20                     487 	.db #0x20	; 32
      0001A7 E0                     488 	.db #0xe0	; 224
      0001A8 00                     489 	.db #0x00	; 0
      0001A9 00                     490 	.db #0x00	; 0
      0001AA 00                     491 	.db #0x00	; 0
      0001AB 00                     492 	.db #0x00	; 0
      0001AC 80                     493 	.db #0x80	; 128
      0001AD 00                     494 	.db #0x00	; 0
      0001AE 80                     495 	.db #0x80	; 128
      0001AF 00                     496 	.db #0x00	; 0
      0001B0 00                     497 	.db #0x00	; 0
      0001B1 00                     498 	.db #0x00	; 0
      0001B2 00                     499 	.db #0x00	; 0
      0001B3 00                     500 	.db #0x00	; 0
      0001B4 00                     501 	.db #0x00	; 0
      0001B5 80                     502 	.db #0x80	; 128
      0001B6 00                     503 	.db #0x00	; 0
      0001B7 80                     504 	.db #0x80	; 128
      0001B8 80                     505 	.db #0x80	; 128
      0001B9 00                     506 	.db #0x00	; 0
      0001BA 20                     507 	.db #0x20	; 32
      0001BB 40                     508 	.db #0x40	; 64
      0001BC 80                     509 	.db #0x80	; 128
      0001BD 80                     510 	.db #0x80	; 128
      0001BE 40                     511 	.db #0x40	; 64
      0001BF 20                     512 	.db #0x20	; 32
      0001C0 00                     513 	.db #0x00	; 0
      0001C1 00                     514 	.db #0x00	; 0
      0001C2 00                     515 	.db #0x00	; 0
      0001C3 00                     516 	.db #0x00	; 0
      0001C4 E0                     517 	.db #0xe0	; 224
      0001C5 00                     518 	.db #0x00	; 0
      0001C6 E0                     519 	.db #0xe0	; 224
      0001C7 00                     520 	.db #0x00	; 0
      0001C8 00                     521 	.db #0x00	; 0
      0001C9 00                     522 	.db #0x00	; 0
      0001CA 80                     523 	.db #0x80	; 128
      0001CB 40                     524 	.db #0x40	; 64
      0001CC 20                     525 	.db #0x20	; 32
      0001CD 20                     526 	.db #0x20	; 32
      0001CE 40                     527 	.db #0x40	; 64
      0001CF 80                     528 	.db #0x80	; 128
      0001D0 00                     529 	.db #0x00	; 0
      0001D1 00                     530 	.db #0x00	; 0
      0001D2 E0                     531 	.db #0xe0	; 224
      0001D3 A0                     532 	.db #0xa0	; 160
      0001D4 20                     533 	.db #0x20	; 32
      0001D5 60                     534 	.db #0x60	; 96
      0001D6 00                     535 	.db #0x00	; 0
      0001D7 40                     536 	.db #0x40	; 64
      0001D8 00                     537 	.db #0x00	; 0
      0001D9 00                     538 	.db #0x00	; 0
      0001DA F0                     539 	.db #0xf0	; 240
      0001DB 90                     540 	.db #0x90	; 144
      0001DC B0                     541 	.db #0xb0	; 176
      0001DD B0                     542 	.db #0xb0	; 176
      0001DE 80                     543 	.db #0x80	; 128
      0001DF F0                     544 	.db #0xf0	; 240
      0001E0 00                     545 	.db #0x00	; 0
      0001E1 00                     546 	.db #0x00	; 0
      0001E2 E0                     547 	.db #0xe0	; 224
      0001E3 A0                     548 	.db #0xa0	; 160
      0001E4 A0                     549 	.db #0xa0	; 160
      0001E5 E0                     550 	.db #0xe0	; 224
      0001E6 A0                     551 	.db #0xa0	; 160
      0001E7 A0                     552 	.db #0xa0	; 160
      0001E8 00                     553 	.db #0x00	; 0
      0001E9 00                     554 	.db #0x00	; 0
      0001EA E0                     555 	.db #0xe0	; 224
      0001EB A0                     556 	.db #0xa0	; 160
      0001EC C0                     557 	.db #0xc0	; 192
      0001ED A0                     558 	.db #0xa0	; 160
      0001EE A0                     559 	.db #0xa0	; 160
      0001EF E0                     560 	.db #0xe0	; 224
      0001F0 00                     561 	.db #0x00	; 0
      0001F1 00                     562 	.db #0x00	; 0
      0001F2 E0                     563 	.db #0xe0	; 224
      0001F3 A0                     564 	.db #0xa0	; 160
      0001F4 80                     565 	.db #0x80	; 128
      0001F5 80                     566 	.db #0x80	; 128
      0001F6 A0                     567 	.db #0xa0	; 160
      0001F7 E0                     568 	.db #0xe0	; 224
      0001F8 00                     569 	.db #0x00	; 0
      0001F9 00                     570 	.db #0x00	; 0
      0001FA E0                     571 	.db #0xe0	; 224
      0001FB 80                     572 	.db #0x80	; 128
      0001FC C0                     573 	.db #0xc0	; 192
      0001FD 80                     574 	.db #0x80	; 128
      0001FE 80                     575 	.db #0x80	; 128
      0001FF E0                     576 	.db #0xe0	; 224
      000200 00                     577 	.db #0x00	; 0
      000201 00                     578 	.db #0x00	; 0
      000202 E0                     579 	.db #0xe0	; 224
      000203 80                     580 	.db #0x80	; 128
      000204 C0                     581 	.db #0xc0	; 192
      000205 80                     582 	.db #0x80	; 128
      000206 80                     583 	.db #0x80	; 128
      000207 80                     584 	.db #0x80	; 128
      000208 00                     585 	.db #0x00	; 0
      000209 00                     586 	.db #0x00	; 0
      00020A E0                     587 	.db #0xe0	; 224
      00020B A0                     588 	.db #0xa0	; 160
      00020C 80                     589 	.db #0x80	; 128
      00020D A0                     590 	.db #0xa0	; 160
      00020E A0                     591 	.db #0xa0	; 160
      00020F E0                     592 	.db #0xe0	; 224
      000210 00                     593 	.db #0x00	; 0
      000211 00                     594 	.db #0x00	; 0
      000212 A0                     595 	.db #0xa0	; 160
      000213 A0                     596 	.db #0xa0	; 160
      000214 E0                     597 	.db #0xe0	; 224
      000215 A0                     598 	.db #0xa0	; 160
      000216 A0                     599 	.db #0xa0	; 160
      000217 A0                     600 	.db #0xa0	; 160
      000218 00                     601 	.db #0x00	; 0
      000219 00                     602 	.db #0x00	; 0
      00021A 80                     603 	.db #0x80	; 128
      00021B 80                     604 	.db #0x80	; 128
      00021C 80                     605 	.db #0x80	; 128
      00021D 80                     606 	.db #0x80	; 128
      00021E 80                     607 	.db #0x80	; 128
      00021F 80                     608 	.db #0x80	; 128
      000220 00                     609 	.db #0x00	; 0
      000221 00                     610 	.db #0x00	; 0
      000222 20                     611 	.db #0x20	; 32
      000223 20                     612 	.db #0x20	; 32
      000224 20                     613 	.db #0x20	; 32
      000225 20                     614 	.db #0x20	; 32
      000226 A0                     615 	.db #0xa0	; 160
      000227 E0                     616 	.db #0xe0	; 224
      000228 00                     617 	.db #0x00	; 0
      000229 00                     618 	.db #0x00	; 0
      00022A A0                     619 	.db #0xa0	; 160
      00022B E0                     620 	.db #0xe0	; 224
      00022C C0                     621 	.db #0xc0	; 192
      00022D E0                     622 	.db #0xe0	; 224
      00022E A0                     623 	.db #0xa0	; 160
      00022F A0                     624 	.db #0xa0	; 160
      000230 00                     625 	.db #0x00	; 0
      000231 00                     626 	.db #0x00	; 0
      000232 80                     627 	.db #0x80	; 128
      000233 80                     628 	.db #0x80	; 128
      000234 80                     629 	.db #0x80	; 128
      000235 80                     630 	.db #0x80	; 128
      000236 80                     631 	.db #0x80	; 128
      000237 C0                     632 	.db #0xc0	; 192
      000238 00                     633 	.db #0x00	; 0
      000239 00                     634 	.db #0x00	; 0
      00023A 88                     635 	.db #0x88	; 136
      00023B D8                     636 	.db #0xd8	; 216
      00023C D8                     637 	.db #0xd8	; 216
      00023D A8                     638 	.db #0xa8	; 168
      00023E A8                     639 	.db #0xa8	; 168
      00023F A8                     640 	.db #0xa8	; 168
      000240 00                     641 	.db #0x00	; 0
      000241 00                     642 	.db #0x00	; 0
      000242 90                     643 	.db #0x90	; 144
      000243 D0                     644 	.db #0xd0	; 208
      000244 D0                     645 	.db #0xd0	; 208
      000245 B0                     646 	.db #0xb0	; 176
      000246 B0                     647 	.db #0xb0	; 176
      000247 90                     648 	.db #0x90	; 144
      000248 00                     649 	.db #0x00	; 0
      000249 00                     650 	.db #0x00	; 0
      00024A E0                     651 	.db #0xe0	; 224
      00024B A0                     652 	.db #0xa0	; 160
      00024C A0                     653 	.db #0xa0	; 160
      00024D E0                     654 	.db #0xe0	; 224
      00024E 80                     655 	.db #0x80	; 128
      00024F 80                     656 	.db #0x80	; 128
      000250 00                     657 	.db #0x00	; 0
      000251 00                     658 	.db #0x00	; 0
      000252 E0                     659 	.db #0xe0	; 224
      000253 A0                     660 	.db #0xa0	; 160
      000254 A0                     661 	.db #0xa0	; 160
      000255 C0                     662 	.db #0xc0	; 192
      000256 A0                     663 	.db #0xa0	; 160
      000257 A0                     664 	.db #0xa0	; 160
      000258 00                     665 	.db #0x00	; 0
      000259 00                     666 	.db #0x00	; 0
      00025A E0                     667 	.db #0xe0	; 224
      00025B A0                     668 	.db #0xa0	; 160
      00025C C0                     669 	.db #0xc0	; 192
      00025D 60                     670 	.db #0x60	; 96
      00025E A0                     671 	.db #0xa0	; 160
      00025F E0                     672 	.db #0xe0	; 224
      000260 00                     673 	.db #0x00	; 0
      000261 00                     674 	.db #0x00	; 0
      000262 E0                     675 	.db #0xe0	; 224
      000263 40                     676 	.db #0x40	; 64
      000264 40                     677 	.db #0x40	; 64
      000265 40                     678 	.db #0x40	; 64
      000266 40                     679 	.db #0x40	; 64
      000267 40                     680 	.db #0x40	; 64
      000268 00                     681 	.db #0x00	; 0
      000269 00                     682 	.db #0x00	; 0
      00026A A0                     683 	.db #0xa0	; 160
      00026B A0                     684 	.db #0xa0	; 160
      00026C A0                     685 	.db #0xa0	; 160
      00026D A0                     686 	.db #0xa0	; 160
      00026E A0                     687 	.db #0xa0	; 160
      00026F 40                     688 	.db #0x40	; 64
      000270 00                     689 	.db #0x00	; 0
      000271 00                     690 	.db #0x00	; 0
      000272 A0                     691 	.db #0xa0	; 160
      000273 A0                     692 	.db #0xa0	; 160
      000274 A0                     693 	.db #0xa0	; 160
      000275 E0                     694 	.db #0xe0	; 224
      000276 E0                     695 	.db #0xe0	; 224
      000277 40                     696 	.db #0x40	; 64
      000278 00                     697 	.db #0x00	; 0
      000279 00                     698 	.db #0x00	; 0
      00027A A8                     699 	.db #0xa8	; 168
      00027B A8                     700 	.db #0xa8	; 168
      00027C F8                     701 	.db #0xf8	; 248
      00027D F8                     702 	.db #0xf8	; 248
      00027E 50                     703 	.db #0x50	; 80	'P'
      00027F 50                     704 	.db #0x50	; 80	'P'
      000280 00                     705 	.db #0x00	; 0
      000281 00                     706 	.db #0x00	; 0
      000282 A0                     707 	.db #0xa0	; 160
      000283 A0                     708 	.db #0xa0	; 160
      000284 40                     709 	.db #0x40	; 64
      000285 40                     710 	.db #0x40	; 64
      000286 A0                     711 	.db #0xa0	; 160
      000287 A0                     712 	.db #0xa0	; 160
      000288 00                     713 	.db #0x00	; 0
      000289 00                     714 	.db #0x00	; 0
      00028A A0                     715 	.db #0xa0	; 160
      00028B A0                     716 	.db #0xa0	; 160
      00028C A0                     717 	.db #0xa0	; 160
      00028D E0                     718 	.db #0xe0	; 224
      00028E 40                     719 	.db #0x40	; 64
      00028F 40                     720 	.db #0x40	; 64
      000290 00                     721 	.db #0x00	; 0
      000291 00                     722 	.db #0x00	; 0
      000292 E0                     723 	.db #0xe0	; 224
      000293 20                     724 	.db #0x20	; 32
      000294 60                     725 	.db #0x60	; 96
      000295 C0                     726 	.db #0xc0	; 192
      000296 80                     727 	.db #0x80	; 128
      000297 E0                     728 	.db #0xe0	; 224
      000298 00                     729 	.db #0x00	; 0
      000299 00                     730 	.db #0x00	; 0
      00029A 80                     731 	.db #0x80	; 128
      00029B 80                     732 	.db #0x80	; 128
      00029C 40                     733 	.db #0x40	; 64
      00029D 40                     734 	.db #0x40	; 64
      00029E 20                     735 	.db #0x20	; 32
      00029F 20                     736 	.db #0x20	; 32
      0002A0 00                     737 	.db #0x00	; 0
      0002A1 00                     738 	.db #0x00	; 0
      0002A2 40                     739 	.db #0x40	; 64
      0002A3 A0                     740 	.db #0xa0	; 160
      0002A4 00                     741 	.db #0x00	; 0
      0002A5 00                     742 	.db #0x00	; 0
      0002A6 00                     743 	.db #0x00	; 0
      0002A7 00                     744 	.db #0x00	; 0
      0002A8 00                     745 	.db #0x00	; 0
      0002A9 00                     746 	.db #0x00	; 0
      0002AA 00                     747 	.db #0x00	; 0
      0002AB 00                     748 	.db #0x00	; 0
      0002AC 00                     749 	.db #0x00	; 0
      0002AD 00                     750 	.db #0x00	; 0
      0002AE 00                     751 	.db #0x00	; 0
      0002AF E0                     752 	.db #0xe0	; 224
      0002B0 00                     753 	.db #0x00	; 0
      0002B1 00                     754 	.db #0x00	; 0
      0002B2 80                     755 	.db #0x80	; 128
      0002B3 40                     756 	.db #0x40	; 64
      0002B4 00                     757 	.db #0x00	; 0
      0002B5 00                     758 	.db #0x00	; 0
      0002B6 00                     759 	.db #0x00	; 0
      0002B7 00                     760 	.db #0x00	; 0
      0002B8 00                     761 	.db #0x00	; 0
      0002B9 00                     762 	.db #0x00	; 0
      0002BA 00                     763 	.db #0x00	; 0
      0002BB E0                     764 	.db #0xe0	; 224
      0002BC 20                     765 	.db #0x20	; 32
      0002BD E0                     766 	.db #0xe0	; 224
      0002BE A0                     767 	.db #0xa0	; 160
      0002BF E0                     768 	.db #0xe0	; 224
      0002C0 00                     769 	.db #0x00	; 0
      0002C1 00                     770 	.db #0x00	; 0
      0002C2 80                     771 	.db #0x80	; 128
      0002C3 E0                     772 	.db #0xe0	; 224
      0002C4 A0                     773 	.db #0xa0	; 160
      0002C5 A0                     774 	.db #0xa0	; 160
      0002C6 A0                     775 	.db #0xa0	; 160
      0002C7 E0                     776 	.db #0xe0	; 224
      0002C8 00                     777 	.db #0x00	; 0
      0002C9 00                     778 	.db #0x00	; 0
      0002CA 00                     779 	.db #0x00	; 0
      0002CB E0                     780 	.db #0xe0	; 224
      0002CC A0                     781 	.db #0xa0	; 160
      0002CD 80                     782 	.db #0x80	; 128
      0002CE A0                     783 	.db #0xa0	; 160
      0002CF E0                     784 	.db #0xe0	; 224
      0002D0 00                     785 	.db #0x00	; 0
      0002D1 00                     786 	.db #0x00	; 0
      0002D2 20                     787 	.db #0x20	; 32
      0002D3 E0                     788 	.db #0xe0	; 224
      0002D4 A0                     789 	.db #0xa0	; 160
      0002D5 A0                     790 	.db #0xa0	; 160
      0002D6 A0                     791 	.db #0xa0	; 160
      0002D7 E0                     792 	.db #0xe0	; 224
      0002D8 00                     793 	.db #0x00	; 0
      0002D9 00                     794 	.db #0x00	; 0
      0002DA 00                     795 	.db #0x00	; 0
      0002DB E0                     796 	.db #0xe0	; 224
      0002DC A0                     797 	.db #0xa0	; 160
      0002DD E0                     798 	.db #0xe0	; 224
      0002DE 80                     799 	.db #0x80	; 128
      0002DF E0                     800 	.db #0xe0	; 224
      0002E0 00                     801 	.db #0x00	; 0
      0002E1 00                     802 	.db #0x00	; 0
      0002E2 C0                     803 	.db #0xc0	; 192
      0002E3 80                     804 	.db #0x80	; 128
      0002E4 C0                     805 	.db #0xc0	; 192
      0002E5 80                     806 	.db #0x80	; 128
      0002E6 80                     807 	.db #0x80	; 128
      0002E7 80                     808 	.db #0x80	; 128
      0002E8 00                     809 	.db #0x00	; 0
      0002E9 00                     810 	.db #0x00	; 0
      0002EA 00                     811 	.db #0x00	; 0
      0002EB E0                     812 	.db #0xe0	; 224
      0002EC A0                     813 	.db #0xa0	; 160
      0002ED A0                     814 	.db #0xa0	; 160
      0002EE E0                     815 	.db #0xe0	; 224
      0002EF 20                     816 	.db #0x20	; 32
      0002F0 E0                     817 	.db #0xe0	; 224
      0002F1 00                     818 	.db #0x00	; 0
      0002F2 80                     819 	.db #0x80	; 128
      0002F3 E0                     820 	.db #0xe0	; 224
      0002F4 A0                     821 	.db #0xa0	; 160
      0002F5 A0                     822 	.db #0xa0	; 160
      0002F6 A0                     823 	.db #0xa0	; 160
      0002F7 A0                     824 	.db #0xa0	; 160
      0002F8 00                     825 	.db #0x00	; 0
      0002F9 80                     826 	.db #0x80	; 128
      0002FA 00                     827 	.db #0x00	; 0
      0002FB 80                     828 	.db #0x80	; 128
      0002FC 80                     829 	.db #0x80	; 128
      0002FD 80                     830 	.db #0x80	; 128
      0002FE 80                     831 	.db #0x80	; 128
      0002FF 80                     832 	.db #0x80	; 128
      000300 00                     833 	.db #0x00	; 0
      000301 40                     834 	.db #0x40	; 64
      000302 00                     835 	.db #0x00	; 0
      000303 40                     836 	.db #0x40	; 64
      000304 40                     837 	.db #0x40	; 64
      000305 40                     838 	.db #0x40	; 64
      000306 40                     839 	.db #0x40	; 64
      000307 40                     840 	.db #0x40	; 64
      000308 C0                     841 	.db #0xc0	; 192
      000309 00                     842 	.db #0x00	; 0
      00030A 80                     843 	.db #0x80	; 128
      00030B A0                     844 	.db #0xa0	; 160
      00030C C0                     845 	.db #0xc0	; 192
      00030D C0                     846 	.db #0xc0	; 192
      00030E C0                     847 	.db #0xc0	; 192
      00030F A0                     848 	.db #0xa0	; 160
      000310 00                     849 	.db #0x00	; 0
      000311 00                     850 	.db #0x00	; 0
      000312 00                     851 	.db #0x00	; 0
      000313 F8                     852 	.db #0xf8	; 248
      000314 A8                     853 	.db #0xa8	; 168
      000315 A8                     854 	.db #0xa8	; 168
      000316 A8                     855 	.db #0xa8	; 168
      000317 A8                     856 	.db #0xa8	; 168
      000318 00                     857 	.db #0x00	; 0
      000319 00                     858 	.db #0x00	; 0
      00031A 00                     859 	.db #0x00	; 0
      00031B E0                     860 	.db #0xe0	; 224
      00031C A0                     861 	.db #0xa0	; 160
      00031D A0                     862 	.db #0xa0	; 160
      00031E A0                     863 	.db #0xa0	; 160
      00031F A0                     864 	.db #0xa0	; 160
      000320 00                     865 	.db #0x00	; 0
      000321 00                     866 	.db #0x00	; 0
      000322 00                     867 	.db #0x00	; 0
      000323 E0                     868 	.db #0xe0	; 224
      000324 A0                     869 	.db #0xa0	; 160
      000325 A0                     870 	.db #0xa0	; 160
      000326 A0                     871 	.db #0xa0	; 160
      000327 E0                     872 	.db #0xe0	; 224
      000328 00                     873 	.db #0x00	; 0
      000329 00                     874 	.db #0x00	; 0
      00032A 00                     875 	.db #0x00	; 0
      00032B E0                     876 	.db #0xe0	; 224
      00032C A0                     877 	.db #0xa0	; 160
      00032D A0                     878 	.db #0xa0	; 160
      00032E A0                     879 	.db #0xa0	; 160
      00032F E0                     880 	.db #0xe0	; 224
      000330 80                     881 	.db #0x80	; 128
      000331 00                     882 	.db #0x00	; 0
      000332 00                     883 	.db #0x00	; 0
      000333 E0                     884 	.db #0xe0	; 224
      000334 A0                     885 	.db #0xa0	; 160
      000335 A0                     886 	.db #0xa0	; 160
      000336 A0                     887 	.db #0xa0	; 160
      000337 E0                     888 	.db #0xe0	; 224
      000338 20                     889 	.db #0x20	; 32
      000339 00                     890 	.db #0x00	; 0
      00033A 00                     891 	.db #0x00	; 0
      00033B A0                     892 	.db #0xa0	; 160
      00033C C0                     893 	.db #0xc0	; 192
      00033D 80                     894 	.db #0x80	; 128
      00033E 80                     895 	.db #0x80	; 128
      00033F 80                     896 	.db #0x80	; 128
      000340 00                     897 	.db #0x00	; 0
      000341 00                     898 	.db #0x00	; 0
      000342 00                     899 	.db #0x00	; 0
      000343 E0                     900 	.db #0xe0	; 224
      000344 80                     901 	.db #0x80	; 128
      000345 40                     902 	.db #0x40	; 64
      000346 20                     903 	.db #0x20	; 32
      000347 E0                     904 	.db #0xe0	; 224
      000348 00                     905 	.db #0x00	; 0
      000349 00                     906 	.db #0x00	; 0
      00034A 80                     907 	.db #0x80	; 128
      00034B C0                     908 	.db #0xc0	; 192
      00034C 80                     909 	.db #0x80	; 128
      00034D 80                     910 	.db #0x80	; 128
      00034E 80                     911 	.db #0x80	; 128
      00034F 80                     912 	.db #0x80	; 128
      000350 00                     913 	.db #0x00	; 0
      000351 00                     914 	.db #0x00	; 0
      000352 00                     915 	.db #0x00	; 0
      000353 A0                     916 	.db #0xa0	; 160
      000354 A0                     917 	.db #0xa0	; 160
      000355 A0                     918 	.db #0xa0	; 160
      000356 A0                     919 	.db #0xa0	; 160
      000357 40                     920 	.db #0x40	; 64
      000358 00                     921 	.db #0x00	; 0
      000359 00                     922 	.db #0x00	; 0
      00035A 00                     923 	.db #0x00	; 0
      00035B A0                     924 	.db #0xa0	; 160
      00035C A0                     925 	.db #0xa0	; 160
      00035D E0                     926 	.db #0xe0	; 224
      00035E 40                     927 	.db #0x40	; 64
      00035F 40                     928 	.db #0x40	; 64
      000360 00                     929 	.db #0x00	; 0
      000361 00                     930 	.db #0x00	; 0
      000362 00                     931 	.db #0x00	; 0
      000363 A8                     932 	.db #0xa8	; 168
      000364 A8                     933 	.db #0xa8	; 168
      000365 F8                     934 	.db #0xf8	; 248
      000366 70                     935 	.db #0x70	; 112	'p'
      000367 50                     936 	.db #0x50	; 80	'P'
      000368 00                     937 	.db #0x00	; 0
      000369 00                     938 	.db #0x00	; 0
      00036A 00                     939 	.db #0x00	; 0
      00036B A0                     940 	.db #0xa0	; 160
      00036C 40                     941 	.db #0x40	; 64
      00036D 40                     942 	.db #0x40	; 64
      00036E 40                     943 	.db #0x40	; 64
      00036F A0                     944 	.db #0xa0	; 160
      000370 00                     945 	.db #0x00	; 0
      000371 00                     946 	.db #0x00	; 0
      000372 00                     947 	.db #0x00	; 0
      000373 A0                     948 	.db #0xa0	; 160
      000374 A0                     949 	.db #0xa0	; 160
      000375 A0                     950 	.db #0xa0	; 160
      000376 E0                     951 	.db #0xe0	; 224
      000377 40                     952 	.db #0x40	; 64
      000378 C0                     953 	.db #0xc0	; 192
      000379 00                     954 	.db #0x00	; 0
      00037A 00                     955 	.db #0x00	; 0
      00037B E0                     956 	.db #0xe0	; 224
      00037C 20                     957 	.db #0x20	; 32
      00037D 40                     958 	.db #0x40	; 64
      00037E 80                     959 	.db #0x80	; 128
      00037F E0                     960 	.db #0xe0	; 224
      000380 00                     961 	.db #0x00	; 0
      000381 00                     962 	.db #0x00	; 0
      000382 60                     963 	.db #0x60	; 96
      000383 40                     964 	.db #0x40	; 64
      000384 80                     965 	.db #0x80	; 128
      000385 40                     966 	.db #0x40	; 64
      000386 40                     967 	.db #0x40	; 64
      000387 60                     968 	.db #0x60	; 96
      000388 00                     969 	.db #0x00	; 0
      000389 00                     970 	.db #0x00	; 0
      00038A C0                     971 	.db #0xc0	; 192
      00038B 40                     972 	.db #0x40	; 64
      00038C 20                     973 	.db #0x20	; 32
      00038D 40                     974 	.db #0x40	; 64
      00038E 40                     975 	.db #0x40	; 64
      00038F C0                     976 	.db #0xc0	; 192
      000390 00                     977 	.db #0x00	; 0
      000391 00                     978 	.db #0x00	; 0
      000392 00                     979 	.db #0x00	; 0
      000393 00                     980 	.db #0x00	; 0
      000394 00                     981 	.db #0x00	; 0
      000395 D0                     982 	.db #0xd0	; 208
      000396 B0                     983 	.db #0xb0	; 176
      000397 00                     984 	.db #0x00	; 0
      000398 00                     985 	.db #0x00	; 0
      000399 FE                     986 	.db #0xfe	; 254
      00039A C6                     987 	.db #0xc6	; 198
      00039B AA                     988 	.db #0xaa	; 170
      00039C 92                     989 	.db #0x92	; 146
      00039D AA                     990 	.db #0xaa	; 170
      00039E C6                     991 	.db #0xc6	; 198
      00039F FE                     992 	.db #0xfe	; 254
      0003A0 00                     993 	.db #0x00	; 0
                           0003A1   994 G$Font_condensed$0_0$0 == .
      0003A1                        995 _Font_condensed:
      0003A1 03                     996 	.db #0x03	; 3
      0003A2r00r00                  997 	.dw _Font_condensed_table
      0003A4r80r00                  998 	.dw _Font_condensed_widths
      0003A6rD9r00                  999 	.dw _Font_condensed_faces
                                   1000 	.area _INITIALIZER
                                   1001 	.area _CABS (ABS)
