                                      1 ;--------------------------------------------------------
                                      2 ; File Created by SDCC : free open source ISO C Compiler 
                                      3 ; Version 4.2.2 #13350 (Linux)
                                      4 ;--------------------------------------------------------
                                      5 	.module Font_Minimal5x7
                                      6 	.optsdcc -msm83
                                      7 	
                                      8 ;--------------------------------------------------------
                                      9 ; Public variables in this module
                                     10 ;--------------------------------------------------------
                                     11 	.globl _Font_Minimal5x7
                                     12 	.globl b___func_Font_Minimal5x7
                                     13 	.globl ___func_Font_Minimal5x7
                                     14 ;--------------------------------------------------------
                                     15 ; special function registers
                                     16 ;--------------------------------------------------------
                                     17 ;--------------------------------------------------------
                                     18 ; ram data
                                     19 ;--------------------------------------------------------
                                     20 	.area _DATA
                                     21 ;--------------------------------------------------------
                                     22 ; ram data
                                     23 ;--------------------------------------------------------
                                     24 	.area _INITIALIZED
                                     25 ;--------------------------------------------------------
                                     26 ; absolute external ram data
                                     27 ;--------------------------------------------------------
                                     28 	.area _DABS (ABS)
                                     29 ;--------------------------------------------------------
                                     30 ; global & static initialisations
                                     31 ;--------------------------------------------------------
                                     32 	.area _HOME
                                     33 	.area _GSINIT
                                     34 	.area _GSFINAL
                                     35 	.area _GSINIT
                                     36 ;--------------------------------------------------------
                                     37 ; Home
                                     38 ;--------------------------------------------------------
                                     39 	.area _HOME
                                     40 	.area _HOME
                                     41 ;--------------------------------------------------------
                                     42 ; code
                                     43 ;--------------------------------------------------------
                                     44 	.area _CODE_255
                           000000    45 	G$__func_Font_Minimal5x7$0$0	= .
                                     46 	.globl	G$__func_Font_Minimal5x7$0$0
                           000000    47 	C$Font_Minimal5x7.c$5$0_0$130	= .
                                     48 	.globl	C$Font_Minimal5x7.c$5$0_0$130
                                     49 ;res/fonts/Font_Minimal5x7.c:5: BANKREF(Font_Minimal5x7)
                                     50 ;	---------------------------------
                                     51 ; Function __func_Font_Minimal5x7
                                     52 ; ---------------------------------
                           0000FF    53 	b___func_Font_Minimal5x7	= 255
      000000                         54 ___func_Font_Minimal5x7::
                                     55 	.local b___func_Font_Minimal5x7 
                           0000FF    56 	___bank_Font_Minimal5x7 = b___func_Font_Minimal5x7 
                                     57 	.globl ___bank_Font_Minimal5x7 
                                     58 	.area _CODE_255
                           000000    59 FFont_Minimal5x7$Font_Minimal5x7_table$0_0$0 == .
      000000                         60 _Font_Minimal5x7_table:
      000000 00                      61 	.db #0x00	; 0
      000001 00                      62 	.db #0x00	; 0
      000002 00                      63 	.db #0x00	; 0
      000003 00                      64 	.db #0x00	; 0
      000004 00                      65 	.db #0x00	; 0
      000005 00                      66 	.db #0x00	; 0
      000006 00                      67 	.db #0x00	; 0
      000007 00                      68 	.db #0x00	; 0
      000008 00                      69 	.db #0x00	; 0
      000009 00                      70 	.db #0x00	; 0
      00000A 00                      71 	.db #0x00	; 0
      00000B 00                      72 	.db #0x00	; 0
      00000C 00                      73 	.db #0x00	; 0
      00000D 00                      74 	.db #0x00	; 0
      00000E 00                      75 	.db #0x00	; 0
      00000F 00                      76 	.db #0x00	; 0
      000010 00                      77 	.db #0x00	; 0
      000011 00                      78 	.db #0x00	; 0
      000012 00                      79 	.db #0x00	; 0
      000013 00                      80 	.db #0x00	; 0
      000014 00                      81 	.db #0x00	; 0
      000015 00                      82 	.db #0x00	; 0
      000016 00                      83 	.db #0x00	; 0
      000017 00                      84 	.db #0x00	; 0
      000018 00                      85 	.db #0x00	; 0
      000019 00                      86 	.db #0x00	; 0
      00001A 00                      87 	.db #0x00	; 0
      00001B 00                      88 	.db #0x00	; 0
      00001C 00                      89 	.db #0x00	; 0
      00001D 00                      90 	.db #0x00	; 0
      00001E 00                      91 	.db #0x00	; 0
      00001F 00                      92 	.db #0x00	; 0
      000020 00                      93 	.db #0x00	; 0
      000021 01                      94 	.db #0x01	; 1
      000022 02                      95 	.db #0x02	; 2
      000023 03                      96 	.db #0x03	; 3
      000024 04                      97 	.db #0x04	; 4
      000025 05                      98 	.db #0x05	; 5
      000026 06                      99 	.db #0x06	; 6
      000027 07                     100 	.db #0x07	; 7
      000028 08                     101 	.db #0x08	; 8
      000029 09                     102 	.db #0x09	; 9
      00002A 0A                     103 	.db #0x0a	; 10
      00002B 0B                     104 	.db #0x0b	; 11
      00002C 0C                     105 	.db #0x0c	; 12
      00002D 0D                     106 	.db #0x0d	; 13
      00002E 0E                     107 	.db #0x0e	; 14
      00002F 0F                     108 	.db #0x0f	; 15
      000030 10                     109 	.db #0x10	; 16
      000031 11                     110 	.db #0x11	; 17
      000032 12                     111 	.db #0x12	; 18
      000033 13                     112 	.db #0x13	; 19
      000034 14                     113 	.db #0x14	; 20
      000035 15                     114 	.db #0x15	; 21
      000036 16                     115 	.db #0x16	; 22
      000037 17                     116 	.db #0x17	; 23
      000038 18                     117 	.db #0x18	; 24
      000039 19                     118 	.db #0x19	; 25
      00003A 1A                     119 	.db #0x1a	; 26
      00003B 1B                     120 	.db #0x1b	; 27
      00003C 1C                     121 	.db #0x1c	; 28
      00003D 1D                     122 	.db #0x1d	; 29
      00003E 1E                     123 	.db #0x1e	; 30
      00003F 1F                     124 	.db #0x1f	; 31
      000040 20                     125 	.db #0x20	; 32
      000041 21                     126 	.db #0x21	; 33
      000042 22                     127 	.db #0x22	; 34
      000043 23                     128 	.db #0x23	; 35
      000044 24                     129 	.db #0x24	; 36
      000045 25                     130 	.db #0x25	; 37
      000046 26                     131 	.db #0x26	; 38
      000047 27                     132 	.db #0x27	; 39
      000048 28                     133 	.db #0x28	; 40
      000049 29                     134 	.db #0x29	; 41
      00004A 2A                     135 	.db #0x2a	; 42
      00004B 2B                     136 	.db #0x2b	; 43
      00004C 2C                     137 	.db #0x2c	; 44
      00004D 2D                     138 	.db #0x2d	; 45
      00004E 2E                     139 	.db #0x2e	; 46
      00004F 2F                     140 	.db #0x2f	; 47
      000050 30                     141 	.db #0x30	; 48	'0'
      000051 31                     142 	.db #0x31	; 49	'1'
      000052 32                     143 	.db #0x32	; 50	'2'
      000053 33                     144 	.db #0x33	; 51	'3'
      000054 34                     145 	.db #0x34	; 52	'4'
      000055 35                     146 	.db #0x35	; 53	'5'
      000056 36                     147 	.db #0x36	; 54	'6'
      000057 37                     148 	.db #0x37	; 55	'7'
      000058 38                     149 	.db #0x38	; 56	'8'
      000059 39                     150 	.db #0x39	; 57	'9'
      00005A 3A                     151 	.db #0x3a	; 58
      00005B 3B                     152 	.db #0x3b	; 59
      00005C 3C                     153 	.db #0x3c	; 60
      00005D 3D                     154 	.db #0x3d	; 61
      00005E 3E                     155 	.db #0x3e	; 62
      00005F 3F                     156 	.db #0x3f	; 63
      000060 40                     157 	.db #0x40	; 64
      000061 41                     158 	.db #0x41	; 65	'A'
      000062 42                     159 	.db #0x42	; 66	'B'
      000063 43                     160 	.db #0x43	; 67	'C'
      000064 44                     161 	.db #0x44	; 68	'D'
      000065 45                     162 	.db #0x45	; 69	'E'
      000066 46                     163 	.db #0x46	; 70	'F'
      000067 47                     164 	.db #0x47	; 71	'G'
      000068 48                     165 	.db #0x48	; 72	'H'
      000069 49                     166 	.db #0x49	; 73	'I'
      00006A 4A                     167 	.db #0x4a	; 74	'J'
      00006B 4B                     168 	.db #0x4b	; 75	'K'
      00006C 4C                     169 	.db #0x4c	; 76	'L'
      00006D 4D                     170 	.db #0x4d	; 77	'M'
      00006E 4E                     171 	.db #0x4e	; 78	'N'
      00006F 4F                     172 	.db #0x4f	; 79	'O'
      000070 50                     173 	.db #0x50	; 80	'P'
      000071 51                     174 	.db #0x51	; 81	'Q'
      000072 52                     175 	.db #0x52	; 82	'R'
      000073 53                     176 	.db #0x53	; 83	'S'
      000074 54                     177 	.db #0x54	; 84	'T'
      000075 55                     178 	.db #0x55	; 85	'U'
      000076 56                     179 	.db #0x56	; 86	'V'
      000077 57                     180 	.db #0x57	; 87	'W'
      000078 58                     181 	.db #0x58	; 88	'X'
      000079 59                     182 	.db #0x59	; 89	'Y'
      00007A 5A                     183 	.db #0x5a	; 90	'Z'
      00007B 5B                     184 	.db #0x5b	; 91
      00007C 4C                     185 	.db #0x4c	; 76	'L'
      00007D 5C                     186 	.db #0x5c	; 92
      00007E 5D                     187 	.db #0x5d	; 93
      00007F 5E                     188 	.db #0x5e	; 94
                           000080   189 FFont_Minimal5x7$Font_Minimal5x7_widths$0_0$0 == .
      000080                        190 _Font_Minimal5x7_widths:
      000080 05                     191 	.db #0x05	; 5
      000081 02                     192 	.db #0x02	; 2
      000082 04                     193 	.db #0x04	; 4
      000083 06                     194 	.db #0x06	; 6
      000084 06                     195 	.db #0x06	; 6
      000085 06                     196 	.db #0x06	; 6
      000086 07                     197 	.db #0x07	; 7
      000087 02                     198 	.db #0x02	; 2
      000088 03                     199 	.db #0x03	; 3
      000089 03                     200 	.db #0x03	; 3
      00008A 06                     201 	.db #0x06	; 6
      00008B 06                     202 	.db #0x06	; 6
      00008C 03                     203 	.db #0x03	; 3
      00008D 04                     204 	.db #0x04	; 4
      00008E 02                     205 	.db #0x02	; 2
      00008F 05                     206 	.db #0x05	; 5
      000090 06                     207 	.db #0x06	; 6
      000091 06                     208 	.db #0x06	; 6
      000092 06                     209 	.db #0x06	; 6
      000093 06                     210 	.db #0x06	; 6
      000094 06                     211 	.db #0x06	; 6
      000095 06                     212 	.db #0x06	; 6
      000096 06                     213 	.db #0x06	; 6
      000097 06                     214 	.db #0x06	; 6
      000098 06                     215 	.db #0x06	; 6
      000099 06                     216 	.db #0x06	; 6
      00009A 02                     217 	.db #0x02	; 2
      00009B 03                     218 	.db #0x03	; 3
      00009C 04                     219 	.db #0x04	; 4
      00009D 04                     220 	.db #0x04	; 4
      00009E 04                     221 	.db #0x04	; 4
      00009F 06                     222 	.db #0x06	; 6
      0000A0 08                     223 	.db #0x08	; 8
      0000A1 06                     224 	.db #0x06	; 6
      0000A2 06                     225 	.db #0x06	; 6
      0000A3 06                     226 	.db #0x06	; 6
      0000A4 06                     227 	.db #0x06	; 6
      0000A5 06                     228 	.db #0x06	; 6
      0000A6 06                     229 	.db #0x06	; 6
      0000A7 06                     230 	.db #0x06	; 6
      0000A8 06                     231 	.db #0x06	; 6
      0000A9 06                     232 	.db #0x06	; 6
      0000AA 06                     233 	.db #0x06	; 6
      0000AB 06                     234 	.db #0x06	; 6
      0000AC 06                     235 	.db #0x06	; 6
      0000AD 06                     236 	.db #0x06	; 6
      0000AE 06                     237 	.db #0x06	; 6
      0000AF 06                     238 	.db #0x06	; 6
      0000B0 06                     239 	.db #0x06	; 6
      0000B1 06                     240 	.db #0x06	; 6
      0000B2 06                     241 	.db #0x06	; 6
      0000B3 06                     242 	.db #0x06	; 6
      0000B4 06                     243 	.db #0x06	; 6
      0000B5 06                     244 	.db #0x06	; 6
      0000B6 06                     245 	.db #0x06	; 6
      0000B7 06                     246 	.db #0x06	; 6
      0000B8 06                     247 	.db #0x06	; 6
      0000B9 06                     248 	.db #0x06	; 6
      0000BA 06                     249 	.db #0x06	; 6
      0000BB 03                     250 	.db #0x03	; 3
      0000BC 05                     251 	.db #0x05	; 5
      0000BD 03                     252 	.db #0x03	; 3
      0000BE 06                     253 	.db #0x06	; 6
      0000BF 06                     254 	.db #0x06	; 6
      0000C0 04                     255 	.db #0x04	; 4
      0000C1 06                     256 	.db #0x06	; 6
      0000C2 06                     257 	.db #0x06	; 6
      0000C3 06                     258 	.db #0x06	; 6
      0000C4 06                     259 	.db #0x06	; 6
      0000C5 06                     260 	.db #0x06	; 6
      0000C6 04                     261 	.db #0x04	; 4
      0000C7 06                     262 	.db #0x06	; 6
      0000C8 06                     263 	.db #0x06	; 6
      0000C9 02                     264 	.db #0x02	; 2
      0000CA 06                     265 	.db #0x06	; 6
      0000CB 05                     266 	.db #0x05	; 5
      0000CC 02                     267 	.db #0x02	; 2
      0000CD 06                     268 	.db #0x06	; 6
      0000CE 06                     269 	.db #0x06	; 6
      0000CF 06                     270 	.db #0x06	; 6
      0000D0 05                     271 	.db #0x05	; 5
      0000D1 06                     272 	.db #0x06	; 6
      0000D2 06                     273 	.db #0x06	; 6
      0000D3 06                     274 	.db #0x06	; 6
      0000D4 06                     275 	.db #0x06	; 6
      0000D5 06                     276 	.db #0x06	; 6
      0000D6 06                     277 	.db #0x06	; 6
      0000D7 06                     278 	.db #0x06	; 6
      0000D8 06                     279 	.db #0x06	; 6
      0000D9 05                     280 	.db #0x05	; 5
      0000DA 06                     281 	.db #0x06	; 6
      0000DB 04                     282 	.db #0x04	; 4
      0000DC 04                     283 	.db #0x04	; 4
      0000DD 06                     284 	.db #0x06	; 6
      0000DE 04                     285 	.db #0x04	; 4
                           0000DF   286 FFont_Minimal5x7$Font_Minimal5x7_faces$0_0$0 == .
      0000DF                        287 _Font_Minimal5x7_faces:
      0000DF 00                     288 	.db #0x00	; 0
      0000E0 00                     289 	.db #0x00	; 0
      0000E1 00                     290 	.db #0x00	; 0
      0000E2 00                     291 	.db #0x00	; 0
      0000E3 00                     292 	.db #0x00	; 0
      0000E4 00                     293 	.db #0x00	; 0
      0000E5 00                     294 	.db #0x00	; 0
      0000E6 00                     295 	.db #0x00	; 0
      0000E7 00                     296 	.db #0x00	; 0
      0000E8 80                     297 	.db #0x80	; 128
      0000E9 80                     298 	.db #0x80	; 128
      0000EA 80                     299 	.db #0x80	; 128
      0000EB 80                     300 	.db #0x80	; 128
      0000EC 80                     301 	.db #0x80	; 128
      0000ED 00                     302 	.db #0x00	; 0
      0000EE 80                     303 	.db #0x80	; 128
      0000EF 00                     304 	.db #0x00	; 0
      0000F0 A0                     305 	.db #0xa0	; 160
      0000F1 A0                     306 	.db #0xa0	; 160
      0000F2 00                     307 	.db #0x00	; 0
      0000F3 00                     308 	.db #0x00	; 0
      0000F4 00                     309 	.db #0x00	; 0
      0000F5 00                     310 	.db #0x00	; 0
      0000F6 00                     311 	.db #0x00	; 0
      0000F7 00                     312 	.db #0x00	; 0
      0000F8 50                     313 	.db #0x50	; 80	'P'
      0000F9 50                     314 	.db #0x50	; 80	'P'
      0000FA F8                     315 	.db #0xf8	; 248
      0000FB 50                     316 	.db #0x50	; 80	'P'
      0000FC F8                     317 	.db #0xf8	; 248
      0000FD 50                     318 	.db #0x50	; 80	'P'
      0000FE 50                     319 	.db #0x50	; 80	'P'
      0000FF 00                     320 	.db #0x00	; 0
      000100 70                     321 	.db #0x70	; 112	'p'
      000101 A8                     322 	.db #0xa8	; 168
      000102 A0                     323 	.db #0xa0	; 160
      000103 70                     324 	.db #0x70	; 112	'p'
      000104 28                     325 	.db #0x28	; 40
      000105 A8                     326 	.db #0xa8	; 168
      000106 70                     327 	.db #0x70	; 112	'p'
      000107 00                     328 	.db #0x00	; 0
      000108 C8                     329 	.db #0xc8	; 200
      000109 C8                     330 	.db #0xc8	; 200
      00010A 10                     331 	.db #0x10	; 16
      00010B 20                     332 	.db #0x20	; 32
      00010C 40                     333 	.db #0x40	; 64
      00010D 98                     334 	.db #0x98	; 152
      00010E 98                     335 	.db #0x98	; 152
      00010F 00                     336 	.db #0x00	; 0
      000110 E0                     337 	.db #0xe0	; 224
      000111 A0                     338 	.db #0xa0	; 160
      000112 C0                     339 	.db #0xc0	; 192
      000113 60                     340 	.db #0x60	; 96
      000114 94                     341 	.db #0x94	; 148
      000115 88                     342 	.db #0x88	; 136
      000116 74                     343 	.db #0x74	; 116	't'
      000117 00                     344 	.db #0x00	; 0
      000118 80                     345 	.db #0x80	; 128
      000119 80                     346 	.db #0x80	; 128
      00011A 00                     347 	.db #0x00	; 0
      00011B 00                     348 	.db #0x00	; 0
      00011C 00                     349 	.db #0x00	; 0
      00011D 00                     350 	.db #0x00	; 0
      00011E 00                     351 	.db #0x00	; 0
      00011F 00                     352 	.db #0x00	; 0
      000120 40                     353 	.db #0x40	; 64
      000121 80                     354 	.db #0x80	; 128
      000122 80                     355 	.db #0x80	; 128
      000123 80                     356 	.db #0x80	; 128
      000124 80                     357 	.db #0x80	; 128
      000125 80                     358 	.db #0x80	; 128
      000126 40                     359 	.db #0x40	; 64
      000127 00                     360 	.db #0x00	; 0
      000128 80                     361 	.db #0x80	; 128
      000129 40                     362 	.db #0x40	; 64
      00012A 40                     363 	.db #0x40	; 64
      00012B 40                     364 	.db #0x40	; 64
      00012C 40                     365 	.db #0x40	; 64
      00012D 40                     366 	.db #0x40	; 64
      00012E 80                     367 	.db #0x80	; 128
      00012F 00                     368 	.db #0x00	; 0
      000130 00                     369 	.db #0x00	; 0
      000131 50                     370 	.db #0x50	; 80	'P'
      000132 20                     371 	.db #0x20	; 32
      000133 F8                     372 	.db #0xf8	; 248
      000134 20                     373 	.db #0x20	; 32
      000135 50                     374 	.db #0x50	; 80	'P'
      000136 00                     375 	.db #0x00	; 0
      000137 00                     376 	.db #0x00	; 0
      000138 00                     377 	.db #0x00	; 0
      000139 20                     378 	.db #0x20	; 32
      00013A 20                     379 	.db #0x20	; 32
      00013B F8                     380 	.db #0xf8	; 248
      00013C 20                     381 	.db #0x20	; 32
      00013D 20                     382 	.db #0x20	; 32
      00013E 00                     383 	.db #0x00	; 0
      00013F 00                     384 	.db #0x00	; 0
      000140 00                     385 	.db #0x00	; 0
      000141 00                     386 	.db #0x00	; 0
      000142 00                     387 	.db #0x00	; 0
      000143 00                     388 	.db #0x00	; 0
      000144 40                     389 	.db #0x40	; 64
      000145 40                     390 	.db #0x40	; 64
      000146 80                     391 	.db #0x80	; 128
      000147 00                     392 	.db #0x00	; 0
      000148 00                     393 	.db #0x00	; 0
      000149 00                     394 	.db #0x00	; 0
      00014A 00                     395 	.db #0x00	; 0
      00014B E0                     396 	.db #0xe0	; 224
      00014C 00                     397 	.db #0x00	; 0
      00014D 00                     398 	.db #0x00	; 0
      00014E 00                     399 	.db #0x00	; 0
      00014F 00                     400 	.db #0x00	; 0
      000150 00                     401 	.db #0x00	; 0
      000151 00                     402 	.db #0x00	; 0
      000152 00                     403 	.db #0x00	; 0
      000153 00                     404 	.db #0x00	; 0
      000154 00                     405 	.db #0x00	; 0
      000155 00                     406 	.db #0x00	; 0
      000156 80                     407 	.db #0x80	; 128
      000157 00                     408 	.db #0x00	; 0
      000158 10                     409 	.db #0x10	; 16
      000159 20                     410 	.db #0x20	; 32
      00015A 20                     411 	.db #0x20	; 32
      00015B 40                     412 	.db #0x40	; 64
      00015C 40                     413 	.db #0x40	; 64
      00015D 80                     414 	.db #0x80	; 128
      00015E 80                     415 	.db #0x80	; 128
      00015F 00                     416 	.db #0x00	; 0
      000160 70                     417 	.db #0x70	; 112	'p'
      000161 88                     418 	.db #0x88	; 136
      000162 98                     419 	.db #0x98	; 152
      000163 A8                     420 	.db #0xa8	; 168
      000164 C8                     421 	.db #0xc8	; 200
      000165 88                     422 	.db #0x88	; 136
      000166 70                     423 	.db #0x70	; 112	'p'
      000167 00                     424 	.db #0x00	; 0
      000168 20                     425 	.db #0x20	; 32
      000169 60                     426 	.db #0x60	; 96
      00016A A0                     427 	.db #0xa0	; 160
      00016B 20                     428 	.db #0x20	; 32
      00016C 20                     429 	.db #0x20	; 32
      00016D 20                     430 	.db #0x20	; 32
      00016E F8                     431 	.db #0xf8	; 248
      00016F 00                     432 	.db #0x00	; 0
      000170 70                     433 	.db #0x70	; 112	'p'
      000171 88                     434 	.db #0x88	; 136
      000172 08                     435 	.db #0x08	; 8
      000173 10                     436 	.db #0x10	; 16
      000174 20                     437 	.db #0x20	; 32
      000175 40                     438 	.db #0x40	; 64
      000176 F8                     439 	.db #0xf8	; 248
      000177 00                     440 	.db #0x00	; 0
      000178 70                     441 	.db #0x70	; 112	'p'
      000179 88                     442 	.db #0x88	; 136
      00017A 08                     443 	.db #0x08	; 8
      00017B 30                     444 	.db #0x30	; 48	'0'
      00017C 08                     445 	.db #0x08	; 8
      00017D 88                     446 	.db #0x88	; 136
      00017E 70                     447 	.db #0x70	; 112	'p'
      00017F 00                     448 	.db #0x00	; 0
      000180 88                     449 	.db #0x88	; 136
      000181 88                     450 	.db #0x88	; 136
      000182 88                     451 	.db #0x88	; 136
      000183 F8                     452 	.db #0xf8	; 248
      000184 08                     453 	.db #0x08	; 8
      000185 08                     454 	.db #0x08	; 8
      000186 08                     455 	.db #0x08	; 8
      000187 00                     456 	.db #0x00	; 0
      000188 F8                     457 	.db #0xf8	; 248
      000189 80                     458 	.db #0x80	; 128
      00018A F0                     459 	.db #0xf0	; 240
      00018B 08                     460 	.db #0x08	; 8
      00018C 08                     461 	.db #0x08	; 8
      00018D 88                     462 	.db #0x88	; 136
      00018E 70                     463 	.db #0x70	; 112	'p'
      00018F 00                     464 	.db #0x00	; 0
      000190 70                     465 	.db #0x70	; 112	'p'
      000191 88                     466 	.db #0x88	; 136
      000192 80                     467 	.db #0x80	; 128
      000193 F0                     468 	.db #0xf0	; 240
      000194 88                     469 	.db #0x88	; 136
      000195 88                     470 	.db #0x88	; 136
      000196 70                     471 	.db #0x70	; 112	'p'
      000197 00                     472 	.db #0x00	; 0
      000198 F8                     473 	.db #0xf8	; 248
      000199 08                     474 	.db #0x08	; 8
      00019A 10                     475 	.db #0x10	; 16
      00019B 20                     476 	.db #0x20	; 32
      00019C 20                     477 	.db #0x20	; 32
      00019D 20                     478 	.db #0x20	; 32
      00019E 20                     479 	.db #0x20	; 32
      00019F 00                     480 	.db #0x00	; 0
      0001A0 70                     481 	.db #0x70	; 112	'p'
      0001A1 88                     482 	.db #0x88	; 136
      0001A2 88                     483 	.db #0x88	; 136
      0001A3 70                     484 	.db #0x70	; 112	'p'
      0001A4 88                     485 	.db #0x88	; 136
      0001A5 88                     486 	.db #0x88	; 136
      0001A6 70                     487 	.db #0x70	; 112	'p'
      0001A7 00                     488 	.db #0x00	; 0
      0001A8 70                     489 	.db #0x70	; 112	'p'
      0001A9 88                     490 	.db #0x88	; 136
      0001AA 88                     491 	.db #0x88	; 136
      0001AB 78                     492 	.db #0x78	; 120	'x'
      0001AC 08                     493 	.db #0x08	; 8
      0001AD 88                     494 	.db #0x88	; 136
      0001AE 70                     495 	.db #0x70	; 112	'p'
      0001AF 00                     496 	.db #0x00	; 0
      0001B0 00                     497 	.db #0x00	; 0
      0001B1 00                     498 	.db #0x00	; 0
      0001B2 80                     499 	.db #0x80	; 128
      0001B3 00                     500 	.db #0x00	; 0
      0001B4 00                     501 	.db #0x00	; 0
      0001B5 80                     502 	.db #0x80	; 128
      0001B6 00                     503 	.db #0x00	; 0
      0001B7 00                     504 	.db #0x00	; 0
      0001B8 00                     505 	.db #0x00	; 0
      0001B9 00                     506 	.db #0x00	; 0
      0001BA 40                     507 	.db #0x40	; 64
      0001BB 00                     508 	.db #0x00	; 0
      0001BC 40                     509 	.db #0x40	; 64
      0001BD 80                     510 	.db #0x80	; 128
      0001BE 00                     511 	.db #0x00	; 0
      0001BF 00                     512 	.db #0x00	; 0
      0001C0 00                     513 	.db #0x00	; 0
      0001C1 00                     514 	.db #0x00	; 0
      0001C2 20                     515 	.db #0x20	; 32
      0001C3 40                     516 	.db #0x40	; 64
      0001C4 80                     517 	.db #0x80	; 128
      0001C5 40                     518 	.db #0x40	; 64
      0001C6 20                     519 	.db #0x20	; 32
      0001C7 00                     520 	.db #0x00	; 0
      0001C8 00                     521 	.db #0x00	; 0
      0001C9 00                     522 	.db #0x00	; 0
      0001CA E0                     523 	.db #0xe0	; 224
      0001CB 00                     524 	.db #0x00	; 0
      0001CC E0                     525 	.db #0xe0	; 224
      0001CD 00                     526 	.db #0x00	; 0
      0001CE 00                     527 	.db #0x00	; 0
      0001CF 00                     528 	.db #0x00	; 0
      0001D0 00                     529 	.db #0x00	; 0
      0001D1 00                     530 	.db #0x00	; 0
      0001D2 80                     531 	.db #0x80	; 128
      0001D3 40                     532 	.db #0x40	; 64
      0001D4 20                     533 	.db #0x20	; 32
      0001D5 40                     534 	.db #0x40	; 64
      0001D6 80                     535 	.db #0x80	; 128
      0001D7 00                     536 	.db #0x00	; 0
      0001D8 70                     537 	.db #0x70	; 112	'p'
      0001D9 88                     538 	.db #0x88	; 136
      0001DA 08                     539 	.db #0x08	; 8
      0001DB 10                     540 	.db #0x10	; 16
      0001DC 20                     541 	.db #0x20	; 32
      0001DD 00                     542 	.db #0x00	; 0
      0001DE 20                     543 	.db #0x20	; 32
      0001DF 00                     544 	.db #0x00	; 0
      0001E0 7C                     545 	.db #0x7c	; 124
      0001E1 82                     546 	.db #0x82	; 130
      0001E2 BA                     547 	.db #0xba	; 186
      0001E3 AA                     548 	.db #0xaa	; 170
      0001E4 BE                     549 	.db #0xbe	; 190
      0001E5 80                     550 	.db #0x80	; 128
      0001E6 7C                     551 	.db #0x7c	; 124
      0001E7 00                     552 	.db #0x00	; 0
      0001E8 70                     553 	.db #0x70	; 112	'p'
      0001E9 88                     554 	.db #0x88	; 136
      0001EA 88                     555 	.db #0x88	; 136
      0001EB F8                     556 	.db #0xf8	; 248
      0001EC 88                     557 	.db #0x88	; 136
      0001ED 88                     558 	.db #0x88	; 136
      0001EE 88                     559 	.db #0x88	; 136
      0001EF 00                     560 	.db #0x00	; 0
      0001F0 F0                     561 	.db #0xf0	; 240
      0001F1 88                     562 	.db #0x88	; 136
      0001F2 88                     563 	.db #0x88	; 136
      0001F3 F0                     564 	.db #0xf0	; 240
      0001F4 88                     565 	.db #0x88	; 136
      0001F5 88                     566 	.db #0x88	; 136
      0001F6 F0                     567 	.db #0xf0	; 240
      0001F7 00                     568 	.db #0x00	; 0
      0001F8 70                     569 	.db #0x70	; 112	'p'
      0001F9 88                     570 	.db #0x88	; 136
      0001FA 80                     571 	.db #0x80	; 128
      0001FB 80                     572 	.db #0x80	; 128
      0001FC 80                     573 	.db #0x80	; 128
      0001FD 88                     574 	.db #0x88	; 136
      0001FE 70                     575 	.db #0x70	; 112	'p'
      0001FF 00                     576 	.db #0x00	; 0
      000200 F0                     577 	.db #0xf0	; 240
      000201 88                     578 	.db #0x88	; 136
      000202 88                     579 	.db #0x88	; 136
      000203 88                     580 	.db #0x88	; 136
      000204 88                     581 	.db #0x88	; 136
      000205 88                     582 	.db #0x88	; 136
      000206 F0                     583 	.db #0xf0	; 240
      000207 00                     584 	.db #0x00	; 0
      000208 F8                     585 	.db #0xf8	; 248
      000209 80                     586 	.db #0x80	; 128
      00020A 80                     587 	.db #0x80	; 128
      00020B F0                     588 	.db #0xf0	; 240
      00020C 80                     589 	.db #0x80	; 128
      00020D 80                     590 	.db #0x80	; 128
      00020E F8                     591 	.db #0xf8	; 248
      00020F 00                     592 	.db #0x00	; 0
      000210 F8                     593 	.db #0xf8	; 248
      000211 80                     594 	.db #0x80	; 128
      000212 80                     595 	.db #0x80	; 128
      000213 F0                     596 	.db #0xf0	; 240
      000214 80                     597 	.db #0x80	; 128
      000215 80                     598 	.db #0x80	; 128
      000216 80                     599 	.db #0x80	; 128
      000217 00                     600 	.db #0x00	; 0
      000218 70                     601 	.db #0x70	; 112	'p'
      000219 88                     602 	.db #0x88	; 136
      00021A 80                     603 	.db #0x80	; 128
      00021B B8                     604 	.db #0xb8	; 184
      00021C 88                     605 	.db #0x88	; 136
      00021D 88                     606 	.db #0x88	; 136
      00021E 70                     607 	.db #0x70	; 112	'p'
      00021F 00                     608 	.db #0x00	; 0
      000220 88                     609 	.db #0x88	; 136
      000221 88                     610 	.db #0x88	; 136
      000222 88                     611 	.db #0x88	; 136
      000223 F8                     612 	.db #0xf8	; 248
      000224 88                     613 	.db #0x88	; 136
      000225 88                     614 	.db #0x88	; 136
      000226 88                     615 	.db #0x88	; 136
      000227 00                     616 	.db #0x00	; 0
      000228 F8                     617 	.db #0xf8	; 248
      000229 20                     618 	.db #0x20	; 32
      00022A 20                     619 	.db #0x20	; 32
      00022B 20                     620 	.db #0x20	; 32
      00022C 20                     621 	.db #0x20	; 32
      00022D 20                     622 	.db #0x20	; 32
      00022E F8                     623 	.db #0xf8	; 248
      00022F 00                     624 	.db #0x00	; 0
      000230 7C                     625 	.db #0x7c	; 124
      000231 08                     626 	.db #0x08	; 8
      000232 08                     627 	.db #0x08	; 8
      000233 08                     628 	.db #0x08	; 8
      000234 08                     629 	.db #0x08	; 8
      000235 88                     630 	.db #0x88	; 136
      000236 70                     631 	.db #0x70	; 112	'p'
      000237 00                     632 	.db #0x00	; 0
      000238 88                     633 	.db #0x88	; 136
      000239 90                     634 	.db #0x90	; 144
      00023A A0                     635 	.db #0xa0	; 160
      00023B C0                     636 	.db #0xc0	; 192
      00023C A0                     637 	.db #0xa0	; 160
      00023D 90                     638 	.db #0x90	; 144
      00023E 88                     639 	.db #0x88	; 136
      00023F 00                     640 	.db #0x00	; 0
      000240 80                     641 	.db #0x80	; 128
      000241 80                     642 	.db #0x80	; 128
      000242 80                     643 	.db #0x80	; 128
      000243 80                     644 	.db #0x80	; 128
      000244 80                     645 	.db #0x80	; 128
      000245 80                     646 	.db #0x80	; 128
      000246 F8                     647 	.db #0xf8	; 248
      000247 00                     648 	.db #0x00	; 0
      000248 88                     649 	.db #0x88	; 136
      000249 D8                     650 	.db #0xd8	; 216
      00024A A8                     651 	.db #0xa8	; 168
      00024B 88                     652 	.db #0x88	; 136
      00024C 88                     653 	.db #0x88	; 136
      00024D 88                     654 	.db #0x88	; 136
      00024E 88                     655 	.db #0x88	; 136
      00024F 00                     656 	.db #0x00	; 0
      000250 88                     657 	.db #0x88	; 136
      000251 C8                     658 	.db #0xc8	; 200
      000252 A8                     659 	.db #0xa8	; 168
      000253 A8                     660 	.db #0xa8	; 168
      000254 98                     661 	.db #0x98	; 152
      000255 98                     662 	.db #0x98	; 152
      000256 88                     663 	.db #0x88	; 136
      000257 00                     664 	.db #0x00	; 0
      000258 70                     665 	.db #0x70	; 112	'p'
      000259 88                     666 	.db #0x88	; 136
      00025A 88                     667 	.db #0x88	; 136
      00025B 88                     668 	.db #0x88	; 136
      00025C 88                     669 	.db #0x88	; 136
      00025D 88                     670 	.db #0x88	; 136
      00025E 70                     671 	.db #0x70	; 112	'p'
      00025F 00                     672 	.db #0x00	; 0
      000260 F0                     673 	.db #0xf0	; 240
      000261 88                     674 	.db #0x88	; 136
      000262 88                     675 	.db #0x88	; 136
      000263 F0                     676 	.db #0xf0	; 240
      000264 80                     677 	.db #0x80	; 128
      000265 80                     678 	.db #0x80	; 128
      000266 80                     679 	.db #0x80	; 128
      000267 00                     680 	.db #0x00	; 0
      000268 70                     681 	.db #0x70	; 112	'p'
      000269 88                     682 	.db #0x88	; 136
      00026A 88                     683 	.db #0x88	; 136
      00026B 88                     684 	.db #0x88	; 136
      00026C A8                     685 	.db #0xa8	; 168
      00026D 90                     686 	.db #0x90	; 144
      00026E 68                     687 	.db #0x68	; 104	'h'
      00026F 00                     688 	.db #0x00	; 0
      000270 F0                     689 	.db #0xf0	; 240
      000271 88                     690 	.db #0x88	; 136
      000272 88                     691 	.db #0x88	; 136
      000273 F0                     692 	.db #0xf0	; 240
      000274 A0                     693 	.db #0xa0	; 160
      000275 90                     694 	.db #0x90	; 144
      000276 88                     695 	.db #0x88	; 136
      000277 00                     696 	.db #0x00	; 0
      000278 70                     697 	.db #0x70	; 112	'p'
      000279 88                     698 	.db #0x88	; 136
      00027A 80                     699 	.db #0x80	; 128
      00027B 70                     700 	.db #0x70	; 112	'p'
      00027C 08                     701 	.db #0x08	; 8
      00027D 88                     702 	.db #0x88	; 136
      00027E 70                     703 	.db #0x70	; 112	'p'
      00027F 00                     704 	.db #0x00	; 0
      000280 F8                     705 	.db #0xf8	; 248
      000281 20                     706 	.db #0x20	; 32
      000282 20                     707 	.db #0x20	; 32
      000283 20                     708 	.db #0x20	; 32
      000284 20                     709 	.db #0x20	; 32
      000285 20                     710 	.db #0x20	; 32
      000286 20                     711 	.db #0x20	; 32
      000287 00                     712 	.db #0x00	; 0
      000288 88                     713 	.db #0x88	; 136
      000289 88                     714 	.db #0x88	; 136
      00028A 88                     715 	.db #0x88	; 136
      00028B 88                     716 	.db #0x88	; 136
      00028C 88                     717 	.db #0x88	; 136
      00028D 88                     718 	.db #0x88	; 136
      00028E 70                     719 	.db #0x70	; 112	'p'
      00028F 00                     720 	.db #0x00	; 0
      000290 88                     721 	.db #0x88	; 136
      000291 88                     722 	.db #0x88	; 136
      000292 88                     723 	.db #0x88	; 136
      000293 50                     724 	.db #0x50	; 80	'P'
      000294 50                     725 	.db #0x50	; 80	'P'
      000295 20                     726 	.db #0x20	; 32
      000296 20                     727 	.db #0x20	; 32
      000297 00                     728 	.db #0x00	; 0
      000298 88                     729 	.db #0x88	; 136
      000299 A8                     730 	.db #0xa8	; 168
      00029A A8                     731 	.db #0xa8	; 168
      00029B A8                     732 	.db #0xa8	; 168
      00029C A8                     733 	.db #0xa8	; 168
      00029D A8                     734 	.db #0xa8	; 168
      00029E 50                     735 	.db #0x50	; 80	'P'
      00029F 00                     736 	.db #0x00	; 0
      0002A0 88                     737 	.db #0x88	; 136
      0002A1 88                     738 	.db #0x88	; 136
      0002A2 50                     739 	.db #0x50	; 80	'P'
      0002A3 20                     740 	.db #0x20	; 32
      0002A4 50                     741 	.db #0x50	; 80	'P'
      0002A5 88                     742 	.db #0x88	; 136
      0002A6 88                     743 	.db #0x88	; 136
      0002A7 00                     744 	.db #0x00	; 0
      0002A8 88                     745 	.db #0x88	; 136
      0002A9 88                     746 	.db #0x88	; 136
      0002AA 50                     747 	.db #0x50	; 80	'P'
      0002AB 20                     748 	.db #0x20	; 32
      0002AC 20                     749 	.db #0x20	; 32
      0002AD 20                     750 	.db #0x20	; 32
      0002AE 20                     751 	.db #0x20	; 32
      0002AF 00                     752 	.db #0x00	; 0
      0002B0 F8                     753 	.db #0xf8	; 248
      0002B1 08                     754 	.db #0x08	; 8
      0002B2 10                     755 	.db #0x10	; 16
      0002B3 20                     756 	.db #0x20	; 32
      0002B4 40                     757 	.db #0x40	; 64
      0002B5 80                     758 	.db #0x80	; 128
      0002B6 F8                     759 	.db #0xf8	; 248
      0002B7 00                     760 	.db #0x00	; 0
      0002B8 C0                     761 	.db #0xc0	; 192
      0002B9 80                     762 	.db #0x80	; 128
      0002BA 80                     763 	.db #0x80	; 128
      0002BB 80                     764 	.db #0x80	; 128
      0002BC 80                     765 	.db #0x80	; 128
      0002BD 80                     766 	.db #0x80	; 128
      0002BE C0                     767 	.db #0xc0	; 192
      0002BF 00                     768 	.db #0x00	; 0
      0002C0 80                     769 	.db #0x80	; 128
      0002C1 40                     770 	.db #0x40	; 64
      0002C2 40                     771 	.db #0x40	; 64
      0002C3 20                     772 	.db #0x20	; 32
      0002C4 20                     773 	.db #0x20	; 32
      0002C5 10                     774 	.db #0x10	; 16
      0002C6 10                     775 	.db #0x10	; 16
      0002C7 00                     776 	.db #0x00	; 0
      0002C8 C0                     777 	.db #0xc0	; 192
      0002C9 40                     778 	.db #0x40	; 64
      0002CA 40                     779 	.db #0x40	; 64
      0002CB 40                     780 	.db #0x40	; 64
      0002CC 40                     781 	.db #0x40	; 64
      0002CD 40                     782 	.db #0x40	; 64
      0002CE C0                     783 	.db #0xc0	; 192
      0002CF 00                     784 	.db #0x00	; 0
      0002D0 20                     785 	.db #0x20	; 32
      0002D1 50                     786 	.db #0x50	; 80	'P'
      0002D2 50                     787 	.db #0x50	; 80	'P'
      0002D3 88                     788 	.db #0x88	; 136
      0002D4 88                     789 	.db #0x88	; 136
      0002D5 00                     790 	.db #0x00	; 0
      0002D6 00                     791 	.db #0x00	; 0
      0002D7 00                     792 	.db #0x00	; 0
      0002D8 00                     793 	.db #0x00	; 0
      0002D9 00                     794 	.db #0x00	; 0
      0002DA 00                     795 	.db #0x00	; 0
      0002DB 00                     796 	.db #0x00	; 0
      0002DC 00                     797 	.db #0x00	; 0
      0002DD 00                     798 	.db #0x00	; 0
      0002DE F8                     799 	.db #0xf8	; 248
      0002DF 00                     800 	.db #0x00	; 0
      0002E0 C0                     801 	.db #0xc0	; 192
      0002E1 60                     802 	.db #0x60	; 96
      0002E2 20                     803 	.db #0x20	; 32
      0002E3 00                     804 	.db #0x00	; 0
      0002E4 00                     805 	.db #0x00	; 0
      0002E5 00                     806 	.db #0x00	; 0
      0002E6 00                     807 	.db #0x00	; 0
      0002E7 00                     808 	.db #0x00	; 0
      0002E8 00                     809 	.db #0x00	; 0
      0002E9 00                     810 	.db #0x00	; 0
      0002EA 70                     811 	.db #0x70	; 112	'p'
      0002EB 08                     812 	.db #0x08	; 8
      0002EC 78                     813 	.db #0x78	; 120	'x'
      0002ED 88                     814 	.db #0x88	; 136
      0002EE 78                     815 	.db #0x78	; 120	'x'
      0002EF 00                     816 	.db #0x00	; 0
      0002F0 80                     817 	.db #0x80	; 128
      0002F1 80                     818 	.db #0x80	; 128
      0002F2 F0                     819 	.db #0xf0	; 240
      0002F3 88                     820 	.db #0x88	; 136
      0002F4 88                     821 	.db #0x88	; 136
      0002F5 88                     822 	.db #0x88	; 136
      0002F6 F0                     823 	.db #0xf0	; 240
      0002F7 00                     824 	.db #0x00	; 0
      0002F8 00                     825 	.db #0x00	; 0
      0002F9 00                     826 	.db #0x00	; 0
      0002FA 70                     827 	.db #0x70	; 112	'p'
      0002FB 88                     828 	.db #0x88	; 136
      0002FC 80                     829 	.db #0x80	; 128
      0002FD 88                     830 	.db #0x88	; 136
      0002FE 70                     831 	.db #0x70	; 112	'p'
      0002FF 00                     832 	.db #0x00	; 0
      000300 08                     833 	.db #0x08	; 8
      000301 08                     834 	.db #0x08	; 8
      000302 78                     835 	.db #0x78	; 120	'x'
      000303 88                     836 	.db #0x88	; 136
      000304 88                     837 	.db #0x88	; 136
      000305 88                     838 	.db #0x88	; 136
      000306 78                     839 	.db #0x78	; 120	'x'
      000307 00                     840 	.db #0x00	; 0
      000308 00                     841 	.db #0x00	; 0
      000309 00                     842 	.db #0x00	; 0
      00030A 70                     843 	.db #0x70	; 112	'p'
      00030B 88                     844 	.db #0x88	; 136
      00030C F8                     845 	.db #0xf8	; 248
      00030D 80                     846 	.db #0x80	; 128
      00030E 70                     847 	.db #0x70	; 112	'p'
      00030F 00                     848 	.db #0x00	; 0
      000310 60                     849 	.db #0x60	; 96
      000311 40                     850 	.db #0x40	; 64
      000312 E0                     851 	.db #0xe0	; 224
      000313 40                     852 	.db #0x40	; 64
      000314 40                     853 	.db #0x40	; 64
      000315 40                     854 	.db #0x40	; 64
      000316 40                     855 	.db #0x40	; 64
      000317 00                     856 	.db #0x00	; 0
      000318 00                     857 	.db #0x00	; 0
      000319 70                     858 	.db #0x70	; 112	'p'
      00031A 88                     859 	.db #0x88	; 136
      00031B 80                     860 	.db #0x80	; 128
      00031C B8                     861 	.db #0xb8	; 184
      00031D 88                     862 	.db #0x88	; 136
      00031E 78                     863 	.db #0x78	; 120	'x'
      00031F 00                     864 	.db #0x00	; 0
      000320 80                     865 	.db #0x80	; 128
      000321 80                     866 	.db #0x80	; 128
      000322 F0                     867 	.db #0xf0	; 240
      000323 88                     868 	.db #0x88	; 136
      000324 88                     869 	.db #0x88	; 136
      000325 88                     870 	.db #0x88	; 136
      000326 88                     871 	.db #0x88	; 136
      000327 00                     872 	.db #0x00	; 0
      000328 80                     873 	.db #0x80	; 128
      000329 00                     874 	.db #0x00	; 0
      00032A 80                     875 	.db #0x80	; 128
      00032B 80                     876 	.db #0x80	; 128
      00032C 80                     877 	.db #0x80	; 128
      00032D 80                     878 	.db #0x80	; 128
      00032E 80                     879 	.db #0x80	; 128
      00032F 00                     880 	.db #0x00	; 0
      000330 00                     881 	.db #0x00	; 0
      000331 10                     882 	.db #0x10	; 16
      000332 10                     883 	.db #0x10	; 16
      000333 10                     884 	.db #0x10	; 16
      000334 10                     885 	.db #0x10	; 16
      000335 90                     886 	.db #0x90	; 144
      000336 60                     887 	.db #0x60	; 96
      000337 00                     888 	.db #0x00	; 0
      000338 80                     889 	.db #0x80	; 128
      000339 80                     890 	.db #0x80	; 128
      00033A 90                     891 	.db #0x90	; 144
      00033B A0                     892 	.db #0xa0	; 160
      00033C C0                     893 	.db #0xc0	; 192
      00033D A0                     894 	.db #0xa0	; 160
      00033E 90                     895 	.db #0x90	; 144
      00033F 00                     896 	.db #0x00	; 0
      000340 80                     897 	.db #0x80	; 128
      000341 80                     898 	.db #0x80	; 128
      000342 80                     899 	.db #0x80	; 128
      000343 80                     900 	.db #0x80	; 128
      000344 80                     901 	.db #0x80	; 128
      000345 80                     902 	.db #0x80	; 128
      000346 80                     903 	.db #0x80	; 128
      000347 00                     904 	.db #0x00	; 0
      000348 00                     905 	.db #0x00	; 0
      000349 00                     906 	.db #0x00	; 0
      00034A D0                     907 	.db #0xd0	; 208
      00034B A8                     908 	.db #0xa8	; 168
      00034C A8                     909 	.db #0xa8	; 168
      00034D A8                     910 	.db #0xa8	; 168
      00034E A8                     911 	.db #0xa8	; 168
      00034F 00                     912 	.db #0x00	; 0
      000350 00                     913 	.db #0x00	; 0
      000351 00                     914 	.db #0x00	; 0
      000352 F0                     915 	.db #0xf0	; 240
      000353 88                     916 	.db #0x88	; 136
      000354 88                     917 	.db #0x88	; 136
      000355 88                     918 	.db #0x88	; 136
      000356 88                     919 	.db #0x88	; 136
      000357 00                     920 	.db #0x00	; 0
      000358 00                     921 	.db #0x00	; 0
      000359 00                     922 	.db #0x00	; 0
      00035A 70                     923 	.db #0x70	; 112	'p'
      00035B 88                     924 	.db #0x88	; 136
      00035C 88                     925 	.db #0x88	; 136
      00035D 88                     926 	.db #0x88	; 136
      00035E 70                     927 	.db #0x70	; 112	'p'
      00035F 00                     928 	.db #0x00	; 0
      000360 00                     929 	.db #0x00	; 0
      000361 00                     930 	.db #0x00	; 0
      000362 E0                     931 	.db #0xe0	; 224
      000363 90                     932 	.db #0x90	; 144
      000364 90                     933 	.db #0x90	; 144
      000365 E0                     934 	.db #0xe0	; 224
      000366 80                     935 	.db #0x80	; 128
      000367 00                     936 	.db #0x00	; 0
      000368 00                     937 	.db #0x00	; 0
      000369 00                     938 	.db #0x00	; 0
      00036A 70                     939 	.db #0x70	; 112	'p'
      00036B 90                     940 	.db #0x90	; 144
      00036C 90                     941 	.db #0x90	; 144
      00036D 70                     942 	.db #0x70	; 112	'p'
      00036E 10                     943 	.db #0x10	; 16
      00036F 00                     944 	.db #0x00	; 0
      000370 00                     945 	.db #0x00	; 0
      000371 00                     946 	.db #0x00	; 0
      000372 98                     947 	.db #0x98	; 152
      000373 A0                     948 	.db #0xa0	; 160
      000374 C0                     949 	.db #0xc0	; 192
      000375 80                     950 	.db #0x80	; 128
      000376 80                     951 	.db #0x80	; 128
      000377 00                     952 	.db #0x00	; 0
      000378 00                     953 	.db #0x00	; 0
      000379 00                     954 	.db #0x00	; 0
      00037A 78                     955 	.db #0x78	; 120	'x'
      00037B 80                     956 	.db #0x80	; 128
      00037C 70                     957 	.db #0x70	; 112	'p'
      00037D 08                     958 	.db #0x08	; 8
      00037E F0                     959 	.db #0xf0	; 240
      00037F 00                     960 	.db #0x00	; 0
      000380 40                     961 	.db #0x40	; 64
      000381 40                     962 	.db #0x40	; 64
      000382 F8                     963 	.db #0xf8	; 248
      000383 40                     964 	.db #0x40	; 64
      000384 40                     965 	.db #0x40	; 64
      000385 48                     966 	.db #0x48	; 72	'H'
      000386 30                     967 	.db #0x30	; 48	'0'
      000387 00                     968 	.db #0x00	; 0
      000388 00                     969 	.db #0x00	; 0
      000389 00                     970 	.db #0x00	; 0
      00038A 88                     971 	.db #0x88	; 136
      00038B 88                     972 	.db #0x88	; 136
      00038C 88                     973 	.db #0x88	; 136
      00038D 88                     974 	.db #0x88	; 136
      00038E 78                     975 	.db #0x78	; 120	'x'
      00038F 00                     976 	.db #0x00	; 0
      000390 00                     977 	.db #0x00	; 0
      000391 00                     978 	.db #0x00	; 0
      000392 88                     979 	.db #0x88	; 136
      000393 88                     980 	.db #0x88	; 136
      000394 50                     981 	.db #0x50	; 80	'P'
      000395 50                     982 	.db #0x50	; 80	'P'
      000396 20                     983 	.db #0x20	; 32
      000397 00                     984 	.db #0x00	; 0
      000398 00                     985 	.db #0x00	; 0
      000399 00                     986 	.db #0x00	; 0
      00039A A8                     987 	.db #0xa8	; 168
      00039B A8                     988 	.db #0xa8	; 168
      00039C A8                     989 	.db #0xa8	; 168
      00039D A8                     990 	.db #0xa8	; 168
      00039E 50                     991 	.db #0x50	; 80	'P'
      00039F 00                     992 	.db #0x00	; 0
      0003A0 00                     993 	.db #0x00	; 0
      0003A1 00                     994 	.db #0x00	; 0
      0003A2 88                     995 	.db #0x88	; 136
      0003A3 50                     996 	.db #0x50	; 80	'P'
      0003A4 20                     997 	.db #0x20	; 32
      0003A5 50                     998 	.db #0x50	; 80	'P'
      0003A6 88                     999 	.db #0x88	; 136
      0003A7 00                    1000 	.db #0x00	; 0
      0003A8 00                    1001 	.db #0x00	; 0
      0003A9 00                    1002 	.db #0x00	; 0
      0003AA 88                    1003 	.db #0x88	; 136
      0003AB 50                    1004 	.db #0x50	; 80	'P'
      0003AC 20                    1005 	.db #0x20	; 32
      0003AD 20                    1006 	.db #0x20	; 32
      0003AE 20                    1007 	.db #0x20	; 32
      0003AF 00                    1008 	.db #0x00	; 0
      0003B0 00                    1009 	.db #0x00	; 0
      0003B1 00                    1010 	.db #0x00	; 0
      0003B2 F8                    1011 	.db #0xf8	; 248
      0003B3 10                    1012 	.db #0x10	; 16
      0003B4 20                    1013 	.db #0x20	; 32
      0003B5 40                    1014 	.db #0x40	; 64
      0003B6 F8                    1015 	.db #0xf8	; 248
      0003B7 00                    1016 	.db #0x00	; 0
      0003B8 20                    1017 	.db #0x20	; 32
      0003B9 40                    1018 	.db #0x40	; 64
      0003BA 40                    1019 	.db #0x40	; 64
      0003BB 80                    1020 	.db #0x80	; 128
      0003BC 40                    1021 	.db #0x40	; 64
      0003BD 40                    1022 	.db #0x40	; 64
      0003BE 20                    1023 	.db #0x20	; 32
      0003BF 00                    1024 	.db #0x00	; 0
      0003C0 80                    1025 	.db #0x80	; 128
      0003C1 40                    1026 	.db #0x40	; 64
      0003C2 40                    1027 	.db #0x40	; 64
      0003C3 20                    1028 	.db #0x20	; 32
      0003C4 40                    1029 	.db #0x40	; 64
      0003C5 40                    1030 	.db #0x40	; 64
      0003C6 80                    1031 	.db #0x80	; 128
      0003C7 00                    1032 	.db #0x00	; 0
      0003C8 00                    1033 	.db #0x00	; 0
      0003C9 40                    1034 	.db #0x40	; 64
      0003CA A8                    1035 	.db #0xa8	; 168
      0003CB 10                    1036 	.db #0x10	; 16
      0003CC 00                    1037 	.db #0x00	; 0
      0003CD 00                    1038 	.db #0x00	; 0
      0003CE 00                    1039 	.db #0x00	; 0
      0003CF C0                    1040 	.db #0xc0	; 192
      0003D0 60                    1041 	.db #0x60	; 96
      0003D1 20                    1042 	.db #0x20	; 32
      0003D2 00                    1043 	.db #0x00	; 0
      0003D3 00                    1044 	.db #0x00	; 0
      0003D4 00                    1045 	.db #0x00	; 0
      0003D5 00                    1046 	.db #0x00	; 0
      0003D6 00                    1047 	.db #0x00	; 0
                           0003D7  1048 G$Font_Minimal5x7$0_0$0 == .
      0003D7                       1049 _Font_Minimal5x7:
      0003D7 03                    1050 	.db #0x03	; 3
      0003D8r00r00                 1051 	.dw _Font_Minimal5x7_table
      0003DAr80r00                 1052 	.dw _Font_Minimal5x7_widths
      0003DCrDFr00                 1053 	.dw _Font_Minimal5x7_faces
                                   1054 	.area _INITIALIZER
                                   1055 	.area _CABS (ABS)
