                                      1 ;--------------------------------------------------------
                                      2 ; File Created by SDCC : free open source ISO C Compiler 
                                      3 ; Version 4.2.2 #13350 (Linux)
                                      4 ;--------------------------------------------------------
                                      5 	.module Font_CoCa_GB_v2
                                      6 	.optsdcc -msm83
                                      7 	
                                      8 ;--------------------------------------------------------
                                      9 ; Public variables in this module
                                     10 ;--------------------------------------------------------
                                     11 	.globl _Font_CoCa_GB
                                     12 	.globl b___func_Font_CoCa_GB
                                     13 	.globl ___func_Font_CoCa_GB
                                     14 ;--------------------------------------------------------
                                     15 ; special function registers
                                     16 ;--------------------------------------------------------
                                     17 ;--------------------------------------------------------
                                     18 ; ram data
                                     19 ;--------------------------------------------------------
                                     20 	.area _DATA
                                     21 ;--------------------------------------------------------
                                     22 ; ram data
                                     23 ;--------------------------------------------------------
                                     24 	.area _INITIALIZED
                                     25 ;--------------------------------------------------------
                                     26 ; absolute external ram data
                                     27 ;--------------------------------------------------------
                                     28 	.area _DABS (ABS)
                                     29 ;--------------------------------------------------------
                                     30 ; global & static initialisations
                                     31 ;--------------------------------------------------------
                                     32 	.area _HOME
                                     33 	.area _GSINIT
                                     34 	.area _GSFINAL
                                     35 	.area _GSINIT
                                     36 ;--------------------------------------------------------
                                     37 ; Home
                                     38 ;--------------------------------------------------------
                                     39 	.area _HOME
                                     40 	.area _HOME
                                     41 ;--------------------------------------------------------
                                     42 ; code
                                     43 ;--------------------------------------------------------
                                     44 	.area _CODE_255
                           000000    45 	G$__func_Font_CoCa_GB$0$0	= .
                                     46 	.globl	G$__func_Font_CoCa_GB$0$0
                           000000    47 	C$Font_CoCa_GB_v2.c$5$0_0$130	= .
                                     48 	.globl	C$Font_CoCa_GB_v2.c$5$0_0$130
                                     49 ;res/fonts/Font_CoCa_GB_v2.c:5: BANKREF(Font_CoCa_GB)
                                     50 ;	---------------------------------
                                     51 ; Function __func_Font_CoCa_GB
                                     52 ; ---------------------------------
                           0000FF    53 	b___func_Font_CoCa_GB	= 255
      000000                         54 ___func_Font_CoCa_GB::
                                     55 	.local b___func_Font_CoCa_GB 
                           0000FF    56 	___bank_Font_CoCa_GB = b___func_Font_CoCa_GB 
                                     57 	.globl ___bank_Font_CoCa_GB 
                                     58 	.area _CODE_255
                           000000    59 FFont_CoCa_GB_v2$Font_CoCa_GB_table$0_0$0 == .
      000000                         60 _Font_CoCa_GB_table:
      000000 00                      61 	.db #0x00	; 0
      000001 00                      62 	.db #0x00	; 0
      000002 00                      63 	.db #0x00	; 0
      000003 00                      64 	.db #0x00	; 0
      000004 00                      65 	.db #0x00	; 0
      000005 00                      66 	.db #0x00	; 0
      000006 00                      67 	.db #0x00	; 0
      000007 00                      68 	.db #0x00	; 0
      000008 00                      69 	.db #0x00	; 0
      000009 00                      70 	.db #0x00	; 0
      00000A 00                      71 	.db #0x00	; 0
      00000B 00                      72 	.db #0x00	; 0
      00000C 00                      73 	.db #0x00	; 0
      00000D 00                      74 	.db #0x00	; 0
      00000E 00                      75 	.db #0x00	; 0
      00000F 00                      76 	.db #0x00	; 0
      000010 00                      77 	.db #0x00	; 0
      000011 00                      78 	.db #0x00	; 0
      000012 00                      79 	.db #0x00	; 0
      000013 00                      80 	.db #0x00	; 0
      000014 00                      81 	.db #0x00	; 0
      000015 00                      82 	.db #0x00	; 0
      000016 00                      83 	.db #0x00	; 0
      000017 00                      84 	.db #0x00	; 0
      000018 00                      85 	.db #0x00	; 0
      000019 00                      86 	.db #0x00	; 0
      00001A 00                      87 	.db #0x00	; 0
      00001B 00                      88 	.db #0x00	; 0
      00001C 00                      89 	.db #0x00	; 0
      00001D 00                      90 	.db #0x00	; 0
      00001E 00                      91 	.db #0x00	; 0
      00001F 00                      92 	.db #0x00	; 0
      000020 00                      93 	.db #0x00	; 0
      000021 01                      94 	.db #0x01	; 1
      000022 02                      95 	.db #0x02	; 2
      000023 03                      96 	.db #0x03	; 3
      000024 04                      97 	.db #0x04	; 4
      000025 05                      98 	.db #0x05	; 5
      000026 06                      99 	.db #0x06	; 6
      000027 07                     100 	.db #0x07	; 7
      000028 08                     101 	.db #0x08	; 8
      000029 09                     102 	.db #0x09	; 9
      00002A 0A                     103 	.db #0x0a	; 10
      00002B 0B                     104 	.db #0x0b	; 11
      00002C 0C                     105 	.db #0x0c	; 12
      00002D 0D                     106 	.db #0x0d	; 13
      00002E 0E                     107 	.db #0x0e	; 14
      00002F 0F                     108 	.db #0x0f	; 15
      000030 10                     109 	.db #0x10	; 16
      000031 11                     110 	.db #0x11	; 17
      000032 12                     111 	.db #0x12	; 18
      000033 13                     112 	.db #0x13	; 19
      000034 14                     113 	.db #0x14	; 20
      000035 15                     114 	.db #0x15	; 21
      000036 16                     115 	.db #0x16	; 22
      000037 17                     116 	.db #0x17	; 23
      000038 18                     117 	.db #0x18	; 24
      000039 19                     118 	.db #0x19	; 25
      00003A 1A                     119 	.db #0x1a	; 26
      00003B 1B                     120 	.db #0x1b	; 27
      00003C 1C                     121 	.db #0x1c	; 28
      00003D 1D                     122 	.db #0x1d	; 29
      00003E 1E                     123 	.db #0x1e	; 30
      00003F 1F                     124 	.db #0x1f	; 31
      000040 20                     125 	.db #0x20	; 32
      000041 21                     126 	.db #0x21	; 33
      000042 22                     127 	.db #0x22	; 34
      000043 23                     128 	.db #0x23	; 35
      000044 24                     129 	.db #0x24	; 36
      000045 25                     130 	.db #0x25	; 37
      000046 26                     131 	.db #0x26	; 38
      000047 27                     132 	.db #0x27	; 39
      000048 28                     133 	.db #0x28	; 40
      000049 29                     134 	.db #0x29	; 41
      00004A 2A                     135 	.db #0x2a	; 42
      00004B 2B                     136 	.db #0x2b	; 43
      00004C 2C                     137 	.db #0x2c	; 44
      00004D 2D                     138 	.db #0x2d	; 45
      00004E 2E                     139 	.db #0x2e	; 46
      00004F 2F                     140 	.db #0x2f	; 47
      000050 30                     141 	.db #0x30	; 48	'0'
      000051 31                     142 	.db #0x31	; 49	'1'
      000052 32                     143 	.db #0x32	; 50	'2'
      000053 33                     144 	.db #0x33	; 51	'3'
      000054 34                     145 	.db #0x34	; 52	'4'
      000055 35                     146 	.db #0x35	; 53	'5'
      000056 36                     147 	.db #0x36	; 54	'6'
      000057 37                     148 	.db #0x37	; 55	'7'
      000058 38                     149 	.db #0x38	; 56	'8'
      000059 39                     150 	.db #0x39	; 57	'9'
      00005A 3A                     151 	.db #0x3a	; 58
      00005B 3B                     152 	.db #0x3b	; 59
      00005C 0F                     153 	.db #0x0f	; 15
      00005D 3C                     154 	.db #0x3c	; 60
      00005E 3D                     155 	.db #0x3d	; 61
      00005F 3E                     156 	.db #0x3e	; 62
      000060 3F                     157 	.db #0x3f	; 63
      000061 40                     158 	.db #0x40	; 64
      000062 41                     159 	.db #0x41	; 65	'A'
      000063 42                     160 	.db #0x42	; 66	'B'
      000064 43                     161 	.db #0x43	; 67	'C'
      000065 44                     162 	.db #0x44	; 68	'D'
      000066 45                     163 	.db #0x45	; 69	'E'
      000067 46                     164 	.db #0x46	; 70	'F'
      000068 47                     165 	.db #0x47	; 71	'G'
      000069 48                     166 	.db #0x48	; 72	'H'
      00006A 49                     167 	.db #0x49	; 73	'I'
      00006B 4A                     168 	.db #0x4a	; 74	'J'
      00006C 4B                     169 	.db #0x4b	; 75	'K'
      00006D 4C                     170 	.db #0x4c	; 76	'L'
      00006E 4D                     171 	.db #0x4d	; 77	'M'
      00006F 4E                     172 	.db #0x4e	; 78	'N'
      000070 4F                     173 	.db #0x4f	; 79	'O'
      000071 50                     174 	.db #0x50	; 80	'P'
      000072 51                     175 	.db #0x51	; 81	'Q'
      000073 52                     176 	.db #0x52	; 82	'R'
      000074 53                     177 	.db #0x53	; 83	'S'
      000075 54                     178 	.db #0x54	; 84	'T'
      000076 55                     179 	.db #0x55	; 85	'U'
      000077 56                     180 	.db #0x56	; 86	'V'
      000078 57                     181 	.db #0x57	; 87	'W'
      000079 58                     182 	.db #0x58	; 88	'X'
      00007A 59                     183 	.db #0x59	; 89	'Y'
      00007B 5A                     184 	.db #0x5a	; 90	'Z'
      00007C 5B                     185 	.db #0x5b	; 91
      00007D 5C                     186 	.db #0x5c	; 92
      00007E 5D                     187 	.db #0x5d	; 93
      00007F 00                     188 	.db #0x00	; 0
                           000080   189 FFont_CoCa_GB_v2$Font_CoCa_GB_widths$0_0$0 == .
      000080                        190 _Font_CoCa_GB_widths:
      000080 05                     191 	.db #0x05	; 5
      000081 02                     192 	.db #0x02	; 2
      000082 04                     193 	.db #0x04	; 4
      000083 06                     194 	.db #0x06	; 6
      000084 06                     195 	.db #0x06	; 6
      000085 05                     196 	.db #0x05	; 5
      000086 06                     197 	.db #0x06	; 6
      000087 03                     198 	.db #0x03	; 3
      000088 03                     199 	.db #0x03	; 3
      000089 03                     200 	.db #0x03	; 3
      00008A 08                     201 	.db #0x08	; 8
      00008B 05                     202 	.db #0x05	; 5
      00008C 03                     203 	.db #0x03	; 3
      00008D 05                     204 	.db #0x05	; 5
      00008E 02                     205 	.db #0x02	; 2
      00008F 05                     206 	.db #0x05	; 5
      000090 06                     207 	.db #0x06	; 6
      000091 04                     208 	.db #0x04	; 4
      000092 05                     209 	.db #0x05	; 5
      000093 05                     210 	.db #0x05	; 5
      000094 05                     211 	.db #0x05	; 5
      000095 05                     212 	.db #0x05	; 5
      000096 05                     213 	.db #0x05	; 5
      000097 05                     214 	.db #0x05	; 5
      000098 05                     215 	.db #0x05	; 5
      000099 05                     216 	.db #0x05	; 5
      00009A 03                     217 	.db #0x03	; 3
      00009B 03                     218 	.db #0x03	; 3
      00009C 04                     219 	.db #0x04	; 4
      00009D 05                     220 	.db #0x05	; 5
      00009E 04                     221 	.db #0x04	; 4
      00009F 05                     222 	.db #0x05	; 5
      0000A0 07                     223 	.db #0x07	; 7
      0000A1 06                     224 	.db #0x06	; 6
      0000A2 05                     225 	.db #0x05	; 5
      0000A3 06                     226 	.db #0x06	; 6
      0000A4 06                     227 	.db #0x06	; 6
      0000A5 05                     228 	.db #0x05	; 5
      0000A6 05                     229 	.db #0x05	; 5
      0000A7 06                     230 	.db #0x06	; 6
      0000A8 05                     231 	.db #0x05	; 5
      0000A9 06                     232 	.db #0x06	; 6
      0000AA 06                     233 	.db #0x06	; 6
      0000AB 05                     234 	.db #0x05	; 5
      0000AC 05                     235 	.db #0x05	; 5
      0000AD 06                     236 	.db #0x06	; 6
      0000AE 06                     237 	.db #0x06	; 6
      0000AF 06                     238 	.db #0x06	; 6
      0000B0 06                     239 	.db #0x06	; 6
      0000B1 06                     240 	.db #0x06	; 6
      0000B2 06                     241 	.db #0x06	; 6
      0000B3 06                     242 	.db #0x06	; 6
      0000B4 06                     243 	.db #0x06	; 6
      0000B5 06                     244 	.db #0x06	; 6
      0000B6 06                     245 	.db #0x06	; 6
      0000B7 08                     246 	.db #0x08	; 8
      0000B8 06                     247 	.db #0x06	; 6
      0000B9 06                     248 	.db #0x06	; 6
      0000BA 06                     249 	.db #0x06	; 6
      0000BB 03                     250 	.db #0x03	; 3
      0000BC 03                     251 	.db #0x03	; 3
      0000BD 04                     252 	.db #0x04	; 4
      0000BE 05                     253 	.db #0x05	; 5
      0000BF 03                     254 	.db #0x03	; 3
      0000C0 06                     255 	.db #0x06	; 6
      0000C1 05                     256 	.db #0x05	; 5
      0000C2 04                     257 	.db #0x04	; 4
      0000C3 05                     258 	.db #0x05	; 5
      0000C4 05                     259 	.db #0x05	; 5
      0000C5 05                     260 	.db #0x05	; 5
      0000C6 05                     261 	.db #0x05	; 5
      0000C7 05                     262 	.db #0x05	; 5
      0000C8 04                     263 	.db #0x04	; 4
      0000C9 04                     264 	.db #0x04	; 4
      0000CA 05                     265 	.db #0x05	; 5
      0000CB 02                     266 	.db #0x02	; 2
      0000CC 06                     267 	.db #0x06	; 6
      0000CD 05                     268 	.db #0x05	; 5
      0000CE 06                     269 	.db #0x06	; 6
      0000CF 05                     270 	.db #0x05	; 5
      0000D0 05                     271 	.db #0x05	; 5
      0000D1 05                     272 	.db #0x05	; 5
      0000D2 03                     273 	.db #0x03	; 3
      0000D3 04                     274 	.db #0x04	; 4
      0000D4 05                     275 	.db #0x05	; 5
      0000D5 06                     276 	.db #0x06	; 6
      0000D6 06                     277 	.db #0x06	; 6
      0000D7 05                     278 	.db #0x05	; 5
      0000D8 05                     279 	.db #0x05	; 5
      0000D9 05                     280 	.db #0x05	; 5
      0000DA 04                     281 	.db #0x04	; 4
      0000DB 05                     282 	.db #0x05	; 5
      0000DC 04                     283 	.db #0x04	; 4
      0000DD 07                     284 	.db #0x07	; 7
                           0000DE   285 FFont_CoCa_GB_v2$Font_CoCa_GB_faces$0_0$0 == .
      0000DE                        286 _Font_CoCa_GB_faces:
      0000DE 00                     287 	.db #0x00	; 0
      0000DF 00                     288 	.db #0x00	; 0
      0000E0 00                     289 	.db #0x00	; 0
      0000E1 00                     290 	.db #0x00	; 0
      0000E2 00                     291 	.db #0x00	; 0
      0000E3 00                     292 	.db #0x00	; 0
      0000E4 00                     293 	.db #0x00	; 0
      0000E5 00                     294 	.db #0x00	; 0
      0000E6 00                     295 	.db #0x00	; 0
      0000E7 80                     296 	.db #0x80	; 128
      0000E8 80                     297 	.db #0x80	; 128
      0000E9 80                     298 	.db #0x80	; 128
      0000EA 80                     299 	.db #0x80	; 128
      0000EB 00                     300 	.db #0x00	; 0
      0000EC 80                     301 	.db #0x80	; 128
      0000ED 00                     302 	.db #0x00	; 0
      0000EE 00                     303 	.db #0x00	; 0
      0000EF A0                     304 	.db #0xa0	; 160
      0000F0 A0                     305 	.db #0xa0	; 160
      0000F1 00                     306 	.db #0x00	; 0
      0000F2 00                     307 	.db #0x00	; 0
      0000F3 00                     308 	.db #0x00	; 0
      0000F4 00                     309 	.db #0x00	; 0
      0000F5 00                     310 	.db #0x00	; 0
      0000F6 00                     311 	.db #0x00	; 0
      0000F7 50                     312 	.db #0x50	; 80	'P'
      0000F8 F8                     313 	.db #0xf8	; 248
      0000F9 50                     314 	.db #0x50	; 80	'P'
      0000FA 50                     315 	.db #0x50	; 80	'P'
      0000FB F8                     316 	.db #0xf8	; 248
      0000FC 50                     317 	.db #0x50	; 80	'P'
      0000FD 00                     318 	.db #0x00	; 0
      0000FE 20                     319 	.db #0x20	; 32
      0000FF 70                     320 	.db #0x70	; 112	'p'
      000100 A8                     321 	.db #0xa8	; 168
      000101 A0                     322 	.db #0xa0	; 160
      000102 70                     323 	.db #0x70	; 112	'p'
      000103 28                     324 	.db #0x28	; 40
      000104 A8                     325 	.db #0xa8	; 168
      000105 70                     326 	.db #0x70	; 112	'p'
      000106 00                     327 	.db #0x00	; 0
      000107 00                     328 	.db #0x00	; 0
      000108 90                     329 	.db #0x90	; 144
      000109 20                     330 	.db #0x20	; 32
      00010A 40                     331 	.db #0x40	; 64
      00010B 90                     332 	.db #0x90	; 144
      00010C 00                     333 	.db #0x00	; 0
      00010D 00                     334 	.db #0x00	; 0
      00010E 40                     335 	.db #0x40	; 64
      00010F A0                     336 	.db #0xa0	; 160
      000110 A0                     337 	.db #0xa0	; 160
      000111 40                     338 	.db #0x40	; 64
      000112 A8                     339 	.db #0xa8	; 168
      000113 90                     340 	.db #0x90	; 144
      000114 68                     341 	.db #0x68	; 104	'h'
      000115 00                     342 	.db #0x00	; 0
      000116 00                     343 	.db #0x00	; 0
      000117 40                     344 	.db #0x40	; 64
      000118 40                     345 	.db #0x40	; 64
      000119 00                     346 	.db #0x00	; 0
      00011A 00                     347 	.db #0x00	; 0
      00011B 00                     348 	.db #0x00	; 0
      00011C 00                     349 	.db #0x00	; 0
      00011D 00                     350 	.db #0x00	; 0
      00011E 00                     351 	.db #0x00	; 0
      00011F 40                     352 	.db #0x40	; 64
      000120 80                     353 	.db #0x80	; 128
      000121 80                     354 	.db #0x80	; 128
      000122 80                     355 	.db #0x80	; 128
      000123 80                     356 	.db #0x80	; 128
      000124 40                     357 	.db #0x40	; 64
      000125 00                     358 	.db #0x00	; 0
      000126 00                     359 	.db #0x00	; 0
      000127 80                     360 	.db #0x80	; 128
      000128 40                     361 	.db #0x40	; 64
      000129 40                     362 	.db #0x40	; 64
      00012A 40                     363 	.db #0x40	; 64
      00012B 40                     364 	.db #0x40	; 64
      00012C 80                     365 	.db #0x80	; 128
      00012D 00                     366 	.db #0x00	; 0
      00012E 10                     367 	.db #0x10	; 16
      00012F 28                     368 	.db #0x28	; 40
      000130 C6                     369 	.db #0xc6	; 198
      000131 44                     370 	.db #0x44	; 68	'D'
      000132 28                     371 	.db #0x28	; 40
      000133 7C                     372 	.db #0x7c	; 124
      000134 C6                     373 	.db #0xc6	; 198
      000135 00                     374 	.db #0x00	; 0
      000136 00                     375 	.db #0x00	; 0
      000137 00                     376 	.db #0x00	; 0
      000138 00                     377 	.db #0x00	; 0
      000139 20                     378 	.db #0x20	; 32
      00013A 70                     379 	.db #0x70	; 112	'p'
      00013B 20                     380 	.db #0x20	; 32
      00013C 00                     381 	.db #0x00	; 0
      00013D 00                     382 	.db #0x00	; 0
      00013E 00                     383 	.db #0x00	; 0
      00013F 00                     384 	.db #0x00	; 0
      000140 00                     385 	.db #0x00	; 0
      000141 00                     386 	.db #0x00	; 0
      000142 00                     387 	.db #0x00	; 0
      000143 40                     388 	.db #0x40	; 64
      000144 40                     389 	.db #0x40	; 64
      000145 80                     390 	.db #0x80	; 128
      000146 00                     391 	.db #0x00	; 0
      000147 00                     392 	.db #0x00	; 0
      000148 00                     393 	.db #0x00	; 0
      000149 00                     394 	.db #0x00	; 0
      00014A 70                     395 	.db #0x70	; 112	'p'
      00014B 00                     396 	.db #0x00	; 0
      00014C 00                     397 	.db #0x00	; 0
      00014D 00                     398 	.db #0x00	; 0
      00014E 00                     399 	.db #0x00	; 0
      00014F 00                     400 	.db #0x00	; 0
      000150 00                     401 	.db #0x00	; 0
      000151 00                     402 	.db #0x00	; 0
      000152 00                     403 	.db #0x00	; 0
      000153 00                     404 	.db #0x00	; 0
      000154 80                     405 	.db #0x80	; 128
      000155 00                     406 	.db #0x00	; 0
      000156 00                     407 	.db #0x00	; 0
      000157 10                     408 	.db #0x10	; 16
      000158 20                     409 	.db #0x20	; 32
      000159 20                     410 	.db #0x20	; 32
      00015A 40                     411 	.db #0x40	; 64
      00015B 40                     412 	.db #0x40	; 64
      00015C 80                     413 	.db #0x80	; 128
      00015D 00                     414 	.db #0x00	; 0
      00015E 00                     415 	.db #0x00	; 0
      00015F 70                     416 	.db #0x70	; 112	'p'
      000160 88                     417 	.db #0x88	; 136
      000161 98                     418 	.db #0x98	; 152
      000162 E8                     419 	.db #0xe8	; 232
      000163 88                     420 	.db #0x88	; 136
      000164 70                     421 	.db #0x70	; 112	'p'
      000165 00                     422 	.db #0x00	; 0
      000166 00                     423 	.db #0x00	; 0
      000167 40                     424 	.db #0x40	; 64
      000168 C0                     425 	.db #0xc0	; 192
      000169 40                     426 	.db #0x40	; 64
      00016A 40                     427 	.db #0x40	; 64
      00016B 40                     428 	.db #0x40	; 64
      00016C E0                     429 	.db #0xe0	; 224
      00016D 00                     430 	.db #0x00	; 0
      00016E 00                     431 	.db #0x00	; 0
      00016F 60                     432 	.db #0x60	; 96
      000170 90                     433 	.db #0x90	; 144
      000171 10                     434 	.db #0x10	; 16
      000172 20                     435 	.db #0x20	; 32
      000173 40                     436 	.db #0x40	; 64
      000174 F0                     437 	.db #0xf0	; 240
      000175 00                     438 	.db #0x00	; 0
      000176 00                     439 	.db #0x00	; 0
      000177 60                     440 	.db #0x60	; 96
      000178 90                     441 	.db #0x90	; 144
      000179 20                     442 	.db #0x20	; 32
      00017A 10                     443 	.db #0x10	; 16
      00017B 90                     444 	.db #0x90	; 144
      00017C 60                     445 	.db #0x60	; 96
      00017D 00                     446 	.db #0x00	; 0
      00017E 00                     447 	.db #0x00	; 0
      00017F 20                     448 	.db #0x20	; 32
      000180 A0                     449 	.db #0xa0	; 160
      000181 A0                     450 	.db #0xa0	; 160
      000182 F0                     451 	.db #0xf0	; 240
      000183 20                     452 	.db #0x20	; 32
      000184 20                     453 	.db #0x20	; 32
      000185 00                     454 	.db #0x00	; 0
      000186 00                     455 	.db #0x00	; 0
      000187 F0                     456 	.db #0xf0	; 240
      000188 80                     457 	.db #0x80	; 128
      000189 E0                     458 	.db #0xe0	; 224
      00018A 10                     459 	.db #0x10	; 16
      00018B 10                     460 	.db #0x10	; 16
      00018C E0                     461 	.db #0xe0	; 224
      00018D 00                     462 	.db #0x00	; 0
      00018E 00                     463 	.db #0x00	; 0
      00018F 60                     464 	.db #0x60	; 96
      000190 80                     465 	.db #0x80	; 128
      000191 E0                     466 	.db #0xe0	; 224
      000192 90                     467 	.db #0x90	; 144
      000193 90                     468 	.db #0x90	; 144
      000194 60                     469 	.db #0x60	; 96
      000195 00                     470 	.db #0x00	; 0
      000196 00                     471 	.db #0x00	; 0
      000197 F0                     472 	.db #0xf0	; 240
      000198 10                     473 	.db #0x10	; 16
      000199 10                     474 	.db #0x10	; 16
      00019A 20                     475 	.db #0x20	; 32
      00019B 40                     476 	.db #0x40	; 64
      00019C 80                     477 	.db #0x80	; 128
      00019D 00                     478 	.db #0x00	; 0
      00019E 00                     479 	.db #0x00	; 0
      00019F 60                     480 	.db #0x60	; 96
      0001A0 90                     481 	.db #0x90	; 144
      0001A1 60                     482 	.db #0x60	; 96
      0001A2 90                     483 	.db #0x90	; 144
      0001A3 90                     484 	.db #0x90	; 144
      0001A4 60                     485 	.db #0x60	; 96
      0001A5 00                     486 	.db #0x00	; 0
      0001A6 00                     487 	.db #0x00	; 0
      0001A7 60                     488 	.db #0x60	; 96
      0001A8 90                     489 	.db #0x90	; 144
      0001A9 90                     490 	.db #0x90	; 144
      0001AA 70                     491 	.db #0x70	; 112	'p'
      0001AB 10                     492 	.db #0x10	; 16
      0001AC 60                     493 	.db #0x60	; 96
      0001AD 00                     494 	.db #0x00	; 0
      0001AE 00                     495 	.db #0x00	; 0
      0001AF 00                     496 	.db #0x00	; 0
      0001B0 40                     497 	.db #0x40	; 64
      0001B1 00                     498 	.db #0x00	; 0
      0001B2 00                     499 	.db #0x00	; 0
      0001B3 40                     500 	.db #0x40	; 64
      0001B4 00                     501 	.db #0x00	; 0
      0001B5 00                     502 	.db #0x00	; 0
      0001B6 00                     503 	.db #0x00	; 0
      0001B7 00                     504 	.db #0x00	; 0
      0001B8 40                     505 	.db #0x40	; 64
      0001B9 00                     506 	.db #0x00	; 0
      0001BA 40                     507 	.db #0x40	; 64
      0001BB 40                     508 	.db #0x40	; 64
      0001BC 80                     509 	.db #0x80	; 128
      0001BD 00                     510 	.db #0x00	; 0
      0001BE 00                     511 	.db #0x00	; 0
      0001BF 00                     512 	.db #0x00	; 0
      0001C0 20                     513 	.db #0x20	; 32
      0001C1 40                     514 	.db #0x40	; 64
      0001C2 80                     515 	.db #0x80	; 128
      0001C3 40                     516 	.db #0x40	; 64
      0001C4 20                     517 	.db #0x20	; 32
      0001C5 00                     518 	.db #0x00	; 0
      0001C6 00                     519 	.db #0x00	; 0
      0001C7 00                     520 	.db #0x00	; 0
      0001C8 00                     521 	.db #0x00	; 0
      0001C9 70                     522 	.db #0x70	; 112	'p'
      0001CA 00                     523 	.db #0x00	; 0
      0001CB 70                     524 	.db #0x70	; 112	'p'
      0001CC 00                     525 	.db #0x00	; 0
      0001CD 00                     526 	.db #0x00	; 0
      0001CE 00                     527 	.db #0x00	; 0
      0001CF 00                     528 	.db #0x00	; 0
      0001D0 80                     529 	.db #0x80	; 128
      0001D1 40                     530 	.db #0x40	; 64
      0001D2 20                     531 	.db #0x20	; 32
      0001D3 40                     532 	.db #0x40	; 64
      0001D4 80                     533 	.db #0x80	; 128
      0001D5 00                     534 	.db #0x00	; 0
      0001D6 00                     535 	.db #0x00	; 0
      0001D7 60                     536 	.db #0x60	; 96
      0001D8 90                     537 	.db #0x90	; 144
      0001D9 10                     538 	.db #0x10	; 16
      0001DA 20                     539 	.db #0x20	; 32
      0001DB 00                     540 	.db #0x00	; 0
      0001DC 20                     541 	.db #0x20	; 32
      0001DD 00                     542 	.db #0x00	; 0
      0001DE 00                     543 	.db #0x00	; 0
      0001DF 38                     544 	.db #0x38	; 56	'8'
      0001E0 44                     545 	.db #0x44	; 68	'D'
      0001E1 B4                     546 	.db #0xb4	; 180
      0001E2 B4                     547 	.db #0xb4	; 180
      0001E3 B8                     548 	.db #0xb8	; 184
      0001E4 42                     549 	.db #0x42	; 66	'B'
      0001E5 3C                     550 	.db #0x3c	; 60
      0001E6 00                     551 	.db #0x00	; 0
      0001E7 20                     552 	.db #0x20	; 32
      0001E8 50                     553 	.db #0x50	; 80	'P'
      0001E9 88                     554 	.db #0x88	; 136
      0001EA F8                     555 	.db #0xf8	; 248
      0001EB 88                     556 	.db #0x88	; 136
      0001EC 88                     557 	.db #0x88	; 136
      0001ED 00                     558 	.db #0x00	; 0
      0001EE 00                     559 	.db #0x00	; 0
      0001EF E0                     560 	.db #0xe0	; 224
      0001F0 90                     561 	.db #0x90	; 144
      0001F1 E0                     562 	.db #0xe0	; 224
      0001F2 90                     563 	.db #0x90	; 144
      0001F3 90                     564 	.db #0x90	; 144
      0001F4 E0                     565 	.db #0xe0	; 224
      0001F5 00                     566 	.db #0x00	; 0
      0001F6 00                     567 	.db #0x00	; 0
      0001F7 70                     568 	.db #0x70	; 112	'p'
      0001F8 88                     569 	.db #0x88	; 136
      0001F9 80                     570 	.db #0x80	; 128
      0001FA 80                     571 	.db #0x80	; 128
      0001FB 88                     572 	.db #0x88	; 136
      0001FC 70                     573 	.db #0x70	; 112	'p'
      0001FD 00                     574 	.db #0x00	; 0
      0001FE 00                     575 	.db #0x00	; 0
      0001FF E0                     576 	.db #0xe0	; 224
      000200 90                     577 	.db #0x90	; 144
      000201 88                     578 	.db #0x88	; 136
      000202 88                     579 	.db #0x88	; 136
      000203 90                     580 	.db #0x90	; 144
      000204 E0                     581 	.db #0xe0	; 224
      000205 00                     582 	.db #0x00	; 0
      000206 00                     583 	.db #0x00	; 0
      000207 F0                     584 	.db #0xf0	; 240
      000208 80                     585 	.db #0x80	; 128
      000209 E0                     586 	.db #0xe0	; 224
      00020A 80                     587 	.db #0x80	; 128
      00020B 80                     588 	.db #0x80	; 128
      00020C F0                     589 	.db #0xf0	; 240
      00020D 00                     590 	.db #0x00	; 0
      00020E 00                     591 	.db #0x00	; 0
      00020F F0                     592 	.db #0xf0	; 240
      000210 80                     593 	.db #0x80	; 128
      000211 E0                     594 	.db #0xe0	; 224
      000212 80                     595 	.db #0x80	; 128
      000213 80                     596 	.db #0x80	; 128
      000214 80                     597 	.db #0x80	; 128
      000215 00                     598 	.db #0x00	; 0
      000216 00                     599 	.db #0x00	; 0
      000217 70                     600 	.db #0x70	; 112	'p'
      000218 88                     601 	.db #0x88	; 136
      000219 80                     602 	.db #0x80	; 128
      00021A 98                     603 	.db #0x98	; 152
      00021B 88                     604 	.db #0x88	; 136
      00021C 70                     605 	.db #0x70	; 112	'p'
      00021D 00                     606 	.db #0x00	; 0
      00021E 00                     607 	.db #0x00	; 0
      00021F 90                     608 	.db #0x90	; 144
      000220 90                     609 	.db #0x90	; 144
      000221 90                     610 	.db #0x90	; 144
      000222 F0                     611 	.db #0xf0	; 240
      000223 90                     612 	.db #0x90	; 144
      000224 90                     613 	.db #0x90	; 144
      000225 00                     614 	.db #0x00	; 0
      000226 00                     615 	.db #0x00	; 0
      000227 F8                     616 	.db #0xf8	; 248
      000228 20                     617 	.db #0x20	; 32
      000229 20                     618 	.db #0x20	; 32
      00022A 20                     619 	.db #0x20	; 32
      00022B 20                     620 	.db #0x20	; 32
      00022C F8                     621 	.db #0xf8	; 248
      00022D 00                     622 	.db #0x00	; 0
      00022E 00                     623 	.db #0x00	; 0
      00022F F8                     624 	.db #0xf8	; 248
      000230 10                     625 	.db #0x10	; 16
      000231 10                     626 	.db #0x10	; 16
      000232 10                     627 	.db #0x10	; 16
      000233 90                     628 	.db #0x90	; 144
      000234 60                     629 	.db #0x60	; 96
      000235 00                     630 	.db #0x00	; 0
      000236 00                     631 	.db #0x00	; 0
      000237 90                     632 	.db #0x90	; 144
      000238 A0                     633 	.db #0xa0	; 160
      000239 C0                     634 	.db #0xc0	; 192
      00023A C0                     635 	.db #0xc0	; 192
      00023B A0                     636 	.db #0xa0	; 160
      00023C 90                     637 	.db #0x90	; 144
      00023D 00                     638 	.db #0x00	; 0
      00023E 00                     639 	.db #0x00	; 0
      00023F 80                     640 	.db #0x80	; 128
      000240 80                     641 	.db #0x80	; 128
      000241 80                     642 	.db #0x80	; 128
      000242 80                     643 	.db #0x80	; 128
      000243 80                     644 	.db #0x80	; 128
      000244 F0                     645 	.db #0xf0	; 240
      000245 00                     646 	.db #0x00	; 0
      000246 00                     647 	.db #0x00	; 0
      000247 88                     648 	.db #0x88	; 136
      000248 D8                     649 	.db #0xd8	; 216
      000249 A8                     650 	.db #0xa8	; 168
      00024A 88                     651 	.db #0x88	; 136
      00024B 88                     652 	.db #0x88	; 136
      00024C 88                     653 	.db #0x88	; 136
      00024D 00                     654 	.db #0x00	; 0
      00024E 00                     655 	.db #0x00	; 0
      00024F 88                     656 	.db #0x88	; 136
      000250 C8                     657 	.db #0xc8	; 200
      000251 A8                     658 	.db #0xa8	; 168
      000252 98                     659 	.db #0x98	; 152
      000253 88                     660 	.db #0x88	; 136
      000254 88                     661 	.db #0x88	; 136
      000255 00                     662 	.db #0x00	; 0
      000256 00                     663 	.db #0x00	; 0
      000257 70                     664 	.db #0x70	; 112	'p'
      000258 88                     665 	.db #0x88	; 136
      000259 88                     666 	.db #0x88	; 136
      00025A 88                     667 	.db #0x88	; 136
      00025B 88                     668 	.db #0x88	; 136
      00025C 70                     669 	.db #0x70	; 112	'p'
      00025D 00                     670 	.db #0x00	; 0
      00025E 00                     671 	.db #0x00	; 0
      00025F F0                     672 	.db #0xf0	; 240
      000260 88                     673 	.db #0x88	; 136
      000261 88                     674 	.db #0x88	; 136
      000262 F0                     675 	.db #0xf0	; 240
      000263 80                     676 	.db #0x80	; 128
      000264 80                     677 	.db #0x80	; 128
      000265 00                     678 	.db #0x00	; 0
      000266 00                     679 	.db #0x00	; 0
      000267 70                     680 	.db #0x70	; 112	'p'
      000268 88                     681 	.db #0x88	; 136
      000269 88                     682 	.db #0x88	; 136
      00026A A8                     683 	.db #0xa8	; 168
      00026B 90                     684 	.db #0x90	; 144
      00026C 68                     685 	.db #0x68	; 104	'h'
      00026D 00                     686 	.db #0x00	; 0
      00026E 00                     687 	.db #0x00	; 0
      00026F F0                     688 	.db #0xf0	; 240
      000270 88                     689 	.db #0x88	; 136
      000271 88                     690 	.db #0x88	; 136
      000272 F0                     691 	.db #0xf0	; 240
      000273 90                     692 	.db #0x90	; 144
      000274 88                     693 	.db #0x88	; 136
      000275 00                     694 	.db #0x00	; 0
      000276 00                     695 	.db #0x00	; 0
      000277 70                     696 	.db #0x70	; 112	'p'
      000278 88                     697 	.db #0x88	; 136
      000279 40                     698 	.db #0x40	; 64
      00027A 30                     699 	.db #0x30	; 48	'0'
      00027B 88                     700 	.db #0x88	; 136
      00027C 70                     701 	.db #0x70	; 112	'p'
      00027D 00                     702 	.db #0x00	; 0
      00027E 00                     703 	.db #0x00	; 0
      00027F F8                     704 	.db #0xf8	; 248
      000280 20                     705 	.db #0x20	; 32
      000281 20                     706 	.db #0x20	; 32
      000282 20                     707 	.db #0x20	; 32
      000283 20                     708 	.db #0x20	; 32
      000284 20                     709 	.db #0x20	; 32
      000285 00                     710 	.db #0x00	; 0
      000286 00                     711 	.db #0x00	; 0
      000287 88                     712 	.db #0x88	; 136
      000288 88                     713 	.db #0x88	; 136
      000289 88                     714 	.db #0x88	; 136
      00028A 88                     715 	.db #0x88	; 136
      00028B 88                     716 	.db #0x88	; 136
      00028C 70                     717 	.db #0x70	; 112	'p'
      00028D 00                     718 	.db #0x00	; 0
      00028E 00                     719 	.db #0x00	; 0
      00028F 88                     720 	.db #0x88	; 136
      000290 88                     721 	.db #0x88	; 136
      000291 50                     722 	.db #0x50	; 80	'P'
      000292 50                     723 	.db #0x50	; 80	'P'
      000293 20                     724 	.db #0x20	; 32
      000294 20                     725 	.db #0x20	; 32
      000295 00                     726 	.db #0x00	; 0
      000296 00                     727 	.db #0x00	; 0
      000297 82                     728 	.db #0x82	; 130
      000298 82                     729 	.db #0x82	; 130
      000299 54                     730 	.db #0x54	; 84	'T'
      00029A 54                     731 	.db #0x54	; 84	'T'
      00029B 28                     732 	.db #0x28	; 40
      00029C 28                     733 	.db #0x28	; 40
      00029D 00                     734 	.db #0x00	; 0
      00029E 00                     735 	.db #0x00	; 0
      00029F 88                     736 	.db #0x88	; 136
      0002A0 50                     737 	.db #0x50	; 80	'P'
      0002A1 20                     738 	.db #0x20	; 32
      0002A2 20                     739 	.db #0x20	; 32
      0002A3 50                     740 	.db #0x50	; 80	'P'
      0002A4 88                     741 	.db #0x88	; 136
      0002A5 00                     742 	.db #0x00	; 0
      0002A6 00                     743 	.db #0x00	; 0
      0002A7 88                     744 	.db #0x88	; 136
      0002A8 50                     745 	.db #0x50	; 80	'P'
      0002A9 20                     746 	.db #0x20	; 32
      0002AA 20                     747 	.db #0x20	; 32
      0002AB 20                     748 	.db #0x20	; 32
      0002AC 20                     749 	.db #0x20	; 32
      0002AD 00                     750 	.db #0x00	; 0
      0002AE 00                     751 	.db #0x00	; 0
      0002AF F8                     752 	.db #0xf8	; 248
      0002B0 08                     753 	.db #0x08	; 8
      0002B1 10                     754 	.db #0x10	; 16
      0002B2 60                     755 	.db #0x60	; 96
      0002B3 80                     756 	.db #0x80	; 128
      0002B4 F8                     757 	.db #0xf8	; 248
      0002B5 00                     758 	.db #0x00	; 0
      0002B6 00                     759 	.db #0x00	; 0
      0002B7 C0                     760 	.db #0xc0	; 192
      0002B8 80                     761 	.db #0x80	; 128
      0002B9 80                     762 	.db #0x80	; 128
      0002BA 80                     763 	.db #0x80	; 128
      0002BB 80                     764 	.db #0x80	; 128
      0002BC C0                     765 	.db #0xc0	; 192
      0002BD 00                     766 	.db #0x00	; 0
      0002BE 00                     767 	.db #0x00	; 0
      0002BF C0                     768 	.db #0xc0	; 192
      0002C0 40                     769 	.db #0x40	; 64
      0002C1 40                     770 	.db #0x40	; 64
      0002C2 40                     771 	.db #0x40	; 64
      0002C3 40                     772 	.db #0x40	; 64
      0002C4 C0                     773 	.db #0xc0	; 192
      0002C5 00                     774 	.db #0x00	; 0
      0002C6 40                     775 	.db #0x40	; 64
      0002C7 A0                     776 	.db #0xa0	; 160
      0002C8 00                     777 	.db #0x00	; 0
      0002C9 00                     778 	.db #0x00	; 0
      0002CA 00                     779 	.db #0x00	; 0
      0002CB 00                     780 	.db #0x00	; 0
      0002CC 00                     781 	.db #0x00	; 0
      0002CD 00                     782 	.db #0x00	; 0
      0002CE 00                     783 	.db #0x00	; 0
      0002CF 00                     784 	.db #0x00	; 0
      0002D0 00                     785 	.db #0x00	; 0
      0002D1 00                     786 	.db #0x00	; 0
      0002D2 00                     787 	.db #0x00	; 0
      0002D3 00                     788 	.db #0x00	; 0
      0002D4 F0                     789 	.db #0xf0	; 240
      0002D5 00                     790 	.db #0x00	; 0
      0002D6 80                     791 	.db #0x80	; 128
      0002D7 40                     792 	.db #0x40	; 64
      0002D8 40                     793 	.db #0x40	; 64
      0002D9 00                     794 	.db #0x00	; 0
      0002DA 00                     795 	.db #0x00	; 0
      0002DB 00                     796 	.db #0x00	; 0
      0002DC 00                     797 	.db #0x00	; 0
      0002DD 00                     798 	.db #0x00	; 0
      0002DE 00                     799 	.db #0x00	; 0
      0002DF 00                     800 	.db #0x00	; 0
      0002E0 60                     801 	.db #0x60	; 96
      0002E1 10                     802 	.db #0x10	; 16
      0002E2 70                     803 	.db #0x70	; 112	'p'
      0002E3 90                     804 	.db #0x90	; 144
      0002E4 68                     805 	.db #0x68	; 104	'h'
      0002E5 00                     806 	.db #0x00	; 0
      0002E6 80                     807 	.db #0x80	; 128
      0002E7 80                     808 	.db #0x80	; 128
      0002E8 E0                     809 	.db #0xe0	; 224
      0002E9 90                     810 	.db #0x90	; 144
      0002EA 90                     811 	.db #0x90	; 144
      0002EB 90                     812 	.db #0x90	; 144
      0002EC E0                     813 	.db #0xe0	; 224
      0002ED 00                     814 	.db #0x00	; 0
      0002EE 00                     815 	.db #0x00	; 0
      0002EF 00                     816 	.db #0x00	; 0
      0002F0 60                     817 	.db #0x60	; 96
      0002F1 80                     818 	.db #0x80	; 128
      0002F2 80                     819 	.db #0x80	; 128
      0002F3 80                     820 	.db #0x80	; 128
      0002F4 60                     821 	.db #0x60	; 96
      0002F5 00                     822 	.db #0x00	; 0
      0002F6 10                     823 	.db #0x10	; 16
      0002F7 10                     824 	.db #0x10	; 16
      0002F8 70                     825 	.db #0x70	; 112	'p'
      0002F9 90                     826 	.db #0x90	; 144
      0002FA 90                     827 	.db #0x90	; 144
      0002FB 90                     828 	.db #0x90	; 144
      0002FC 70                     829 	.db #0x70	; 112	'p'
      0002FD 00                     830 	.db #0x00	; 0
      0002FE 00                     831 	.db #0x00	; 0
      0002FF 00                     832 	.db #0x00	; 0
      000300 60                     833 	.db #0x60	; 96
      000301 90                     834 	.db #0x90	; 144
      000302 E0                     835 	.db #0xe0	; 224
      000303 80                     836 	.db #0x80	; 128
      000304 70                     837 	.db #0x70	; 112	'p'
      000305 00                     838 	.db #0x00	; 0
      000306 20                     839 	.db #0x20	; 32
      000307 50                     840 	.db #0x50	; 80	'P'
      000308 40                     841 	.db #0x40	; 64
      000309 E0                     842 	.db #0xe0	; 224
      00030A 40                     843 	.db #0x40	; 64
      00030B 40                     844 	.db #0x40	; 64
      00030C 40                     845 	.db #0x40	; 64
      00030D 00                     846 	.db #0x00	; 0
      00030E 00                     847 	.db #0x00	; 0
      00030F 00                     848 	.db #0x00	; 0
      000310 60                     849 	.db #0x60	; 96
      000311 90                     850 	.db #0x90	; 144
      000312 90                     851 	.db #0x90	; 144
      000313 70                     852 	.db #0x70	; 112	'p'
      000314 10                     853 	.db #0x10	; 16
      000315 60                     854 	.db #0x60	; 96
      000316 80                     855 	.db #0x80	; 128
      000317 80                     856 	.db #0x80	; 128
      000318 E0                     857 	.db #0xe0	; 224
      000319 90                     858 	.db #0x90	; 144
      00031A 90                     859 	.db #0x90	; 144
      00031B 90                     860 	.db #0x90	; 144
      00031C 90                     861 	.db #0x90	; 144
      00031D 00                     862 	.db #0x00	; 0
      00031E 00                     863 	.db #0x00	; 0
      00031F 40                     864 	.db #0x40	; 64
      000320 00                     865 	.db #0x00	; 0
      000321 40                     866 	.db #0x40	; 64
      000322 40                     867 	.db #0x40	; 64
      000323 40                     868 	.db #0x40	; 64
      000324 40                     869 	.db #0x40	; 64
      000325 00                     870 	.db #0x00	; 0
      000326 00                     871 	.db #0x00	; 0
      000327 20                     872 	.db #0x20	; 32
      000328 00                     873 	.db #0x00	; 0
      000329 20                     874 	.db #0x20	; 32
      00032A 20                     875 	.db #0x20	; 32
      00032B 20                     876 	.db #0x20	; 32
      00032C A0                     877 	.db #0xa0	; 160
      00032D 40                     878 	.db #0x40	; 64
      00032E 80                     879 	.db #0x80	; 128
      00032F 80                     880 	.db #0x80	; 128
      000330 90                     881 	.db #0x90	; 144
      000331 A0                     882 	.db #0xa0	; 160
      000332 C0                     883 	.db #0xc0	; 192
      000333 A0                     884 	.db #0xa0	; 160
      000334 90                     885 	.db #0x90	; 144
      000335 00                     886 	.db #0x00	; 0
      000336 80                     887 	.db #0x80	; 128
      000337 80                     888 	.db #0x80	; 128
      000338 80                     889 	.db #0x80	; 128
      000339 80                     890 	.db #0x80	; 128
      00033A 80                     891 	.db #0x80	; 128
      00033B 80                     892 	.db #0x80	; 128
      00033C 80                     893 	.db #0x80	; 128
      00033D 00                     894 	.db #0x00	; 0
      00033E 00                     895 	.db #0x00	; 0
      00033F 00                     896 	.db #0x00	; 0
      000340 D0                     897 	.db #0xd0	; 208
      000341 A8                     898 	.db #0xa8	; 168
      000342 A8                     899 	.db #0xa8	; 168
      000343 A8                     900 	.db #0xa8	; 168
      000344 88                     901 	.db #0x88	; 136
      000345 00                     902 	.db #0x00	; 0
      000346 00                     903 	.db #0x00	; 0
      000347 00                     904 	.db #0x00	; 0
      000348 E0                     905 	.db #0xe0	; 224
      000349 90                     906 	.db #0x90	; 144
      00034A 90                     907 	.db #0x90	; 144
      00034B 90                     908 	.db #0x90	; 144
      00034C 90                     909 	.db #0x90	; 144
      00034D 00                     910 	.db #0x00	; 0
      00034E 00                     911 	.db #0x00	; 0
      00034F 00                     912 	.db #0x00	; 0
      000350 70                     913 	.db #0x70	; 112	'p'
      000351 88                     914 	.db #0x88	; 136
      000352 88                     915 	.db #0x88	; 136
      000353 88                     916 	.db #0x88	; 136
      000354 70                     917 	.db #0x70	; 112	'p'
      000355 00                     918 	.db #0x00	; 0
      000356 00                     919 	.db #0x00	; 0
      000357 00                     920 	.db #0x00	; 0
      000358 60                     921 	.db #0x60	; 96
      000359 90                     922 	.db #0x90	; 144
      00035A 90                     923 	.db #0x90	; 144
      00035B E0                     924 	.db #0xe0	; 224
      00035C 80                     925 	.db #0x80	; 128
      00035D 80                     926 	.db #0x80	; 128
      00035E 00                     927 	.db #0x00	; 0
      00035F 00                     928 	.db #0x00	; 0
      000360 60                     929 	.db #0x60	; 96
      000361 90                     930 	.db #0x90	; 144
      000362 90                     931 	.db #0x90	; 144
      000363 70                     932 	.db #0x70	; 112	'p'
      000364 10                     933 	.db #0x10	; 16
      000365 10                     934 	.db #0x10	; 16
      000366 00                     935 	.db #0x00	; 0
      000367 00                     936 	.db #0x00	; 0
      000368 B0                     937 	.db #0xb0	; 176
      000369 C0                     938 	.db #0xc0	; 192
      00036A 80                     939 	.db #0x80	; 128
      00036B 80                     940 	.db #0x80	; 128
      00036C 80                     941 	.db #0x80	; 128
      00036D 00                     942 	.db #0x00	; 0
      00036E 00                     943 	.db #0x00	; 0
      00036F 00                     944 	.db #0x00	; 0
      000370 E0                     945 	.db #0xe0	; 224
      000371 80                     946 	.db #0x80	; 128
      000372 40                     947 	.db #0x40	; 64
      000373 20                     948 	.db #0x20	; 32
      000374 E0                     949 	.db #0xe0	; 224
      000375 00                     950 	.db #0x00	; 0
      000376 40                     951 	.db #0x40	; 64
      000377 40                     952 	.db #0x40	; 64
      000378 E0                     953 	.db #0xe0	; 224
      000379 40                     954 	.db #0x40	; 64
      00037A 40                     955 	.db #0x40	; 64
      00037B 40                     956 	.db #0x40	; 64
      00037C 40                     957 	.db #0x40	; 64
      00037D 00                     958 	.db #0x00	; 0
      00037E 00                     959 	.db #0x00	; 0
      00037F 00                     960 	.db #0x00	; 0
      000380 90                     961 	.db #0x90	; 144
      000381 90                     962 	.db #0x90	; 144
      000382 90                     963 	.db #0x90	; 144
      000383 90                     964 	.db #0x90	; 144
      000384 70                     965 	.db #0x70	; 112	'p'
      000385 00                     966 	.db #0x00	; 0
      000386 00                     967 	.db #0x00	; 0
      000387 00                     968 	.db #0x00	; 0
      000388 88                     969 	.db #0x88	; 136
      000389 88                     970 	.db #0x88	; 136
      00038A 50                     971 	.db #0x50	; 80	'P'
      00038B 50                     972 	.db #0x50	; 80	'P'
      00038C 20                     973 	.db #0x20	; 32
      00038D 00                     974 	.db #0x00	; 0
      00038E 00                     975 	.db #0x00	; 0
      00038F 00                     976 	.db #0x00	; 0
      000390 88                     977 	.db #0x88	; 136
      000391 88                     978 	.db #0x88	; 136
      000392 A8                     979 	.db #0xa8	; 168
      000393 A8                     980 	.db #0xa8	; 168
      000394 50                     981 	.db #0x50	; 80	'P'
      000395 00                     982 	.db #0x00	; 0
      000396 00                     983 	.db #0x00	; 0
      000397 00                     984 	.db #0x00	; 0
      000398 90                     985 	.db #0x90	; 144
      000399 90                     986 	.db #0x90	; 144
      00039A 60                     987 	.db #0x60	; 96
      00039B 90                     988 	.db #0x90	; 144
      00039C 90                     989 	.db #0x90	; 144
      00039D 00                     990 	.db #0x00	; 0
      00039E 00                     991 	.db #0x00	; 0
      00039F 00                     992 	.db #0x00	; 0
      0003A0 90                     993 	.db #0x90	; 144
      0003A1 90                     994 	.db #0x90	; 144
      0003A2 90                     995 	.db #0x90	; 144
      0003A3 70                     996 	.db #0x70	; 112	'p'
      0003A4 10                     997 	.db #0x10	; 16
      0003A5 60                     998 	.db #0x60	; 96
      0003A6 00                     999 	.db #0x00	; 0
      0003A7 00                    1000 	.db #0x00	; 0
      0003A8 F0                    1001 	.db #0xf0	; 240
      0003A9 10                    1002 	.db #0x10	; 16
      0003AA 20                    1003 	.db #0x20	; 32
      0003AB 40                    1004 	.db #0x40	; 64
      0003AC F0                    1005 	.db #0xf0	; 240
      0003AD 00                    1006 	.db #0x00	; 0
      0003AE 60                    1007 	.db #0x60	; 96
      0003AF 40                    1008 	.db #0x40	; 64
      0003B0 40                    1009 	.db #0x40	; 64
      0003B1 80                    1010 	.db #0x80	; 128
      0003B2 40                    1011 	.db #0x40	; 64
      0003B3 40                    1012 	.db #0x40	; 64
      0003B4 60                    1013 	.db #0x60	; 96
      0003B5 00                    1014 	.db #0x00	; 0
      0003B6 20                    1015 	.db #0x20	; 32
      0003B7 20                    1016 	.db #0x20	; 32
      0003B8 20                    1017 	.db #0x20	; 32
      0003B9 20                    1018 	.db #0x20	; 32
      0003BA 20                    1019 	.db #0x20	; 32
      0003BB 20                    1020 	.db #0x20	; 32
      0003BC 20                    1021 	.db #0x20	; 32
      0003BD 20                    1022 	.db #0x20	; 32
      0003BE C0                    1023 	.db #0xc0	; 192
      0003BF 40                    1024 	.db #0x40	; 64
      0003C0 40                    1025 	.db #0x40	; 64
      0003C1 20                    1026 	.db #0x20	; 32
      0003C2 40                    1027 	.db #0x40	; 64
      0003C3 40                    1028 	.db #0x40	; 64
      0003C4 C0                    1029 	.db #0xc0	; 192
      0003C5 00                    1030 	.db #0x00	; 0
      0003C6 00                    1031 	.db #0x00	; 0
      0003C7 00                    1032 	.db #0x00	; 0
      0003C8 00                    1033 	.db #0x00	; 0
      0003C9 64                    1034 	.db #0x64	; 100	'd'
      0003CA 98                    1035 	.db #0x98	; 152
      0003CB 00                    1036 	.db #0x00	; 0
      0003CC 00                    1037 	.db #0x00	; 0
      0003CD 00                    1038 	.db #0x00	; 0
                           0003CE  1039 G$Font_CoCa_GB$0_0$0 == .
      0003CE                       1040 _Font_CoCa_GB:
      0003CE 03                    1041 	.db #0x03	; 3
      0003CFr00r00                 1042 	.dw _Font_CoCa_GB_table
      0003D1r80r00                 1043 	.dw _Font_CoCa_GB_widths
      0003D3rDEr00                 1044 	.dw _Font_CoCa_GB_faces
                                   1045 	.area _INITIALIZER
                                   1046 	.area _CABS (ABS)
