                                      1 ;--------------------------------------------------------
                                      2 ; File Created by SDCC : free open source ISO C Compiler 
                                      3 ; Version 4.2.2 #13350 (Linux)
                                      4 ;--------------------------------------------------------
                                      5 	.module GraphicsLoader_FullScreen
                                      6 	.optsdcc -msm83
                                      7 	
                                      8 ;--------------------------------------------------------
                                      9 ; Public variables in this module
                                     10 ;--------------------------------------------------------
                                     11 	.globl _set_banked_tiles
                                     12 	.globl _set_banked_data
                                     13 	.globl _loadFullScreenGraphics
                                     14 ;--------------------------------------------------------
                                     15 ; special function registers
                                     16 ;--------------------------------------------------------
                                     17 ;--------------------------------------------------------
                                     18 ; ram data
                                     19 ;--------------------------------------------------------
                                     20 	.area _DATA
                                     21 ;--------------------------------------------------------
                                     22 ; ram data
                                     23 ;--------------------------------------------------------
                                     24 	.area _INITIALIZED
                                     25 ;--------------------------------------------------------
                                     26 ; absolute external ram data
                                     27 ;--------------------------------------------------------
                                     28 	.area _DABS (ABS)
                                     29 ;--------------------------------------------------------
                                     30 ; global & static initialisations
                                     31 ;--------------------------------------------------------
                                     32 	.area _HOME
                                     33 	.area _GSINIT
                                     34 	.area _GSFINAL
                                     35 	.area _GSINIT
                                     36 ;--------------------------------------------------------
                                     37 ; Home
                                     38 ;--------------------------------------------------------
                                     39 	.area _HOME
                                     40 	.area _HOME
                                     41 ;--------------------------------------------------------
                                     42 ; code
                                     43 ;--------------------------------------------------------
                                     44 	.area _CODE_0
                           000000    45 	G$loadFullScreenGraphics$0$0	= .
                                     46 	.globl	G$loadFullScreenGraphics$0$0
                           000000    47 	C$GraphicsLoader_FullScreen.c$18$0_0$126	= .
                                     48 	.globl	C$GraphicsLoader_FullScreen.c$18$0_0$126
                                     49 ;src/rom0/GraphicsLoader_FullScreen.c:18: void loadFullScreenGraphics() {
                                     50 ;	---------------------------------
                                     51 ; Function loadFullScreenGraphics
                                     52 ; ---------------------------------
      000000                         53 _loadFullScreenGraphics::
                           000000    54 	C$GraphicsLoader_FullScreen.c$22$2_0$127	= .
                                     55 	.globl	C$GraphicsLoader_FullScreen.c$22$2_0$127
                                     56 ;src/rom0/GraphicsLoader_FullScreen.c:22: set_banked_data(0, 143u, TitleSalvageFrontier, BANK(TitleSalvageFrontier_tiles_bank));
      000000 06r00            [ 8]   57 	ld	b, #<(___bank_TitleSalvageFrontier_tiles_bank)
      000002 C5               [16]   58 	push	bc
      000003 33               [ 8]   59 	inc	sp
      000004 11r00r00         [12]   60 	ld	de, #_TitleSalvageFrontier
      000007 D5               [16]   61 	push	de
      000008 1E 8F            [ 8]   62 	ld	e, #0x8f
      00000A AF               [ 4]   63 	xor	a, a
      00000B CDr00r00         [24]   64 	call	_set_banked_data
                           00000E    65 	C$GraphicsLoader_FullScreen.c$23$2_0$127	= .
                                     66 	.globl	C$GraphicsLoader_FullScreen.c$23$2_0$127
                                     67 ;src/rom0/GraphicsLoader_FullScreen.c:23: set_banked_tiles(0, 0, Title_SalvageFrontierWidth, Title_SalvageFrontierHeight, Title_SalvageFrontier, BANK(TitleSalvageFrontier_map_bank));
      00000E 06r00            [ 8]   68 	ld	b, #<(___bank_TitleSalvageFrontier_map_bank)
      000010 C5               [16]   69 	push	bc
      000011 33               [ 8]   70 	inc	sp
      000012 11r00r00         [12]   71 	ld	de, #_Title_SalvageFrontierPLN0
      000015 D5               [16]   72 	push	de
      000016 21 14 12         [12]   73 	ld	hl, #0x1214
      000019 E5               [16]   74 	push	hl
      00001A AF               [ 4]   75 	xor	a, a
      00001B 5F               [ 4]   76 	ld	e, a
      00001C CDr00r00         [24]   77 	call	_set_banked_tiles
                           00001F    78 	C$GraphicsLoader_FullScreen.c$25$1_0$126	= .
                                     79 	.globl	C$GraphicsLoader_FullScreen.c$25$1_0$126
                                     80 ;src/rom0/GraphicsLoader_FullScreen.c:25: }
                           00001F    81 	C$GraphicsLoader_FullScreen.c$26$1_0$126	= .
                                     82 	.globl	C$GraphicsLoader_FullScreen.c$26$1_0$126
                                     83 ;src/rom0/GraphicsLoader_FullScreen.c:26: }
                           00001F    84 	C$GraphicsLoader_FullScreen.c$26$1_0$126	= .
                                     85 	.globl	C$GraphicsLoader_FullScreen.c$26$1_0$126
                           00001F    86 	XG$loadFullScreenGraphics$0$0	= .
                                     87 	.globl	XG$loadFullScreenGraphics$0$0
      00001F C9               [16]   88 	ret
                                     89 	.area _CODE_0
                                     90 	.area _INITIALIZER
                                     91 	.area _CABS (ABS)
