                                      1 ;--------------------------------------------------------
                                      2 ; File Created by SDCC : free open source ISO C Compiler 
                                      3 ; Version 4.2.2 #13350 (Linux)
                                      4 ;--------------------------------------------------------
                                      5 	.module titlescreen_scene
                                      6 	.optsdcc -msm83
                                      7 	
                                      8 ;--------------------------------------------------------
                                      9 ; Public variables in this module
                                     10 ;--------------------------------------------------------
                                     11 	.globl b___func_titlescreen_scene_bank
                                     12 	.globl ___func_titlescreen_scene_bank
                                     13 	.globl _handleTitlescreenUpdate
                                     14 	.globl _drawTitlescreen
                                     15 	.globl _loadTitlescreenGraphics
                                     16 	.globl _loadFullScreenGraphics
                                     17 ;--------------------------------------------------------
                                     18 ; special function registers
                                     19 ;--------------------------------------------------------
                                     20 ;--------------------------------------------------------
                                     21 ; ram data
                                     22 ;--------------------------------------------------------
                                     23 	.area _DATA
                                     24 ;--------------------------------------------------------
                                     25 ; ram data
                                     26 ;--------------------------------------------------------
                                     27 	.area _INITIALIZED
                                     28 ;--------------------------------------------------------
                                     29 ; absolute external ram data
                                     30 ;--------------------------------------------------------
                                     31 	.area _DABS (ABS)
                                     32 ;--------------------------------------------------------
                                     33 ; global & static initialisations
                                     34 ;--------------------------------------------------------
                                     35 	.area _HOME
                                     36 	.area _GSINIT
                                     37 	.area _GSFINAL
                                     38 	.area _GSINIT
                                     39 ;--------------------------------------------------------
                                     40 ; Home
                                     41 ;--------------------------------------------------------
                                     42 	.area _HOME
                                     43 	.area _HOME
                                     44 ;--------------------------------------------------------
                                     45 ; code
                                     46 ;--------------------------------------------------------
                                     47 	.area _CODE_255
                           000000    48 	G$loadTitlescreenGraphics$0$0	= .
                                     49 	.globl	G$loadTitlescreenGraphics$0$0
                           000000    50 	C$titlescreen_scene.c$7$0_0$126	= .
                                     51 	.globl	C$titlescreen_scene.c$7$0_0$126
                                     52 ;src/scenes/titlescreen_scene.c:7: void loadTitlescreenGraphics() {
                                     53 ;	---------------------------------
                                     54 ; Function loadTitlescreenGraphics
                                     55 ; ---------------------------------
      000000                         56 _loadTitlescreenGraphics::
                           000000    57 	C$titlescreen_scene.c$9$1_0$126	= .
                                     58 	.globl	C$titlescreen_scene.c$9$1_0$126
                                     59 ;src/scenes/titlescreen_scene.c:9: FULLSCREEN_GRAPHICS_INDEX = FULLSCREEN_GRAPHICS_TITLESCREEN_INDEX;
      000000 21r00r00         [12]   60 	ld	hl, #_TEMP_VAR_A
      000003 36 00            [12]   61 	ld	(hl), #0x00
                           000005    62 	C$titlescreen_scene.c$10$1_0$126	= .
                                     63 	.globl	C$titlescreen_scene.c$10$1_0$126
                                     64 ;src/scenes/titlescreen_scene.c:10: loadFullScreenGraphics();
                           000005    65 	C$titlescreen_scene.c$11$1_0$126	= .
                                     66 	.globl	C$titlescreen_scene.c$11$1_0$126
                                     67 ;src/scenes/titlescreen_scene.c:11: }
                           000005    68 	C$titlescreen_scene.c$11$1_0$126	= .
                                     69 	.globl	C$titlescreen_scene.c$11$1_0$126
                           000005    70 	XG$loadTitlescreenGraphics$0$0	= .
                                     71 	.globl	XG$loadTitlescreenGraphics$0$0
      000005 C3r00r00         [16]   72 	jp	_loadFullScreenGraphics
                           000008    73 	G$drawTitlescreen$0$0	= .
                                     74 	.globl	G$drawTitlescreen$0$0
                           000008    75 	C$titlescreen_scene.c$13$1_0$128	= .
                                     76 	.globl	C$titlescreen_scene.c$13$1_0$128
                                     77 ;src/scenes/titlescreen_scene.c:13: void drawTitlescreen() {
                                     78 ;	---------------------------------
                                     79 ; Function drawTitlescreen
                                     80 ; ---------------------------------
      000008                         81 _drawTitlescreen::
                           000008    82 	C$titlescreen_scene.c$15$1_0$128	= .
                                     83 	.globl	C$titlescreen_scene.c$15$1_0$128
                                     84 ;src/scenes/titlescreen_scene.c:15: }
                           000008    85 	C$titlescreen_scene.c$15$1_0$128	= .
                                     86 	.globl	C$titlescreen_scene.c$15$1_0$128
                           000008    87 	XG$drawTitlescreen$0$0	= .
                                     88 	.globl	XG$drawTitlescreen$0$0
      000008 C9               [16]   89 	ret
                           000009    90 	G$handleTitlescreenUpdate$0$0	= .
                                     91 	.globl	G$handleTitlescreenUpdate$0$0
                           000009    92 	C$titlescreen_scene.c$17$1_0$129	= .
                                     93 	.globl	C$titlescreen_scene.c$17$1_0$129
                                     94 ;src/scenes/titlescreen_scene.c:17: void handleTitlescreenUpdate() {
                                     95 ;	---------------------------------
                                     96 ; Function handleTitlescreenUpdate
                                     97 ; ---------------------------------
      000009                         98 _handleTitlescreenUpdate::
                           000009    99 	C$titlescreen_scene.c$20$1_0$129	= .
                                    100 	.globl	C$titlescreen_scene.c$20$1_0$129
                                    101 ;src/scenes/titlescreen_scene.c:20: if(JOYPAD_CURRENT & J_START) {
      000009 FAr00r00         [16]  102 	ld	a, (#_JOYPAD_CURRENT)
      00000C 07               [ 4]  103 	rlca
      00000D D0               [20]  104 	ret	NC
                           00000E   105 	C$titlescreen_scene.c$22$2_0$130	= .
                                    106 	.globl	C$titlescreen_scene.c$22$2_0$130
                                    107 ;src/scenes/titlescreen_scene.c:22: GAME_STATE = STATE_DEBUGROOM;
      00000E 21r00r00         [12]  108 	ld	hl, #_GAME_STATE
      000011 36 09            [12]  109 	ld	(hl), #0x09
                           000013   110 	C$titlescreen_scene.c$24$1_0$129	= .
                                    111 	.globl	C$titlescreen_scene.c$24$1_0$129
                                    112 ;src/scenes/titlescreen_scene.c:24: }
                           000013   113 	C$titlescreen_scene.c$24$1_0$129	= .
                                    114 	.globl	C$titlescreen_scene.c$24$1_0$129
                           000013   115 	XG$handleTitlescreenUpdate$0$0	= .
                                    116 	.globl	XG$handleTitlescreenUpdate$0$0
      000013 C9               [16]  117 	ret
                           000014   118 	G$__func_titlescreen_scene_bank$0$0	= .
                                    119 	.globl	G$__func_titlescreen_scene_bank$0$0
                           000014   120 	C$titlescreen_scene.c$26$1_0$131	= .
                                    121 	.globl	C$titlescreen_scene.c$26$1_0$131
                                    122 ;src/scenes/titlescreen_scene.c:26: BANKREF(titlescreen_scene_bank)
                                    123 ;	---------------------------------
                                    124 ; Function __func_titlescreen_scene_bank
                                    125 ; ---------------------------------
                           0000FF   126 	b___func_titlescreen_scene_bank	= 255
      000014                        127 ___func_titlescreen_scene_bank::
                                    128 	.local b___func_titlescreen_scene_bank 
                           0000FF   129 	___bank_titlescreen_scene_bank = b___func_titlescreen_scene_bank 
                                    130 	.globl ___bank_titlescreen_scene_bank 
                                    131 	.area _CODE_255
                                    132 	.area _INITIALIZER
                                    133 	.area _CABS (ABS)
