                                      1 ;--------------------------------------------------------
                                      2 ; File Created by SDCC : free open source ISO C Compiler 
                                      3 ; Version 4.2.2 #13350 (Linux)
                                      4 ;--------------------------------------------------------
                                      5 	.module Icons_tiles
                                      6 	.optsdcc -msm83
                                      7 	
                                      8 ;--------------------------------------------------------
                                      9 ; Public variables in this module
                                     10 ;--------------------------------------------------------
                                     11 	.globl _Icons_tiles
                                     12 	.globl b___func_Icons_tiles_bank
                                     13 	.globl ___func_Icons_tiles_bank
                                     14 ;--------------------------------------------------------
                                     15 ; special function registers
                                     16 ;--------------------------------------------------------
                                     17 ;--------------------------------------------------------
                                     18 ; ram data
                                     19 ;--------------------------------------------------------
                                     20 	.area _DATA
                                     21 ;--------------------------------------------------------
                                     22 ; ram data
                                     23 ;--------------------------------------------------------
                                     24 	.area _INITIALIZED
                                     25 ;--------------------------------------------------------
                                     26 ; absolute external ram data
                                     27 ;--------------------------------------------------------
                                     28 	.area _DABS (ABS)
                                     29 ;--------------------------------------------------------
                                     30 ; global & static initialisations
                                     31 ;--------------------------------------------------------
                                     32 	.area _HOME
                                     33 	.area _GSINIT
                                     34 	.area _GSFINAL
                                     35 	.area _GSINIT
                                     36 ;--------------------------------------------------------
                                     37 ; Home
                                     38 ;--------------------------------------------------------
                                     39 	.area _HOME
                                     40 	.area _HOME
                                     41 ;--------------------------------------------------------
                                     42 ; code
                                     43 ;--------------------------------------------------------
                                     44 	.area _CODE_255
                           000000    45 	G$__func_Icons_tiles_bank$0$0	= .
                                     46 	.globl	G$__func_Icons_tiles_bank$0$0
                           000000    47 	C$Icons_tiles.c$27$0_0$98	= .
                                     48 	.globl	C$Icons_tiles.c$27$0_0$98
                                     49 ;res/icons/Icons_tiles.c:27: BANKREF(Icons_tiles_bank)
                                     50 ;	---------------------------------
                                     51 ; Function __func_Icons_tiles_bank
                                     52 ; ---------------------------------
                           0000FF    53 	b___func_Icons_tiles_bank	= 255
      000000                         54 ___func_Icons_tiles_bank::
                                     55 	.local b___func_Icons_tiles_bank 
                           0000FF    56 	___bank_Icons_tiles_bank = b___func_Icons_tiles_bank 
                                     57 	.globl ___bank_Icons_tiles_bank 
                                     58 	.area _CODE_255
                           000000    59 G$Icons_tiles$0_0$0 == .
      000000                         60 _Icons_tiles:
      000000 FA                      61 	.db #0xfa	; 250
      000001 00                      62 	.db #0x00	; 0
      000002 82                      63 	.db #0x82	; 130
      000003 00                      64 	.db #0x00	; 0
      000004 BA                      65 	.db #0xba	; 186
      000005 00                      66 	.db #0x00	; 0
      000006 BF                      67 	.db #0xbf	; 191
      000007 0F                      68 	.db #0x0f	; 15
      000008 BB                      69 	.db #0xbb	; 187
      000009 0F                      70 	.db #0x0f	; 15
      00000A 0A                      71 	.db #0x0a	; 10
      00000B 0F                      72 	.db #0x0f	; 15
      00000C FB                      73 	.db #0xfb	; 251
      00000D 0F                      74 	.db #0x0f	; 15
      00000E 0A                      75 	.db #0x0a	; 10
      00000F 0F                      76 	.db #0x0f	; 15
      000010 5B                      77 	.db #0x5b	; 91
      000011 00                      78 	.db #0x00	; 0
      000012 5B                      79 	.db #0x5b	; 91
      000013 00                      80 	.db #0x00	; 0
      000014 5B                      81 	.db #0x5b	; 91
      000015 00                      82 	.db #0x00	; 0
      000016 FB                      83 	.db #0xfb	; 251
      000017 F0                      84 	.db #0xf0	; 240
      000018 32                      85 	.db #0x32	; 50	'2'
      000019 F0                      86 	.db #0xf0	; 240
      00001A 1E                      87 	.db #0x1e	; 30
      00001B F0                      88 	.db #0xf0	; 240
      00001C B0                      89 	.db #0xb0	; 176
      00001D F0                      90 	.db #0xf0	; 240
      00001E 1F                      91 	.db #0x1f	; 31
      00001F F0                      92 	.db #0xf0	; 240
      000020 00                      93 	.db #0x00	; 0
      000021 00                      94 	.db #0x00	; 0
      000022 00                      95 	.db #0x00	; 0
      000023 00                      96 	.db #0x00	; 0
      000024 00                      97 	.db #0x00	; 0
      000025 00                      98 	.db #0x00	; 0
      000026 00                      99 	.db #0x00	; 0
      000027 00                     100 	.db #0x00	; 0
      000028 00                     101 	.db #0x00	; 0
      000029 00                     102 	.db #0x00	; 0
      00002A 00                     103 	.db #0x00	; 0
      00002B 00                     104 	.db #0x00	; 0
      00002C 00                     105 	.db #0x00	; 0
      00002D 00                     106 	.db #0x00	; 0
      00002E 00                     107 	.db #0x00	; 0
      00002F 00                     108 	.db #0x00	; 0
      000030 00                     109 	.db #0x00	; 0
      000031 00                     110 	.db #0x00	; 0
      000032 42                     111 	.db #0x42	; 66	'B'
      000033 3C                     112 	.db #0x3c	; 60
      000034 FF                     113 	.db #0xff	; 255
      000035 00                     114 	.db #0x00	; 0
      000036 7E                     115 	.db #0x7e	; 126
      000037 BD                     116 	.db #0xbd	; 189
      000038 7E                     117 	.db #0x7e	; 126
      000039 E7                     118 	.db #0xe7	; 231
      00003A FF                     119 	.db #0xff	; 255
      00003B 3C                     120 	.db #0x3c	; 60
      00003C 7E                     121 	.db #0x7e	; 126
      00003D 00                     122 	.db #0x00	; 0
      00003E 42                     123 	.db #0x42	; 66	'B'
      00003F 3C                     124 	.db #0x3c	; 60
      000040 00                     125 	.db #0x00	; 0
      000041 00                     126 	.db #0x00	; 0
      000042 00                     127 	.db #0x00	; 0
      000043 00                     128 	.db #0x00	; 0
      000044 00                     129 	.db #0x00	; 0
      000045 03                     130 	.db #0x03	; 3
      000046 03                     131 	.db #0x03	; 3
      000047 04                     132 	.db #0x04	; 4
      000048 01                     133 	.db #0x01	; 1
      000049 02                     134 	.db #0x02	; 2
      00004A 01                     135 	.db #0x01	; 1
      00004B 02                     136 	.db #0x02	; 2
      00004C 00                     137 	.db #0x00	; 0
      00004D 01                     138 	.db #0x01	; 1
      00004E 01                     139 	.db #0x01	; 1
      00004F 01                     140 	.db #0x01	; 1
      000050 00                     141 	.db #0x00	; 0
      000051 00                     142 	.db #0x00	; 0
      000052 00                     143 	.db #0x00	; 0
      000053 80                     144 	.db #0x80	; 128
      000054 80                     145 	.db #0x80	; 128
      000055 40                     146 	.db #0x40	; 64
      000056 80                     147 	.db #0x80	; 128
      000057 40                     148 	.db #0x40	; 64
      000058 D0                     149 	.db #0xd0	; 208
      000059 30                     150 	.db #0x30	; 48	'0'
      00005A E8                     151 	.db #0xe8	; 232
      00005B 38                     152 	.db #0x38	; 56	'8'
      00005C F8                     153 	.db #0xf8	; 248
      00005D C8                     154 	.db #0xc8	; 200
      00005E FC                     155 	.db #0xfc	; 252
      00005F 04                     156 	.db #0x04	; 4
      000060 00                     157 	.db #0x00	; 0
      000061 01                     158 	.db #0x01	; 1
      000062 00                     159 	.db #0x00	; 0
      000063 01                     160 	.db #0x01	; 1
      000064 02                     161 	.db #0x02	; 2
      000065 01                     162 	.db #0x01	; 1
      000066 04                     163 	.db #0x04	; 4
      000067 01                     164 	.db #0x01	; 1
      000068 08                     165 	.db #0x08	; 8
      000069 01                     166 	.db #0x01	; 1
      00006A 10                     167 	.db #0x10	; 16
      00006B 00                     168 	.db #0x00	; 0
      00006C 20                     169 	.db #0x20	; 32
      00006D 00                     170 	.db #0x00	; 0
      00006E 01                     171 	.db #0x01	; 1
      00006F FD                     172 	.db #0xfd	; 253
      000070 00                     173 	.db #0x00	; 0
      000071 80                     174 	.db #0x80	; 128
      000072 00                     175 	.db #0x00	; 0
      000073 80                     176 	.db #0x80	; 128
      000074 40                     177 	.db #0x40	; 64
      000075 80                     178 	.db #0x80	; 128
      000076 20                     179 	.db #0x20	; 32
      000077 80                     180 	.db #0x80	; 128
      000078 10                     181 	.db #0x10	; 16
      000079 80                     182 	.db #0x80	; 128
      00007A 08                     183 	.db #0x08	; 8
      00007B 00                     184 	.db #0x00	; 0
      00007C 04                     185 	.db #0x04	; 4
      00007D 00                     186 	.db #0x00	; 0
      00007E 80                     187 	.db #0x80	; 128
      00007F BF                     188 	.db #0xbf	; 191
      000080 00                     189 	.db #0x00	; 0
      000081 00                     190 	.db #0x00	; 0
      000082 FC                     191 	.db #0xfc	; 252
      000083 00                     192 	.db #0x00	; 0
      000084 03                     193 	.db #0x03	; 3
      000085 03                     194 	.db #0x03	; 3
      000086 F7                     195 	.db #0xf7	; 247
      000087 07                     196 	.db #0x07	; 7
      000088 0F                     197 	.db #0x0f	; 15
      000089 0F                     198 	.db #0x0f	; 15
      00008A EF                     199 	.db #0xef	; 239
      00008B 0F                     200 	.db #0x0f	; 15
      00008C 1F                     201 	.db #0x1f	; 31
      00008D 1F                     202 	.db #0x1f	; 31
      00008E 1F                     203 	.db #0x1f	; 31
      00008F 1E                     204 	.db #0x1e	; 30
      000090 00                     205 	.db #0x00	; 0
      000091 00                     206 	.db #0x00	; 0
      000092 E0                     207 	.db #0xe0	; 224
      000093 E0                     208 	.db #0xe0	; 224
      000094 F8                     209 	.db #0xf8	; 248
      000095 F8                     210 	.db #0xf8	; 248
      000096 F8                     211 	.db #0xf8	; 248
      000097 F8                     212 	.db #0xf8	; 248
      000098 F8                     213 	.db #0xf8	; 248
      000099 F8                     214 	.db #0xf8	; 248
      00009A FC                     215 	.db #0xfc	; 252
      00009B FC                     216 	.db #0xfc	; 252
      00009C 1C                     217 	.db #0x1c	; 28
      00009D 1C                     218 	.db #0x1c	; 28
      00009E 1C                     219 	.db #0x1c	; 28
      00009F 1C                     220 	.db #0x1c	; 28
      0000A0 FB                     221 	.db #0xfb	; 251
      0000A1 0F                     222 	.db #0x0f	; 15
      0000A2 0A                     223 	.db #0x0a	; 10
      0000A3 0F                     224 	.db #0x0f	; 15
      0000A4 FA                     225 	.db #0xfa	; 250
      0000A5 0F                     226 	.db #0x0f	; 15
      0000A6 0A                     227 	.db #0x0a	; 10
      0000A7 0F                     228 	.db #0x0f	; 15
      0000A8 BF                     229 	.db #0xbf	; 191
      0000A9 0F                     230 	.db #0x0f	; 15
      0000AA BD                     231 	.db #0xbd	; 189
      0000AB 00                     232 	.db #0x00	; 0
      0000AC 81                     233 	.db #0x81	; 129
      0000AD 00                     234 	.db #0x00	; 0
      0000AE FD                     235 	.db #0xfd	; 253
      0000AF 00                     236 	.db #0x00	; 0
      0000B0 B0                     237 	.db #0xb0	; 176
      0000B1 F0                     238 	.db #0xf0	; 240
      0000B2 BF                     239 	.db #0xbf	; 191
      0000B3 F0                     240 	.db #0xf0	; 240
      0000B4 B0                     241 	.db #0xb0	; 176
      0000B5 F0                     242 	.db #0xf0	; 240
      0000B6 BF                     243 	.db #0xbf	; 191
      0000B7 F0                     244 	.db #0xf0	; 240
      0000B8 F8                     245 	.db #0xf8	; 248
      0000B9 F0                     246 	.db #0xf0	; 240
      0000BA 5B                     247 	.db #0x5b	; 91
      0000BB 00                     248 	.db #0x00	; 0
      0000BC 03                     249 	.db #0x03	; 3
      0000BD 00                     250 	.db #0x00	; 0
      0000BE 7F                     251 	.db #0x7f	; 127
      0000BF 00                     252 	.db #0x00	; 0
      0000C0 00                     253 	.db #0x00	; 0
      0000C1 00                     254 	.db #0x00	; 0
      0000C2 00                     255 	.db #0x00	; 0
      0000C3 00                     256 	.db #0x00	; 0
      0000C4 00                     257 	.db #0x00	; 0
      0000C5 00                     258 	.db #0x00	; 0
      0000C6 00                     259 	.db #0x00	; 0
      0000C7 0F                     260 	.db #0x0f	; 15
      0000C8 17                     261 	.db #0x17	; 23
      0000C9 18                     262 	.db #0x18	; 24
      0000CA 17                     263 	.db #0x17	; 23
      0000CB 1F                     264 	.db #0x1f	; 31
      0000CC 00                     265 	.db #0x00	; 0
      0000CD 0F                     266 	.db #0x0f	; 15
      0000CE 00                     267 	.db #0x00	; 0
      0000CF 00                     268 	.db #0x00	; 0
      0000D0 3C                     269 	.db #0x3c	; 60
      0000D1 5A                     270 	.db #0x5a	; 90	'Z'
      0000D2 3C                     271 	.db #0x3c	; 60
      0000D3 5A                     272 	.db #0x5a	; 90	'Z'
      0000D4 3C                     273 	.db #0x3c	; 60
      0000D5 5A                     274 	.db #0x5a	; 90	'Z'
      0000D6 7C                     275 	.db #0x7c	; 124
      0000D7 9A                     276 	.db #0x9a	; 154
      0000D8 FC                     277 	.db #0xfc	; 252
      0000D9 72                     278 	.db #0x72	; 114	'r'
      0000DA FC                     279 	.db #0xfc	; 252
      0000DB 82                     280 	.db #0x82	; 130
      0000DC 00                     281 	.db #0x00	; 0
      0000DD FC                     282 	.db #0xfc	; 252
      0000DE 00                     283 	.db #0x00	; 0
      0000DF 00                     284 	.db #0x00	; 0
      0000E0 02                     285 	.db #0x02	; 2
      0000E1 03                     286 	.db #0x03	; 3
      0000E2 01                     287 	.db #0x01	; 1
      0000E3 01                     288 	.db #0x01	; 1
      0000E4 01                     289 	.db #0x01	; 1
      0000E5 01                     290 	.db #0x01	; 1
      0000E6 00                     291 	.db #0x00	; 0
      0000E7 00                     292 	.db #0x00	; 0
      0000E8 00                     293 	.db #0x00	; 0
      0000E9 00                     294 	.db #0x00	; 0
      0000EA 00                     295 	.db #0x00	; 0
      0000EB 00                     296 	.db #0x00	; 0
      0000EC 00                     297 	.db #0x00	; 0
      0000ED 00                     298 	.db #0x00	; 0
      0000EE 00                     299 	.db #0x00	; 0
      0000EF 00                     300 	.db #0x00	; 0
      0000F0 FC                     301 	.db #0xfc	; 252
      0000F1 04                     302 	.db #0x04	; 4
      0000F2 FE                     303 	.db #0xfe	; 254
      0000F3 02                     304 	.db #0x02	; 2
      0000F4 FE                     305 	.db #0xfe	; 254
      0000F5 02                     306 	.db #0x02	; 2
      0000F6 FF                     307 	.db #0xff	; 255
      0000F7 81                     308 	.db #0x81	; 129
      0000F8 7F                     309 	.db #0x7f	; 127
      0000F9 41                     310 	.db #0x41	; 65	'A'
      0000FA 3E                     311 	.db #0x3e	; 62
      0000FB 22                     312 	.db #0x22	; 34
      0000FC 3C                     313 	.db #0x3c	; 60
      0000FD 2C                     314 	.db #0x2c	; 44
      0000FE 10                     315 	.db #0x10	; 16
      0000FF 10                     316 	.db #0x10	; 16
      000100 01                     317 	.db #0x01	; 1
      000101 FD                     318 	.db #0xfd	; 253
      000102 20                     319 	.db #0x20	; 32
      000103 00                     320 	.db #0x00	; 0
      000104 10                     321 	.db #0x10	; 16
      000105 00                     322 	.db #0x00	; 0
      000106 08                     323 	.db #0x08	; 8
      000107 01                     324 	.db #0x01	; 1
      000108 04                     325 	.db #0x04	; 4
      000109 01                     326 	.db #0x01	; 1
      00010A 02                     327 	.db #0x02	; 2
      00010B 01                     328 	.db #0x01	; 1
      00010C 00                     329 	.db #0x00	; 0
      00010D 01                     330 	.db #0x01	; 1
      00010E 00                     331 	.db #0x00	; 0
      00010F 01                     332 	.db #0x01	; 1
      000110 80                     333 	.db #0x80	; 128
      000111 BF                     334 	.db #0xbf	; 191
      000112 04                     335 	.db #0x04	; 4
      000113 00                     336 	.db #0x00	; 0
      000114 08                     337 	.db #0x08	; 8
      000115 00                     338 	.db #0x00	; 0
      000116 10                     339 	.db #0x10	; 16
      000117 80                     340 	.db #0x80	; 128
      000118 20                     341 	.db #0x20	; 32
      000119 80                     342 	.db #0x80	; 128
      00011A 40                     343 	.db #0x40	; 64
      00011B 80                     344 	.db #0x80	; 128
      00011C 00                     345 	.db #0x00	; 0
      00011D 80                     346 	.db #0x80	; 128
      00011E 00                     347 	.db #0x00	; 0
      00011F 80                     348 	.db #0x80	; 128
      000120 FF                     349 	.db #0xff	; 255
      000121 3C                     350 	.db #0x3c	; 60
      000122 3F                     351 	.db #0x3f	; 63
      000123 3C                     352 	.db #0x3c	; 60
      000124 3F                     353 	.db #0x3f	; 63
      000125 3C                     354 	.db #0x3c	; 60
      000126 FF                     355 	.db #0xff	; 255
      000127 3F                     356 	.db #0x3f	; 63
      000128 3F                     357 	.db #0x3f	; 63
      000129 3F                     358 	.db #0x3f	; 63
      00012A 3F                     359 	.db #0x3f	; 63
      00012B 3F                     360 	.db #0x3f	; 63
      00012C DF                     361 	.db #0xdf	; 223
      00012D 1F                     362 	.db #0x1f	; 31
      00012E 0F                     363 	.db #0x0f	; 15
      00012F 0F                     364 	.db #0x0f	; 15
      000130 1C                     365 	.db #0x1c	; 28
      000131 1C                     366 	.db #0x1c	; 28
      000132 F8                     367 	.db #0xf8	; 248
      000133 38                     368 	.db #0x38	; 56	'8'
      000134 F8                     369 	.db #0xf8	; 248
      000135 78                     370 	.db #0x78	; 120	'x'
      000136 F8                     371 	.db #0xf8	; 248
      000137 F8                     372 	.db #0xf8	; 248
      000138 F0                     373 	.db #0xf0	; 240
      000139 F0                     374 	.db #0xf0	; 240
      00013A E0                     375 	.db #0xe0	; 224
      00013B E0                     376 	.db #0xe0	; 224
      00013C C0                     377 	.db #0xc0	; 192
      00013D C0                     378 	.db #0xc0	; 192
      00013E 80                     379 	.db #0x80	; 128
      00013F 80                     380 	.db #0x80	; 128
      000140 7E                     381 	.db #0x7e	; 126
      000141 7E                     382 	.db #0x7e	; 126
      000142 FF                     383 	.db #0xff	; 255
      000143 FF                     384 	.db #0xff	; 255
      000144 81                     385 	.db #0x81	; 129
      000145 99                     386 	.db #0x99	; 153
      000146 99                     387 	.db #0x99	; 153
      000147 99                     388 	.db #0x99	; 153
      000148 FF                     389 	.db #0xff	; 255
      000149 FF                     390 	.db #0xff	; 255
      00014A 7E                     391 	.db #0x7e	; 126
      00014B 5A                     392 	.db #0x5a	; 90	'Z'
      00014C 7E                     393 	.db #0x7e	; 126
      00014D 42                     394 	.db #0x42	; 66	'B'
      00014E 3C                     395 	.db #0x3c	; 60
      00014F 3C                     396 	.db #0x3c	; 60
      000150 60                     397 	.db #0x60	; 96
      000151 60                     398 	.db #0x60	; 96
      000152 90                     399 	.db #0x90	; 144
      000153 60                     400 	.db #0x60	; 96
      000154 90                     401 	.db #0x90	; 144
      000155 F0                     402 	.db #0xf0	; 240
      000156 90                     403 	.db #0x90	; 144
      000157 F0                     404 	.db #0xf0	; 240
      000158 80                     405 	.db #0x80	; 128
      000159 70                     406 	.db #0x70	; 112	'p'
      00015A 83                     407 	.db #0x83	; 131
      00015B 73                     408 	.db #0x73	; 115	's'
      00015C 41                     409 	.db #0x41	; 65	'A'
      00015D 7F                     410 	.db #0x7f	; 127
      00015E 39                     411 	.db #0x39	; 57	'9'
      00015F 27                     412 	.db #0x27	; 39
      000160 06                     413 	.db #0x06	; 6
      000161 06                     414 	.db #0x06	; 6
      000162 09                     415 	.db #0x09	; 9
      000163 06                     416 	.db #0x06	; 6
      000164 09                     417 	.db #0x09	; 9
      000165 0F                     418 	.db #0x0f	; 15
      000166 09                     419 	.db #0x09	; 9
      000167 0F                     420 	.db #0x0f	; 15
      000168 01                     421 	.db #0x01	; 1
      000169 0E                     422 	.db #0x0e	; 14
      00016A C1                     423 	.db #0xc1	; 193
      00016B CE                     424 	.db #0xce	; 206
      00016C 82                     425 	.db #0x82	; 130
      00016D FE                     426 	.db #0xfe	; 254
      00016E 9C                     427 	.db #0x9c	; 156
      00016F E4                     428 	.db #0xe4	; 228
      000170 00                     429 	.db #0x00	; 0
      000171 00                     430 	.db #0x00	; 0
      000172 00                     431 	.db #0x00	; 0
      000173 00                     432 	.db #0x00	; 0
      000174 18                     433 	.db #0x18	; 24
      000175 00                     434 	.db #0x00	; 0
      000176 00                     435 	.db #0x00	; 0
      000177 18                     436 	.db #0x18	; 24
      000178 3C                     437 	.db #0x3c	; 60
      000179 7E                     438 	.db #0x7e	; 126
      00017A 24                     439 	.db #0x24	; 36
      00017B 66                     440 	.db #0x66	; 102	'f'
      00017C 24                     441 	.db #0x24	; 36
      00017D 66                     442 	.db #0x66	; 102	'f'
      00017E E7                     443 	.db #0xe7	; 231
      00017F 66                     444 	.db #0x66	; 102	'f'
      000180 3C                     445 	.db #0x3c	; 60
      000181 3C                     446 	.db #0x3c	; 60
      000182 5A                     447 	.db #0x5a	; 90	'Z'
      000183 66                     448 	.db #0x66	; 102	'f'
      000184 42                     449 	.db #0x42	; 66	'B'
      000185 7E                     450 	.db #0x7e	; 126
      000186 5A                     451 	.db #0x5a	; 90	'Z'
      000187 66                     452 	.db #0x66	; 102	'f'
      000188 42                     453 	.db #0x42	; 66	'B'
      000189 7E                     454 	.db #0x7e	; 126
      00018A 5A                     455 	.db #0x5a	; 90	'Z'
      00018B 66                     456 	.db #0x66	; 102	'f'
      00018C 4F                     457 	.db #0x4f	; 79	'O'
      00018D 7F                     458 	.db #0x7f	; 127
      00018E 30                     459 	.db #0x30	; 48	'0'
      00018F 3F                     460 	.db #0x3f	; 63
      000190 3C                     461 	.db #0x3c	; 60
      000191 3C                     462 	.db #0x3c	; 60
      000192 5A                     463 	.db #0x5a	; 90	'Z'
      000193 66                     464 	.db #0x66	; 102	'f'
      000194 42                     465 	.db #0x42	; 66	'B'
      000195 7E                     466 	.db #0x7e	; 126
      000196 5A                     467 	.db #0x5a	; 90	'Z'
      000197 66                     468 	.db #0x66	; 102	'f'
      000198 42                     469 	.db #0x42	; 66	'B'
      000199 7E                     470 	.db #0x7e	; 126
      00019A 5A                     471 	.db #0x5a	; 90	'Z'
      00019B 66                     472 	.db #0x66	; 102	'f'
      00019C F2                     473 	.db #0xf2	; 242
      00019D FE                     474 	.db #0xfe	; 254
      00019E 0C                     475 	.db #0x0c	; 12
      00019F FC                     476 	.db #0xfc	; 252
      0001A0 00                     477 	.db #0x00	; 0
      0001A1 00                     478 	.db #0x00	; 0
      0001A2 00                     479 	.db #0x00	; 0
      0001A3 00                     480 	.db #0x00	; 0
      0001A4 00                     481 	.db #0x00	; 0
      0001A5 00                     482 	.db #0x00	; 0
      0001A6 00                     483 	.db #0x00	; 0
      0001A7 00                     484 	.db #0x00	; 0
      0001A8 00                     485 	.db #0x00	; 0
      0001A9 00                     486 	.db #0x00	; 0
      0001AA 00                     487 	.db #0x00	; 0
      0001AB 00                     488 	.db #0x00	; 0
      0001AC 00                     489 	.db #0x00	; 0
      0001AD 00                     490 	.db #0x00	; 0
      0001AE 00                     491 	.db #0x00	; 0
      0001AF 00                     492 	.db #0x00	; 0
      0001B0 00                     493 	.db #0x00	; 0
      0001B1 00                     494 	.db #0x00	; 0
      0001B2 00                     495 	.db #0x00	; 0
      0001B3 00                     496 	.db #0x00	; 0
      0001B4 00                     497 	.db #0x00	; 0
      0001B5 00                     498 	.db #0x00	; 0
      0001B6 00                     499 	.db #0x00	; 0
      0001B7 00                     500 	.db #0x00	; 0
      0001B8 00                     501 	.db #0x00	; 0
      0001B9 00                     502 	.db #0x00	; 0
      0001BA 00                     503 	.db #0x00	; 0
      0001BB 00                     504 	.db #0x00	; 0
      0001BC 00                     505 	.db #0x00	; 0
      0001BD 00                     506 	.db #0x00	; 0
      0001BE 00                     507 	.db #0x00	; 0
      0001BF 00                     508 	.db #0x00	; 0
      0001C0 00                     509 	.db #0x00	; 0
      0001C1 00                     510 	.db #0x00	; 0
      0001C2 00                     511 	.db #0x00	; 0
      0001C3 00                     512 	.db #0x00	; 0
      0001C4 00                     513 	.db #0x00	; 0
      0001C5 00                     514 	.db #0x00	; 0
      0001C6 00                     515 	.db #0x00	; 0
      0001C7 00                     516 	.db #0x00	; 0
      0001C8 00                     517 	.db #0x00	; 0
      0001C9 00                     518 	.db #0x00	; 0
      0001CA 00                     519 	.db #0x00	; 0
      0001CB 00                     520 	.db #0x00	; 0
      0001CC 00                     521 	.db #0x00	; 0
      0001CD 00                     522 	.db #0x00	; 0
      0001CE 00                     523 	.db #0x00	; 0
      0001CF 00                     524 	.db #0x00	; 0
      0001D0 00                     525 	.db #0x00	; 0
      0001D1 00                     526 	.db #0x00	; 0
      0001D2 00                     527 	.db #0x00	; 0
      0001D3 00                     528 	.db #0x00	; 0
      0001D4 00                     529 	.db #0x00	; 0
      0001D5 00                     530 	.db #0x00	; 0
      0001D6 00                     531 	.db #0x00	; 0
      0001D7 00                     532 	.db #0x00	; 0
      0001D8 00                     533 	.db #0x00	; 0
      0001D9 00                     534 	.db #0x00	; 0
      0001DA 00                     535 	.db #0x00	; 0
      0001DB 00                     536 	.db #0x00	; 0
      0001DC 00                     537 	.db #0x00	; 0
      0001DD 00                     538 	.db #0x00	; 0
      0001DE 00                     539 	.db #0x00	; 0
      0001DF 00                     540 	.db #0x00	; 0
      0001E0 00                     541 	.db #0x00	; 0
      0001E1 00                     542 	.db #0x00	; 0
      0001E2 00                     543 	.db #0x00	; 0
      0001E3 00                     544 	.db #0x00	; 0
      0001E4 00                     545 	.db #0x00	; 0
      0001E5 00                     546 	.db #0x00	; 0
      0001E6 00                     547 	.db #0x00	; 0
      0001E7 00                     548 	.db #0x00	; 0
      0001E8 00                     549 	.db #0x00	; 0
      0001E9 00                     550 	.db #0x00	; 0
      0001EA 00                     551 	.db #0x00	; 0
      0001EB 00                     552 	.db #0x00	; 0
      0001EC 00                     553 	.db #0x00	; 0
      0001ED 00                     554 	.db #0x00	; 0
      0001EE 00                     555 	.db #0x00	; 0
      0001EF 00                     556 	.db #0x00	; 0
      0001F0 00                     557 	.db #0x00	; 0
      0001F1 00                     558 	.db #0x00	; 0
      0001F2 00                     559 	.db #0x00	; 0
      0001F3 00                     560 	.db #0x00	; 0
      0001F4 00                     561 	.db #0x00	; 0
      0001F5 00                     562 	.db #0x00	; 0
      0001F6 00                     563 	.db #0x00	; 0
      0001F7 00                     564 	.db #0x00	; 0
      0001F8 00                     565 	.db #0x00	; 0
      0001F9 00                     566 	.db #0x00	; 0
      0001FA 00                     567 	.db #0x00	; 0
      0001FB 00                     568 	.db #0x00	; 0
      0001FC 00                     569 	.db #0x00	; 0
      0001FD 00                     570 	.db #0x00	; 0
      0001FE 00                     571 	.db #0x00	; 0
      0001FF 00                     572 	.db #0x00	; 0
                                    573 	.area _INITIALIZER
                                    574 	.area _CABS (ABS)
