                                      1 ;--------------------------------------------------------
                                      2 ; File Created by SDCC : free open source ISO C Compiler 
                                      3 ; Version 4.2.2 #13350 (Linux)
                                      4 ;--------------------------------------------------------
                                      5 	.module Icon_Small_Arrows
                                      6 	.optsdcc -msm83
                                      7 	
                                      8 ;--------------------------------------------------------
                                      9 ; Public variables in this module
                                     10 ;--------------------------------------------------------
                                     11 	.globl _Icon_Small_Arrows
                                     12 	.globl b___func_Icon_Small_Arrows_bank
                                     13 	.globl ___func_Icon_Small_Arrows_bank
                                     14 ;--------------------------------------------------------
                                     15 ; special function registers
                                     16 ;--------------------------------------------------------
                                     17 ;--------------------------------------------------------
                                     18 ; ram data
                                     19 ;--------------------------------------------------------
                                     20 	.area _DATA
                                     21 ;--------------------------------------------------------
                                     22 ; ram data
                                     23 ;--------------------------------------------------------
                                     24 	.area _INITIALIZED
                                     25 ;--------------------------------------------------------
                                     26 ; absolute external ram data
                                     27 ;--------------------------------------------------------
                                     28 	.area _DABS (ABS)
                                     29 ;--------------------------------------------------------
                                     30 ; global & static initialisations
                                     31 ;--------------------------------------------------------
                                     32 	.area _HOME
                                     33 	.area _GSINIT
                                     34 	.area _GSFINAL
                                     35 	.area _GSINIT
                                     36 ;--------------------------------------------------------
                                     37 ; Home
                                     38 ;--------------------------------------------------------
                                     39 	.area _HOME
                                     40 	.area _HOME
                                     41 ;--------------------------------------------------------
                                     42 ; code
                                     43 ;--------------------------------------------------------
                                     44 	.area _CODE_255
                           000000    45 	G$__func_Icon_Small_Arrows_bank$0$0	= .
                                     46 	.globl	G$__func_Icon_Small_Arrows_bank$0$0
                           000000    47 	C$Icon_Small_Arrows.c$27$0_0$119	= .
                                     48 	.globl	C$Icon_Small_Arrows.c$27$0_0$119
                                     49 ;res/icons/Icon_Small_Arrows.c:27: BANKREF(Icon_Small_Arrows_bank)
                                     50 ;	---------------------------------
                                     51 ; Function __func_Icon_Small_Arrows_bank
                                     52 ; ---------------------------------
                           0000FF    53 	b___func_Icon_Small_Arrows_bank	= 255
      000000                         54 ___func_Icon_Small_Arrows_bank::
                                     55 	.local b___func_Icon_Small_Arrows_bank 
                           0000FF    56 	___bank_Icon_Small_Arrows_bank = b___func_Icon_Small_Arrows_bank 
                                     57 	.globl ___bank_Icon_Small_Arrows_bank 
                                     58 	.area _CODE_255
                           000000    59 G$Icon_Small_Arrows$0_0$0 == .
      000000                         60 _Icon_Small_Arrows:
      000000 00                      61 	.db #0x00	; 0
      000001 00                      62 	.db #0x00	; 0
      000002 00                      63 	.db #0x00	; 0
      000003 04                      64 	.db #0x04	; 4
      000004 00                      65 	.db #0x00	; 0
      000005 06                      66 	.db #0x06	; 6
      000006 00                      67 	.db #0x00	; 0
      000007 FF                      68 	.db #0xff	; 255
      000008 00                      69 	.db #0x00	; 0
      000009 FF                      70 	.db #0xff	; 255
      00000A 00                      71 	.db #0x00	; 0
      00000B 06                      72 	.db #0x06	; 6
      00000C 00                      73 	.db #0x00	; 0
      00000D 04                      74 	.db #0x04	; 4
      00000E 00                      75 	.db #0x00	; 0
      00000F 00                      76 	.db #0x00	; 0
      000010 00                      77 	.db #0x00	; 0
      000011 18                      78 	.db #0x18	; 24
      000012 00                      79 	.db #0x00	; 0
      000013 18                      80 	.db #0x18	; 24
      000014 00                      81 	.db #0x00	; 0
      000015 18                      82 	.db #0x18	; 24
      000016 00                      83 	.db #0x00	; 0
      000017 18                      84 	.db #0x18	; 24
      000018 00                      85 	.db #0x00	; 0
      000019 18                      86 	.db #0x18	; 24
      00001A 00                      87 	.db #0x00	; 0
      00001B 7E                      88 	.db #0x7e	; 126
      00001C 00                      89 	.db #0x00	; 0
      00001D 3C                      90 	.db #0x3c	; 60
      00001E 00                      91 	.db #0x00	; 0
      00001F 18                      92 	.db #0x18	; 24
      000020 00                      93 	.db #0x00	; 0
      000021 18                      94 	.db #0x18	; 24
      000022 00                      95 	.db #0x00	; 0
      000023 3C                      96 	.db #0x3c	; 60
      000024 00                      97 	.db #0x00	; 0
      000025 7E                      98 	.db #0x7e	; 126
      000026 00                      99 	.db #0x00	; 0
      000027 18                     100 	.db #0x18	; 24
      000028 00                     101 	.db #0x00	; 0
      000029 18                     102 	.db #0x18	; 24
      00002A 00                     103 	.db #0x00	; 0
      00002B 18                     104 	.db #0x18	; 24
      00002C 00                     105 	.db #0x00	; 0
      00002D 18                     106 	.db #0x18	; 24
      00002E 00                     107 	.db #0x00	; 0
      00002F 18                     108 	.db #0x18	; 24
      000030 00                     109 	.db #0x00	; 0
      000031 00                     110 	.db #0x00	; 0
      000032 00                     111 	.db #0x00	; 0
      000033 20                     112 	.db #0x20	; 32
      000034 00                     113 	.db #0x00	; 0
      000035 60                     114 	.db #0x60	; 96
      000036 00                     115 	.db #0x00	; 0
      000037 FF                     116 	.db #0xff	; 255
      000038 00                     117 	.db #0x00	; 0
      000039 FF                     118 	.db #0xff	; 255
      00003A 00                     119 	.db #0x00	; 0
      00003B 60                     120 	.db #0x60	; 96
      00003C 00                     121 	.db #0x00	; 0
      00003D 20                     122 	.db #0x20	; 32
      00003E 00                     123 	.db #0x00	; 0
      00003F 00                     124 	.db #0x00	; 0
                                    125 	.area _INITIALIZER
                                    126 	.area _CABS (ABS)
