                                      1 ;--------------------------------------------------------
                                      2 ; File Created by SDCC : free open source ISO C Compiler 
                                      3 ; Version 4.2.2 #13350 (Linux)
                                      4 ;--------------------------------------------------------
                                      5 	.module sound_effect2
                                      6 	.optsdcc -msm83
                                      7 	
                                      8 ;--------------------------------------------------------
                                      9 ; Public variables in this module
                                     10 ;--------------------------------------------------------
                                     11 	.globl _sound_effect2
                                     12 	.globl b___func_sound_effect2
                                     13 	.globl ___func_sound_effect2
                                     14 	.globl ___mute_mask_sound_effect2
                                     15 ;--------------------------------------------------------
                                     16 ; special function registers
                                     17 ;--------------------------------------------------------
                                     18 ;--------------------------------------------------------
                                     19 ; ram data
                                     20 ;--------------------------------------------------------
                                     21 	.area _DATA
                           00000B    22 G$__mute_mask_sound_effect2$0_0$0 == 0x000b
                           00000B    23 ___mute_mask_sound_effect2	=	0x000b
                                     24 ;--------------------------------------------------------
                                     25 ; ram data
                                     26 ;--------------------------------------------------------
                                     27 	.area _INITIALIZED
                                     28 ;--------------------------------------------------------
                                     29 ; absolute external ram data
                                     30 ;--------------------------------------------------------
                                     31 	.area _DABS (ABS)
                                     32 ;--------------------------------------------------------
                                     33 ; global & static initialisations
                                     34 ;--------------------------------------------------------
                                     35 	.area _HOME
                                     36 	.area _GSINIT
                                     37 	.area _GSFINAL
                                     38 	.area _GSINIT
                                     39 ;--------------------------------------------------------
                                     40 ; Home
                                     41 ;--------------------------------------------------------
                                     42 	.area _HOME
                                     43 	.area _HOME
                                     44 ;--------------------------------------------------------
                                     45 ; code
                                     46 ;--------------------------------------------------------
                                     47 	.area _CODE_255
                           000000    48 	G$__func_sound_effect2$0$0	= .
                                     49 	.globl	G$__func_sound_effect2$0$0
                           000000    50 	C$sound_effect2.c$7$0_0$119	= .
                                     51 	.globl	C$sound_effect2.c$7$0_0$119
                                     52 ;res/sfx/sound_effect2.c:7: BANKREF(sound_effect2)
                                     53 ;	---------------------------------
                                     54 ; Function __func_sound_effect2
                                     55 ; ---------------------------------
                           0000FF    56 	b___func_sound_effect2	= 255
      000000                         57 ___func_sound_effect2::
                                     58 	.local b___func_sound_effect2 
                           0000FF    59 	___bank_sound_effect2 = b___func_sound_effect2 
                                     60 	.globl ___bank_sound_effect2 
                                     61 	.area _CODE_255
                           000000    62 G$sound_effect2$0_0$0 == .
      000000                         63 _sound_effect2:
      000000 33                      64 	.db #0x33	; 51	'3'
      000001 A8                      65 	.db #0xa8	; 168
      000002 00                      66 	.db #0x00	; 0
      000003 00                      67 	.db #0x00	; 0
      000004 80                      68 	.db #0x80	; 128
      000005 29                      69 	.db #0x29	; 41
      000006 00                      70 	.db #0x00	; 0
      000007 80                      71 	.db #0x80	; 128
      000008 2B                      72 	.db #0x2b	; 43
      000009 00                      73 	.db #0x00	; 0
      00000A 80                      74 	.db #0x80	; 128
      00000B 30                      75 	.db #0x30	; 48	'0'
      00000C 32                      76 	.db #0x32	; 50	'2'
      00000D F8                      77 	.db #0xf8	; 248
      00000E 1B                      78 	.db #0x1b	; 27
      00000F 80                      79 	.db #0x80	; 128
      000010 A1                      80 	.db #0xa1	; 161
      000011 08                      81 	.db #0x08	; 8
      000012 86                      82 	.db #0x86	; 134
      000013 79                      83 	.db #0x79	; 121	'y'
      000014 80                      84 	.db #0x80	; 128
      000015 20                      85 	.db #0x20	; 32
      000016 24                      86 	.db #0x24	; 36
      000017 06                      87 	.db #0x06	; 6
      000018 32                      88 	.db #0x32	; 50	'2'
      000019 19                      89 	.db #0x19	; 25
      00001A B0                      90 	.db #0xb0	; 176
      00001B 06                      91 	.db #0x06	; 6
      00001C 3B                      92 	.db #0x3b	; 59
      00001D 41                      93 	.db #0x41	; 65	'A'
      00001E 10                      94 	.db #0x10	; 16
      00001F 80                      95 	.db #0x80	; 128
      000020 31                      96 	.db #0x31	; 49	'1'
      000021 19                      97 	.db #0x19	; 25
      000022 5F                      98 	.db #0x5f	; 95
      000023 05                      99 	.db #0x05	; 5
      000024 31                     100 	.db #0x31	; 49	'1'
      000025 19                     101 	.db #0x19	; 25
      000026 24                     102 	.db #0x24	; 36
      000027 06                     103 	.db #0x06	; 6
      000028 31                     104 	.db #0x31	; 49	'1'
      000029 59                     105 	.db #0x59	; 89	'Y'
      00002A 00                     106 	.db #0x00	; 0
      00002B B0                     107 	.db #0xb0	; 176
      00002C 06                     108 	.db #0x06	; 6
      00002D 31                     109 	.db #0x31	; 49	'1'
      00002E 19                     110 	.db #0x19	; 25
      00002F 5F                     111 	.db #0x5f	; 95
      000030 05                     112 	.db #0x05	; 5
      000031 31                     113 	.db #0x31	; 49	'1'
      000032 19                     114 	.db #0x19	; 25
      000033 24                     115 	.db #0x24	; 36
      000034 06                     116 	.db #0x06	; 6
      000035 31                     117 	.db #0x31	; 49	'1'
      000036 19                     118 	.db #0x19	; 25
      000037 B0                     119 	.db #0xb0	; 176
      000038 06                     120 	.db #0x06	; 6
      000039 31                     121 	.db #0x31	; 49	'1'
      00003A 59                     122 	.db #0x59	; 89	'Y'
      00003B 40                     123 	.db #0x40	; 64
      00003C 5F                     124 	.db #0x5f	; 95
      00003D 05                     125 	.db #0x05	; 5
      00003E 31                     126 	.db #0x31	; 49	'1'
      00003F 19                     127 	.db #0x19	; 25
      000040 24                     128 	.db #0x24	; 36
      000041 06                     129 	.db #0x06	; 6
      000042 31                     130 	.db #0x31	; 49	'1'
      000043 19                     131 	.db #0x19	; 25
      000044 B0                     132 	.db #0xb0	; 176
      000045 06                     133 	.db #0x06	; 6
      000046 31                     134 	.db #0x31	; 49	'1'
      000047 19                     135 	.db #0x19	; 25
      000048 5F                     136 	.db #0x5f	; 95
      000049 05                     137 	.db #0x05	; 5
      00004A 31                     138 	.db #0x31	; 49	'1'
      00004B 59                     139 	.db #0x59	; 89	'Y'
      00004C 80                     140 	.db #0x80	; 128
      00004D 24                     141 	.db #0x24	; 36
      00004E 06                     142 	.db #0x06	; 6
      00004F 31                     143 	.db #0x31	; 49	'1'
      000050 19                     144 	.db #0x19	; 25
      000051 B0                     145 	.db #0xb0	; 176
      000052 06                     146 	.db #0x06	; 6
      000053 31                     147 	.db #0x31	; 49	'1'
      000054 19                     148 	.db #0x19	; 25
      000055 5F                     149 	.db #0x5f	; 95
      000056 05                     150 	.db #0x05	; 5
      000057 31                     151 	.db #0x31	; 49	'1'
      000058 19                     152 	.db #0x19	; 25
      000059 24                     153 	.db #0x24	; 36
      00005A 06                     154 	.db #0x06	; 6
      00005B 31                     155 	.db #0x31	; 49	'1'
      00005C 59                     156 	.db #0x59	; 89	'Y'
      00005D C0                     157 	.db #0xc0	; 192
      00005E B0                     158 	.db #0xb0	; 176
      00005F 06                     159 	.db #0x06	; 6
      000060 32                     160 	.db #0x32	; 50	'2'
      000061 19                     161 	.db #0x19	; 25
      000062 5F                     162 	.db #0x5f	; 95
      000063 05                     163 	.db #0x05	; 5
      000064 3B                     164 	.db #0x3b	; 59
      000065 41                     165 	.db #0x41	; 65	'A'
      000066 10                     166 	.db #0x10	; 16
      000067 80                     167 	.db #0x80	; 128
      000068 31                     168 	.db #0x31	; 49	'1'
      000069 19                     169 	.db #0x19	; 25
      00006A 24                     170 	.db #0x24	; 36
      00006B 06                     171 	.db #0x06	; 6
      00006C 31                     172 	.db #0x31	; 49	'1'
      00006D 19                     173 	.db #0x19	; 25
      00006E B0                     174 	.db #0xb0	; 176
      00006F 06                     175 	.db #0x06	; 6
      000070 31                     176 	.db #0x31	; 49	'1'
      000071 79                     177 	.db #0x79	; 121	'y'
      000072 80                     178 	.db #0x80	; 128
      000073 30                     179 	.db #0x30	; 48	'0'
      000074 5F                     180 	.db #0x5f	; 95
      000075 05                     181 	.db #0x05	; 5
      000076 31                     182 	.db #0x31	; 49	'1'
      000077 19                     183 	.db #0x19	; 25
      000078 24                     184 	.db #0x24	; 36
      000079 06                     185 	.db #0x06	; 6
      00007A 31                     186 	.db #0x31	; 49	'1'
      00007B 19                     187 	.db #0x19	; 25
      00007C B0                     188 	.db #0xb0	; 176
      00007D 06                     189 	.db #0x06	; 6
      00007E 31                     190 	.db #0x31	; 49	'1'
      00007F 19                     191 	.db #0x19	; 25
      000080 5F                     192 	.db #0x5f	; 95
      000081 05                     193 	.db #0x05	; 5
      000082 31                     194 	.db #0x31	; 49	'1'
      000083 59                     195 	.db #0x59	; 89	'Y'
      000084 40                     196 	.db #0x40	; 64
      000085 24                     197 	.db #0x24	; 36
      000086 06                     198 	.db #0x06	; 6
      000087 31                     199 	.db #0x31	; 49	'1'
      000088 19                     200 	.db #0x19	; 25
      000089 B0                     201 	.db #0xb0	; 176
      00008A 06                     202 	.db #0x06	; 6
      00008B 31                     203 	.db #0x31	; 49	'1'
      00008C 19                     204 	.db #0x19	; 25
      00008D 5F                     205 	.db #0x5f	; 95
      00008E 05                     206 	.db #0x05	; 5
      00008F 31                     207 	.db #0x31	; 49	'1'
      000090 19                     208 	.db #0x19	; 25
      000091 24                     209 	.db #0x24	; 36
      000092 06                     210 	.db #0x06	; 6
      000093 31                     211 	.db #0x31	; 49	'1'
      000094 59                     212 	.db #0x59	; 89	'Y'
      000095 00                     213 	.db #0x00	; 0
      000096 B0                     214 	.db #0xb0	; 176
      000097 06                     215 	.db #0x06	; 6
      000098 31                     216 	.db #0x31	; 49	'1'
      000099 19                     217 	.db #0x19	; 25
      00009A 5F                     218 	.db #0x5f	; 95
      00009B 05                     219 	.db #0x05	; 5
      00009C 31                     220 	.db #0x31	; 49	'1'
      00009D 19                     221 	.db #0x19	; 25
      00009E 24                     222 	.db #0x24	; 36
      00009F 06                     223 	.db #0x06	; 6
      0000A0 31                     224 	.db #0x31	; 49	'1'
      0000A1 19                     225 	.db #0x19	; 25
      0000A2 B0                     226 	.db #0xb0	; 176
      0000A3 06                     227 	.db #0x06	; 6
      0000A4 32                     228 	.db #0x32	; 50	'2'
      0000A5 59                     229 	.db #0x59	; 89	'Y'
      0000A6 40                     230 	.db #0x40	; 64
      0000A7 5F                     231 	.db #0x5f	; 95
      0000A8 05                     232 	.db #0x05	; 5
      0000A9 3B                     233 	.db #0x3b	; 59
      0000AA 87                     234 	.db #0x87	; 135
      0000AB 4E                     235 	.db #0x4e	; 78	'N'
      0000AC 80                     236 	.db #0x80	; 128
      0000AD 32                     237 	.db #0x32	; 50	'2'
      0000AE 19                     238 	.db #0x19	; 25
      0000AF 24                     239 	.db #0x24	; 36
      0000B0 06                     240 	.db #0x06	; 6
      0000B1 3B                     241 	.db #0x3b	; 59
      0000B2 A1                     242 	.db #0xa1	; 161
      0000B3 00                     243 	.db #0x00	; 0
      0000B4 80                     244 	.db #0x80	; 128
      0000B5 31                     245 	.db #0x31	; 49	'1'
      0000B6 19                     246 	.db #0x19	; 25
      0000B7 B0                     247 	.db #0xb0	; 176
      0000B8 06                     248 	.db #0x06	; 6
      0000B9 31                     249 	.db #0x31	; 49	'1'
      0000BA 19                     250 	.db #0x19	; 25
      0000BB 5F                     251 	.db #0x5f	; 95
      0000BC 05                     252 	.db #0x05	; 5
      0000BD 31                     253 	.db #0x31	; 49	'1'
      0000BE 79                     254 	.db #0x79	; 121	'y'
      0000BF 80                     255 	.db #0x80	; 128
      0000C0 40                     256 	.db #0x40	; 64
      0000C1 24                     257 	.db #0x24	; 36
      0000C2 06                     258 	.db #0x06	; 6
      0000C3 31                     259 	.db #0x31	; 49	'1'
      0000C4 19                     260 	.db #0x19	; 25
      0000C5 B0                     261 	.db #0xb0	; 176
      0000C6 06                     262 	.db #0x06	; 6
      0000C7 31                     263 	.db #0x31	; 49	'1'
      0000C8 19                     264 	.db #0x19	; 25
      0000C9 5F                     265 	.db #0x5f	; 95
      0000CA 05                     266 	.db #0x05	; 5
      0000CB 31                     267 	.db #0x31	; 49	'1'
      0000CC 19                     268 	.db #0x19	; 25
      0000CD 24                     269 	.db #0x24	; 36
      0000CE 06                     270 	.db #0x06	; 6
      0000CF 31                     271 	.db #0x31	; 49	'1'
      0000D0 59                     272 	.db #0x59	; 89	'Y'
      0000D1 C0                     273 	.db #0xc0	; 192
      0000D2 B0                     274 	.db #0xb0	; 176
      0000D3 06                     275 	.db #0x06	; 6
      0000D4 31                     276 	.db #0x31	; 49	'1'
      0000D5 19                     277 	.db #0x19	; 25
      0000D6 5F                     278 	.db #0x5f	; 95
      0000D7 05                     279 	.db #0x05	; 5
      0000D8 31                     280 	.db #0x31	; 49	'1'
      0000D9 19                     281 	.db #0x19	; 25
      0000DA 24                     282 	.db #0x24	; 36
      0000DB 06                     283 	.db #0x06	; 6
      0000DC 32                     284 	.db #0x32	; 50	'2'
      0000DD 19                     285 	.db #0x19	; 25
      0000DE B0                     286 	.db #0xb0	; 176
      0000DF 06                     287 	.db #0x06	; 6
      0000E0 2B                     288 	.db #0x2b	; 43
      0000E1 11                     289 	.db #0x11	; 17
      0000E2 80                     290 	.db #0x80	; 128
      0000E3 31                     291 	.db #0x31	; 49	'1'
      0000E4 59                     292 	.db #0x59	; 89	'Y'
      0000E5 80                     293 	.db #0x80	; 128
      0000E6 5F                     294 	.db #0x5f	; 95
      0000E7 05                     295 	.db #0x05	; 5
      0000E8 31                     296 	.db #0x31	; 49	'1'
      0000E9 19                     297 	.db #0x19	; 25
      0000EA 24                     298 	.db #0x24	; 36
      0000EB 06                     299 	.db #0x06	; 6
      0000EC 31                     300 	.db #0x31	; 49	'1'
      0000ED 19                     301 	.db #0x19	; 25
      0000EE B0                     302 	.db #0xb0	; 176
      0000EF 06                     303 	.db #0x06	; 6
      0000F0 31                     304 	.db #0x31	; 49	'1'
      0000F1 19                     305 	.db #0x19	; 25
      0000F2 5F                     306 	.db #0x5f	; 95
      0000F3 05                     307 	.db #0x05	; 5
      0000F4 31                     308 	.db #0x31	; 49	'1'
      0000F5 59                     309 	.db #0x59	; 89	'Y'
      0000F6 40                     310 	.db #0x40	; 64
      0000F7 24                     311 	.db #0x24	; 36
      0000F8 06                     312 	.db #0x06	; 6
      0000F9 32                     313 	.db #0x32	; 50	'2'
      0000FA 19                     314 	.db #0x19	; 25
      0000FB B0                     315 	.db #0xb0	; 176
      0000FC 06                     316 	.db #0x06	; 6
      0000FD 3B                     317 	.db #0x3b	; 59
      0000FE 41                     318 	.db #0x41	; 65	'A'
      0000FF 10                     319 	.db #0x10	; 16
      000100 80                     320 	.db #0x80	; 128
      000101 31                     321 	.db #0x31	; 49	'1'
      000102 19                     322 	.db #0x19	; 25
      000103 5F                     323 	.db #0x5f	; 95
      000104 05                     324 	.db #0x05	; 5
      000105 31                     325 	.db #0x31	; 49	'1'
      000106 19                     326 	.db #0x19	; 25
      000107 24                     327 	.db #0x24	; 36
      000108 06                     328 	.db #0x06	; 6
      000109 31                     329 	.db #0x31	; 49	'1'
      00010A 59                     330 	.db #0x59	; 89	'Y'
      00010B 00                     331 	.db #0x00	; 0
      00010C B0                     332 	.db #0xb0	; 176
      00010D 06                     333 	.db #0x06	; 6
      00010E 31                     334 	.db #0x31	; 49	'1'
      00010F 19                     335 	.db #0x19	; 25
      000110 5F                     336 	.db #0x5f	; 95
      000111 05                     337 	.db #0x05	; 5
      000112 31                     338 	.db #0x31	; 49	'1'
      000113 19                     339 	.db #0x19	; 25
      000114 24                     340 	.db #0x24	; 36
      000115 06                     341 	.db #0x06	; 6
      000116 31                     342 	.db #0x31	; 49	'1'
      000117 19                     343 	.db #0x19	; 25
      000118 B0                     344 	.db #0xb0	; 176
      000119 06                     345 	.db #0x06	; 6
      00011A 31                     346 	.db #0x31	; 49	'1'
      00011B 59                     347 	.db #0x59	; 89	'Y'
      00011C 40                     348 	.db #0x40	; 64
      00011D 5F                     349 	.db #0x5f	; 95
      00011E 05                     350 	.db #0x05	; 5
      00011F 31                     351 	.db #0x31	; 49	'1'
      000120 19                     352 	.db #0x19	; 25
      000121 24                     353 	.db #0x24	; 36
      000122 06                     354 	.db #0x06	; 6
      000123 33                     355 	.db #0x33	; 51	'3'
      000124 F8                     356 	.db #0xf8	; 248
      000125 1B                     357 	.db #0x1b	; 27
      000126 80                     358 	.db #0x80	; 128
      000127 81                     359 	.db #0x81	; 129
      000128 08                     360 	.db #0x08	; 8
      000129 86                     361 	.db #0x86	; 134
      00012A 19                     362 	.db #0x19	; 25
      00012B B0                     363 	.db #0xb0	; 176
      00012C 06                     364 	.db #0x06	; 6
      00012D 3B                     365 	.db #0x3b	; 59
      00012E 41                     366 	.db #0x41	; 65	'A'
      00012F 00                     367 	.db #0x00	; 0
      000130 80                     368 	.db #0x80	; 128
      000131 31                     369 	.db #0x31	; 49	'1'
      000132 19                     370 	.db #0x19	; 25
      000133 5F                     371 	.db #0x5f	; 95
      000134 05                     372 	.db #0x05	; 5
      000135 31                     373 	.db #0x31	; 49	'1'
      000136 79                     374 	.db #0x79	; 121	'y'
      000137 80                     375 	.db #0x80	; 128
      000138 50                     376 	.db #0x50	; 80	'P'
      000139 24                     377 	.db #0x24	; 36
      00013A 06                     378 	.db #0x06	; 6
      00013B 31                     379 	.db #0x31	; 49	'1'
      00013C 19                     380 	.db #0x19	; 25
      00013D B0                     381 	.db #0xb0	; 176
      00013E 06                     382 	.db #0x06	; 6
      00013F 31                     383 	.db #0x31	; 49	'1'
      000140 19                     384 	.db #0x19	; 25
      000141 5F                     385 	.db #0x5f	; 95
      000142 05                     386 	.db #0x05	; 5
      000143 31                     387 	.db #0x31	; 49	'1'
      000144 19                     388 	.db #0x19	; 25
      000145 24                     389 	.db #0x24	; 36
      000146 06                     390 	.db #0x06	; 6
      000147 32                     391 	.db #0x32	; 50	'2'
      000148 F8                     392 	.db #0xf8	; 248
      000149 1B                     393 	.db #0x1b	; 27
      00014A 80                     394 	.db #0x80	; 128
      00014B A1                     395 	.db #0xa1	; 161
      00014C 08                     396 	.db #0x08	; 8
      00014D 86                     397 	.db #0x86	; 134
      00014E 59                     398 	.db #0x59	; 89	'Y'
      00014F C0                     399 	.db #0xc0	; 192
      000150 B0                     400 	.db #0xb0	; 176
      000151 06                     401 	.db #0x06	; 6
      000152 32                     402 	.db #0x32	; 50	'2'
      000153 19                     403 	.db #0x19	; 25
      000154 5F                     404 	.db #0x5f	; 95
      000155 05                     405 	.db #0x05	; 5
      000156 3B                     406 	.db #0x3b	; 59
      000157 41                     407 	.db #0x41	; 65	'A'
      000158 10                     408 	.db #0x10	; 16
      000159 80                     409 	.db #0x80	; 128
      00015A 31                     410 	.db #0x31	; 49	'1'
      00015B 19                     411 	.db #0x19	; 25
      00015C 24                     412 	.db #0x24	; 36
      00015D 06                     413 	.db #0x06	; 6
      00015E 31                     414 	.db #0x31	; 49	'1'
      00015F 19                     415 	.db #0x19	; 25
      000160 B0                     416 	.db #0xb0	; 176
      000161 06                     417 	.db #0x06	; 6
      000162 31                     418 	.db #0x31	; 49	'1'
      000163 59                     419 	.db #0x59	; 89	'Y'
      000164 80                     420 	.db #0x80	; 128
      000165 5F                     421 	.db #0x5f	; 95
      000166 05                     422 	.db #0x05	; 5
      000167 31                     423 	.db #0x31	; 49	'1'
      000168 19                     424 	.db #0x19	; 25
      000169 24                     425 	.db #0x24	; 36
      00016A 06                     426 	.db #0x06	; 6
      00016B 31                     427 	.db #0x31	; 49	'1'
      00016C 19                     428 	.db #0x19	; 25
      00016D B0                     429 	.db #0xb0	; 176
      00016E 06                     430 	.db #0x06	; 6
      00016F 31                     431 	.db #0x31	; 49	'1'
      000170 19                     432 	.db #0x19	; 25
      000171 5F                     433 	.db #0x5f	; 95
      000172 05                     434 	.db #0x05	; 5
      000173 31                     435 	.db #0x31	; 49	'1'
      000174 59                     436 	.db #0x59	; 89	'Y'
      000175 40                     437 	.db #0x40	; 64
      000176 24                     438 	.db #0x24	; 36
      000177 06                     439 	.db #0x06	; 6
      000178 31                     440 	.db #0x31	; 49	'1'
      000179 19                     441 	.db #0x19	; 25
      00017A B0                     442 	.db #0xb0	; 176
      00017B 06                     443 	.db #0x06	; 6
      00017C 31                     444 	.db #0x31	; 49	'1'
      00017D 19                     445 	.db #0x19	; 25
      00017E 5F                     446 	.db #0x5f	; 95
      00017F 05                     447 	.db #0x05	; 5
      000180 31                     448 	.db #0x31	; 49	'1'
      000181 19                     449 	.db #0x19	; 25
      000182 24                     450 	.db #0x24	; 36
      000183 06                     451 	.db #0x06	; 6
      000184 31                     452 	.db #0x31	; 49	'1'
      000185 79                     453 	.db #0x79	; 121	'y'
      000186 00                     454 	.db #0x00	; 0
      000187 40                     455 	.db #0x40	; 64
      000188 B0                     456 	.db #0xb0	; 176
      000189 06                     457 	.db #0x06	; 6
      00018A 31                     458 	.db #0x31	; 49	'1'
      00018B 19                     459 	.db #0x19	; 25
      00018C 5F                     460 	.db #0x5f	; 95
      00018D 05                     461 	.db #0x05	; 5
      00018E 31                     462 	.db #0x31	; 49	'1'
      00018F 19                     463 	.db #0x19	; 25
      000190 24                     464 	.db #0x24	; 36
      000191 06                     465 	.db #0x06	; 6
      000192 31                     466 	.db #0x31	; 49	'1'
      000193 19                     467 	.db #0x19	; 25
      000194 B0                     468 	.db #0xb0	; 176
      000195 06                     469 	.db #0x06	; 6
      000196 33                     470 	.db #0x33	; 51	'3'
      000197 F8                     471 	.db #0xf8	; 248
      000198 1B                     472 	.db #0x1b	; 27
      000199 80                     473 	.db #0x80	; 128
      00019A A1                     474 	.db #0xa1	; 161
      00019B 08                     475 	.db #0x08	; 8
      00019C 86                     476 	.db #0x86	; 134
      00019D 59                     477 	.db #0x59	; 89	'Y'
      00019E 40                     478 	.db #0x40	; 64
      00019F 5F                     479 	.db #0x5f	; 95
      0001A0 05                     480 	.db #0x05	; 5
      0001A1 3B                     481 	.db #0x3b	; 59
      0001A2 31                     482 	.db #0x31	; 49	'1'
      0001A3 11                     483 	.db #0x11	; 17
      0001A4 80                     484 	.db #0x80	; 128
      0001A5 31                     485 	.db #0x31	; 49	'1'
      0001A6 19                     486 	.db #0x19	; 25
      0001A7 24                     487 	.db #0x24	; 36
      0001A8 06                     488 	.db #0x06	; 6
      0001A9 31                     489 	.db #0x31	; 49	'1'
      0001AA 19                     490 	.db #0x19	; 25
      0001AB B0                     491 	.db #0xb0	; 176
      0001AC 06                     492 	.db #0x06	; 6
      0001AD 31                     493 	.db #0x31	; 49	'1'
      0001AE 19                     494 	.db #0x19	; 25
      0001AF 5F                     495 	.db #0x5f	; 95
      0001B0 05                     496 	.db #0x05	; 5
      0001B1 31                     497 	.db #0x31	; 49	'1'
      0001B2 59                     498 	.db #0x59	; 89	'Y'
      0001B3 80                     499 	.db #0x80	; 128
      0001B4 24                     500 	.db #0x24	; 36
      0001B5 06                     501 	.db #0x06	; 6
      0001B6 32                     502 	.db #0x32	; 50	'2'
      0001B7 19                     503 	.db #0x19	; 25
      0001B8 B0                     504 	.db #0xb0	; 176
      0001B9 06                     505 	.db #0x06	; 6
      0001BA 2B                     506 	.db #0x2b	; 43
      0001BB 21                     507 	.db #0x21	; 33
      0001BC 80                     508 	.db #0x80	; 128
      0001BD 31                     509 	.db #0x31	; 49	'1'
      0001BE 19                     510 	.db #0x19	; 25
      0001BF 5F                     511 	.db #0x5f	; 95
      0001C0 05                     512 	.db #0x05	; 5
      0001C1 31                     513 	.db #0x31	; 49	'1'
      0001C2 19                     514 	.db #0x19	; 25
      0001C3 24                     515 	.db #0x24	; 36
      0001C4 06                     516 	.db #0x06	; 6
      0001C5 31                     517 	.db #0x31	; 49	'1'
      0001C6 59                     518 	.db #0x59	; 89	'Y'
      0001C7 40                     519 	.db #0x40	; 64
      0001C8 B0                     520 	.db #0xb0	; 176
      0001C9 06                     521 	.db #0x06	; 6
      0001CA 31                     522 	.db #0x31	; 49	'1'
      0001CB 19                     523 	.db #0x19	; 25
      0001CC 5F                     524 	.db #0x5f	; 95
      0001CD 05                     525 	.db #0x05	; 5
      0001CE 32                     526 	.db #0x32	; 50	'2'
      0001CF 19                     527 	.db #0x19	; 25
      0001D0 24                     528 	.db #0x24	; 36
      0001D1 06                     529 	.db #0x06	; 6
      0001D2 0B                     530 	.db #0x0b	; 11
      0001D3 80                     531 	.db #0x80	; 128
      0001D4 31                     532 	.db #0x31	; 49	'1'
      0001D5 19                     533 	.db #0x19	; 25
      0001D6 B0                     534 	.db #0xb0	; 176
      0001D7 06                     535 	.db #0x06	; 6
      0001D8 31                     536 	.db #0x31	; 49	'1'
      0001D9 79                     537 	.db #0x79	; 121	'y'
      0001DA 00                     538 	.db #0x00	; 0
      0001DB 20                     539 	.db #0x20	; 32
      0001DC 5F                     540 	.db #0x5f	; 95
      0001DD 05                     541 	.db #0x05	; 5
      0001DE 31                     542 	.db #0x31	; 49	'1'
      0001DF 19                     543 	.db #0x19	; 25
      0001E0 24                     544 	.db #0x24	; 36
      0001E1 06                     545 	.db #0x06	; 6
      0001E2 31                     546 	.db #0x31	; 49	'1'
      0001E3 19                     547 	.db #0x19	; 25
      0001E4 B0                     548 	.db #0xb0	; 176
      0001E5 06                     549 	.db #0x06	; 6
      0001E6 31                     550 	.db #0x31	; 49	'1'
      0001E7 19                     551 	.db #0x19	; 25
      0001E8 5F                     552 	.db #0x5f	; 95
      0001E9 05                     553 	.db #0x05	; 5
      0001EA 32                     554 	.db #0x32	; 50	'2'
      0001EB 59                     555 	.db #0x59	; 89	'Y'
      0001EC 40                     556 	.db #0x40	; 64
      0001ED 24                     557 	.db #0x24	; 36
      0001EE 06                     558 	.db #0x06	; 6
      0001EF 3B                     559 	.db #0x3b	; 59
      0001F0 87                     560 	.db #0x87	; 135
      0001F1 4E                     561 	.db #0x4e	; 78	'N'
      0001F2 80                     562 	.db #0x80	; 128
      0001F3 32                     563 	.db #0x32	; 50	'2'
      0001F4 19                     564 	.db #0x19	; 25
      0001F5 B0                     565 	.db #0xb0	; 176
      0001F6 06                     566 	.db #0x06	; 6
      0001F7 3B                     567 	.db #0x3b	; 59
      0001F8 A1                     568 	.db #0xa1	; 161
      0001F9 00                     569 	.db #0x00	; 0
      0001FA 80                     570 	.db #0x80	; 128
      0001FB 31                     571 	.db #0x31	; 49	'1'
      0001FC 19                     572 	.db #0x19	; 25
      0001FD 5F                     573 	.db #0x5f	; 95
      0001FE 05                     574 	.db #0x05	; 5
      0001FF 31                     575 	.db #0x31	; 49	'1'
      000200 19                     576 	.db #0x19	; 25
      000201 24                     577 	.db #0x24	; 36
      000202 06                     578 	.db #0x06	; 6
      000203 31                     579 	.db #0x31	; 49	'1'
      000204 59                     580 	.db #0x59	; 89	'Y'
      000205 80                     581 	.db #0x80	; 128
      000206 B0                     582 	.db #0xb0	; 176
      000207 06                     583 	.db #0x06	; 6
      000208 31                     584 	.db #0x31	; 49	'1'
      000209 19                     585 	.db #0x19	; 25
      00020A 5F                     586 	.db #0x5f	; 95
      00020B 05                     587 	.db #0x05	; 5
      00020C 31                     588 	.db #0x31	; 49	'1'
      00020D 19                     589 	.db #0x19	; 25
      00020E 24                     590 	.db #0x24	; 36
      00020F 06                     591 	.db #0x06	; 6
      000210 31                     592 	.db #0x31	; 49	'1'
      000211 19                     593 	.db #0x19	; 25
      000212 B0                     594 	.db #0xb0	; 176
      000213 06                     595 	.db #0x06	; 6
      000214 31                     596 	.db #0x31	; 49	'1'
      000215 19                     597 	.db #0x19	; 25
      000216 5F                     598 	.db #0x5f	; 95
      000217 05                     599 	.db #0x05	; 5
      000218 31                     600 	.db #0x31	; 49	'1'
      000219 59                     601 	.db #0x59	; 89	'Y'
      00021A C0                     602 	.db #0xc0	; 192
      00021B 24                     603 	.db #0x24	; 36
      00021C 06                     604 	.db #0x06	; 6
      00021D 31                     605 	.db #0x31	; 49	'1'
      00021E 19                     606 	.db #0x19	; 25
      00021F B0                     607 	.db #0xb0	; 176
      000220 06                     608 	.db #0x06	; 6
      000221 32                     609 	.db #0x32	; 50	'2'
      000222 19                     610 	.db #0x19	; 25
      000223 5F                     611 	.db #0x5f	; 95
      000224 05                     612 	.db #0x05	; 5
      000225 2B                     613 	.db #0x2b	; 43
      000226 11                     614 	.db #0x11	; 17
      000227 80                     615 	.db #0x80	; 128
      000228 31                     616 	.db #0x31	; 49	'1'
      000229 19                     617 	.db #0x19	; 25
      00022A 24                     618 	.db #0x24	; 36
      00022B 06                     619 	.db #0x06	; 6
      00022C 31                     620 	.db #0x31	; 49	'1'
      00022D 59                     621 	.db #0x59	; 89	'Y'
      00022E 80                     622 	.db #0x80	; 128
      00022F B0                     623 	.db #0xb0	; 176
      000230 06                     624 	.db #0x06	; 6
      000231 31                     625 	.db #0x31	; 49	'1'
      000232 19                     626 	.db #0x19	; 25
      000233 5F                     627 	.db #0x5f	; 95
      000234 05                     628 	.db #0x05	; 5
      000235 31                     629 	.db #0x31	; 49	'1'
      000236 19                     630 	.db #0x19	; 25
      000237 24                     631 	.db #0x24	; 36
      000238 06                     632 	.db #0x06	; 6
      000239 32                     633 	.db #0x32	; 50	'2'
      00023A 19                     634 	.db #0x19	; 25
      00023B B0                     635 	.db #0xb0	; 176
      00023C 06                     636 	.db #0x06	; 6
      00023D 3B                     637 	.db #0x3b	; 59
      00023E 56                     638 	.db #0x56	; 86	'V'
      00023F 01                     639 	.db #0x01	; 1
      000240 80                     640 	.db #0x80	; 128
      000241 31                     641 	.db #0x31	; 49	'1'
      000242 59                     642 	.db #0x59	; 89	'Y'
      000243 40                     643 	.db #0x40	; 64
      000244 5F                     644 	.db #0x5f	; 95
      000245 05                     645 	.db #0x05	; 5
      000246 31                     646 	.db #0x31	; 49	'1'
      000247 19                     647 	.db #0x19	; 25
      000248 24                     648 	.db #0x24	; 36
      000249 06                     649 	.db #0x06	; 6
      00024A 31                     650 	.db #0x31	; 49	'1'
      00024B 19                     651 	.db #0x19	; 25
      00024C B0                     652 	.db #0xb0	; 176
      00024D 06                     653 	.db #0x06	; 6
      00024E 31                     654 	.db #0x31	; 49	'1'
      00024F 19                     655 	.db #0x19	; 25
      000250 5F                     656 	.db #0x5f	; 95
      000251 05                     657 	.db #0x05	; 5
      000252 31                     658 	.db #0x31	; 49	'1'
      000253 79                     659 	.db #0x79	; 121	'y'
      000254 00                     660 	.db #0x00	; 0
      000255 10                     661 	.db #0x10	; 16
      000256 24                     662 	.db #0x24	; 36
      000257 06                     663 	.db #0x06	; 6
      000258 31                     664 	.db #0x31	; 49	'1'
      000259 19                     665 	.db #0x19	; 25
      00025A B0                     666 	.db #0xb0	; 176
      00025B 06                     667 	.db #0x06	; 6
      00025C 31                     668 	.db #0x31	; 49	'1'
      00025D 19                     669 	.db #0x19	; 25
      00025E 5F                     670 	.db #0x5f	; 95
      00025F 05                     671 	.db #0x05	; 5
      000260 31                     672 	.db #0x31	; 49	'1'
      000261 19                     673 	.db #0x19	; 25
      000262 24                     674 	.db #0x24	; 36
      000263 06                     675 	.db #0x06	; 6
      000264 31                     676 	.db #0x31	; 49	'1'
      000265 59                     677 	.db #0x59	; 89	'Y'
      000266 40                     678 	.db #0x40	; 64
      000267 B0                     679 	.db #0xb0	; 176
      000268 06                     680 	.db #0x06	; 6
      000269 32                     681 	.db #0x32	; 50	'2'
      00026A F8                     682 	.db #0xf8	; 248
      00026B 1B                     683 	.db #0x1b	; 27
      00026C 80                     684 	.db #0x80	; 128
      00026D 81                     685 	.db #0x81	; 129
      00026E 08                     686 	.db #0x08	; 8
      00026F 86                     687 	.db #0x86	; 134
      000270 19                     688 	.db #0x19	; 25
      000271 5F                     689 	.db #0x5f	; 95
      000272 05                     690 	.db #0x05	; 5
      000273 31                     691 	.db #0x31	; 49	'1'
      000274 19                     692 	.db #0x19	; 25
      000275 24                     693 	.db #0x24	; 36
      000276 06                     694 	.db #0x06	; 6
      000277 31                     695 	.db #0x31	; 49	'1'
      000278 19                     696 	.db #0x19	; 25
      000279 B0                     697 	.db #0xb0	; 176
      00027A 06                     698 	.db #0x06	; 6
      00027B 31                     699 	.db #0x31	; 49	'1'
      00027C 59                     700 	.db #0x59	; 89	'Y'
      00027D 80                     701 	.db #0x80	; 128
      00027E 5F                     702 	.db #0x5f	; 95
      00027F 05                     703 	.db #0x05	; 5
      000280 31                     704 	.db #0x31	; 49	'1'
      000281 19                     705 	.db #0x19	; 25
      000282 24                     706 	.db #0x24	; 36
      000283 06                     707 	.db #0x06	; 6
      000284 31                     708 	.db #0x31	; 49	'1'
      000285 19                     709 	.db #0x19	; 25
      000286 B0                     710 	.db #0xb0	; 176
      000287 06                     711 	.db #0x06	; 6
      000288 30                     712 	.db #0x30	; 48	'0'
      000289 30                     713 	.db #0x30	; 48	'0'
      00028A 30                     714 	.db #0x30	; 48	'0'
      00028B 30                     715 	.db #0x30	; 48	'0'
      00028C 30                     716 	.db #0x30	; 48	'0'
      00028D 30                     717 	.db #0x30	; 48	'0'
      00028E 30                     718 	.db #0x30	; 48	'0'
      00028F 30                     719 	.db #0x30	; 48	'0'
      000290 30                     720 	.db #0x30	; 48	'0'
      000291 30                     721 	.db #0x30	; 48	'0'
      000292 30                     722 	.db #0x30	; 48	'0'
      000293 30                     723 	.db #0x30	; 48	'0'
      000294 30                     724 	.db #0x30	; 48	'0'
      000295 30                     725 	.db #0x30	; 48	'0'
      000296 30                     726 	.db #0x30	; 48	'0'
      000297 30                     727 	.db #0x30	; 48	'0'
      000298 01                     728 	.db #0x01	; 1
      000299 07                     729 	.db #0x07	; 7
                                    730 	.area _INITIALIZER
                                    731 	.area _CABS (ABS)
