                                      1 ;--------------------------------------------------------
                                      2 ; File Created by SDCC : free open source ISO C Compiler 
                                      3 ; Version 4.2.2 #13350 (Linux)
                                      4 ;--------------------------------------------------------
                                      5 	.module sound_effect1
                                      6 	.optsdcc -msm83
                                      7 	
                                      8 ;--------------------------------------------------------
                                      9 ; Public variables in this module
                                     10 ;--------------------------------------------------------
                                     11 	.globl _sound_effect1
                                     12 	.globl b___func_sound_effect1
                                     13 	.globl ___func_sound_effect1
                                     14 	.globl ___mute_mask_sound_effect1
                                     15 ;--------------------------------------------------------
                                     16 ; special function registers
                                     17 ;--------------------------------------------------------
                                     18 ;--------------------------------------------------------
                                     19 ; ram data
                                     20 ;--------------------------------------------------------
                                     21 	.area _DATA
                           00000B    22 G$__mute_mask_sound_effect1$0_0$0 == 0x000b
                           00000B    23 ___mute_mask_sound_effect1	=	0x000b
                                     24 ;--------------------------------------------------------
                                     25 ; ram data
                                     26 ;--------------------------------------------------------
                                     27 	.area _INITIALIZED
                                     28 ;--------------------------------------------------------
                                     29 ; absolute external ram data
                                     30 ;--------------------------------------------------------
                                     31 	.area _DABS (ABS)
                                     32 ;--------------------------------------------------------
                                     33 ; global & static initialisations
                                     34 ;--------------------------------------------------------
                                     35 	.area _HOME
                                     36 	.area _GSINIT
                                     37 	.area _GSFINAL
                                     38 	.area _GSINIT
                                     39 ;--------------------------------------------------------
                                     40 ; Home
                                     41 ;--------------------------------------------------------
                                     42 	.area _HOME
                                     43 	.area _HOME
                                     44 ;--------------------------------------------------------
                                     45 ; code
                                     46 ;--------------------------------------------------------
                                     47 	.area _CODE_255
                           000000    48 	G$__func_sound_effect1$0$0	= .
                                     49 	.globl	G$__func_sound_effect1$0$0
                           000000    50 	C$sound_effect1.c$7$0_0$119	= .
                                     51 	.globl	C$sound_effect1.c$7$0_0$119
                                     52 ;res/sfx/sound_effect1.c:7: BANKREF(sound_effect1)
                                     53 ;	---------------------------------
                                     54 ; Function __func_sound_effect1
                                     55 ; ---------------------------------
                           0000FF    56 	b___func_sound_effect1	= 255
      000000                         57 ___func_sound_effect1::
                                     58 	.local b___func_sound_effect1 
                           0000FF    59 	___bank_sound_effect1 = b___func_sound_effect1 
                                     60 	.globl ___bank_sound_effect1 
                                     61 	.area _CODE_255
                           000000    62 G$sound_effect1$0_0$0 == .
      000000                         63 _sound_effect1:
      000000 33                      64 	.db #0x33	; 51	'3'
      000001 F8                      65 	.db #0xf8	; 248
      000002 00                      66 	.db #0x00	; 0
      000003 00                      67 	.db #0x00	; 0
      000004 00                      68 	.db #0x00	; 0
      000005 00                      69 	.db #0x00	; 0
      000006 80                      70 	.db #0x80	; 128
      000007 79                      71 	.db #0x79	; 121	'y'
      000008 00                      72 	.db #0x00	; 0
      000009 00                      73 	.db #0x00	; 0
      00000A 00                      74 	.db #0x00	; 0
      00000B 80                      75 	.db #0x80	; 128
      00000C 7B                      76 	.db #0x7b	; 123
      00000D 00                      77 	.db #0x00	; 0
      00000E 00                      78 	.db #0x00	; 0
      00000F 00                      79 	.db #0x00	; 0
      000010 80                      80 	.db #0x80	; 128
      000011 30                      81 	.db #0x30	; 48	'0'
      000012 30                      82 	.db #0x30	; 48	'0'
      000013 30                      83 	.db #0x30	; 48	'0'
      000014 30                      84 	.db #0x30	; 48	'0'
      000015 31                      85 	.db #0x31	; 49	'1'
      000016 F8                      86 	.db #0xf8	; 248
      000017 00                      87 	.db #0x00	; 0
      000018 80                      88 	.db #0x80	; 128
      000019 F0                      89 	.db #0xf0	; 240
      00001A 00                      90 	.db #0x00	; 0
      00001B 80                      91 	.db #0x80	; 128
      00001C 30                      92 	.db #0x30	; 48	'0'
      00001D 30                      93 	.db #0x30	; 48	'0'
      00001E 31                      94 	.db #0x31	; 49	'1'
      00001F 38                      95 	.db #0x38	; 56	'8'
      000020 F0                      96 	.db #0xf0	; 240
      000021 9D                      97 	.db #0x9d	; 157
      000022 80                      98 	.db #0x80	; 128
      000023 30                      99 	.db #0x30	; 48	'0'
      000024 30                     100 	.db #0x30	; 48	'0'
      000025 31                     101 	.db #0x31	; 49	'1'
      000026 38                     102 	.db #0x38	; 56	'8'
      000027 F0                     103 	.db #0xf0	; 240
      000028 6B                     104 	.db #0x6b	; 107	'k'
      000029 81                     105 	.db #0x81	; 129
      00002A 30                     106 	.db #0x30	; 48	'0'
      00002B 30                     107 	.db #0x30	; 48	'0'
      00002C 31                     108 	.db #0x31	; 49	'1'
      00002D 38                     109 	.db #0x38	; 56	'8'
      00002E F0                     110 	.db #0xf0	; 240
      00002F 77                     111 	.db #0x77	; 119	'w'
      000030 82                     112 	.db #0x82	; 130
      000031 30                     113 	.db #0x30	; 48	'0'
      000032 30                     114 	.db #0x30	; 48	'0'
      000033 31                     115 	.db #0x31	; 49	'1'
      000034 38                     116 	.db #0x38	; 56	'8'
      000035 F0                     117 	.db #0xf0	; 240
      000036 12                     118 	.db #0x12	; 18
      000037 83                     119 	.db #0x83	; 131
      000038 30                     120 	.db #0x30	; 48	'0'
      000039 30                     121 	.db #0x30	; 48	'0'
      00003A 31                     122 	.db #0x31	; 49	'1'
      00003B 38                     123 	.db #0x38	; 56	'8'
      00003C F0                     124 	.db #0xf0	; 240
      00003D 9B                     125 	.db #0x9b	; 155
      00003E 83                     126 	.db #0x83	; 131
      00003F 30                     127 	.db #0x30	; 48	'0'
      000040 30                     128 	.db #0x30	; 48	'0'
      000041 31                     129 	.db #0x31	; 49	'1'
      000042 38                     130 	.db #0x38	; 56	'8'
      000043 F0                     131 	.db #0xf0	; 240
      000044 4E                     132 	.db #0x4e	; 78	'N'
      000045 84                     133 	.db #0x84	; 132
      000046 30                     134 	.db #0x30	; 48	'0'
      000047 30                     135 	.db #0x30	; 48	'0'
      000048 31                     136 	.db #0x31	; 49	'1'
      000049 38                     137 	.db #0x38	; 56	'8'
      00004A F0                     138 	.db #0xf0	; 240
      00004B B5                     139 	.db #0xb5	; 181
      00004C 84                     140 	.db #0x84	; 132
      00004D 30                     141 	.db #0x30	; 48	'0'
      00004E 30                     142 	.db #0x30	; 48	'0'
      00004F 31                     143 	.db #0x31	; 49	'1'
      000050 38                     144 	.db #0x38	; 56	'8'
      000051 F0                     145 	.db #0xf0	; 240
      000052 3B                     146 	.db #0x3b	; 59
      000053 85                     147 	.db #0x85	; 133
      000054 30                     148 	.db #0x30	; 48	'0'
      000055 30                     149 	.db #0x30	; 48	'0'
      000056 31                     150 	.db #0x31	; 49	'1'
      000057 38                     151 	.db #0x38	; 56	'8'
      000058 F0                     152 	.db #0xf0	; 240
      000059 89                     153 	.db #0x89	; 137
      00005A 85                     154 	.db #0x85	; 133
      00005B 30                     155 	.db #0x30	; 48	'0'
      00005C 30                     156 	.db #0x30	; 48	'0'
      00005D 31                     157 	.db #0x31	; 49	'1'
      00005E 38                     158 	.db #0x38	; 56	'8'
      00005F F0                     159 	.db #0xf0	; 240
      000060 CE                     160 	.db #0xce	; 206
      000061 85                     161 	.db #0x85	; 133
      000062 30                     162 	.db #0x30	; 48	'0'
      000063 30                     163 	.db #0x30	; 48	'0'
      000064 31                     164 	.db #0x31	; 49	'1'
      000065 38                     165 	.db #0x38	; 56	'8'
      000066 F0                     166 	.db #0xf0	; 240
      000067 27                     167 	.db #0x27	; 39
      000068 86                     168 	.db #0x86	; 134
      000069 30                     169 	.db #0x30	; 48	'0'
      00006A 30                     170 	.db #0x30	; 48	'0'
      00006B 31                     171 	.db #0x31	; 49	'1'
      00006C 38                     172 	.db #0x38	; 56	'8'
      00006D F0                     173 	.db #0xf0	; 240
      00006E 5B                     174 	.db #0x5b	; 91
      00006F 86                     175 	.db #0x86	; 134
      000070 30                     176 	.db #0x30	; 48	'0'
      000071 30                     177 	.db #0x30	; 48	'0'
      000072 31                     178 	.db #0x31	; 49	'1'
      000073 38                     179 	.db #0x38	; 56	'8'
      000074 F0                     180 	.db #0xf0	; 240
      000075 9E                     181 	.db #0x9e	; 158
      000076 86                     182 	.db #0x86	; 134
      000077 30                     183 	.db #0x30	; 48	'0'
      000078 30                     184 	.db #0x30	; 48	'0'
      000079 31                     185 	.db #0x31	; 49	'1'
      00007A 38                     186 	.db #0x38	; 56	'8'
      00007B F0                     187 	.db #0xf0	; 240
      00007C C4                     188 	.db #0xc4	; 196
      00007D 86                     189 	.db #0x86	; 134
      00007E 30                     190 	.db #0x30	; 48	'0'
      00007F 30                     191 	.db #0x30	; 48	'0'
      000080 31                     192 	.db #0x31	; 49	'1'
      000081 38                     193 	.db #0x38	; 56	'8'
      000082 F0                     194 	.db #0xf0	; 240
      000083 E7                     195 	.db #0xe7	; 231
      000084 86                     196 	.db #0x86	; 134
      000085 30                     197 	.db #0x30	; 48	'0'
      000086 30                     198 	.db #0x30	; 48	'0'
      000087 31                     199 	.db #0x31	; 49	'1'
      000088 38                     200 	.db #0x38	; 56	'8'
      000089 F0                     201 	.db #0xf0	; 240
      00008A 14                     202 	.db #0x14	; 20
      00008B 87                     203 	.db #0x87	; 135
      00008C 30                     204 	.db #0x30	; 48	'0'
      00008D 30                     205 	.db #0x30	; 48	'0'
      00008E 31                     206 	.db #0x31	; 49	'1'
      00008F 38                     207 	.db #0x38	; 56	'8'
      000090 F0                     208 	.db #0xf0	; 240
      000091 2D                     209 	.db #0x2d	; 45
      000092 87                     210 	.db #0x87	; 135
      000093 30                     211 	.db #0x30	; 48	'0'
      000094 30                     212 	.db #0x30	; 48	'0'
      000095 31                     213 	.db #0x31	; 49	'1'
      000096 38                     214 	.db #0x38	; 56	'8'
      000097 F0                     215 	.db #0xf0	; 240
      000098 4F                     216 	.db #0x4f	; 79	'O'
      000099 87                     217 	.db #0x87	; 135
      00009A 30                     218 	.db #0x30	; 48	'0'
      00009B 30                     219 	.db #0x30	; 48	'0'
      00009C 31                     220 	.db #0x31	; 49	'1'
      00009D 38                     221 	.db #0x38	; 56	'8'
      00009E F0                     222 	.db #0xf0	; 240
      00009F 62                     223 	.db #0x62	; 98	'b'
      0000A0 87                     224 	.db #0x87	; 135
      0000A1 30                     225 	.db #0x30	; 48	'0'
      0000A2 30                     226 	.db #0x30	; 48	'0'
      0000A3 31                     227 	.db #0x31	; 49	'1'
      0000A4 38                     228 	.db #0x38	; 56	'8'
      0000A5 F0                     229 	.db #0xf0	; 240
      0000A6 73                     230 	.db #0x73	; 115	's'
      0000A7 87                     231 	.db #0x87	; 135
      0000A8 30                     232 	.db #0x30	; 48	'0'
      0000A9 30                     233 	.db #0x30	; 48	'0'
      0000AA 31                     234 	.db #0x31	; 49	'1'
      0000AB 38                     235 	.db #0x38	; 56	'8'
      0000AC F0                     236 	.db #0xf0	; 240
      0000AD 8A                     237 	.db #0x8a	; 138
      0000AE 87                     238 	.db #0x87	; 135
      0000AF 30                     239 	.db #0x30	; 48	'0'
      0000B0 30                     240 	.db #0x30	; 48	'0'
      0000B1 31                     241 	.db #0x31	; 49	'1'
      0000B2 38                     242 	.db #0x38	; 56	'8'
      0000B3 F0                     243 	.db #0xf0	; 240
      0000B4 97                     244 	.db #0x97	; 151
      0000B5 87                     245 	.db #0x87	; 135
      0000B6 30                     246 	.db #0x30	; 48	'0'
      0000B7 30                     247 	.db #0x30	; 48	'0'
      0000B8 31                     248 	.db #0x31	; 49	'1'
      0000B9 78                     249 	.db #0x78	; 120	'x'
      0000BA 80                     250 	.db #0x80	; 128
      0000BB F5                     251 	.db #0xf5	; 245
      0000BC A7                     252 	.db #0xa7	; 167
      0000BD 87                     253 	.db #0x87	; 135
      0000BE 30                     254 	.db #0x30	; 48	'0'
      0000BF 30                     255 	.db #0x30	; 48	'0'
      0000C0 01                     256 	.db #0x01	; 1
      0000C1 07                     257 	.db #0x07	; 7
                                    258 	.area _INITIALIZER
                                    259 	.area _CABS (ABS)
