                                      1 ;--------------------------------------------------------
                                      2 ; File Created by SDCC : free open source ISO C Compiler 
                                      3 ; Version 4.2.2 #13350 (Linux)
                                      4 ;--------------------------------------------------------
                                      5 	.module sound_effect3
                                      6 	.optsdcc -msm83
                                      7 	
                                      8 ;--------------------------------------------------------
                                      9 ; Public variables in this module
                                     10 ;--------------------------------------------------------
                                     11 	.globl _sound_effect3
                                     12 	.globl b___func_sound_effect3
                                     13 	.globl ___func_sound_effect3
                                     14 	.globl ___mute_mask_sound_effect3
                                     15 ;--------------------------------------------------------
                                     16 ; special function registers
                                     17 ;--------------------------------------------------------
                                     18 ;--------------------------------------------------------
                                     19 ; ram data
                                     20 ;--------------------------------------------------------
                                     21 	.area _DATA
                           00000B    22 G$__mute_mask_sound_effect3$0_0$0 == 0x000b
                           00000B    23 ___mute_mask_sound_effect3	=	0x000b
                                     24 ;--------------------------------------------------------
                                     25 ; ram data
                                     26 ;--------------------------------------------------------
                                     27 	.area _INITIALIZED
                                     28 ;--------------------------------------------------------
                                     29 ; absolute external ram data
                                     30 ;--------------------------------------------------------
                                     31 	.area _DABS (ABS)
                                     32 ;--------------------------------------------------------
                                     33 ; global & static initialisations
                                     34 ;--------------------------------------------------------
                                     35 	.area _HOME
                                     36 	.area _GSINIT
                                     37 	.area _GSFINAL
                                     38 	.area _GSINIT
                                     39 ;--------------------------------------------------------
                                     40 ; Home
                                     41 ;--------------------------------------------------------
                                     42 	.area _HOME
                                     43 	.area _HOME
                                     44 ;--------------------------------------------------------
                                     45 ; code
                                     46 ;--------------------------------------------------------
                                     47 	.area _CODE_255
                           000000    48 	G$__func_sound_effect3$0$0	= .
                                     49 	.globl	G$__func_sound_effect3$0$0
                           000000    50 	C$sound_effect3.c$7$0_0$119	= .
                                     51 	.globl	C$sound_effect3.c$7$0_0$119
                                     52 ;res/sfx/sound_effect3.c:7: BANKREF(sound_effect3)
                                     53 ;	---------------------------------
                                     54 ; Function __func_sound_effect3
                                     55 ; ---------------------------------
                           0000FF    56 	b___func_sound_effect3	= 255
      000000                         57 ___func_sound_effect3::
                                     58 	.local b___func_sound_effect3 
                           0000FF    59 	___bank_sound_effect3 = b___func_sound_effect3 
                                     60 	.globl ___bank_sound_effect3 
                                     61 	.area _CODE_255
                           000000    62 G$sound_effect3$0_0$0 == .
      000000                         63 _sound_effect3:
      000000 30                      64 	.db #0x30	; 48	'0'
      000001 31                      65 	.db #0x31	; 49	'1'
      000002 78                      66 	.db #0x78	; 120	'x'
      000003 80                      67 	.db #0x80	; 128
      000004 60                      68 	.db #0x60	; 96
      000005 39                      69 	.db #0x39	; 57	'9'
      000006 87                      70 	.db #0x87	; 135
      000007 30                      71 	.db #0x30	; 48	'0'
      000008 31                      72 	.db #0x31	; 49	'1'
      000009 79                      73 	.db #0x79	; 121	'y'
      00000A 80                      74 	.db #0x80	; 128
      00000B 83                      75 	.db #0x83	; 131
      00000C 06                      76 	.db #0x06	; 6
      00000D 87                      77 	.db #0x87	; 135
      00000E 30                      78 	.db #0x30	; 48	'0'
      00000F 30                      79 	.db #0x30	; 48	'0'
      000010 30                      80 	.db #0x30	; 48	'0'
      000011 30                      81 	.db #0x30	; 48	'0'
      000012 31                      82 	.db #0x31	; 49	'1'
      000013 7B                      83 	.db #0x7b	; 123
      000014 3A                      84 	.db #0x3a	; 58
      000015 A1                      85 	.db #0xa1	; 161
      000016 00                      86 	.db #0x00	; 0
      000017 C0                      87 	.db #0xc0	; 192
      000018 30                      88 	.db #0x30	; 48	'0'
      000019 30                      89 	.db #0x30	; 48	'0'
      00001A 30                      90 	.db #0x30	; 48	'0'
      00001B 30                      91 	.db #0x30	; 48	'0'
      00001C 30                      92 	.db #0x30	; 48	'0'
      00001D 30                      93 	.db #0x30	; 48	'0'
      00001E 30                      94 	.db #0x30	; 48	'0'
      00001F 30                      95 	.db #0x30	; 48	'0'
      000020 30                      96 	.db #0x30	; 48	'0'
      000021 30                      97 	.db #0x30	; 48	'0'
      000022 30                      98 	.db #0x30	; 48	'0'
      000023 30                      99 	.db #0x30	; 48	'0'
      000024 30                     100 	.db #0x30	; 48	'0'
      000025 30                     101 	.db #0x30	; 48	'0'
      000026 31                     102 	.db #0x31	; 49	'1'
      000027 08                     103 	.db #0x08	; 8
      000028 87                     104 	.db #0x87	; 135
      000029 31                     105 	.db #0x31	; 49	'1'
      00002A 09                     106 	.db #0x09	; 9
      00002B 87                     107 	.db #0x87	; 135
      00002C 30                     108 	.db #0x30	; 48	'0'
      00002D 30                     109 	.db #0x30	; 48	'0'
      00002E 31                     110 	.db #0x31	; 49	'1'
      00002F 0B                     111 	.db #0x0b	; 11
      000030 C0                     112 	.db #0xc0	; 192
      000031 30                     113 	.db #0x30	; 48	'0'
      000032 31                     114 	.db #0x31	; 49	'1'
      000033 28                     115 	.db #0x28	; 40
      000034 08                     116 	.db #0x08	; 8
      000035 87                     117 	.db #0x87	; 135
      000036 31                     118 	.db #0x31	; 49	'1'
      000037 29                     119 	.db #0x29	; 41
      000038 08                     120 	.db #0x08	; 8
      000039 87                     121 	.db #0x87	; 135
      00003A 30                     122 	.db #0x30	; 48	'0'
      00003B 30                     123 	.db #0x30	; 48	'0'
      00003C 31                     124 	.db #0x31	; 49	'1'
      00003D 28                     125 	.db #0x28	; 40
      00003E 60                     126 	.db #0x60	; 96
      00003F 87                     127 	.db #0x87	; 135
      000040 31                     128 	.db #0x31	; 49	'1'
      000041 29                     129 	.db #0x29	; 41
      000042 83                     130 	.db #0x83	; 131
      000043 87                     131 	.db #0x87	; 135
      000044 30                     132 	.db #0x30	; 48	'0'
      000045 30                     133 	.db #0x30	; 48	'0'
      000046 31                     134 	.db #0x31	; 49	'1'
      000047 0B                     135 	.db #0x0b	; 11
      000048 C0                     136 	.db #0xc0	; 192
      000049 30                     137 	.db #0x30	; 48	'0'
      00004A 31                     138 	.db #0x31	; 49	'1'
      00004B 28                     139 	.db #0x28	; 40
      00004C 08                     140 	.db #0x08	; 8
      00004D 87                     141 	.db #0x87	; 135
      00004E 31                     142 	.db #0x31	; 49	'1'
      00004F 29                     143 	.db #0x29	; 41
      000050 08                     144 	.db #0x08	; 8
      000051 87                     145 	.db #0x87	; 135
      000052 30                     146 	.db #0x30	; 48	'0'
      000053 30                     147 	.db #0x30	; 48	'0'
      000054 31                     148 	.db #0x31	; 49	'1'
      000055 28                     149 	.db #0x28	; 40
      000056 60                     150 	.db #0x60	; 96
      000057 87                     151 	.db #0x87	; 135
      000058 31                     152 	.db #0x31	; 49	'1'
      000059 29                     153 	.db #0x29	; 41
      00005A 83                     154 	.db #0x83	; 131
      00005B 87                     155 	.db #0x87	; 135
      00005C 30                     156 	.db #0x30	; 48	'0'
      00005D 31                     157 	.db #0x31	; 49	'1'
      00005E 0B                     158 	.db #0x0b	; 11
      00005F C0                     159 	.db #0xc0	; 192
      000060 30                     160 	.db #0x30	; 48	'0'
      000061 31                     161 	.db #0x31	; 49	'1'
      000062 28                     162 	.db #0x28	; 40
      000063 08                     163 	.db #0x08	; 8
      000064 87                     164 	.db #0x87	; 135
      000065 31                     165 	.db #0x31	; 49	'1'
      000066 29                     166 	.db #0x29	; 41
      000067 08                     167 	.db #0x08	; 8
      000068 87                     168 	.db #0x87	; 135
      000069 30                     169 	.db #0x30	; 48	'0'
      00006A 30                     170 	.db #0x30	; 48	'0'
      00006B 30                     171 	.db #0x30	; 48	'0'
      00006C 31                     172 	.db #0x31	; 49	'1'
      00006D 38                     173 	.db #0x38	; 56	'8'
      00006E 60                     174 	.db #0x60	; 96
      00006F 4F                     175 	.db #0x4f	; 79	'O'
      000070 87                     176 	.db #0x87	; 135
      000071 31                     177 	.db #0x31	; 49	'1'
      000072 39                     178 	.db #0x39	; 57	'9'
      000073 83                     179 	.db #0x83	; 131
      000074 21                     180 	.db #0x21	; 33
      000075 87                     181 	.db #0x87	; 135
      000076 30                     182 	.db #0x30	; 48	'0'
      000077 30                     183 	.db #0x30	; 48	'0'
      000078 31                     184 	.db #0x31	; 49	'1'
      000079 0B                     185 	.db #0x0b	; 11
      00007A C0                     186 	.db #0xc0	; 192
      00007B 30                     187 	.db #0x30	; 48	'0'
      00007C 30                     188 	.db #0x30	; 48	'0'
      00007D 30                     189 	.db #0x30	; 48	'0'
      00007E 30                     190 	.db #0x30	; 48	'0'
      00007F 30                     191 	.db #0x30	; 48	'0'
      000080 30                     192 	.db #0x30	; 48	'0'
      000081 30                     193 	.db #0x30	; 48	'0'
      000082 30                     194 	.db #0x30	; 48	'0'
      000083 30                     195 	.db #0x30	; 48	'0'
      000084 30                     196 	.db #0x30	; 48	'0'
      000085 30                     197 	.db #0x30	; 48	'0'
      000086 30                     198 	.db #0x30	; 48	'0'
      000087 30                     199 	.db #0x30	; 48	'0'
      000088 30                     200 	.db #0x30	; 48	'0'
      000089 31                     201 	.db #0x31	; 49	'1'
      00008A 18                     202 	.db #0x18	; 24
      00008B 59                     203 	.db #0x59	; 89	'Y'
      00008C 87                     204 	.db #0x87	; 135
      00008D 31                     205 	.db #0x31	; 49	'1'
      00008E 19                     206 	.db #0x19	; 25
      00008F 2D                     207 	.db #0x2d	; 45
      000090 87                     208 	.db #0x87	; 135
      000091 30                     209 	.db #0x30	; 48	'0'
      000092 31                     210 	.db #0x31	; 49	'1'
      000093 0B                     211 	.db #0x0b	; 11
      000094 C0                     212 	.db #0xc0	; 192
      000095 30                     213 	.db #0x30	; 48	'0'
      000096 30                     214 	.db #0x30	; 48	'0'
      000097 30                     215 	.db #0x30	; 48	'0'
      000098 30                     216 	.db #0x30	; 48	'0'
      000099 30                     217 	.db #0x30	; 48	'0'
      00009A 30                     218 	.db #0x30	; 48	'0'
      00009B 30                     219 	.db #0x30	; 48	'0'
      00009C 30                     220 	.db #0x30	; 48	'0'
      00009D 30                     221 	.db #0x30	; 48	'0'
      00009E 30                     222 	.db #0x30	; 48	'0'
      00009F 30                     223 	.db #0x30	; 48	'0'
      0000A0 30                     224 	.db #0x30	; 48	'0'
      0000A1 30                     225 	.db #0x30	; 48	'0'
      0000A2 30                     226 	.db #0x30	; 48	'0'
      0000A3 31                     227 	.db #0x31	; 49	'1'
      0000A4 18                     228 	.db #0x18	; 24
      0000A5 62                     229 	.db #0x62	; 98	'b'
      0000A6 87                     230 	.db #0x87	; 135
      0000A7 31                     231 	.db #0x31	; 49	'1'
      0000A8 19                     232 	.db #0x19	; 25
      0000A9 39                     233 	.db #0x39	; 57	'9'
      0000AA 87                     234 	.db #0x87	; 135
      0000AB 30                     235 	.db #0x30	; 48	'0'
      0000AC 30                     236 	.db #0x30	; 48	'0'
      0000AD 31                     237 	.db #0x31	; 49	'1'
      0000AE 0B                     238 	.db #0x0b	; 11
      0000AF C0                     239 	.db #0xc0	; 192
      0000B0 30                     240 	.db #0x30	; 48	'0'
      0000B1 30                     241 	.db #0x30	; 48	'0'
      0000B2 30                     242 	.db #0x30	; 48	'0'
      0000B3 30                     243 	.db #0x30	; 48	'0'
      0000B4 30                     244 	.db #0x30	; 48	'0'
      0000B5 30                     245 	.db #0x30	; 48	'0'
      0000B6 30                     246 	.db #0x30	; 48	'0'
      0000B7 30                     247 	.db #0x30	; 48	'0'
      0000B8 30                     248 	.db #0x30	; 48	'0'
      0000B9 30                     249 	.db #0x30	; 48	'0'
      0000BA 30                     250 	.db #0x30	; 48	'0'
      0000BB 30                     251 	.db #0x30	; 48	'0'
      0000BC 30                     252 	.db #0x30	; 48	'0'
      0000BD 30                     253 	.db #0x30	; 48	'0'
      0000BE 33                     254 	.db #0x33	; 51	'3'
      0000BF A8                     255 	.db #0xa8	; 168
      0000C0 00                     256 	.db #0x00	; 0
      0000C1 08                     257 	.db #0x08	; 8
      0000C2 80                     258 	.db #0x80	; 128
      0000C3 29                     259 	.db #0x29	; 41
      0000C4 08                     260 	.db #0x08	; 8
      0000C5 80                     261 	.db #0x80	; 128
      0000C6 2B                     262 	.db #0x2b	; 43
      0000C7 08                     263 	.db #0x08	; 8
      0000C8 80                     264 	.db #0x80	; 128
      0000C9 01                     265 	.db #0x01	; 1
      0000CA 07                     266 	.db #0x07	; 7
                                    267 	.area _INITIALIZER
                                    268 	.area _CABS (ABS)
