                                      1 ;--------------------------------------------------------
                                      2 ; File Created by SDCC : free open source ISO C Compiler 
                                      3 ; Version 4.2.2 #13350 (Linux)
                                      4 ;--------------------------------------------------------
                                      5 	.module Data_SFX
                                      6 	.optsdcc -msm83
                                      7 	
                                      8 ;--------------------------------------------------------
                                      9 ; Public variables in this module
                                     10 ;--------------------------------------------------------
                                     11 	.globl b___func_Data_SFX_bank
                                     12 	.globl ___func_Data_SFX_bank
                                     13 	.globl _Data_SFX
                                     14 ;--------------------------------------------------------
                                     15 ; special function registers
                                     16 ;--------------------------------------------------------
                                     17 ;--------------------------------------------------------
                                     18 ; ram data
                                     19 ;--------------------------------------------------------
                                     20 	.area _DATA
                                     21 ;--------------------------------------------------------
                                     22 ; ram data
                                     23 ;--------------------------------------------------------
                                     24 	.area _INITIALIZED
                           000000    25 G$Data_SFX$0_0$0==.
      000000                         26 _Data_SFX::
      000000                         27 	.ds 72
                                     28 ;--------------------------------------------------------
                                     29 ; absolute external ram data
                                     30 ;--------------------------------------------------------
                                     31 	.area _DABS (ABS)
                                     32 ;--------------------------------------------------------
                                     33 ; global & static initialisations
                                     34 ;--------------------------------------------------------
                                     35 	.area _HOME
                                     36 	.area _GSINIT
                                     37 	.area _GSFINAL
                                     38 	.area _GSINIT
                                     39 ;--------------------------------------------------------
                                     40 ; Home
                                     41 ;--------------------------------------------------------
                                     42 	.area _HOME
                                     43 	.area _HOME
                                     44 ;--------------------------------------------------------
                                     45 ; code
                                     46 ;--------------------------------------------------------
                                     47 	.area _CODE_255
                           000000    48 	G$__func_Data_SFX_bank$0$0	= .
                                     49 	.globl	G$__func_Data_SFX_bank$0$0
                           000000    50 	C$Data_SFX.c$10$0_0$167	= .
                                     51 	.globl	C$Data_SFX.c$10$0_0$167
                                     52 ;res/data/Data_SFX.c:10: BANKREF(Data_SFX_bank)
                                     53 ;	---------------------------------
                                     54 ; Function __func_Data_SFX_bank
                                     55 ; ---------------------------------
                           0000FF    56 	b___func_Data_SFX_bank	= 255
      000000                         57 ___func_Data_SFX_bank::
                                     58 	.local b___func_Data_SFX_bank 
                           0000FF    59 	___bank_Data_SFX_bank = b___func_Data_SFX_bank 
                                     60 	.globl ___bank_Data_SFX_bank 
                                     61 	.area _CODE_255
                                     62 	.area _INITIALIZER
                           000000    63 FData_SFX$__xinit_Data_SFX$0_0$0 == .
      000000                         64 __xinit__Data_SFX:
      000000 4E 4F 4E 45 20 20 20    65 	.ascii "NONE         "
             20 20 20 20 20 20
      00000D 00                      66 	.db 0x00
      00000E 00                      67 	.db #0x00	; 0
      00000F 00 00                   68 	.dw #0x0000
      000011 00                      69 	.db #0x00	; 0
      000012 53 46 58 31 20 20 20    70 	.ascii "SFX1         "
             20 20 20 20 20 20
      00001F 00                      71 	.db 0x00
      000020r00                      72 	.byte ___bank_sound_effect1
      000021r00r00                   73 	.dw _sound_effect1
      000023r00                      74 	.byte ___mute_mask_sound_effect1
      000024 53 46 58 32 20 20 20    75 	.ascii "SFX2         "
             20 20 20 20 20 20
      000031 00                      76 	.db 0x00
      000032r00                      77 	.byte ___bank_sound_effect2
      000033r00r00                   78 	.dw _sound_effect2
      000035r00                      79 	.byte ___mute_mask_sound_effect2
      000036 53 46 58 33 20 20 20    80 	.ascii "SFX3         "
             20 20 20 20 20 20
      000043 00                      81 	.db 0x00
      000044r00                      82 	.byte ___bank_sound_effect3
      000045r00r00                   83 	.dw _sound_effect3
      000047r00                      84 	.byte ___mute_mask_sound_effect3
                                     85 	.area _CABS (ABS)
