                                      1 ;--------------------------------------------------------
                                      2 ; File Created by SDCC : free open source ISO C Compiler 
                                      3 ; Version 4.2.2 #13350 (Linux)
                                      4 ;--------------------------------------------------------
                                      5 	.module Data_Music
                                      6 	.optsdcc -msm83
                                      7 	
                                      8 ;--------------------------------------------------------
                                      9 ; Public variables in this module
                                     10 ;--------------------------------------------------------
                                     11 	.globl b___func_Data_Music_bank
                                     12 	.globl ___func_Data_Music_bank
                                     13 	.globl _Data_Music
                                     14 ;--------------------------------------------------------
                                     15 ; special function registers
                                     16 ;--------------------------------------------------------
                                     17 ;--------------------------------------------------------
                                     18 ; ram data
                                     19 ;--------------------------------------------------------
                                     20 	.area _DATA
                                     21 ;--------------------------------------------------------
                                     22 ; ram data
                                     23 ;--------------------------------------------------------
                                     24 	.area _INITIALIZED
                           000000    25 G$Data_Music$0_0$0==.
      000000                         26 _Data_Music::
      000000                         27 	.ds 34
                                     28 ;--------------------------------------------------------
                                     29 ; absolute external ram data
                                     30 ;--------------------------------------------------------
                                     31 	.area _DABS (ABS)
                                     32 ;--------------------------------------------------------
                                     33 ; global & static initialisations
                                     34 ;--------------------------------------------------------
                                     35 	.area _HOME
                                     36 	.area _GSINIT
                                     37 	.area _GSFINAL
                                     38 	.area _GSINIT
                                     39 ;--------------------------------------------------------
                                     40 ; Home
                                     41 ;--------------------------------------------------------
                                     42 	.area _HOME
                                     43 	.area _HOME
                                     44 ;--------------------------------------------------------
                                     45 ; code
                                     46 ;--------------------------------------------------------
                                     47 	.area _CODE_255
                           000000    48 	G$__func_Data_Music_bank$0$0	= .
                                     49 	.globl	G$__func_Data_Music_bank$0$0
                           000000    50 	C$Data_Music.c$8$0_0$119	= .
                                     51 	.globl	C$Data_Music.c$8$0_0$119
                                     52 ;res/data/Data_Music.c:8: BANKREF(Data_Music_bank)
                                     53 ;	---------------------------------
                                     54 ; Function __func_Data_Music_bank
                                     55 ; ---------------------------------
                           0000FF    56 	b___func_Data_Music_bank	= 255
      000000                         57 ___func_Data_Music_bank::
                                     58 	.local b___func_Data_Music_bank 
                           0000FF    59 	___bank_Data_Music_bank = b___func_Data_Music_bank 
                                     60 	.globl ___bank_Data_Music_bank 
                                     61 	.area _CODE_255
                                     62 	.area _INITIALIZER
                           000000    63 FData_Music$__xinit_Data_Music$0_0$0 == .
      000000                         64 __xinit__Data_Music:
      000000 4E 4F 4E 45 20 20 20    65 	.ascii "NONE         "
             20 20 20 20 20 20
      00000D 00                      66 	.db 0x00
      00000E 00                      67 	.db #0x00	; 0
      00000F 00 00                   68 	.dw #0x0000
      000011 54 45 4D 50 4C 41 54    69 	.ascii "TEMPLATE     "
             45 20 20 20 20 20
      00001E 00                      70 	.db 0x00
      00001Fr00                      71 	.byte ___bank_song_template
      000020r00r00                   72 	.dw _template
                                     73 	.area _CABS (ABS)
