                                      1 ;--------------------------------------------------------
                                      2 ; File Created by SDCC : free open source ISO C Compiler 
                                      3 ; Version 4.2.2 #13350 (Linux)
                                      4 ;--------------------------------------------------------
                                      5 	.module song_template
                                      6 	.optsdcc -msm83
                                      7 	
                                      8 ;--------------------------------------------------------
                                      9 ; Public variables in this module
                                     10 ;--------------------------------------------------------
                                     11 	.globl _template
                                     12 	.globl b___func_song_template
                                     13 	.globl ___func_song_template
                                     14 ;--------------------------------------------------------
                                     15 ; special function registers
                                     16 ;--------------------------------------------------------
                                     17 ;--------------------------------------------------------
                                     18 ; ram data
                                     19 ;--------------------------------------------------------
                                     20 	.area _DATA
                                     21 ;--------------------------------------------------------
                                     22 ; ram data
                                     23 ;--------------------------------------------------------
                                     24 	.area _INITIALIZED
                                     25 ;--------------------------------------------------------
                                     26 ; absolute external ram data
                                     27 ;--------------------------------------------------------
                                     28 	.area _DABS (ABS)
                                     29 ;--------------------------------------------------------
                                     30 ; global & static initialisations
                                     31 ;--------------------------------------------------------
                                     32 	.area _HOME
                                     33 	.area _GSINIT
                                     34 	.area _GSFINAL
                                     35 	.area _GSINIT
                                     36 ;--------------------------------------------------------
                                     37 ; Home
                                     38 ;--------------------------------------------------------
                                     39 	.area _HOME
                                     40 	.area _HOME
                                     41 ;--------------------------------------------------------
                                     42 ; code
                                     43 ;--------------------------------------------------------
                                     44 	.area _CODE_2
                           000000    45 	G$__func_song_template$0$0	= .
                                     46 	.globl	G$__func_song_template$0$0
                           000000    47 	C$song_template.c$6$0_0$112	= .
                                     48 	.globl	C$song_template.c$6$0_0$112
                                     49 ;res/music/song_template.c:6: BANKREF(song_template)
                                     50 ;	---------------------------------
                                     51 ; Function __func_song_template
                                     52 ; ---------------------------------
                           000002    53 	b___func_song_template	= 2
      000000                         54 ___func_song_template::
                                     55 	.local b___func_song_template 
                           000002    56 	___bank_song_template = b___func_song_template 
                                     57 	.globl ___bank_song_template 
                                     58 	.area _CODE_2
                           000000    59 Fsong_template$order_cnt$0_0$0 == .
      000000                         60 _order_cnt:
      000000 02                      61 	.db #0x02	; 2
                           000001    62 Fsong_template$P0$0_0$0 == .
      000001                         63 _P0:
      000001 5A                      64 	.db #0x5a	; 90	'Z'
      000002 00                      65 	.db #0x00	; 0
      000003 00                      66 	.db #0x00	; 0
      000004 5A                      67 	.db #0x5a	; 90	'Z'
      000005 00                      68 	.db #0x00	; 0
      000006 00                      69 	.db #0x00	; 0
      000007 5A                      70 	.db #0x5a	; 90	'Z'
      000008 00                      71 	.db #0x00	; 0
      000009 00                      72 	.db #0x00	; 0
      00000A 24                      73 	.db #0x24	; 36
      00000B 10                      74 	.db #0x10	; 16
      00000C 00                      75 	.db #0x00	; 0
      00000D 5A                      76 	.db #0x5a	; 90	'Z'
      00000E 00                      77 	.db #0x00	; 0
      00000F 00                      78 	.db #0x00	; 0
      000010 25                      79 	.db #0x25	; 37
      000011 10                      80 	.db #0x10	; 16
      000012 00                      81 	.db #0x00	; 0
      000013 5A                      82 	.db #0x5a	; 90	'Z'
      000014 00                      83 	.db #0x00	; 0
      000015 00                      84 	.db #0x00	; 0
      000016 24                      85 	.db #0x24	; 36
      000017 10                      86 	.db #0x10	; 16
      000018 00                      87 	.db #0x00	; 0
      000019 5A                      88 	.db #0x5a	; 90	'Z'
      00001A 00                      89 	.db #0x00	; 0
      00001B 00                      90 	.db #0x00	; 0
      00001C 5A                      91 	.db #0x5a	; 90	'Z'
      00001D 00                      92 	.db #0x00	; 0
      00001E 00                      93 	.db #0x00	; 0
      00001F 5A                      94 	.db #0x5a	; 90	'Z'
      000020 00                      95 	.db #0x00	; 0
      000021 00                      96 	.db #0x00	; 0
      000022 24                      97 	.db #0x24	; 36
      000023 10                      98 	.db #0x10	; 16
      000024 00                      99 	.db #0x00	; 0
      000025 5A                     100 	.db #0x5a	; 90	'Z'
      000026 00                     101 	.db #0x00	; 0
      000027 00                     102 	.db #0x00	; 0
      000028 25                     103 	.db #0x25	; 37
      000029 10                     104 	.db #0x10	; 16
      00002A 00                     105 	.db #0x00	; 0
      00002B 5A                     106 	.db #0x5a	; 90	'Z'
      00002C 00                     107 	.db #0x00	; 0
      00002D 00                     108 	.db #0x00	; 0
      00002E 24                     109 	.db #0x24	; 36
      00002F 10                     110 	.db #0x10	; 16
      000030 00                     111 	.db #0x00	; 0
      000031 5A                     112 	.db #0x5a	; 90	'Z'
      000032 00                     113 	.db #0x00	; 0
      000033 00                     114 	.db #0x00	; 0
      000034 5A                     115 	.db #0x5a	; 90	'Z'
      000035 00                     116 	.db #0x00	; 0
      000036 00                     117 	.db #0x00	; 0
      000037 5A                     118 	.db #0x5a	; 90	'Z'
      000038 00                     119 	.db #0x00	; 0
      000039 00                     120 	.db #0x00	; 0
      00003A 24                     121 	.db #0x24	; 36
      00003B 10                     122 	.db #0x10	; 16
      00003C 00                     123 	.db #0x00	; 0
      00003D 5A                     124 	.db #0x5a	; 90	'Z'
      00003E 00                     125 	.db #0x00	; 0
      00003F 00                     126 	.db #0x00	; 0
      000040 25                     127 	.db #0x25	; 37
      000041 10                     128 	.db #0x10	; 16
      000042 00                     129 	.db #0x00	; 0
      000043 5A                     130 	.db #0x5a	; 90	'Z'
      000044 00                     131 	.db #0x00	; 0
      000045 00                     132 	.db #0x00	; 0
      000046 24                     133 	.db #0x24	; 36
      000047 10                     134 	.db #0x10	; 16
      000048 00                     135 	.db #0x00	; 0
      000049 5A                     136 	.db #0x5a	; 90	'Z'
      00004A 00                     137 	.db #0x00	; 0
      00004B 00                     138 	.db #0x00	; 0
      00004C 5A                     139 	.db #0x5a	; 90	'Z'
      00004D 00                     140 	.db #0x00	; 0
      00004E 00                     141 	.db #0x00	; 0
      00004F 5A                     142 	.db #0x5a	; 90	'Z'
      000050 00                     143 	.db #0x00	; 0
      000051 00                     144 	.db #0x00	; 0
      000052 24                     145 	.db #0x24	; 36
      000053 10                     146 	.db #0x10	; 16
      000054 00                     147 	.db #0x00	; 0
      000055 5A                     148 	.db #0x5a	; 90	'Z'
      000056 00                     149 	.db #0x00	; 0
      000057 00                     150 	.db #0x00	; 0
      000058 25                     151 	.db #0x25	; 37
      000059 10                     152 	.db #0x10	; 16
      00005A 00                     153 	.db #0x00	; 0
      00005B 5A                     154 	.db #0x5a	; 90	'Z'
      00005C 00                     155 	.db #0x00	; 0
      00005D 00                     156 	.db #0x00	; 0
      00005E 24                     157 	.db #0x24	; 36
      00005F 10                     158 	.db #0x10	; 16
      000060 00                     159 	.db #0x00	; 0
      000061 5A                     160 	.db #0x5a	; 90	'Z'
      000062 00                     161 	.db #0x00	; 0
      000063 00                     162 	.db #0x00	; 0
      000064 5A                     163 	.db #0x5a	; 90	'Z'
      000065 00                     164 	.db #0x00	; 0
      000066 00                     165 	.db #0x00	; 0
      000067 5A                     166 	.db #0x5a	; 90	'Z'
      000068 00                     167 	.db #0x00	; 0
      000069 00                     168 	.db #0x00	; 0
      00006A 24                     169 	.db #0x24	; 36
      00006B 10                     170 	.db #0x10	; 16
      00006C 00                     171 	.db #0x00	; 0
      00006D 5A                     172 	.db #0x5a	; 90	'Z'
      00006E 00                     173 	.db #0x00	; 0
      00006F 00                     174 	.db #0x00	; 0
      000070 25                     175 	.db #0x25	; 37
      000071 10                     176 	.db #0x10	; 16
      000072 00                     177 	.db #0x00	; 0
      000073 5A                     178 	.db #0x5a	; 90	'Z'
      000074 00                     179 	.db #0x00	; 0
      000075 00                     180 	.db #0x00	; 0
      000076 24                     181 	.db #0x24	; 36
      000077 10                     182 	.db #0x10	; 16
      000078 00                     183 	.db #0x00	; 0
      000079 5A                     184 	.db #0x5a	; 90	'Z'
      00007A 00                     185 	.db #0x00	; 0
      00007B 00                     186 	.db #0x00	; 0
      00007C 5A                     187 	.db #0x5a	; 90	'Z'
      00007D 00                     188 	.db #0x00	; 0
      00007E 00                     189 	.db #0x00	; 0
      00007F 5A                     190 	.db #0x5a	; 90	'Z'
      000080 00                     191 	.db #0x00	; 0
      000081 00                     192 	.db #0x00	; 0
      000082 24                     193 	.db #0x24	; 36
      000083 10                     194 	.db #0x10	; 16
      000084 00                     195 	.db #0x00	; 0
      000085 5A                     196 	.db #0x5a	; 90	'Z'
      000086 00                     197 	.db #0x00	; 0
      000087 00                     198 	.db #0x00	; 0
      000088 25                     199 	.db #0x25	; 37
      000089 10                     200 	.db #0x10	; 16
      00008A 00                     201 	.db #0x00	; 0
      00008B 5A                     202 	.db #0x5a	; 90	'Z'
      00008C 00                     203 	.db #0x00	; 0
      00008D 00                     204 	.db #0x00	; 0
      00008E 24                     205 	.db #0x24	; 36
      00008F 10                     206 	.db #0x10	; 16
      000090 00                     207 	.db #0x00	; 0
      000091 5A                     208 	.db #0x5a	; 90	'Z'
      000092 00                     209 	.db #0x00	; 0
      000093 00                     210 	.db #0x00	; 0
      000094 5A                     211 	.db #0x5a	; 90	'Z'
      000095 00                     212 	.db #0x00	; 0
      000096 00                     213 	.db #0x00	; 0
      000097 5A                     214 	.db #0x5a	; 90	'Z'
      000098 00                     215 	.db #0x00	; 0
      000099 00                     216 	.db #0x00	; 0
      00009A 24                     217 	.db #0x24	; 36
      00009B 10                     218 	.db #0x10	; 16
      00009C 00                     219 	.db #0x00	; 0
      00009D 5A                     220 	.db #0x5a	; 90	'Z'
      00009E 00                     221 	.db #0x00	; 0
      00009F 00                     222 	.db #0x00	; 0
      0000A0 25                     223 	.db #0x25	; 37
      0000A1 10                     224 	.db #0x10	; 16
      0000A2 00                     225 	.db #0x00	; 0
      0000A3 5A                     226 	.db #0x5a	; 90	'Z'
      0000A4 00                     227 	.db #0x00	; 0
      0000A5 00                     228 	.db #0x00	; 0
      0000A6 24                     229 	.db #0x24	; 36
      0000A7 10                     230 	.db #0x10	; 16
      0000A8 00                     231 	.db #0x00	; 0
      0000A9 5A                     232 	.db #0x5a	; 90	'Z'
      0000AA 00                     233 	.db #0x00	; 0
      0000AB 00                     234 	.db #0x00	; 0
      0000AC 5A                     235 	.db #0x5a	; 90	'Z'
      0000AD 00                     236 	.db #0x00	; 0
      0000AE 00                     237 	.db #0x00	; 0
      0000AF 5A                     238 	.db #0x5a	; 90	'Z'
      0000B0 00                     239 	.db #0x00	; 0
      0000B1 00                     240 	.db #0x00	; 0
      0000B2 24                     241 	.db #0x24	; 36
      0000B3 10                     242 	.db #0x10	; 16
      0000B4 00                     243 	.db #0x00	; 0
      0000B5 5A                     244 	.db #0x5a	; 90	'Z'
      0000B6 00                     245 	.db #0x00	; 0
      0000B7 00                     246 	.db #0x00	; 0
      0000B8 25                     247 	.db #0x25	; 37
      0000B9 10                     248 	.db #0x10	; 16
      0000BA 00                     249 	.db #0x00	; 0
      0000BB 5A                     250 	.db #0x5a	; 90	'Z'
      0000BC 00                     251 	.db #0x00	; 0
      0000BD 00                     252 	.db #0x00	; 0
      0000BE 24                     253 	.db #0x24	; 36
      0000BF 10                     254 	.db #0x10	; 16
      0000C0 00                     255 	.db #0x00	; 0
                           0000C1   256 Fsong_template$P1$0_0$0 == .
      0000C1                        257 _P1:
      0000C1 5A                     258 	.db #0x5a	; 90	'Z'
      0000C2 00                     259 	.db #0x00	; 0
      0000C3 00                     260 	.db #0x00	; 0
      0000C4 5A                     261 	.db #0x5a	; 90	'Z'
      0000C5 00                     262 	.db #0x00	; 0
      0000C6 00                     263 	.db #0x00	; 0
      0000C7 5A                     264 	.db #0x5a	; 90	'Z'
      0000C8 00                     265 	.db #0x00	; 0
      0000C9 00                     266 	.db #0x00	; 0
      0000CA 5A                     267 	.db #0x5a	; 90	'Z'
      0000CB 00                     268 	.db #0x00	; 0
      0000CC 00                     269 	.db #0x00	; 0
      0000CD 5A                     270 	.db #0x5a	; 90	'Z'
      0000CE 00                     271 	.db #0x00	; 0
      0000CF 00                     272 	.db #0x00	; 0
      0000D0 5A                     273 	.db #0x5a	; 90	'Z'
      0000D1 00                     274 	.db #0x00	; 0
      0000D2 00                     275 	.db #0x00	; 0
      0000D3 5A                     276 	.db #0x5a	; 90	'Z'
      0000D4 00                     277 	.db #0x00	; 0
      0000D5 00                     278 	.db #0x00	; 0
      0000D6 5A                     279 	.db #0x5a	; 90	'Z'
      0000D7 00                     280 	.db #0x00	; 0
      0000D8 00                     281 	.db #0x00	; 0
      0000D9 5A                     282 	.db #0x5a	; 90	'Z'
      0000DA 00                     283 	.db #0x00	; 0
      0000DB 00                     284 	.db #0x00	; 0
      0000DC 5A                     285 	.db #0x5a	; 90	'Z'
      0000DD 00                     286 	.db #0x00	; 0
      0000DE 00                     287 	.db #0x00	; 0
      0000DF 5A                     288 	.db #0x5a	; 90	'Z'
      0000E0 00                     289 	.db #0x00	; 0
      0000E1 00                     290 	.db #0x00	; 0
      0000E2 5A                     291 	.db #0x5a	; 90	'Z'
      0000E3 00                     292 	.db #0x00	; 0
      0000E4 00                     293 	.db #0x00	; 0
      0000E5 5A                     294 	.db #0x5a	; 90	'Z'
      0000E6 00                     295 	.db #0x00	; 0
      0000E7 00                     296 	.db #0x00	; 0
      0000E8 5A                     297 	.db #0x5a	; 90	'Z'
      0000E9 00                     298 	.db #0x00	; 0
      0000EA 00                     299 	.db #0x00	; 0
      0000EB 5A                     300 	.db #0x5a	; 90	'Z'
      0000EC 00                     301 	.db #0x00	; 0
      0000ED 00                     302 	.db #0x00	; 0
      0000EE 5A                     303 	.db #0x5a	; 90	'Z'
      0000EF 00                     304 	.db #0x00	; 0
      0000F0 00                     305 	.db #0x00	; 0
      0000F1 5A                     306 	.db #0x5a	; 90	'Z'
      0000F2 00                     307 	.db #0x00	; 0
      0000F3 00                     308 	.db #0x00	; 0
      0000F4 5A                     309 	.db #0x5a	; 90	'Z'
      0000F5 00                     310 	.db #0x00	; 0
      0000F6 00                     311 	.db #0x00	; 0
      0000F7 5A                     312 	.db #0x5a	; 90	'Z'
      0000F8 00                     313 	.db #0x00	; 0
      0000F9 00                     314 	.db #0x00	; 0
      0000FA 5A                     315 	.db #0x5a	; 90	'Z'
      0000FB 00                     316 	.db #0x00	; 0
      0000FC 00                     317 	.db #0x00	; 0
      0000FD 5A                     318 	.db #0x5a	; 90	'Z'
      0000FE 00                     319 	.db #0x00	; 0
      0000FF 00                     320 	.db #0x00	; 0
      000100 5A                     321 	.db #0x5a	; 90	'Z'
      000101 00                     322 	.db #0x00	; 0
      000102 00                     323 	.db #0x00	; 0
      000103 5A                     324 	.db #0x5a	; 90	'Z'
      000104 00                     325 	.db #0x00	; 0
      000105 00                     326 	.db #0x00	; 0
      000106 5A                     327 	.db #0x5a	; 90	'Z'
      000107 00                     328 	.db #0x00	; 0
      000108 00                     329 	.db #0x00	; 0
      000109 5A                     330 	.db #0x5a	; 90	'Z'
      00010A 00                     331 	.db #0x00	; 0
      00010B 00                     332 	.db #0x00	; 0
      00010C 5A                     333 	.db #0x5a	; 90	'Z'
      00010D 00                     334 	.db #0x00	; 0
      00010E 00                     335 	.db #0x00	; 0
      00010F 5A                     336 	.db #0x5a	; 90	'Z'
      000110 00                     337 	.db #0x00	; 0
      000111 00                     338 	.db #0x00	; 0
      000112 5A                     339 	.db #0x5a	; 90	'Z'
      000113 00                     340 	.db #0x00	; 0
      000114 00                     341 	.db #0x00	; 0
      000115 5A                     342 	.db #0x5a	; 90	'Z'
      000116 00                     343 	.db #0x00	; 0
      000117 00                     344 	.db #0x00	; 0
      000118 5A                     345 	.db #0x5a	; 90	'Z'
      000119 00                     346 	.db #0x00	; 0
      00011A 00                     347 	.db #0x00	; 0
      00011B 5A                     348 	.db #0x5a	; 90	'Z'
      00011C 00                     349 	.db #0x00	; 0
      00011D 00                     350 	.db #0x00	; 0
      00011E 5A                     351 	.db #0x5a	; 90	'Z'
      00011F 00                     352 	.db #0x00	; 0
      000120 00                     353 	.db #0x00	; 0
      000121 5A                     354 	.db #0x5a	; 90	'Z'
      000122 00                     355 	.db #0x00	; 0
      000123 00                     356 	.db #0x00	; 0
      000124 5A                     357 	.db #0x5a	; 90	'Z'
      000125 00                     358 	.db #0x00	; 0
      000126 00                     359 	.db #0x00	; 0
      000127 5A                     360 	.db #0x5a	; 90	'Z'
      000128 00                     361 	.db #0x00	; 0
      000129 00                     362 	.db #0x00	; 0
      00012A 5A                     363 	.db #0x5a	; 90	'Z'
      00012B 00                     364 	.db #0x00	; 0
      00012C 00                     365 	.db #0x00	; 0
      00012D 5A                     366 	.db #0x5a	; 90	'Z'
      00012E 00                     367 	.db #0x00	; 0
      00012F 00                     368 	.db #0x00	; 0
      000130 5A                     369 	.db #0x5a	; 90	'Z'
      000131 00                     370 	.db #0x00	; 0
      000132 00                     371 	.db #0x00	; 0
      000133 5A                     372 	.db #0x5a	; 90	'Z'
      000134 00                     373 	.db #0x00	; 0
      000135 00                     374 	.db #0x00	; 0
      000136 5A                     375 	.db #0x5a	; 90	'Z'
      000137 00                     376 	.db #0x00	; 0
      000138 00                     377 	.db #0x00	; 0
      000139 5A                     378 	.db #0x5a	; 90	'Z'
      00013A 00                     379 	.db #0x00	; 0
      00013B 00                     380 	.db #0x00	; 0
      00013C 5A                     381 	.db #0x5a	; 90	'Z'
      00013D 00                     382 	.db #0x00	; 0
      00013E 00                     383 	.db #0x00	; 0
      00013F 5A                     384 	.db #0x5a	; 90	'Z'
      000140 00                     385 	.db #0x00	; 0
      000141 00                     386 	.db #0x00	; 0
      000142 5A                     387 	.db #0x5a	; 90	'Z'
      000143 00                     388 	.db #0x00	; 0
      000144 00                     389 	.db #0x00	; 0
      000145 5A                     390 	.db #0x5a	; 90	'Z'
      000146 00                     391 	.db #0x00	; 0
      000147 00                     392 	.db #0x00	; 0
      000148 5A                     393 	.db #0x5a	; 90	'Z'
      000149 00                     394 	.db #0x00	; 0
      00014A 00                     395 	.db #0x00	; 0
      00014B 5A                     396 	.db #0x5a	; 90	'Z'
      00014C 00                     397 	.db #0x00	; 0
      00014D 00                     398 	.db #0x00	; 0
      00014E 5A                     399 	.db #0x5a	; 90	'Z'
      00014F 00                     400 	.db #0x00	; 0
      000150 00                     401 	.db #0x00	; 0
      000151 5A                     402 	.db #0x5a	; 90	'Z'
      000152 00                     403 	.db #0x00	; 0
      000153 00                     404 	.db #0x00	; 0
      000154 5A                     405 	.db #0x5a	; 90	'Z'
      000155 00                     406 	.db #0x00	; 0
      000156 00                     407 	.db #0x00	; 0
      000157 5A                     408 	.db #0x5a	; 90	'Z'
      000158 00                     409 	.db #0x00	; 0
      000159 00                     410 	.db #0x00	; 0
      00015A 5A                     411 	.db #0x5a	; 90	'Z'
      00015B 00                     412 	.db #0x00	; 0
      00015C 00                     413 	.db #0x00	; 0
      00015D 5A                     414 	.db #0x5a	; 90	'Z'
      00015E 00                     415 	.db #0x00	; 0
      00015F 00                     416 	.db #0x00	; 0
      000160 5A                     417 	.db #0x5a	; 90	'Z'
      000161 00                     418 	.db #0x00	; 0
      000162 00                     419 	.db #0x00	; 0
      000163 5A                     420 	.db #0x5a	; 90	'Z'
      000164 00                     421 	.db #0x00	; 0
      000165 00                     422 	.db #0x00	; 0
      000166 5A                     423 	.db #0x5a	; 90	'Z'
      000167 00                     424 	.db #0x00	; 0
      000168 00                     425 	.db #0x00	; 0
      000169 5A                     426 	.db #0x5a	; 90	'Z'
      00016A 00                     427 	.db #0x00	; 0
      00016B 00                     428 	.db #0x00	; 0
      00016C 5A                     429 	.db #0x5a	; 90	'Z'
      00016D 00                     430 	.db #0x00	; 0
      00016E 00                     431 	.db #0x00	; 0
      00016F 5A                     432 	.db #0x5a	; 90	'Z'
      000170 00                     433 	.db #0x00	; 0
      000171 00                     434 	.db #0x00	; 0
      000172 5A                     435 	.db #0x5a	; 90	'Z'
      000173 00                     436 	.db #0x00	; 0
      000174 00                     437 	.db #0x00	; 0
      000175 5A                     438 	.db #0x5a	; 90	'Z'
      000176 00                     439 	.db #0x00	; 0
      000177 00                     440 	.db #0x00	; 0
      000178 5A                     441 	.db #0x5a	; 90	'Z'
      000179 00                     442 	.db #0x00	; 0
      00017A 00                     443 	.db #0x00	; 0
      00017B 5A                     444 	.db #0x5a	; 90	'Z'
      00017C 00                     445 	.db #0x00	; 0
      00017D 00                     446 	.db #0x00	; 0
      00017E 5A                     447 	.db #0x5a	; 90	'Z'
      00017F 00                     448 	.db #0x00	; 0
      000180 00                     449 	.db #0x00	; 0
                           000181   450 Fsong_template$order1$0_0$0 == .
      000181                        451 _order1:
      000181r01r00                  452 	.dw _P0
                           000183   453 Fsong_template$order2$0_0$0 == .
      000183                        454 _order2:
      000183rC1r00                  455 	.dw _P1
                           000185   456 Fsong_template$order3$0_0$0 == .
      000185                        457 _order3:
      000185rC1r00                  458 	.dw _P1
                           000187   459 Fsong_template$order4$0_0$0 == .
      000187                        460 _order4:
      000187rC1r00                  461 	.dw _P1
                           000189   462 Fsong_template$duty_instruments$0_0$0 == .
      000189                        463 _duty_instruments:
      000189 00                     464 	.db #0x00	; 0
      00018A 40                     465 	.db #0x40	; 64
      00018B B5                     466 	.db #0xb5	; 181
      00018C 80                     467 	.db #0x80	; 128
      00018D 00                     468 	.db #0x00	; 0
      00018E 80                     469 	.db #0x80	; 128
      00018F B5                     470 	.db #0xb5	; 181
      000190 80                     471 	.db #0x80	; 128
      000191 00                     472 	.db #0x00	; 0
      000192 00                     473 	.db #0x00	; 0
      000193 09                     474 	.db #0x09	; 9
      000194 C0                     475 	.db #0xc0	; 192
      000195 00                     476 	.db #0x00	; 0
      000196 30                     477 	.db #0x30	; 48	'0'
      000197 B8                     478 	.db #0xb8	; 184
      000198 C0                     479 	.db #0xc0	; 192
      000199 00                     480 	.db #0x00	; 0
      00019A 70                     481 	.db #0x70	; 112	'p'
      00019B B8                     482 	.db #0xb8	; 184
      00019C C0                     483 	.db #0xc0	; 192
      00019D 00                     484 	.db #0x00	; 0
      00019E B0                     485 	.db #0xb0	; 176
      00019F B8                     486 	.db #0xb8	; 184
      0001A0 C0                     487 	.db #0xc0	; 192
      0001A1 00                     488 	.db #0x00	; 0
      0001A2 00                     489 	.db #0x00	; 0
      0001A3 B8                     490 	.db #0xb8	; 184
      0001A4 80                     491 	.db #0x80	; 128
      0001A5 00                     492 	.db #0x00	; 0
      0001A6 40                     493 	.db #0x40	; 64
      0001A7 B8                     494 	.db #0xb8	; 184
      0001A8 80                     495 	.db #0x80	; 128
      0001A9 00                     496 	.db #0x00	; 0
      0001AA 80                     497 	.db #0x80	; 128
      0001AB B8                     498 	.db #0xb8	; 184
      0001AC 80                     499 	.db #0x80	; 128
      0001AD 00                     500 	.db #0x00	; 0
      0001AE C0                     501 	.db #0xc0	; 192
      0001AF B8                     502 	.db #0xb8	; 184
      0001B0 80                     503 	.db #0x80	; 128
      0001B1 1C                     504 	.db #0x1c	; 28
      0001B2 80                     505 	.db #0x80	; 128
      0001B3 B2                     506 	.db #0xb2	; 178
      0001B4 C0                     507 	.db #0xc0	; 192
      0001B5 19                     508 	.db #0x19	; 25
      0001B6 80                     509 	.db #0x80	; 128
      0001B7 B5                     510 	.db #0xb5	; 181
      0001B8 80                     511 	.db #0x80	; 128
      0001B9 47                     512 	.db #0x47	; 71	'G'
      0001BA 00                     513 	.db #0x00	; 0
      0001BB B7                     514 	.db #0xb7	; 183
      0001BC 80                     515 	.db #0x80	; 128
      0001BD 15                     516 	.db #0x15	; 21
      0001BE 60                     517 	.db #0x60	; 96
      0001BF B7                     518 	.db #0xb7	; 183
      0001C0 C0                     519 	.db #0xc0	; 192
      0001C1 00                     520 	.db #0x00	; 0
      0001C2 80                     521 	.db #0x80	; 128
      0001C3 08                     522 	.db #0x08	; 8
      0001C4 80                     523 	.db #0x80	; 128
                           0001C5   524 Fsong_template$wave_instruments$0_0$0 == .
      0001C5                        525 _wave_instruments:
      0001C5 80                     526 	.db #0x80	; 128
      0001C6 20                     527 	.db #0x20	; 32
      0001C7 01                     528 	.db #0x01	; 1
      0001C8 C0                     529 	.db #0xc0	; 192
      0001C9 80                     530 	.db #0x80	; 128
      0001CA 20                     531 	.db #0x20	; 32
      0001CB 02                     532 	.db #0x02	; 2
      0001CC C0                     533 	.db #0xc0	; 192
      0001CD 80                     534 	.db #0x80	; 128
      0001CE 20                     535 	.db #0x20	; 32
      0001CF 03                     536 	.db #0x03	; 3
      0001D0 C0                     537 	.db #0xc0	; 192
      0001D1 80                     538 	.db #0x80	; 128
      0001D2 20                     539 	.db #0x20	; 32
      0001D3 04                     540 	.db #0x04	; 4
      0001D4 C0                     541 	.db #0xc0	; 192
      0001D5 80                     542 	.db #0x80	; 128
      0001D6 20                     543 	.db #0x20	; 32
      0001D7 05                     544 	.db #0x05	; 5
      0001D8 C0                     545 	.db #0xc0	; 192
      0001D9 80                     546 	.db #0x80	; 128
      0001DA 20                     547 	.db #0x20	; 32
      0001DB 06                     548 	.db #0x06	; 6
      0001DC C0                     549 	.db #0xc0	; 192
      0001DD 00                     550 	.db #0x00	; 0
      0001DE 20                     551 	.db #0x20	; 32
      0001DF 07                     552 	.db #0x07	; 7
      0001E0 80                     553 	.db #0x80	; 128
      0001E1 00                     554 	.db #0x00	; 0
      0001E2 20                     555 	.db #0x20	; 32
      0001E3 08                     556 	.db #0x08	; 8
      0001E4 80                     557 	.db #0x80	; 128
      0001E5 00                     558 	.db #0x00	; 0
      0001E6 20                     559 	.db #0x20	; 32
      0001E7 09                     560 	.db #0x09	; 9
      0001E8 80                     561 	.db #0x80	; 128
      0001E9 00                     562 	.db #0x00	; 0
      0001EA 20                     563 	.db #0x20	; 32
      0001EB 0A                     564 	.db #0x0a	; 10
      0001EC 80                     565 	.db #0x80	; 128
      0001ED 00                     566 	.db #0x00	; 0
      0001EE 20                     567 	.db #0x20	; 32
      0001EF 0B                     568 	.db #0x0b	; 11
      0001F0 80                     569 	.db #0x80	; 128
      0001F1 00                     570 	.db #0x00	; 0
      0001F2 20                     571 	.db #0x20	; 32
      0001F3 0C                     572 	.db #0x0c	; 12
      0001F4 80                     573 	.db #0x80	; 128
      0001F5 00                     574 	.db #0x00	; 0
      0001F6 20                     575 	.db #0x20	; 32
      0001F7 0D                     576 	.db #0x0d	; 13
      0001F8 80                     577 	.db #0x80	; 128
      0001F9 00                     578 	.db #0x00	; 0
      0001FA 20                     579 	.db #0x20	; 32
      0001FB 0E                     580 	.db #0x0e	; 14
      0001FC 80                     581 	.db #0x80	; 128
      0001FD 00                     582 	.db #0x00	; 0
      0001FE 20                     583 	.db #0x20	; 32
      0001FF 0F                     584 	.db #0x0f	; 15
      000200 80                     585 	.db #0x80	; 128
                           000201   586 Fsong_template$noise_instruments$0_0$0 == .
      000201                        587 _noise_instruments:
      000201 91                     588 	.db #0x91	; 145
      000202 70                     589 	.db #0x70	; 112	'p'
      000203 20                     590 	.db #0x20	; 32
      000204 20                     591 	.db #0x20	; 32
      000205 20                     592 	.db #0x20	; 32
      000206 20                     593 	.db #0x20	; 32
      000207 20                     594 	.db #0x20	; 32
      000208 20                     595 	.db #0x20	; 32
      000209 91                     596 	.db #0x91	; 145
      00020A 60                     597 	.db #0x60	; 96
      00020B 1F                     598 	.db #0x1f	; 31
      00020C 1F                     599 	.db #0x1f	; 31
      00020D 1F                     600 	.db #0x1f	; 31
      00020E 1F                     601 	.db #0x1f	; 31
      00020F 1F                     602 	.db #0x1f	; 31
      000210 1F                     603 	.db #0x1f	; 31
      000211 91                     604 	.db #0x91	; 145
      000212 00                     605 	.db #0x00	; 0
      000213 1C                     606 	.db #0x1c	; 28
      000214 1C                     607 	.db #0x1c	; 28
      000215 1C                     608 	.db #0x1c	; 28
      000216 1C                     609 	.db #0x1c	; 28
      000217 1C                     610 	.db #0x1c	; 28
      000218 1C                     611 	.db #0x1c	; 28
      000219 92                     612 	.db #0x92	; 146
      00021A 00                     613 	.db #0x00	; 0
      00021B 20                     614 	.db #0x20	; 32
      00021C 20                     615 	.db #0x20	; 32
      00021D 20                     616 	.db #0x20	; 32
      00021E 20                     617 	.db #0x20	; 32
      00021F 20                     618 	.db #0x20	; 32
      000220 20                     619 	.db #0x20	; 32
      000221 94                     620 	.db #0x94	; 148
      000222 00                     621 	.db #0x00	; 0
      000223 18                     622 	.db #0x18	; 24
      000224 18                     623 	.db #0x18	; 24
      000225 18                     624 	.db #0x18	; 24
      000226 18                     625 	.db #0x18	; 24
      000227 18                     626 	.db #0x18	; 24
      000228 18                     627 	.db #0x18	; 24
      000229 94                     628 	.db #0x94	; 148
      00022A 00                     629 	.db #0x00	; 0
      00022B 10                     630 	.db #0x10	; 16
      00022C 10                     631 	.db #0x10	; 16
      00022D 10                     632 	.db #0x10	; 16
      00022E 10                     633 	.db #0x10	; 16
      00022F 10                     634 	.db #0x10	; 16
      000230 10                     635 	.db #0x10	; 16
      000231 B1                     636 	.db #0xb1	; 177
      000232 00                     637 	.db #0x00	; 0
      000233 18                     638 	.db #0x18	; 24
      000234 18                     639 	.db #0x18	; 24
      000235 18                     640 	.db #0x18	; 24
      000236 18                     641 	.db #0x18	; 24
      000237 18                     642 	.db #0x18	; 24
      000238 18                     643 	.db #0x18	; 24
      000239 B1                     644 	.db #0xb1	; 177
      00023A 80                     645 	.db #0x80	; 128
      00023B 18                     646 	.db #0x18	; 24
      00023C 18                     647 	.db #0x18	; 24
      00023D 18                     648 	.db #0x18	; 24
      00023E 18                     649 	.db #0x18	; 24
      00023F 18                     650 	.db #0x18	; 24
      000240 18                     651 	.db #0x18	; 24
      000241 B1                     652 	.db #0xb1	; 177
      000242 80                     653 	.db #0x80	; 128
      000243 10                     654 	.db #0x10	; 16
      000244 0F                     655 	.db #0x0f	; 15
      000245 0F                     656 	.db #0x0f	; 15
      000246 0F                     657 	.db #0x0f	; 15
      000247 0F                     658 	.db #0x0f	; 15
      000248 0F                     659 	.db #0x0f	; 15
      000249 91                     660 	.db #0x91	; 145
      00024A 80                     661 	.db #0x80	; 128
      00024B 20                     662 	.db #0x20	; 32
      00024C 20                     663 	.db #0x20	; 32
      00024D 20                     664 	.db #0x20	; 32
      00024E 20                     665 	.db #0x20	; 32
      00024F 20                     666 	.db #0x20	; 32
      000250 20                     667 	.db #0x20	; 32
      000251 B2                     668 	.db #0xb2	; 178
      000252 40                     669 	.db #0x40	; 64
      000253 10                     670 	.db #0x10	; 16
      000254 0F                     671 	.db #0x0f	; 15
      000255 0F                     672 	.db #0x0f	; 15
      000256 0F                     673 	.db #0x0f	; 15
      000257 0F                     674 	.db #0x0f	; 15
      000258 0F                     675 	.db #0x0f	; 15
      000259 B1                     676 	.db #0xb1	; 177
      00025A 56                     677 	.db #0x56	; 86	'V'
      00025B 1B                     678 	.db #0x1b	; 27
      00025C 0E                     679 	.db #0x0e	; 14
      00025D 11                     680 	.db #0x11	; 17
      00025E FE                     681 	.db #0xfe	; 254
      00025F 00                     682 	.db #0x00	; 0
      000260 00                     683 	.db #0x00	; 0
      000261 B7                     684 	.db #0xb7	; 183
      000262 00                     685 	.db #0x00	; 0
      000263 0D                     686 	.db #0x0d	; 13
      000264 0B                     687 	.db #0x0b	; 11
      000265 09                     688 	.db #0x09	; 9
      000266 07                     689 	.db #0x07	; 7
      000267 07                     690 	.db #0x07	; 7
      000268 07                     691 	.db #0x07	; 7
      000269 B7                     692 	.db #0xb7	; 183
      00026A 80                     693 	.db #0x80	; 128
      00026B 08                     694 	.db #0x08	; 8
      00026C 07                     695 	.db #0x07	; 7
      00026D 06                     696 	.db #0x06	; 6
      00026E 05                     697 	.db #0x05	; 5
      00026F 04                     698 	.db #0x04	; 4
      000270 04                     699 	.db #0x04	; 4
      000271 08                     700 	.db #0x08	; 8
      000272 00                     701 	.db #0x00	; 0
      000273 00                     702 	.db #0x00	; 0
      000274 00                     703 	.db #0x00	; 0
      000275 00                     704 	.db #0x00	; 0
      000276 00                     705 	.db #0x00	; 0
      000277 00                     706 	.db #0x00	; 0
      000278 00                     707 	.db #0x00	; 0
                           000279   708 Fsong_template$waves$0_0$0 == .
      000279                        709 _waves:
      000279 88                     710 	.db #0x88	; 136
      00027A 88                     711 	.db #0x88	; 136
      00027B 88                     712 	.db #0x88	; 136
      00027C 88                     713 	.db #0x88	; 136
      00027D 88                     714 	.db #0x88	; 136
      00027E 88                     715 	.db #0x88	; 136
      00027F 88                     716 	.db #0x88	; 136
      000280 88                     717 	.db #0x88	; 136
      000281 88                     718 	.db #0x88	; 136
      000282 88                     719 	.db #0x88	; 136
      000283 88                     720 	.db #0x88	; 136
      000284 88                     721 	.db #0x88	; 136
      000285 88                     722 	.db #0x88	; 136
      000286 88                     723 	.db #0x88	; 136
      000287 88                     724 	.db #0x88	; 136
      000288 88                     725 	.db #0x88	; 136
      000289 FF                     726 	.db #0xff	; 255
      00028A FF                     727 	.db #0xff	; 255
      00028B 00                     728 	.db #0x00	; 0
      00028C 00                     729 	.db #0x00	; 0
      00028D 00                     730 	.db #0x00	; 0
      00028E 00                     731 	.db #0x00	; 0
      00028F 00                     732 	.db #0x00	; 0
      000290 00                     733 	.db #0x00	; 0
      000291 00                     734 	.db #0x00	; 0
      000292 00                     735 	.db #0x00	; 0
      000293 00                     736 	.db #0x00	; 0
      000294 00                     737 	.db #0x00	; 0
      000295 00                     738 	.db #0x00	; 0
      000296 00                     739 	.db #0x00	; 0
      000297 00                     740 	.db #0x00	; 0
      000298 00                     741 	.db #0x00	; 0
      000299 FF                     742 	.db #0xff	; 255
      00029A FF                     743 	.db #0xff	; 255
      00029B FF                     744 	.db #0xff	; 255
      00029C FF                     745 	.db #0xff	; 255
      00029D 00                     746 	.db #0x00	; 0
      00029E 00                     747 	.db #0x00	; 0
      00029F 00                     748 	.db #0x00	; 0
      0002A0 00                     749 	.db #0x00	; 0
      0002A1 00                     750 	.db #0x00	; 0
      0002A2 00                     751 	.db #0x00	; 0
      0002A3 00                     752 	.db #0x00	; 0
      0002A4 00                     753 	.db #0x00	; 0
      0002A5 00                     754 	.db #0x00	; 0
      0002A6 00                     755 	.db #0x00	; 0
      0002A7 00                     756 	.db #0x00	; 0
      0002A8 00                     757 	.db #0x00	; 0
      0002A9 FF                     758 	.db #0xff	; 255
      0002AA FF                     759 	.db #0xff	; 255
      0002AB FF                     760 	.db #0xff	; 255
      0002AC FF                     761 	.db #0xff	; 255
      0002AD FF                     762 	.db #0xff	; 255
      0002AE 00                     763 	.db #0x00	; 0
      0002AF 00                     764 	.db #0x00	; 0
      0002B0 00                     765 	.db #0x00	; 0
      0002B1 00                     766 	.db #0x00	; 0
      0002B2 00                     767 	.db #0x00	; 0
      0002B3 00                     768 	.db #0x00	; 0
      0002B4 00                     769 	.db #0x00	; 0
      0002B5 00                     770 	.db #0x00	; 0
      0002B6 00                     771 	.db #0x00	; 0
      0002B7 00                     772 	.db #0x00	; 0
      0002B8 00                     773 	.db #0x00	; 0
      0002B9 FF                     774 	.db #0xff	; 255
      0002BA FF                     775 	.db #0xff	; 255
      0002BB FF                     776 	.db #0xff	; 255
      0002BC FF                     777 	.db #0xff	; 255
      0002BD FF                     778 	.db #0xff	; 255
      0002BE FF                     779 	.db #0xff	; 255
      0002BF 00                     780 	.db #0x00	; 0
      0002C0 00                     781 	.db #0x00	; 0
      0002C1 00                     782 	.db #0x00	; 0
      0002C2 00                     783 	.db #0x00	; 0
      0002C3 00                     784 	.db #0x00	; 0
      0002C4 00                     785 	.db #0x00	; 0
      0002C5 00                     786 	.db #0x00	; 0
      0002C6 00                     787 	.db #0x00	; 0
      0002C7 00                     788 	.db #0x00	; 0
      0002C8 00                     789 	.db #0x00	; 0
      0002C9 FF                     790 	.db #0xff	; 255
      0002CA FF                     791 	.db #0xff	; 255
      0002CB FF                     792 	.db #0xff	; 255
      0002CC FF                     793 	.db #0xff	; 255
      0002CD FF                     794 	.db #0xff	; 255
      0002CE FF                     795 	.db #0xff	; 255
      0002CF FF                     796 	.db #0xff	; 255
      0002D0 00                     797 	.db #0x00	; 0
      0002D1 00                     798 	.db #0x00	; 0
      0002D2 00                     799 	.db #0x00	; 0
      0002D3 00                     800 	.db #0x00	; 0
      0002D4 00                     801 	.db #0x00	; 0
      0002D5 00                     802 	.db #0x00	; 0
      0002D6 00                     803 	.db #0x00	; 0
      0002D7 00                     804 	.db #0x00	; 0
      0002D8 00                     805 	.db #0x00	; 0
      0002D9 FF                     806 	.db #0xff	; 255
      0002DA FF                     807 	.db #0xff	; 255
      0002DB FF                     808 	.db #0xff	; 255
      0002DC FF                     809 	.db #0xff	; 255
      0002DD FF                     810 	.db #0xff	; 255
      0002DE FF                     811 	.db #0xff	; 255
      0002DF FF                     812 	.db #0xff	; 255
      0002E0 FF                     813 	.db #0xff	; 255
      0002E1 00                     814 	.db #0x00	; 0
      0002E2 00                     815 	.db #0x00	; 0
      0002E3 00                     816 	.db #0x00	; 0
      0002E4 00                     817 	.db #0x00	; 0
      0002E5 00                     818 	.db #0x00	; 0
      0002E6 00                     819 	.db #0x00	; 0
      0002E7 00                     820 	.db #0x00	; 0
      0002E8 00                     821 	.db #0x00	; 0
      0002E9 CC                     822 	.db #0xcc	; 204
      0002EA CC                     823 	.db #0xcc	; 204
      0002EB CC                     824 	.db #0xcc	; 204
      0002EC CC                     825 	.db #0xcc	; 204
      0002ED CC                     826 	.db #0xcc	; 204
      0002EE CC                     827 	.db #0xcc	; 204
      0002EF CC                     828 	.db #0xcc	; 204
      0002F0 CC                     829 	.db #0xcc	; 204
      0002F1 33                     830 	.db #0x33	; 51	'3'
      0002F2 33                     831 	.db #0x33	; 51	'3'
      0002F3 33                     832 	.db #0x33	; 51	'3'
      0002F4 33                     833 	.db #0x33	; 51	'3'
      0002F5 33                     834 	.db #0x33	; 51	'3'
      0002F6 33                     835 	.db #0x33	; 51	'3'
      0002F7 33                     836 	.db #0x33	; 51	'3'
      0002F8 33                     837 	.db #0x33	; 51	'3'
      0002F9 AA                     838 	.db #0xaa	; 170
      0002FA AA                     839 	.db #0xaa	; 170
      0002FB AA                     840 	.db #0xaa	; 170
      0002FC AA                     841 	.db #0xaa	; 170
      0002FD AA                     842 	.db #0xaa	; 170
      0002FE AA                     843 	.db #0xaa	; 170
      0002FF AA                     844 	.db #0xaa	; 170
      000300 AA                     845 	.db #0xaa	; 170
      000301 55                     846 	.db #0x55	; 85	'U'
      000302 55                     847 	.db #0x55	; 85	'U'
      000303 55                     848 	.db #0x55	; 85	'U'
      000304 55                     849 	.db #0x55	; 85	'U'
      000305 55                     850 	.db #0x55	; 85	'U'
      000306 55                     851 	.db #0x55	; 85	'U'
      000307 55                     852 	.db #0x55	; 85	'U'
      000308 55                     853 	.db #0x55	; 85	'U'
      000309 88                     854 	.db #0x88	; 136
      00030A 88                     855 	.db #0x88	; 136
      00030B 88                     856 	.db #0x88	; 136
      00030C 88                     857 	.db #0x88	; 136
      00030D 88                     858 	.db #0x88	; 136
      00030E 88                     859 	.db #0x88	; 136
      00030F 88                     860 	.db #0x88	; 136
      000310 88                     861 	.db #0x88	; 136
      000311 77                     862 	.db #0x77	; 119	'w'
      000312 77                     863 	.db #0x77	; 119	'w'
      000313 77                     864 	.db #0x77	; 119	'w'
      000314 77                     865 	.db #0x77	; 119	'w'
      000315 77                     866 	.db #0x77	; 119	'w'
      000316 77                     867 	.db #0x77	; 119	'w'
      000317 77                     868 	.db #0x77	; 119	'w'
      000318 77                     869 	.db #0x77	; 119	'w'
      000319 FF                     870 	.db #0xff	; 255
      00031A FF                     871 	.db #0xff	; 255
      00031B CC                     872 	.db #0xcc	; 204
      00031C CC                     873 	.db #0xcc	; 204
      00031D FF                     874 	.db #0xff	; 255
      00031E FF                     875 	.db #0xff	; 255
      00031F CC                     876 	.db #0xcc	; 204
      000320 CC                     877 	.db #0xcc	; 204
      000321 00                     878 	.db #0x00	; 0
      000322 00                     879 	.db #0x00	; 0
      000323 33                     880 	.db #0x33	; 51	'3'
      000324 33                     881 	.db #0x33	; 51	'3'
      000325 00                     882 	.db #0x00	; 0
      000326 00                     883 	.db #0x00	; 0
      000327 33                     884 	.db #0x33	; 51	'3'
      000328 33                     885 	.db #0x33	; 51	'3'
      000329 FE                     886 	.db #0xfe	; 254
      00032A DC                     887 	.db #0xdc	; 220
      00032B BA                     888 	.db #0xba	; 186
      00032C 98                     889 	.db #0x98	; 152
      00032D 76                     890 	.db #0x76	; 118	'v'
      00032E 54                     891 	.db #0x54	; 84	'T'
      00032F 32                     892 	.db #0x32	; 50	'2'
      000330 10                     893 	.db #0x10	; 16
      000331 01                     894 	.db #0x01	; 1
      000332 23                     895 	.db #0x23	; 35
      000333 45                     896 	.db #0x45	; 69	'E'
      000334 67                     897 	.db #0x67	; 103	'g'
      000335 89                     898 	.db #0x89	; 137
      000336 AB                     899 	.db #0xab	; 171
      000337 CD                     900 	.db #0xcd	; 205
      000338 EF                     901 	.db #0xef	; 239
      000339 FF                     902 	.db #0xff	; 255
      00033A FF                     903 	.db #0xff	; 255
      00033B BA                     904 	.db #0xba	; 186
      00033C 98                     905 	.db #0x98	; 152
      00033D A9                     906 	.db #0xa9	; 169
      00033E 87                     907 	.db #0x87	; 135
      00033F 32                     908 	.db #0x32	; 50	'2'
      000340 10                     909 	.db #0x10	; 16
      000341 34                     910 	.db #0x34	; 52	'4'
      000342 56                     911 	.db #0x56	; 86	'V'
      000343 45                     912 	.db #0x45	; 69	'E'
      000344 67                     913 	.db #0x67	; 103	'g'
      000345 BC                     914 	.db #0xbc	; 188
      000346 DE                     915 	.db #0xde	; 222
      000347 CD                     916 	.db #0xcd	; 205
      000348 EF                     917 	.db #0xef	; 239
      000349 FF                     918 	.db #0xff	; 255
      00034A EE                     919 	.db #0xee	; 238
      00034B DD                     920 	.db #0xdd	; 221
      00034C CC                     921 	.db #0xcc	; 204
      00034D BB                     922 	.db #0xbb	; 187
      00034E AA                     923 	.db #0xaa	; 170
      00034F 99                     924 	.db #0x99	; 153
      000350 88                     925 	.db #0x88	; 136
      000351 77                     926 	.db #0x77	; 119	'w'
      000352 66                     927 	.db #0x66	; 102	'f'
      000353 55                     928 	.db #0x55	; 85	'U'
      000354 44                     929 	.db #0x44	; 68	'D'
      000355 33                     930 	.db #0x33	; 51	'3'
      000356 22                     931 	.db #0x22	; 34
      000357 11                     932 	.db #0x11	; 17
      000358 00                     933 	.db #0x00	; 0
      000359 FF                     934 	.db #0xff	; 255
      00035A FE                     935 	.db #0xfe	; 254
      00035B FD                     936 	.db #0xfd	; 253
      00035C FC                     937 	.db #0xfc	; 252
      00035D FB                     938 	.db #0xfb	; 251
      00035E FA                     939 	.db #0xfa	; 250
      00035F F9                     940 	.db #0xf9	; 249
      000360 F8                     941 	.db #0xf8	; 248
      000361 E7                     942 	.db #0xe7	; 231
      000362 D6                     943 	.db #0xd6	; 214
      000363 C5                     944 	.db #0xc5	; 197
      000364 B4                     945 	.db #0xb4	; 180
      000365 A3                     946 	.db #0xa3	; 163
      000366 92                     947 	.db #0x92	; 146
      000367 81                     948 	.db #0x81	; 129
      000368 70                     949 	.db #0x70	; 112	'p'
      000369 00                     950 	.db #0x00	; 0
      00036A 00                     951 	.db #0x00	; 0
      00036B 00                     952 	.db #0x00	; 0
      00036C 00                     953 	.db #0x00	; 0
      00036D 00                     954 	.db #0x00	; 0
      00036E 00                     955 	.db #0x00	; 0
      00036F 00                     956 	.db #0x00	; 0
      000370 00                     957 	.db #0x00	; 0
      000371 00                     958 	.db #0x00	; 0
      000372 00                     959 	.db #0x00	; 0
      000373 00                     960 	.db #0x00	; 0
      000374 00                     961 	.db #0x00	; 0
      000375 00                     962 	.db #0x00	; 0
      000376 00                     963 	.db #0x00	; 0
      000377 00                     964 	.db #0x00	; 0
      000378 00                     965 	.db #0x00	; 0
                           000379   966 G$template$0_0$0 == .
      000379                        967 _template:
      000379 06                     968 	.db #0x06	; 6
      00037Ar00r00                  969 	.dw _order_cnt
      00037Cr81r01                  970 	.dw _order1
      00037Er83r01                  971 	.dw _order2
      000380r85r01                  972 	.dw _order3
      000382r87r01                  973 	.dw _order4
      000384r89r01                  974 	.dw _duty_instruments
      000386rC5r01                  975 	.dw _wave_instruments
      000388r01r02                  976 	.dw _noise_instruments
      00038A 00 00                  977 	.dw #0x0000
      00038Cr79r02                  978 	.dw _waves
                                    979 	.area _INITIALIZER
                                    980 	.area _CABS (ABS)
