                                      1 ;--------------------------------------------------------
                                      2 ; File Created by SDCC : free open source ISO C Compiler 
                                      3 ; Version 4.2.2 #13350 (Linux)
                                      4 ;--------------------------------------------------------
                                      5 	.module Font
                                      6 	.optsdcc -msm83
                                      7 	
                                      8 ;--------------------------------------------------------
                                      9 ; Public variables in this module
                                     10 ;--------------------------------------------------------
                                     11 	.globl b___func_Font_tiles_bank
                                     12 	.globl ___func_Font_tiles_bank
                                     13 	.globl _set_bkg_data
                                     14 	.globl _Font_tiles
                                     15 	.globl b_loadFontGraphicsData
                                     16 	.globl _loadFontGraphicsData
                                     17 ;--------------------------------------------------------
                                     18 ; special function registers
                                     19 ;--------------------------------------------------------
                                     20 ;--------------------------------------------------------
                                     21 ; ram data
                                     22 ;--------------------------------------------------------
                                     23 	.area _DATA
                                     24 ;--------------------------------------------------------
                                     25 ; ram data
                                     26 ;--------------------------------------------------------
                                     27 	.area _INITIALIZED
                                     28 ;--------------------------------------------------------
                                     29 ; absolute external ram data
                                     30 ;--------------------------------------------------------
                                     31 	.area _DABS (ABS)
                                     32 ;--------------------------------------------------------
                                     33 ; global & static initialisations
                                     34 ;--------------------------------------------------------
                                     35 	.area _HOME
                                     36 	.area _GSINIT
                                     37 	.area _GSFINAL
                                     38 	.area _GSINIT
                                     39 ;--------------------------------------------------------
                                     40 ; Home
                                     41 ;--------------------------------------------------------
                                     42 	.area _HOME
                                     43 	.area _HOME
                                     44 ;--------------------------------------------------------
                                     45 ; code
                                     46 ;--------------------------------------------------------
                                     47 	.area _CODE_255
                           000000    48 	G$__func_Font_tiles_bank$0$0	= .
                                     49 	.globl	G$__func_Font_tiles_bank$0$0
                           000000    50 	C$Font.c$29$0_0$119	= .
                                     51 	.globl	C$Font.c$29$0_0$119
                                     52 ;res/Font.c:29: BANKREF(Font_tiles_bank)
                                     53 ;	---------------------------------
                                     54 ; Function __func_Font_tiles_bank
                                     55 ; ---------------------------------
                           0000FF    56 	b___func_Font_tiles_bank	= 255
      000000                         57 ___func_Font_tiles_bank::
                                     58 	.local b___func_Font_tiles_bank 
                           0000FF    59 	___bank_Font_tiles_bank = b___func_Font_tiles_bank 
                                     60 	.globl ___bank_Font_tiles_bank 
                           000000    61 	G$loadFontGraphicsData$0$0	= .
                                     62 	.globl	G$loadFontGraphicsData$0$0
                           000000    63 	C$Font.c$164$1_0$120	= .
                                     64 	.globl	C$Font.c$164$1_0$120
                                     65 ;res/Font.c:164: void loadFontGraphicsData() BANKED {
                                     66 ;	---------------------------------
                                     67 ; Function loadFontGraphicsData
                                     68 ; ---------------------------------
                           0000FF    69 	b_loadFontGraphicsData	= 255
      000000                         70 _loadFontGraphicsData::
                           000000    71 	C$Font.c$165$1_0$120	= .
                                     72 	.globl	C$Font.c$165$1_0$120
                                     73 ;res/Font.c:165: set_bkg_data(VRAM_FONT_START, sizeof(Font_tiles) >> 4, Font_tiles);
      000000 11r0Er00         [12]   74 	ld	de, #_Font_tiles
      000003 D5               [16]   75 	push	de
      000004 21 20 40         [12]   76 	ld	hl, #0x4020
      000007 E5               [16]   77 	push	hl
      000008 CDr00r00         [24]   78 	call	_set_bkg_data
      00000B E8 04            [16]   79 	add	sp, #4
                           00000D    80 	C$Font.c$166$1_0$120	= .
                                     81 	.globl	C$Font.c$166$1_0$120
                                     82 ;res/Font.c:166: }
                           00000D    83 	C$Font.c$166$1_0$120	= .
                                     84 	.globl	C$Font.c$166$1_0$120
                           00000D    85 	XG$loadFontGraphicsData$0$0	= .
                                     86 	.globl	XG$loadFontGraphicsData$0$0
      00000D C9               [16]   87 	ret
                           00000E    88 G$Font_tiles$0_0$0 == .
      00000E                         89 _Font_tiles:
      00000E 00                      90 	.db #0x00	; 0
      00000F 00                      91 	.db #0x00	; 0
      000010 00                      92 	.db #0x00	; 0
      000011 00                      93 	.db #0x00	; 0
      000012 00                      94 	.db #0x00	; 0
      000013 00                      95 	.db #0x00	; 0
      000014 00                      96 	.db #0x00	; 0
      000015 00                      97 	.db #0x00	; 0
      000016 00                      98 	.db #0x00	; 0
      000017 00                      99 	.db #0x00	; 0
      000018 00                     100 	.db #0x00	; 0
      000019 00                     101 	.db #0x00	; 0
      00001A 00                     102 	.db #0x00	; 0
      00001B 00                     103 	.db #0x00	; 0
      00001C 00                     104 	.db #0x00	; 0
      00001D 00                     105 	.db #0x00	; 0
      00001E 00                     106 	.db #0x00	; 0
      00001F 00                     107 	.db #0x00	; 0
      000020 18                     108 	.db #0x18	; 24
      000021 18                     109 	.db #0x18	; 24
      000022 38                     110 	.db #0x38	; 56	'8'
      000023 38                     111 	.db #0x38	; 56	'8'
      000024 30                     112 	.db #0x30	; 48	'0'
      000025 30                     113 	.db #0x30	; 48	'0'
      000026 00                     114 	.db #0x00	; 0
      000027 00                     115 	.db #0x00	; 0
      000028 60                     116 	.db #0x60	; 96
      000029 60                     117 	.db #0x60	; 96
      00002A 60                     118 	.db #0x60	; 96
      00002B 60                     119 	.db #0x60	; 96
      00002C 00                     120 	.db #0x00	; 0
      00002D 00                     121 	.db #0x00	; 0
      00002E 00                     122 	.db #0x00	; 0
      00002F 00                     123 	.db #0x00	; 0
      000030 66                     124 	.db #0x66	; 102	'f'
      000031 66                     125 	.db #0x66	; 102	'f'
      000032 66                     126 	.db #0x66	; 102	'f'
      000033 66                     127 	.db #0x66	; 102	'f'
      000034 44                     128 	.db #0x44	; 68	'D'
      000035 44                     129 	.db #0x44	; 68	'D'
      000036 00                     130 	.db #0x00	; 0
      000037 00                     131 	.db #0x00	; 0
      000038 00                     132 	.db #0x00	; 0
      000039 00                     133 	.db #0x00	; 0
      00003A 00                     134 	.db #0x00	; 0
      00003B 00                     135 	.db #0x00	; 0
      00003C 00                     136 	.db #0x00	; 0
      00003D 00                     137 	.db #0x00	; 0
      00003E 00                     138 	.db #0x00	; 0
      00003F 00                     139 	.db #0x00	; 0
      000040 24                     140 	.db #0x24	; 36
      000041 24                     141 	.db #0x24	; 36
      000042 7E                     142 	.db #0x7e	; 126
      000043 7E                     143 	.db #0x7e	; 126
      000044 24                     144 	.db #0x24	; 36
      000045 24                     145 	.db #0x24	; 36
      000046 24                     146 	.db #0x24	; 36
      000047 24                     147 	.db #0x24	; 36
      000048 7E                     148 	.db #0x7e	; 126
      000049 7E                     149 	.db #0x7e	; 126
      00004A 24                     150 	.db #0x24	; 36
      00004B 24                     151 	.db #0x24	; 36
      00004C 00                     152 	.db #0x00	; 0
      00004D 00                     153 	.db #0x00	; 0
      00004E 00                     154 	.db #0x00	; 0
      00004F 00                     155 	.db #0x00	; 0
      000050 3C                     156 	.db #0x3c	; 60
      000051 3C                     157 	.db #0x3c	; 60
      000052 50                     158 	.db #0x50	; 80	'P'
      000053 50                     159 	.db #0x50	; 80	'P'
      000054 38                     160 	.db #0x38	; 56	'8'
      000055 38                     161 	.db #0x38	; 56	'8'
      000056 14                     162 	.db #0x14	; 20
      000057 14                     163 	.db #0x14	; 20
      000058 14                     164 	.db #0x14	; 20
      000059 14                     165 	.db #0x14	; 20
      00005A 78                     166 	.db #0x78	; 120	'x'
      00005B 78                     167 	.db #0x78	; 120	'x'
      00005C 00                     168 	.db #0x00	; 0
      00005D 00                     169 	.db #0x00	; 0
      00005E 00                     170 	.db #0x00	; 0
      00005F 00                     171 	.db #0x00	; 0
      000060 64                     172 	.db #0x64	; 100	'd'
      000061 64                     173 	.db #0x64	; 100	'd'
      000062 64                     174 	.db #0x64	; 100	'd'
      000063 64                     175 	.db #0x64	; 100	'd'
      000064 08                     176 	.db #0x08	; 8
      000065 08                     177 	.db #0x08	; 8
      000066 10                     178 	.db #0x10	; 16
      000067 10                     179 	.db #0x10	; 16
      000068 26                     180 	.db #0x26	; 38
      000069 26                     181 	.db #0x26	; 38
      00006A 26                     182 	.db #0x26	; 38
      00006B 26                     183 	.db #0x26	; 38
      00006C 00                     184 	.db #0x00	; 0
      00006D 00                     185 	.db #0x00	; 0
      00006E 00                     186 	.db #0x00	; 0
      00006F 00                     187 	.db #0x00	; 0
      000070 30                     188 	.db #0x30	; 48	'0'
      000071 30                     189 	.db #0x30	; 48	'0'
      000072 48                     190 	.db #0x48	; 72	'H'
      000073 48                     191 	.db #0x48	; 72	'H'
      000074 30                     192 	.db #0x30	; 48	'0'
      000075 30                     193 	.db #0x30	; 48	'0'
      000076 54                     194 	.db #0x54	; 84	'T'
      000077 54                     195 	.db #0x54	; 84	'T'
      000078 48                     196 	.db #0x48	; 72	'H'
      000079 48                     197 	.db #0x48	; 72	'H'
      00007A 34                     198 	.db #0x34	; 52	'4'
      00007B 34                     199 	.db #0x34	; 52	'4'
      00007C 00                     200 	.db #0x00	; 0
      00007D 00                     201 	.db #0x00	; 0
      00007E 00                     202 	.db #0x00	; 0
      00007F 00                     203 	.db #0x00	; 0
      000080 18                     204 	.db #0x18	; 24
      000081 18                     205 	.db #0x18	; 24
      000082 18                     206 	.db #0x18	; 24
      000083 18                     207 	.db #0x18	; 24
      000084 10                     208 	.db #0x10	; 16
      000085 10                     209 	.db #0x10	; 16
      000086 00                     210 	.db #0x00	; 0
      000087 00                     211 	.db #0x00	; 0
      000088 00                     212 	.db #0x00	; 0
      000089 00                     213 	.db #0x00	; 0
      00008A 00                     214 	.db #0x00	; 0
      00008B 00                     215 	.db #0x00	; 0
      00008C 00                     216 	.db #0x00	; 0
      00008D 00                     217 	.db #0x00	; 0
      00008E 00                     218 	.db #0x00	; 0
      00008F 00                     219 	.db #0x00	; 0
      000090 04                     220 	.db #0x04	; 4
      000091 04                     221 	.db #0x04	; 4
      000092 08                     222 	.db #0x08	; 8
      000093 08                     223 	.db #0x08	; 8
      000094 08                     224 	.db #0x08	; 8
      000095 08                     225 	.db #0x08	; 8
      000096 08                     226 	.db #0x08	; 8
      000097 08                     227 	.db #0x08	; 8
      000098 08                     228 	.db #0x08	; 8
      000099 08                     229 	.db #0x08	; 8
      00009A 04                     230 	.db #0x04	; 4
      00009B 04                     231 	.db #0x04	; 4
      00009C 00                     232 	.db #0x00	; 0
      00009D 00                     233 	.db #0x00	; 0
      00009E 00                     234 	.db #0x00	; 0
      00009F 00                     235 	.db #0x00	; 0
      0000A0 40                     236 	.db #0x40	; 64
      0000A1 40                     237 	.db #0x40	; 64
      0000A2 20                     238 	.db #0x20	; 32
      0000A3 20                     239 	.db #0x20	; 32
      0000A4 20                     240 	.db #0x20	; 32
      0000A5 20                     241 	.db #0x20	; 32
      0000A6 20                     242 	.db #0x20	; 32
      0000A7 20                     243 	.db #0x20	; 32
      0000A8 20                     244 	.db #0x20	; 32
      0000A9 20                     245 	.db #0x20	; 32
      0000AA 40                     246 	.db #0x40	; 64
      0000AB 40                     247 	.db #0x40	; 64
      0000AC 00                     248 	.db #0x00	; 0
      0000AD 00                     249 	.db #0x00	; 0
      0000AE 00                     250 	.db #0x00	; 0
      0000AF 00                     251 	.db #0x00	; 0
      0000B0 10                     252 	.db #0x10	; 16
      0000B1 10                     253 	.db #0x10	; 16
      0000B2 10                     254 	.db #0x10	; 16
      0000B3 10                     255 	.db #0x10	; 16
      0000B4 7C                     256 	.db #0x7c	; 124
      0000B5 7C                     257 	.db #0x7c	; 124
      0000B6 38                     258 	.db #0x38	; 56	'8'
      0000B7 38                     259 	.db #0x38	; 56	'8'
      0000B8 28                     260 	.db #0x28	; 40
      0000B9 28                     261 	.db #0x28	; 40
      0000BA 00                     262 	.db #0x00	; 0
      0000BB 00                     263 	.db #0x00	; 0
      0000BC 00                     264 	.db #0x00	; 0
      0000BD 00                     265 	.db #0x00	; 0
      0000BE 00                     266 	.db #0x00	; 0
      0000BF 00                     267 	.db #0x00	; 0
      0000C0 10                     268 	.db #0x10	; 16
      0000C1 10                     269 	.db #0x10	; 16
      0000C2 10                     270 	.db #0x10	; 16
      0000C3 10                     271 	.db #0x10	; 16
      0000C4 7C                     272 	.db #0x7c	; 124
      0000C5 7C                     273 	.db #0x7c	; 124
      0000C6 10                     274 	.db #0x10	; 16
      0000C7 10                     275 	.db #0x10	; 16
      0000C8 10                     276 	.db #0x10	; 16
      0000C9 10                     277 	.db #0x10	; 16
      0000CA 00                     278 	.db #0x00	; 0
      0000CB 00                     279 	.db #0x00	; 0
      0000CC 00                     280 	.db #0x00	; 0
      0000CD 00                     281 	.db #0x00	; 0
      0000CE 00                     282 	.db #0x00	; 0
      0000CF 00                     283 	.db #0x00	; 0
      0000D0 00                     284 	.db #0x00	; 0
      0000D1 00                     285 	.db #0x00	; 0
      0000D2 00                     286 	.db #0x00	; 0
      0000D3 00                     287 	.db #0x00	; 0
      0000D4 00                     288 	.db #0x00	; 0
      0000D5 00                     289 	.db #0x00	; 0
      0000D6 00                     290 	.db #0x00	; 0
      0000D7 00                     291 	.db #0x00	; 0
      0000D8 60                     292 	.db #0x60	; 96
      0000D9 60                     293 	.db #0x60	; 96
      0000DA 60                     294 	.db #0x60	; 96
      0000DB 60                     295 	.db #0x60	; 96
      0000DC 40                     296 	.db #0x40	; 64
      0000DD 40                     297 	.db #0x40	; 64
      0000DE 00                     298 	.db #0x00	; 0
      0000DF 00                     299 	.db #0x00	; 0
      0000E0 00                     300 	.db #0x00	; 0
      0000E1 00                     301 	.db #0x00	; 0
      0000E2 00                     302 	.db #0x00	; 0
      0000E3 00                     303 	.db #0x00	; 0
      0000E4 00                     304 	.db #0x00	; 0
      0000E5 00                     305 	.db #0x00	; 0
      0000E6 7C                     306 	.db #0x7c	; 124
      0000E7 7C                     307 	.db #0x7c	; 124
      0000E8 00                     308 	.db #0x00	; 0
      0000E9 00                     309 	.db #0x00	; 0
      0000EA 00                     310 	.db #0x00	; 0
      0000EB 00                     311 	.db #0x00	; 0
      0000EC 00                     312 	.db #0x00	; 0
      0000ED 00                     313 	.db #0x00	; 0
      0000EE 00                     314 	.db #0x00	; 0
      0000EF 00                     315 	.db #0x00	; 0
      0000F0 00                     316 	.db #0x00	; 0
      0000F1 00                     317 	.db #0x00	; 0
      0000F2 00                     318 	.db #0x00	; 0
      0000F3 00                     319 	.db #0x00	; 0
      0000F4 00                     320 	.db #0x00	; 0
      0000F5 00                     321 	.db #0x00	; 0
      0000F6 00                     322 	.db #0x00	; 0
      0000F7 00                     323 	.db #0x00	; 0
      0000F8 60                     324 	.db #0x60	; 96
      0000F9 60                     325 	.db #0x60	; 96
      0000FA 60                     326 	.db #0x60	; 96
      0000FB 60                     327 	.db #0x60	; 96
      0000FC 00                     328 	.db #0x00	; 0
      0000FD 00                     329 	.db #0x00	; 0
      0000FE 00                     330 	.db #0x00	; 0
      0000FF 00                     331 	.db #0x00	; 0
      000100 04                     332 	.db #0x04	; 4
      000101 04                     333 	.db #0x04	; 4
      000102 04                     334 	.db #0x04	; 4
      000103 04                     335 	.db #0x04	; 4
      000104 08                     336 	.db #0x08	; 8
      000105 08                     337 	.db #0x08	; 8
      000106 10                     338 	.db #0x10	; 16
      000107 10                     339 	.db #0x10	; 16
      000108 20                     340 	.db #0x20	; 32
      000109 20                     341 	.db #0x20	; 32
      00010A 20                     342 	.db #0x20	; 32
      00010B 20                     343 	.db #0x20	; 32
      00010C 00                     344 	.db #0x00	; 0
      00010D 00                     345 	.db #0x00	; 0
      00010E 00                     346 	.db #0x00	; 0
      00010F 00                     347 	.db #0x00	; 0
      000110 18                     348 	.db #0x18	; 24
      000111 18                     349 	.db #0x18	; 24
      000112 24                     350 	.db #0x24	; 36
      000113 24                     351 	.db #0x24	; 36
      000114 2C                     352 	.db #0x2c	; 44
      000115 2C                     353 	.db #0x2c	; 44
      000116 34                     354 	.db #0x34	; 52	'4'
      000117 34                     355 	.db #0x34	; 52	'4'
      000118 24                     356 	.db #0x24	; 36
      000119 24                     357 	.db #0x24	; 36
      00011A 18                     358 	.db #0x18	; 24
      00011B 18                     359 	.db #0x18	; 24
      00011C 00                     360 	.db #0x00	; 0
      00011D 00                     361 	.db #0x00	; 0
      00011E 00                     362 	.db #0x00	; 0
      00011F 00                     363 	.db #0x00	; 0
      000120 08                     364 	.db #0x08	; 8
      000121 08                     365 	.db #0x08	; 8
      000122 18                     366 	.db #0x18	; 24
      000123 18                     367 	.db #0x18	; 24
      000124 28                     368 	.db #0x28	; 40
      000125 28                     369 	.db #0x28	; 40
      000126 08                     370 	.db #0x08	; 8
      000127 08                     371 	.db #0x08	; 8
      000128 08                     372 	.db #0x08	; 8
      000129 08                     373 	.db #0x08	; 8
      00012A 08                     374 	.db #0x08	; 8
      00012B 08                     375 	.db #0x08	; 8
      00012C 00                     376 	.db #0x00	; 0
      00012D 00                     377 	.db #0x00	; 0
      00012E 00                     378 	.db #0x00	; 0
      00012F 00                     379 	.db #0x00	; 0
      000130 38                     380 	.db #0x38	; 56	'8'
      000131 38                     381 	.db #0x38	; 56	'8'
      000132 44                     382 	.db #0x44	; 68	'D'
      000133 44                     383 	.db #0x44	; 68	'D'
      000134 04                     384 	.db #0x04	; 4
      000135 04                     385 	.db #0x04	; 4
      000136 18                     386 	.db #0x18	; 24
      000137 18                     387 	.db #0x18	; 24
      000138 20                     388 	.db #0x20	; 32
      000139 20                     389 	.db #0x20	; 32
      00013A 7C                     390 	.db #0x7c	; 124
      00013B 7C                     391 	.db #0x7c	; 124
      00013C 00                     392 	.db #0x00	; 0
      00013D 00                     393 	.db #0x00	; 0
      00013E 00                     394 	.db #0x00	; 0
      00013F 00                     395 	.db #0x00	; 0
      000140 38                     396 	.db #0x38	; 56	'8'
      000141 38                     397 	.db #0x38	; 56	'8'
      000142 44                     398 	.db #0x44	; 68	'D'
      000143 44                     399 	.db #0x44	; 68	'D'
      000144 18                     400 	.db #0x18	; 24
      000145 18                     401 	.db #0x18	; 24
      000146 04                     402 	.db #0x04	; 4
      000147 04                     403 	.db #0x04	; 4
      000148 44                     404 	.db #0x44	; 68	'D'
      000149 44                     405 	.db #0x44	; 68	'D'
      00014A 38                     406 	.db #0x38	; 56	'8'
      00014B 38                     407 	.db #0x38	; 56	'8'
      00014C 00                     408 	.db #0x00	; 0
      00014D 00                     409 	.db #0x00	; 0
      00014E 00                     410 	.db #0x00	; 0
      00014F 00                     411 	.db #0x00	; 0
      000150 18                     412 	.db #0x18	; 24
      000151 18                     413 	.db #0x18	; 24
      000152 20                     414 	.db #0x20	; 32
      000153 20                     415 	.db #0x20	; 32
      000154 48                     416 	.db #0x48	; 72	'H'
      000155 48                     417 	.db #0x48	; 72	'H'
      000156 7C                     418 	.db #0x7c	; 124
      000157 7C                     419 	.db #0x7c	; 124
      000158 08                     420 	.db #0x08	; 8
      000159 08                     421 	.db #0x08	; 8
      00015A 08                     422 	.db #0x08	; 8
      00015B 08                     423 	.db #0x08	; 8
      00015C 00                     424 	.db #0x00	; 0
      00015D 00                     425 	.db #0x00	; 0
      00015E 00                     426 	.db #0x00	; 0
      00015F 00                     427 	.db #0x00	; 0
      000160 7C                     428 	.db #0x7c	; 124
      000161 7C                     429 	.db #0x7c	; 124
      000162 40                     430 	.db #0x40	; 64
      000163 40                     431 	.db #0x40	; 64
      000164 78                     432 	.db #0x78	; 120	'x'
      000165 78                     433 	.db #0x78	; 120	'x'
      000166 04                     434 	.db #0x04	; 4
      000167 04                     435 	.db #0x04	; 4
      000168 04                     436 	.db #0x04	; 4
      000169 04                     437 	.db #0x04	; 4
      00016A 78                     438 	.db #0x78	; 120	'x'
      00016B 78                     439 	.db #0x78	; 120	'x'
      00016C 00                     440 	.db #0x00	; 0
      00016D 00                     441 	.db #0x00	; 0
      00016E 00                     442 	.db #0x00	; 0
      00016F 00                     443 	.db #0x00	; 0
      000170 3C                     444 	.db #0x3c	; 60
      000171 3C                     445 	.db #0x3c	; 60
      000172 40                     446 	.db #0x40	; 64
      000173 40                     447 	.db #0x40	; 64
      000174 78                     448 	.db #0x78	; 120	'x'
      000175 78                     449 	.db #0x78	; 120	'x'
      000176 44                     450 	.db #0x44	; 68	'D'
      000177 44                     451 	.db #0x44	; 68	'D'
      000178 44                     452 	.db #0x44	; 68	'D'
      000179 44                     453 	.db #0x44	; 68	'D'
      00017A 38                     454 	.db #0x38	; 56	'8'
      00017B 38                     455 	.db #0x38	; 56	'8'
      00017C 00                     456 	.db #0x00	; 0
      00017D 00                     457 	.db #0x00	; 0
      00017E 00                     458 	.db #0x00	; 0
      00017F 00                     459 	.db #0x00	; 0
      000180 7C                     460 	.db #0x7c	; 124
      000181 7C                     461 	.db #0x7c	; 124
      000182 08                     462 	.db #0x08	; 8
      000183 08                     463 	.db #0x08	; 8
      000184 08                     464 	.db #0x08	; 8
      000185 08                     465 	.db #0x08	; 8
      000186 10                     466 	.db #0x10	; 16
      000187 10                     467 	.db #0x10	; 16
      000188 10                     468 	.db #0x10	; 16
      000189 10                     469 	.db #0x10	; 16
      00018A 20                     470 	.db #0x20	; 32
      00018B 20                     471 	.db #0x20	; 32
      00018C 00                     472 	.db #0x00	; 0
      00018D 00                     473 	.db #0x00	; 0
      00018E 00                     474 	.db #0x00	; 0
      00018F 00                     475 	.db #0x00	; 0
      000190 38                     476 	.db #0x38	; 56	'8'
      000191 38                     477 	.db #0x38	; 56	'8'
      000192 44                     478 	.db #0x44	; 68	'D'
      000193 44                     479 	.db #0x44	; 68	'D'
      000194 38                     480 	.db #0x38	; 56	'8'
      000195 38                     481 	.db #0x38	; 56	'8'
      000196 44                     482 	.db #0x44	; 68	'D'
      000197 44                     483 	.db #0x44	; 68	'D'
      000198 44                     484 	.db #0x44	; 68	'D'
      000199 44                     485 	.db #0x44	; 68	'D'
      00019A 38                     486 	.db #0x38	; 56	'8'
      00019B 38                     487 	.db #0x38	; 56	'8'
      00019C 00                     488 	.db #0x00	; 0
      00019D 00                     489 	.db #0x00	; 0
      00019E 00                     490 	.db #0x00	; 0
      00019F 00                     491 	.db #0x00	; 0
      0001A0 38                     492 	.db #0x38	; 56	'8'
      0001A1 38                     493 	.db #0x38	; 56	'8'
      0001A2 44                     494 	.db #0x44	; 68	'D'
      0001A3 44                     495 	.db #0x44	; 68	'D'
      0001A4 3C                     496 	.db #0x3c	; 60
      0001A5 3C                     497 	.db #0x3c	; 60
      0001A6 04                     498 	.db #0x04	; 4
      0001A7 04                     499 	.db #0x04	; 4
      0001A8 04                     500 	.db #0x04	; 4
      0001A9 04                     501 	.db #0x04	; 4
      0001AA 78                     502 	.db #0x78	; 120	'x'
      0001AB 78                     503 	.db #0x78	; 120	'x'
      0001AC 00                     504 	.db #0x00	; 0
      0001AD 00                     505 	.db #0x00	; 0
      0001AE 00                     506 	.db #0x00	; 0
      0001AF 00                     507 	.db #0x00	; 0
      0001B0 00                     508 	.db #0x00	; 0
      0001B1 00                     509 	.db #0x00	; 0
      0001B2 60                     510 	.db #0x60	; 96
      0001B3 60                     511 	.db #0x60	; 96
      0001B4 60                     512 	.db #0x60	; 96
      0001B5 60                     513 	.db #0x60	; 96
      0001B6 00                     514 	.db #0x00	; 0
      0001B7 00                     515 	.db #0x00	; 0
      0001B8 60                     516 	.db #0x60	; 96
      0001B9 60                     517 	.db #0x60	; 96
      0001BA 60                     518 	.db #0x60	; 96
      0001BB 60                     519 	.db #0x60	; 96
      0001BC 00                     520 	.db #0x00	; 0
      0001BD 00                     521 	.db #0x00	; 0
      0001BE 00                     522 	.db #0x00	; 0
      0001BF 00                     523 	.db #0x00	; 0
      0001C0 00                     524 	.db #0x00	; 0
      0001C1 00                     525 	.db #0x00	; 0
      0001C2 60                     526 	.db #0x60	; 96
      0001C3 60                     527 	.db #0x60	; 96
      0001C4 60                     528 	.db #0x60	; 96
      0001C5 60                     529 	.db #0x60	; 96
      0001C6 00                     530 	.db #0x00	; 0
      0001C7 00                     531 	.db #0x00	; 0
      0001C8 60                     532 	.db #0x60	; 96
      0001C9 60                     533 	.db #0x60	; 96
      0001CA 60                     534 	.db #0x60	; 96
      0001CB 60                     535 	.db #0x60	; 96
      0001CC 40                     536 	.db #0x40	; 64
      0001CD 40                     537 	.db #0x40	; 64
      0001CE 00                     538 	.db #0x00	; 0
      0001CF 00                     539 	.db #0x00	; 0
      0001D0 08                     540 	.db #0x08	; 8
      0001D1 08                     541 	.db #0x08	; 8
      0001D2 10                     542 	.db #0x10	; 16
      0001D3 10                     543 	.db #0x10	; 16
      0001D4 20                     544 	.db #0x20	; 32
      0001D5 20                     545 	.db #0x20	; 32
      0001D6 20                     546 	.db #0x20	; 32
      0001D7 20                     547 	.db #0x20	; 32
      0001D8 10                     548 	.db #0x10	; 16
      0001D9 10                     549 	.db #0x10	; 16
      0001DA 08                     550 	.db #0x08	; 8
      0001DB 08                     551 	.db #0x08	; 8
      0001DC 00                     552 	.db #0x00	; 0
      0001DD 00                     553 	.db #0x00	; 0
      0001DE 00                     554 	.db #0x00	; 0
      0001DF 00                     555 	.db #0x00	; 0
      0001E0 00                     556 	.db #0x00	; 0
      0001E1 00                     557 	.db #0x00	; 0
      0001E2 00                     558 	.db #0x00	; 0
      0001E3 00                     559 	.db #0x00	; 0
      0001E4 7C                     560 	.db #0x7c	; 124
      0001E5 7C                     561 	.db #0x7c	; 124
      0001E6 00                     562 	.db #0x00	; 0
      0001E7 00                     563 	.db #0x00	; 0
      0001E8 7C                     564 	.db #0x7c	; 124
      0001E9 7C                     565 	.db #0x7c	; 124
      0001EA 00                     566 	.db #0x00	; 0
      0001EB 00                     567 	.db #0x00	; 0
      0001EC 00                     568 	.db #0x00	; 0
      0001ED 00                     569 	.db #0x00	; 0
      0001EE 00                     570 	.db #0x00	; 0
      0001EF 00                     571 	.db #0x00	; 0
      0001F0 20                     572 	.db #0x20	; 32
      0001F1 20                     573 	.db #0x20	; 32
      0001F2 10                     574 	.db #0x10	; 16
      0001F3 10                     575 	.db #0x10	; 16
      0001F4 08                     576 	.db #0x08	; 8
      0001F5 08                     577 	.db #0x08	; 8
      0001F6 08                     578 	.db #0x08	; 8
      0001F7 08                     579 	.db #0x08	; 8
      0001F8 10                     580 	.db #0x10	; 16
      0001F9 10                     581 	.db #0x10	; 16
      0001FA 20                     582 	.db #0x20	; 32
      0001FB 20                     583 	.db #0x20	; 32
      0001FC 00                     584 	.db #0x00	; 0
      0001FD 00                     585 	.db #0x00	; 0
      0001FE 00                     586 	.db #0x00	; 0
      0001FF 00                     587 	.db #0x00	; 0
      000200 78                     588 	.db #0x78	; 120	'x'
      000201 78                     589 	.db #0x78	; 120	'x'
      000202 0C                     590 	.db #0x0c	; 12
      000203 0C                     591 	.db #0x0c	; 12
      000204 18                     592 	.db #0x18	; 24
      000205 18                     593 	.db #0x18	; 24
      000206 00                     594 	.db #0x00	; 0
      000207 00                     595 	.db #0x00	; 0
      000208 60                     596 	.db #0x60	; 96
      000209 60                     597 	.db #0x60	; 96
      00020A 60                     598 	.db #0x60	; 96
      00020B 60                     599 	.db #0x60	; 96
      00020C 00                     600 	.db #0x00	; 0
      00020D 00                     601 	.db #0x00	; 0
      00020E 00                     602 	.db #0x00	; 0
      00020F 00                     603 	.db #0x00	; 0
      000210 18                     604 	.db #0x18	; 24
      000211 18                     605 	.db #0x18	; 24
      000212 24                     606 	.db #0x24	; 36
      000213 24                     607 	.db #0x24	; 36
      000214 4C                     608 	.db #0x4c	; 76	'L'
      000215 4C                     609 	.db #0x4c	; 76	'L'
      000216 54                     610 	.db #0x54	; 84	'T'
      000217 54                     611 	.db #0x54	; 84	'T'
      000218 5C                     612 	.db #0x5c	; 92
      000219 5C                     613 	.db #0x5c	; 92
      00021A 40                     614 	.db #0x40	; 64
      00021B 40                     615 	.db #0x40	; 64
      00021C 3C                     616 	.db #0x3c	; 60
      00021D 3C                     617 	.db #0x3c	; 60
      00021E 00                     618 	.db #0x00	; 0
      00021F 00                     619 	.db #0x00	; 0
      000220 10                     620 	.db #0x10	; 16
      000221 10                     621 	.db #0x10	; 16
      000222 28                     622 	.db #0x28	; 40
      000223 28                     623 	.db #0x28	; 40
      000224 28                     624 	.db #0x28	; 40
      000225 28                     625 	.db #0x28	; 40
      000226 44                     626 	.db #0x44	; 68	'D'
      000227 44                     627 	.db #0x44	; 68	'D'
      000228 7C                     628 	.db #0x7c	; 124
      000229 7C                     629 	.db #0x7c	; 124
      00022A 44                     630 	.db #0x44	; 68	'D'
      00022B 44                     631 	.db #0x44	; 68	'D'
      00022C 00                     632 	.db #0x00	; 0
      00022D 00                     633 	.db #0x00	; 0
      00022E 00                     634 	.db #0x00	; 0
      00022F 00                     635 	.db #0x00	; 0
      000230 78                     636 	.db #0x78	; 120	'x'
      000231 78                     637 	.db #0x78	; 120	'x'
      000232 44                     638 	.db #0x44	; 68	'D'
      000233 44                     639 	.db #0x44	; 68	'D'
      000234 78                     640 	.db #0x78	; 120	'x'
      000235 78                     641 	.db #0x78	; 120	'x'
      000236 44                     642 	.db #0x44	; 68	'D'
      000237 44                     643 	.db #0x44	; 68	'D'
      000238 44                     644 	.db #0x44	; 68	'D'
      000239 44                     645 	.db #0x44	; 68	'D'
      00023A 78                     646 	.db #0x78	; 120	'x'
      00023B 78                     647 	.db #0x78	; 120	'x'
      00023C 00                     648 	.db #0x00	; 0
      00023D 00                     649 	.db #0x00	; 0
      00023E 00                     650 	.db #0x00	; 0
      00023F 00                     651 	.db #0x00	; 0
      000240 38                     652 	.db #0x38	; 56	'8'
      000241 38                     653 	.db #0x38	; 56	'8'
      000242 44                     654 	.db #0x44	; 68	'D'
      000243 44                     655 	.db #0x44	; 68	'D'
      000244 40                     656 	.db #0x40	; 64
      000245 40                     657 	.db #0x40	; 64
      000246 40                     658 	.db #0x40	; 64
      000247 40                     659 	.db #0x40	; 64
      000248 44                     660 	.db #0x44	; 68	'D'
      000249 44                     661 	.db #0x44	; 68	'D'
      00024A 38                     662 	.db #0x38	; 56	'8'
      00024B 38                     663 	.db #0x38	; 56	'8'
      00024C 00                     664 	.db #0x00	; 0
      00024D 00                     665 	.db #0x00	; 0
      00024E 00                     666 	.db #0x00	; 0
      00024F 00                     667 	.db #0x00	; 0
      000250 78                     668 	.db #0x78	; 120	'x'
      000251 78                     669 	.db #0x78	; 120	'x'
      000252 44                     670 	.db #0x44	; 68	'D'
      000253 44                     671 	.db #0x44	; 68	'D'
      000254 44                     672 	.db #0x44	; 68	'D'
      000255 44                     673 	.db #0x44	; 68	'D'
      000256 44                     674 	.db #0x44	; 68	'D'
      000257 44                     675 	.db #0x44	; 68	'D'
      000258 44                     676 	.db #0x44	; 68	'D'
      000259 44                     677 	.db #0x44	; 68	'D'
      00025A 78                     678 	.db #0x78	; 120	'x'
      00025B 78                     679 	.db #0x78	; 120	'x'
      00025C 00                     680 	.db #0x00	; 0
      00025D 00                     681 	.db #0x00	; 0
      00025E 00                     682 	.db #0x00	; 0
      00025F 00                     683 	.db #0x00	; 0
      000260 7C                     684 	.db #0x7c	; 124
      000261 7C                     685 	.db #0x7c	; 124
      000262 40                     686 	.db #0x40	; 64
      000263 40                     687 	.db #0x40	; 64
      000264 70                     688 	.db #0x70	; 112	'p'
      000265 70                     689 	.db #0x70	; 112	'p'
      000266 40                     690 	.db #0x40	; 64
      000267 40                     691 	.db #0x40	; 64
      000268 40                     692 	.db #0x40	; 64
      000269 40                     693 	.db #0x40	; 64
      00026A 7C                     694 	.db #0x7c	; 124
      00026B 7C                     695 	.db #0x7c	; 124
      00026C 00                     696 	.db #0x00	; 0
      00026D 00                     697 	.db #0x00	; 0
      00026E 00                     698 	.db #0x00	; 0
      00026F 00                     699 	.db #0x00	; 0
      000270 7C                     700 	.db #0x7c	; 124
      000271 7C                     701 	.db #0x7c	; 124
      000272 40                     702 	.db #0x40	; 64
      000273 40                     703 	.db #0x40	; 64
      000274 70                     704 	.db #0x70	; 112	'p'
      000275 70                     705 	.db #0x70	; 112	'p'
      000276 40                     706 	.db #0x40	; 64
      000277 40                     707 	.db #0x40	; 64
      000278 40                     708 	.db #0x40	; 64
      000279 40                     709 	.db #0x40	; 64
      00027A 40                     710 	.db #0x40	; 64
      00027B 40                     711 	.db #0x40	; 64
      00027C 00                     712 	.db #0x00	; 0
      00027D 00                     713 	.db #0x00	; 0
      00027E 00                     714 	.db #0x00	; 0
      00027F 00                     715 	.db #0x00	; 0
      000280 38                     716 	.db #0x38	; 56	'8'
      000281 38                     717 	.db #0x38	; 56	'8'
      000282 44                     718 	.db #0x44	; 68	'D'
      000283 44                     719 	.db #0x44	; 68	'D'
      000284 40                     720 	.db #0x40	; 64
      000285 40                     721 	.db #0x40	; 64
      000286 4C                     722 	.db #0x4c	; 76	'L'
      000287 4C                     723 	.db #0x4c	; 76	'L'
      000288 44                     724 	.db #0x44	; 68	'D'
      000289 44                     725 	.db #0x44	; 68	'D'
      00028A 3C                     726 	.db #0x3c	; 60
      00028B 3C                     727 	.db #0x3c	; 60
      00028C 00                     728 	.db #0x00	; 0
      00028D 00                     729 	.db #0x00	; 0
      00028E 00                     730 	.db #0x00	; 0
      00028F 00                     731 	.db #0x00	; 0
      000290 44                     732 	.db #0x44	; 68	'D'
      000291 44                     733 	.db #0x44	; 68	'D'
      000292 44                     734 	.db #0x44	; 68	'D'
      000293 44                     735 	.db #0x44	; 68	'D'
      000294 7C                     736 	.db #0x7c	; 124
      000295 7C                     737 	.db #0x7c	; 124
      000296 44                     738 	.db #0x44	; 68	'D'
      000297 44                     739 	.db #0x44	; 68	'D'
      000298 44                     740 	.db #0x44	; 68	'D'
      000299 44                     741 	.db #0x44	; 68	'D'
      00029A 44                     742 	.db #0x44	; 68	'D'
      00029B 44                     743 	.db #0x44	; 68	'D'
      00029C 00                     744 	.db #0x00	; 0
      00029D 00                     745 	.db #0x00	; 0
      00029E 00                     746 	.db #0x00	; 0
      00029F 00                     747 	.db #0x00	; 0
      0002A0 7C                     748 	.db #0x7c	; 124
      0002A1 7C                     749 	.db #0x7c	; 124
      0002A2 10                     750 	.db #0x10	; 16
      0002A3 10                     751 	.db #0x10	; 16
      0002A4 10                     752 	.db #0x10	; 16
      0002A5 10                     753 	.db #0x10	; 16
      0002A6 10                     754 	.db #0x10	; 16
      0002A7 10                     755 	.db #0x10	; 16
      0002A8 10                     756 	.db #0x10	; 16
      0002A9 10                     757 	.db #0x10	; 16
      0002AA 7C                     758 	.db #0x7c	; 124
      0002AB 7C                     759 	.db #0x7c	; 124
      0002AC 00                     760 	.db #0x00	; 0
      0002AD 00                     761 	.db #0x00	; 0
      0002AE 00                     762 	.db #0x00	; 0
      0002AF 00                     763 	.db #0x00	; 0
      0002B0 7C                     764 	.db #0x7c	; 124
      0002B1 7C                     765 	.db #0x7c	; 124
      0002B2 08                     766 	.db #0x08	; 8
      0002B3 08                     767 	.db #0x08	; 8
      0002B4 08                     768 	.db #0x08	; 8
      0002B5 08                     769 	.db #0x08	; 8
      0002B6 08                     770 	.db #0x08	; 8
      0002B7 08                     771 	.db #0x08	; 8
      0002B8 48                     772 	.db #0x48	; 72	'H'
      0002B9 48                     773 	.db #0x48	; 72	'H'
      0002BA 30                     774 	.db #0x30	; 48	'0'
      0002BB 30                     775 	.db #0x30	; 48	'0'
      0002BC 00                     776 	.db #0x00	; 0
      0002BD 00                     777 	.db #0x00	; 0
      0002BE 00                     778 	.db #0x00	; 0
      0002BF 00                     779 	.db #0x00	; 0
      0002C0 44                     780 	.db #0x44	; 68	'D'
      0002C1 44                     781 	.db #0x44	; 68	'D'
      0002C2 48                     782 	.db #0x48	; 72	'H'
      0002C3 48                     783 	.db #0x48	; 72	'H'
      0002C4 70                     784 	.db #0x70	; 112	'p'
      0002C5 70                     785 	.db #0x70	; 112	'p'
      0002C6 48                     786 	.db #0x48	; 72	'H'
      0002C7 48                     787 	.db #0x48	; 72	'H'
      0002C8 44                     788 	.db #0x44	; 68	'D'
      0002C9 44                     789 	.db #0x44	; 68	'D'
      0002CA 44                     790 	.db #0x44	; 68	'D'
      0002CB 44                     791 	.db #0x44	; 68	'D'
      0002CC 00                     792 	.db #0x00	; 0
      0002CD 00                     793 	.db #0x00	; 0
      0002CE 00                     794 	.db #0x00	; 0
      0002CF 00                     795 	.db #0x00	; 0
      0002D0 40                     796 	.db #0x40	; 64
      0002D1 40                     797 	.db #0x40	; 64
      0002D2 40                     798 	.db #0x40	; 64
      0002D3 40                     799 	.db #0x40	; 64
      0002D4 40                     800 	.db #0x40	; 64
      0002D5 40                     801 	.db #0x40	; 64
      0002D6 40                     802 	.db #0x40	; 64
      0002D7 40                     803 	.db #0x40	; 64
      0002D8 40                     804 	.db #0x40	; 64
      0002D9 40                     805 	.db #0x40	; 64
      0002DA 7C                     806 	.db #0x7c	; 124
      0002DB 7C                     807 	.db #0x7c	; 124
      0002DC 00                     808 	.db #0x00	; 0
      0002DD 00                     809 	.db #0x00	; 0
      0002DE 00                     810 	.db #0x00	; 0
      0002DF 00                     811 	.db #0x00	; 0
      0002E0 44                     812 	.db #0x44	; 68	'D'
      0002E1 44                     813 	.db #0x44	; 68	'D'
      0002E2 6C                     814 	.db #0x6c	; 108	'l'
      0002E3 6C                     815 	.db #0x6c	; 108	'l'
      0002E4 54                     816 	.db #0x54	; 84	'T'
      0002E5 54                     817 	.db #0x54	; 84	'T'
      0002E6 44                     818 	.db #0x44	; 68	'D'
      0002E7 44                     819 	.db #0x44	; 68	'D'
      0002E8 44                     820 	.db #0x44	; 68	'D'
      0002E9 44                     821 	.db #0x44	; 68	'D'
      0002EA 44                     822 	.db #0x44	; 68	'D'
      0002EB 44                     823 	.db #0x44	; 68	'D'
      0002EC 00                     824 	.db #0x00	; 0
      0002ED 00                     825 	.db #0x00	; 0
      0002EE 00                     826 	.db #0x00	; 0
      0002EF 00                     827 	.db #0x00	; 0
      0002F0 44                     828 	.db #0x44	; 68	'D'
      0002F1 44                     829 	.db #0x44	; 68	'D'
      0002F2 64                     830 	.db #0x64	; 100	'd'
      0002F3 64                     831 	.db #0x64	; 100	'd'
      0002F4 54                     832 	.db #0x54	; 84	'T'
      0002F5 54                     833 	.db #0x54	; 84	'T'
      0002F6 54                     834 	.db #0x54	; 84	'T'
      0002F7 54                     835 	.db #0x54	; 84	'T'
      0002F8 4C                     836 	.db #0x4c	; 76	'L'
      0002F9 4C                     837 	.db #0x4c	; 76	'L'
      0002FA 44                     838 	.db #0x44	; 68	'D'
      0002FB 44                     839 	.db #0x44	; 68	'D'
      0002FC 00                     840 	.db #0x00	; 0
      0002FD 00                     841 	.db #0x00	; 0
      0002FE 00                     842 	.db #0x00	; 0
      0002FF 00                     843 	.db #0x00	; 0
      000300 38                     844 	.db #0x38	; 56	'8'
      000301 38                     845 	.db #0x38	; 56	'8'
      000302 44                     846 	.db #0x44	; 68	'D'
      000303 44                     847 	.db #0x44	; 68	'D'
      000304 44                     848 	.db #0x44	; 68	'D'
      000305 44                     849 	.db #0x44	; 68	'D'
      000306 44                     850 	.db #0x44	; 68	'D'
      000307 44                     851 	.db #0x44	; 68	'D'
      000308 44                     852 	.db #0x44	; 68	'D'
      000309 44                     853 	.db #0x44	; 68	'D'
      00030A 38                     854 	.db #0x38	; 56	'8'
      00030B 38                     855 	.db #0x38	; 56	'8'
      00030C 00                     856 	.db #0x00	; 0
      00030D 00                     857 	.db #0x00	; 0
      00030E 00                     858 	.db #0x00	; 0
      00030F 00                     859 	.db #0x00	; 0
      000310 78                     860 	.db #0x78	; 120	'x'
      000311 78                     861 	.db #0x78	; 120	'x'
      000312 44                     862 	.db #0x44	; 68	'D'
      000313 44                     863 	.db #0x44	; 68	'D'
      000314 78                     864 	.db #0x78	; 120	'x'
      000315 78                     865 	.db #0x78	; 120	'x'
      000316 40                     866 	.db #0x40	; 64
      000317 40                     867 	.db #0x40	; 64
      000318 40                     868 	.db #0x40	; 64
      000319 40                     869 	.db #0x40	; 64
      00031A 40                     870 	.db #0x40	; 64
      00031B 40                     871 	.db #0x40	; 64
      00031C 00                     872 	.db #0x00	; 0
      00031D 00                     873 	.db #0x00	; 0
      00031E 00                     874 	.db #0x00	; 0
      00031F 00                     875 	.db #0x00	; 0
      000320 38                     876 	.db #0x38	; 56	'8'
      000321 38                     877 	.db #0x38	; 56	'8'
      000322 44                     878 	.db #0x44	; 68	'D'
      000323 44                     879 	.db #0x44	; 68	'D'
      000324 44                     880 	.db #0x44	; 68	'D'
      000325 44                     881 	.db #0x44	; 68	'D'
      000326 44                     882 	.db #0x44	; 68	'D'
      000327 44                     883 	.db #0x44	; 68	'D'
      000328 4C                     884 	.db #0x4c	; 76	'L'
      000329 4C                     885 	.db #0x4c	; 76	'L'
      00032A 3C                     886 	.db #0x3c	; 60
      00032B 3C                     887 	.db #0x3c	; 60
      00032C 00                     888 	.db #0x00	; 0
      00032D 00                     889 	.db #0x00	; 0
      00032E 00                     890 	.db #0x00	; 0
      00032F 00                     891 	.db #0x00	; 0
      000330 78                     892 	.db #0x78	; 120	'x'
      000331 78                     893 	.db #0x78	; 120	'x'
      000332 44                     894 	.db #0x44	; 68	'D'
      000333 44                     895 	.db #0x44	; 68	'D'
      000334 78                     896 	.db #0x78	; 120	'x'
      000335 78                     897 	.db #0x78	; 120	'x'
      000336 48                     898 	.db #0x48	; 72	'H'
      000337 48                     899 	.db #0x48	; 72	'H'
      000338 44                     900 	.db #0x44	; 68	'D'
      000339 44                     901 	.db #0x44	; 68	'D'
      00033A 44                     902 	.db #0x44	; 68	'D'
      00033B 44                     903 	.db #0x44	; 68	'D'
      00033C 00                     904 	.db #0x00	; 0
      00033D 00                     905 	.db #0x00	; 0
      00033E 00                     906 	.db #0x00	; 0
      00033F 00                     907 	.db #0x00	; 0
      000340 3C                     908 	.db #0x3c	; 60
      000341 3C                     909 	.db #0x3c	; 60
      000342 40                     910 	.db #0x40	; 64
      000343 40                     911 	.db #0x40	; 64
      000344 38                     912 	.db #0x38	; 56	'8'
      000345 38                     913 	.db #0x38	; 56	'8'
      000346 04                     914 	.db #0x04	; 4
      000347 04                     915 	.db #0x04	; 4
      000348 04                     916 	.db #0x04	; 4
      000349 04                     917 	.db #0x04	; 4
      00034A 78                     918 	.db #0x78	; 120	'x'
      00034B 78                     919 	.db #0x78	; 120	'x'
      00034C 00                     920 	.db #0x00	; 0
      00034D 00                     921 	.db #0x00	; 0
      00034E 00                     922 	.db #0x00	; 0
      00034F 00                     923 	.db #0x00	; 0
      000350 7C                     924 	.db #0x7c	; 124
      000351 7C                     925 	.db #0x7c	; 124
      000352 10                     926 	.db #0x10	; 16
      000353 10                     927 	.db #0x10	; 16
      000354 10                     928 	.db #0x10	; 16
      000355 10                     929 	.db #0x10	; 16
      000356 10                     930 	.db #0x10	; 16
      000357 10                     931 	.db #0x10	; 16
      000358 10                     932 	.db #0x10	; 16
      000359 10                     933 	.db #0x10	; 16
      00035A 10                     934 	.db #0x10	; 16
      00035B 10                     935 	.db #0x10	; 16
      00035C 00                     936 	.db #0x00	; 0
      00035D 00                     937 	.db #0x00	; 0
      00035E 00                     938 	.db #0x00	; 0
      00035F 00                     939 	.db #0x00	; 0
      000360 44                     940 	.db #0x44	; 68	'D'
      000361 44                     941 	.db #0x44	; 68	'D'
      000362 44                     942 	.db #0x44	; 68	'D'
      000363 44                     943 	.db #0x44	; 68	'D'
      000364 44                     944 	.db #0x44	; 68	'D'
      000365 44                     945 	.db #0x44	; 68	'D'
      000366 44                     946 	.db #0x44	; 68	'D'
      000367 44                     947 	.db #0x44	; 68	'D'
      000368 44                     948 	.db #0x44	; 68	'D'
      000369 44                     949 	.db #0x44	; 68	'D'
      00036A 38                     950 	.db #0x38	; 56	'8'
      00036B 38                     951 	.db #0x38	; 56	'8'
      00036C 00                     952 	.db #0x00	; 0
      00036D 00                     953 	.db #0x00	; 0
      00036E 00                     954 	.db #0x00	; 0
      00036F 00                     955 	.db #0x00	; 0
      000370 44                     956 	.db #0x44	; 68	'D'
      000371 44                     957 	.db #0x44	; 68	'D'
      000372 44                     958 	.db #0x44	; 68	'D'
      000373 44                     959 	.db #0x44	; 68	'D'
      000374 44                     960 	.db #0x44	; 68	'D'
      000375 44                     961 	.db #0x44	; 68	'D'
      000376 28                     962 	.db #0x28	; 40
      000377 28                     963 	.db #0x28	; 40
      000378 28                     964 	.db #0x28	; 40
      000379 28                     965 	.db #0x28	; 40
      00037A 10                     966 	.db #0x10	; 16
      00037B 10                     967 	.db #0x10	; 16
      00037C 00                     968 	.db #0x00	; 0
      00037D 00                     969 	.db #0x00	; 0
      00037E 00                     970 	.db #0x00	; 0
      00037F 00                     971 	.db #0x00	; 0
      000380 44                     972 	.db #0x44	; 68	'D'
      000381 44                     973 	.db #0x44	; 68	'D'
      000382 44                     974 	.db #0x44	; 68	'D'
      000383 44                     975 	.db #0x44	; 68	'D'
      000384 44                     976 	.db #0x44	; 68	'D'
      000385 44                     977 	.db #0x44	; 68	'D'
      000386 54                     978 	.db #0x54	; 84	'T'
      000387 54                     979 	.db #0x54	; 84	'T'
      000388 54                     980 	.db #0x54	; 84	'T'
      000389 54                     981 	.db #0x54	; 84	'T'
      00038A 28                     982 	.db #0x28	; 40
      00038B 28                     983 	.db #0x28	; 40
      00038C 00                     984 	.db #0x00	; 0
      00038D 00                     985 	.db #0x00	; 0
      00038E 00                     986 	.db #0x00	; 0
      00038F 00                     987 	.db #0x00	; 0
      000390 44                     988 	.db #0x44	; 68	'D'
      000391 44                     989 	.db #0x44	; 68	'D'
      000392 28                     990 	.db #0x28	; 40
      000393 28                     991 	.db #0x28	; 40
      000394 10                     992 	.db #0x10	; 16
      000395 10                     993 	.db #0x10	; 16
      000396 10                     994 	.db #0x10	; 16
      000397 10                     995 	.db #0x10	; 16
      000398 28                     996 	.db #0x28	; 40
      000399 28                     997 	.db #0x28	; 40
      00039A 44                     998 	.db #0x44	; 68	'D'
      00039B 44                     999 	.db #0x44	; 68	'D'
      00039C 00                    1000 	.db #0x00	; 0
      00039D 00                    1001 	.db #0x00	; 0
      00039E 00                    1002 	.db #0x00	; 0
      00039F 00                    1003 	.db #0x00	; 0
      0003A0 44                    1004 	.db #0x44	; 68	'D'
      0003A1 44                    1005 	.db #0x44	; 68	'D'
      0003A2 28                    1006 	.db #0x28	; 40
      0003A3 28                    1007 	.db #0x28	; 40
      0003A4 10                    1008 	.db #0x10	; 16
      0003A5 10                    1009 	.db #0x10	; 16
      0003A6 10                    1010 	.db #0x10	; 16
      0003A7 10                    1011 	.db #0x10	; 16
      0003A8 10                    1012 	.db #0x10	; 16
      0003A9 10                    1013 	.db #0x10	; 16
      0003AA 10                    1014 	.db #0x10	; 16
      0003AB 10                    1015 	.db #0x10	; 16
      0003AC 00                    1016 	.db #0x00	; 0
      0003AD 00                    1017 	.db #0x00	; 0
      0003AE 00                    1018 	.db #0x00	; 0
      0003AF 00                    1019 	.db #0x00	; 0
      0003B0 7C                    1020 	.db #0x7c	; 124
      0003B1 7C                    1021 	.db #0x7c	; 124
      0003B2 08                    1022 	.db #0x08	; 8
      0003B3 08                    1023 	.db #0x08	; 8
      0003B4 10                    1024 	.db #0x10	; 16
      0003B5 10                    1025 	.db #0x10	; 16
      0003B6 10                    1026 	.db #0x10	; 16
      0003B7 10                    1027 	.db #0x10	; 16
      0003B8 20                    1028 	.db #0x20	; 32
      0003B9 20                    1029 	.db #0x20	; 32
      0003BA 7C                    1030 	.db #0x7c	; 124
      0003BB 7C                    1031 	.db #0x7c	; 124
      0003BC 00                    1032 	.db #0x00	; 0
      0003BD 00                    1033 	.db #0x00	; 0
      0003BE 00                    1034 	.db #0x00	; 0
      0003BF 00                    1035 	.db #0x00	; 0
      0003C0 70                    1036 	.db #0x70	; 112	'p'
      0003C1 70                    1037 	.db #0x70	; 112	'p'
      0003C2 40                    1038 	.db #0x40	; 64
      0003C3 40                    1039 	.db #0x40	; 64
      0003C4 40                    1040 	.db #0x40	; 64
      0003C5 40                    1041 	.db #0x40	; 64
      0003C6 40                    1042 	.db #0x40	; 64
      0003C7 40                    1043 	.db #0x40	; 64
      0003C8 40                    1044 	.db #0x40	; 64
      0003C9 40                    1045 	.db #0x40	; 64
      0003CA 70                    1046 	.db #0x70	; 112	'p'
      0003CB 70                    1047 	.db #0x70	; 112	'p'
      0003CC 00                    1048 	.db #0x00	; 0
      0003CD 00                    1049 	.db #0x00	; 0
      0003CE 00                    1050 	.db #0x00	; 0
      0003CF 00                    1051 	.db #0x00	; 0
      0003D0 20                    1052 	.db #0x20	; 32
      0003D1 20                    1053 	.db #0x20	; 32
      0003D2 20                    1054 	.db #0x20	; 32
      0003D3 20                    1055 	.db #0x20	; 32
      0003D4 10                    1056 	.db #0x10	; 16
      0003D5 10                    1057 	.db #0x10	; 16
      0003D6 08                    1058 	.db #0x08	; 8
      0003D7 08                    1059 	.db #0x08	; 8
      0003D8 04                    1060 	.db #0x04	; 4
      0003D9 04                    1061 	.db #0x04	; 4
      0003DA 04                    1062 	.db #0x04	; 4
      0003DB 04                    1063 	.db #0x04	; 4
      0003DC 00                    1064 	.db #0x00	; 0
      0003DD 00                    1065 	.db #0x00	; 0
      0003DE 00                    1066 	.db #0x00	; 0
      0003DF 00                    1067 	.db #0x00	; 0
      0003E0 1C                    1068 	.db #0x1c	; 28
      0003E1 1C                    1069 	.db #0x1c	; 28
      0003E2 04                    1070 	.db #0x04	; 4
      0003E3 04                    1071 	.db #0x04	; 4
      0003E4 04                    1072 	.db #0x04	; 4
      0003E5 04                    1073 	.db #0x04	; 4
      0003E6 04                    1074 	.db #0x04	; 4
      0003E7 04                    1075 	.db #0x04	; 4
      0003E8 04                    1076 	.db #0x04	; 4
      0003E9 04                    1077 	.db #0x04	; 4
      0003EA 1C                    1078 	.db #0x1c	; 28
      0003EB 1C                    1079 	.db #0x1c	; 28
      0003EC 00                    1080 	.db #0x00	; 0
      0003ED 00                    1081 	.db #0x00	; 0
      0003EE 00                    1082 	.db #0x00	; 0
      0003EF 00                    1083 	.db #0x00	; 0
      0003F0 10                    1084 	.db #0x10	; 16
      0003F1 10                    1085 	.db #0x10	; 16
      0003F2 28                    1086 	.db #0x28	; 40
      0003F3 28                    1087 	.db #0x28	; 40
      0003F4 44                    1088 	.db #0x44	; 68	'D'
      0003F5 44                    1089 	.db #0x44	; 68	'D'
      0003F6 00                    1090 	.db #0x00	; 0
      0003F7 00                    1091 	.db #0x00	; 0
      0003F8 00                    1092 	.db #0x00	; 0
      0003F9 00                    1093 	.db #0x00	; 0
      0003FA 00                    1094 	.db #0x00	; 0
      0003FB 00                    1095 	.db #0x00	; 0
      0003FC 00                    1096 	.db #0x00	; 0
      0003FD 00                    1097 	.db #0x00	; 0
      0003FE 00                    1098 	.db #0x00	; 0
      0003FF 00                    1099 	.db #0x00	; 0
      000400 00                    1100 	.db #0x00	; 0
      000401 00                    1101 	.db #0x00	; 0
      000402 00                    1102 	.db #0x00	; 0
      000403 00                    1103 	.db #0x00	; 0
      000404 00                    1104 	.db #0x00	; 0
      000405 00                    1105 	.db #0x00	; 0
      000406 00                    1106 	.db #0x00	; 0
      000407 00                    1107 	.db #0x00	; 0
      000408 00                    1108 	.db #0x00	; 0
      000409 00                    1109 	.db #0x00	; 0
      00040A 7C                    1110 	.db #0x7c	; 124
      00040B 7C                    1111 	.db #0x7c	; 124
      00040C 00                    1112 	.db #0x00	; 0
      00040D 00                    1113 	.db #0x00	; 0
                                   1114 	.area _CODE_255
                                   1115 	.area _INITIALIZER
                                   1116 	.area _CABS (ABS)
