                                      1 ;--------------------------------------------------------
                                      2 ; File Created by SDCC : free open source ISO C Compiler 
                                      3 ; Version 4.2.2 #13350 (Linux)
                                      4 ;--------------------------------------------------------
                                      5 	.module Title_SalvageFrontier_map
                                      6 	.optsdcc -msm83
                                      7 	
                                      8 ;--------------------------------------------------------
                                      9 ; Public variables in this module
                                     10 ;--------------------------------------------------------
                                     11 	.globl _Title_SalvageFrontierPLN0
                                     12 	.globl b___func_TitleSalvageFrontier_map_bank
                                     13 	.globl ___func_TitleSalvageFrontier_map_bank
                                     14 ;--------------------------------------------------------
                                     15 ; special function registers
                                     16 ;--------------------------------------------------------
                                     17 ;--------------------------------------------------------
                                     18 ; ram data
                                     19 ;--------------------------------------------------------
                                     20 	.area _DATA
                                     21 ;--------------------------------------------------------
                                     22 ; ram data
                                     23 ;--------------------------------------------------------
                                     24 	.area _INITIALIZED
                                     25 ;--------------------------------------------------------
                                     26 ; absolute external ram data
                                     27 ;--------------------------------------------------------
                                     28 	.area _DABS (ABS)
                                     29 ;--------------------------------------------------------
                                     30 ; global & static initialisations
                                     31 ;--------------------------------------------------------
                                     32 	.area _HOME
                                     33 	.area _GSINIT
                                     34 	.area _GSFINAL
                                     35 	.area _GSINIT
                                     36 ;--------------------------------------------------------
                                     37 ; Home
                                     38 ;--------------------------------------------------------
                                     39 	.area _HOME
                                     40 	.area _HOME
                                     41 ;--------------------------------------------------------
                                     42 ; code
                                     43 ;--------------------------------------------------------
                                     44 	.area _CODE_255
                           000000    45 	G$__func_TitleSalvageFrontier_map_bank$0$0	= .
                                     46 	.globl	G$__func_TitleSalvageFrontier_map_bank$0$0
                           000000    47 	C$Title_SalvageFrontier_map.c$30$0_0$98	= .
                                     48 	.globl	C$Title_SalvageFrontier_map.c$30$0_0$98
                                     49 ;res/Title_SalvageFrontier_map.c:30: BANKREF(TitleSalvageFrontier_map_bank)
                                     50 ;	---------------------------------
                                     51 ; Function __func_TitleSalvageFrontier_map_bank
                                     52 ; ---------------------------------
                           0000FF    53 	b___func_TitleSalvageFrontier_map_bank	= 255
      000000                         54 ___func_TitleSalvageFrontier_map_bank::
                                     55 	.local b___func_TitleSalvageFrontier_map_bank 
                           0000FF    56 	___bank_TitleSalvageFrontier_map_bank = b___func_TitleSalvageFrontier_map_bank 
                                     57 	.globl ___bank_TitleSalvageFrontier_map_bank 
                                     58 	.area _CODE_255
                           000000    59 G$Title_SalvageFrontierPLN0$0_0$0 == .
      000000                         60 _Title_SalvageFrontierPLN0:
      000000 00                      61 	.db #0x00	; 0
      000001 00                      62 	.db #0x00	; 0
      000002 01                      63 	.db #0x01	; 1
      000003 02                      64 	.db #0x02	; 2
      000004 00                      65 	.db #0x00	; 0
      000005 03                      66 	.db #0x03	; 3
      000006 00                      67 	.db #0x00	; 0
      000007 00                      68 	.db #0x00	; 0
      000008 00                      69 	.db #0x00	; 0
      000009 00                      70 	.db #0x00	; 0
      00000A 00                      71 	.db #0x00	; 0
      00000B 00                      72 	.db #0x00	; 0
      00000C 00                      73 	.db #0x00	; 0
      00000D 00                      74 	.db #0x00	; 0
      00000E 00                      75 	.db #0x00	; 0
      00000F 00                      76 	.db #0x00	; 0
      000010 00                      77 	.db #0x00	; 0
      000011 00                      78 	.db #0x00	; 0
      000012 00                      79 	.db #0x00	; 0
      000013 00                      80 	.db #0x00	; 0
      000014 00                      81 	.db #0x00	; 0
      000015 00                      82 	.db #0x00	; 0
      000016 04                      83 	.db #0x04	; 4
      000017 05                      84 	.db #0x05	; 5
      000018 06                      85 	.db #0x06	; 6
      000019 07                      86 	.db #0x07	; 7
      00001A 08                      87 	.db #0x08	; 8
      00001B 09                      88 	.db #0x09	; 9
      00001C 0A                      89 	.db #0x0a	; 10
      00001D 0B                      90 	.db #0x0b	; 11
      00001E 0C                      91 	.db #0x0c	; 12
      00001F 0D                      92 	.db #0x0d	; 13
      000020 00                      93 	.db #0x00	; 0
      000021 00                      94 	.db #0x00	; 0
      000022 00                      95 	.db #0x00	; 0
      000023 00                      96 	.db #0x00	; 0
      000024 00                      97 	.db #0x00	; 0
      000025 0E                      98 	.db #0x0e	; 14
      000026 00                      99 	.db #0x00	; 0
      000027 00                     100 	.db #0x00	; 0
      000028 00                     101 	.db #0x00	; 0
      000029 00                     102 	.db #0x00	; 0
      00002A 0F                     103 	.db #0x0f	; 15
      00002B 10                     104 	.db #0x10	; 16
      00002C 11                     105 	.db #0x11	; 17
      00002D 12                     106 	.db #0x12	; 18
      00002E 13                     107 	.db #0x13	; 19
      00002F 14                     108 	.db #0x14	; 20
      000030 15                     109 	.db #0x15	; 21
      000031 16                     110 	.db #0x16	; 22
      000032 17                     111 	.db #0x17	; 23
      000033 18                     112 	.db #0x18	; 24
      000034 00                     113 	.db #0x00	; 0
      000035 00                     114 	.db #0x00	; 0
      000036 19                     115 	.db #0x19	; 25
      000037 1A                     116 	.db #0x1a	; 26
      000038 1B                     117 	.db #0x1b	; 27
      000039 1C                     118 	.db #0x1c	; 28
      00003A 1D                     119 	.db #0x1d	; 29
      00003B 00                     120 	.db #0x00	; 0
      00003C 00                     121 	.db #0x00	; 0
      00003D 00                     122 	.db #0x00	; 0
      00003E 1E                     123 	.db #0x1e	; 30
      00003F 1F                     124 	.db #0x1f	; 31
      000040 00                     125 	.db #0x00	; 0
      000041 00                     126 	.db #0x00	; 0
      000042 00                     127 	.db #0x00	; 0
      000043 20                     128 	.db #0x20	; 32
      000044 21                     129 	.db #0x21	; 33
      000045 00                     130 	.db #0x00	; 0
      000046 00                     131 	.db #0x00	; 0
      000047 00                     132 	.db #0x00	; 0
      000048 00                     133 	.db #0x00	; 0
      000049 22                     134 	.db #0x22	; 34
      00004A 23                     135 	.db #0x23	; 35
      00004B 24                     136 	.db #0x24	; 36
      00004C 24                     137 	.db #0x24	; 36
      00004D 24                     138 	.db #0x24	; 36
      00004E 25                     139 	.db #0x25	; 37
      00004F 00                     140 	.db #0x00	; 0
      000050 00                     141 	.db #0x00	; 0
      000051 00                     142 	.db #0x00	; 0
      000052 26                     143 	.db #0x26	; 38
      000053 27                     144 	.db #0x27	; 39
      000054 28                     145 	.db #0x28	; 40
      000055 29                     146 	.db #0x29	; 41
      000056 2A                     147 	.db #0x2a	; 42
      000057 2B                     148 	.db #0x2b	; 43
      000058 2C                     149 	.db #0x2c	; 44
      000059 2D                     150 	.db #0x2d	; 45
      00005A 2E                     151 	.db #0x2e	; 46
      00005B 2F                     152 	.db #0x2f	; 47
      00005C 00                     153 	.db #0x00	; 0
      00005D 00                     154 	.db #0x00	; 0
      00005E 00                     155 	.db #0x00	; 0
      00005F 00                     156 	.db #0x00	; 0
      000060 00                     157 	.db #0x00	; 0
      000061 00                     158 	.db #0x00	; 0
      000062 00                     159 	.db #0x00	; 0
      000063 00                     160 	.db #0x00	; 0
      000064 00                     161 	.db #0x00	; 0
      000065 30                     162 	.db #0x30	; 48	'0'
      000066 31                     163 	.db #0x31	; 49	'1'
      000067 32                     164 	.db #0x32	; 50	'2'
      000068 33                     165 	.db #0x33	; 51	'3'
      000069 34                     166 	.db #0x34	; 52	'4'
      00006A 35                     167 	.db #0x35	; 53	'5'
      00006B 36                     168 	.db #0x36	; 54	'6'
      00006C 37                     169 	.db #0x37	; 55	'7'
      00006D 38                     170 	.db #0x38	; 56	'8'
      00006E 39                     171 	.db #0x39	; 57	'9'
      00006F 3A                     172 	.db #0x3a	; 58
      000070 00                     173 	.db #0x00	; 0
      000071 00                     174 	.db #0x00	; 0
      000072 00                     175 	.db #0x00	; 0
      000073 00                     176 	.db #0x00	; 0
      000074 00                     177 	.db #0x00	; 0
      000075 00                     178 	.db #0x00	; 0
      000076 00                     179 	.db #0x00	; 0
      000077 00                     180 	.db #0x00	; 0
      000078 00                     181 	.db #0x00	; 0
      000079 00                     182 	.db #0x00	; 0
      00007A 00                     183 	.db #0x00	; 0
      00007B 00                     184 	.db #0x00	; 0
      00007C 00                     185 	.db #0x00	; 0
      00007D 00                     186 	.db #0x00	; 0
      00007E 00                     187 	.db #0x00	; 0
      00007F 00                     188 	.db #0x00	; 0
      000080 00                     189 	.db #0x00	; 0
      000081 00                     190 	.db #0x00	; 0
      000082 00                     191 	.db #0x00	; 0
      000083 00                     192 	.db #0x00	; 0
      000084 3B                     193 	.db #0x3b	; 59
      000085 3C                     194 	.db #0x3c	; 60
      000086 3D                     195 	.db #0x3d	; 61
      000087 00                     196 	.db #0x00	; 0
      000088 00                     197 	.db #0x00	; 0
      000089 00                     198 	.db #0x00	; 0
      00008A 00                     199 	.db #0x00	; 0
      00008B 00                     200 	.db #0x00	; 0
      00008C 00                     201 	.db #0x00	; 0
      00008D 00                     202 	.db #0x00	; 0
      00008E 00                     203 	.db #0x00	; 0
      00008F 3E                     204 	.db #0x3e	; 62
      000090 00                     205 	.db #0x00	; 0
      000091 00                     206 	.db #0x00	; 0
      000092 00                     207 	.db #0x00	; 0
      000093 00                     208 	.db #0x00	; 0
      000094 00                     209 	.db #0x00	; 0
      000095 00                     210 	.db #0x00	; 0
      000096 3F                     211 	.db #0x3f	; 63
      000097 40                     212 	.db #0x40	; 64
      000098 41                     213 	.db #0x41	; 65	'A'
      000099 42                     214 	.db #0x42	; 66	'B'
      00009A 42                     215 	.db #0x42	; 66	'B'
      00009B 43                     216 	.db #0x43	; 67	'C'
      00009C 44                     217 	.db #0x44	; 68	'D'
      00009D 00                     218 	.db #0x00	; 0
      00009E 00                     219 	.db #0x00	; 0
      00009F 00                     220 	.db #0x00	; 0
      0000A0 00                     221 	.db #0x00	; 0
      0000A1 45                     222 	.db #0x45	; 69	'E'
      0000A2 46                     223 	.db #0x46	; 70	'F'
      0000A3 47                     224 	.db #0x47	; 71	'G'
      0000A4 00                     225 	.db #0x00	; 0
      0000A5 00                     226 	.db #0x00	; 0
      0000A6 00                     227 	.db #0x00	; 0
      0000A7 00                     228 	.db #0x00	; 0
      0000A8 00                     229 	.db #0x00	; 0
      0000A9 3B                     230 	.db #0x3b	; 59
      0000AA 48                     231 	.db #0x48	; 72	'H'
      0000AB 42                     232 	.db #0x42	; 66	'B'
      0000AC 42                     233 	.db #0x42	; 66	'B'
      0000AD 42                     234 	.db #0x42	; 66	'B'
      0000AE 42                     235 	.db #0x42	; 66	'B'
      0000AF 42                     236 	.db #0x42	; 66	'B'
      0000B0 49                     237 	.db #0x49	; 73	'I'
      0000B1 4A                     238 	.db #0x4a	; 74	'J'
      0000B2 00                     239 	.db #0x00	; 0
      0000B3 00                     240 	.db #0x00	; 0
      0000B4 00                     241 	.db #0x00	; 0
      0000B5 4B                     242 	.db #0x4b	; 75	'K'
      0000B6 4C                     243 	.db #0x4c	; 76	'L'
      0000B7 4D                     244 	.db #0x4d	; 77	'M'
      0000B8 4E                     245 	.db #0x4e	; 78	'N'
      0000B9 46                     246 	.db #0x46	; 70	'F'
      0000BA 00                     247 	.db #0x00	; 0
      0000BB 4F                     248 	.db #0x4f	; 79	'O'
      0000BC 50                     249 	.db #0x50	; 80	'P'
      0000BD 51                     250 	.db #0x51	; 81	'Q'
      0000BE 52                     251 	.db #0x52	; 82	'R'
      0000BF 53                     252 	.db #0x53	; 83	'S'
      0000C0 54                     253 	.db #0x54	; 84	'T'
      0000C1 55                     254 	.db #0x55	; 85	'U'
      0000C2 42                     255 	.db #0x42	; 66	'B'
      0000C3 42                     256 	.db #0x42	; 66	'B'
      0000C4 42                     257 	.db #0x42	; 66	'B'
      0000C5 56                     258 	.db #0x56	; 86	'V'
      0000C6 00                     259 	.db #0x00	; 0
      0000C7 00                     260 	.db #0x00	; 0
      0000C8 00                     261 	.db #0x00	; 0
      0000C9 57                     262 	.db #0x57	; 87	'W'
      0000CA 58                     263 	.db #0x58	; 88	'X'
      0000CB 59                     264 	.db #0x59	; 89	'Y'
      0000CC 5A                     265 	.db #0x5a	; 90	'Z'
      0000CD 5B                     266 	.db #0x5b	; 91
      0000CE 00                     267 	.db #0x00	; 0
      0000CF 5C                     268 	.db #0x5c	; 92
      0000D0 5D                     269 	.db #0x5d	; 93
      0000D1 5E                     270 	.db #0x5e	; 94
      0000D2 5F                     271 	.db #0x5f	; 95
      0000D3 60                     272 	.db #0x60	; 96
      0000D4 61                     273 	.db #0x61	; 97	'a'
      0000D5 62                     274 	.db #0x62	; 98	'b'
      0000D6 42                     275 	.db #0x42	; 66	'B'
      0000D7 42                     276 	.db #0x42	; 66	'B'
      0000D8 42                     277 	.db #0x42	; 66	'B'
      0000D9 63                     278 	.db #0x63	; 99	'c'
      0000DA 00                     279 	.db #0x00	; 0
      0000DB 00                     280 	.db #0x00	; 0
      0000DC 64                     281 	.db #0x64	; 100	'd'
      0000DD 65                     282 	.db #0x65	; 101	'e'
      0000DE 66                     283 	.db #0x66	; 102	'f'
      0000DF 67                     284 	.db #0x67	; 103	'g'
      0000E0 68                     285 	.db #0x68	; 104	'h'
      0000E1 69                     286 	.db #0x69	; 105	'i'
      0000E2 6A                     287 	.db #0x6a	; 106	'j'
      0000E3 6B                     288 	.db #0x6b	; 107	'k'
      0000E4 6C                     289 	.db #0x6c	; 108	'l'
      0000E5 6D                     290 	.db #0x6d	; 109	'm'
      0000E6 6E                     291 	.db #0x6e	; 110	'n'
      0000E7 6F                     292 	.db #0x6f	; 111	'o'
      0000E8 70                     293 	.db #0x70	; 112	'p'
      0000E9 71                     294 	.db #0x71	; 113	'q'
      0000EA 71                     295 	.db #0x71	; 113	'q'
      0000EB 71                     296 	.db #0x71	; 113	'q'
      0000EC 71                     297 	.db #0x71	; 113	'q'
      0000ED 71                     298 	.db #0x71	; 113	'q'
      0000EE 6A                     299 	.db #0x6a	; 106	'j'
      0000EF 6A                     300 	.db #0x6a	; 106	'j'
      0000F0 72                     301 	.db #0x72	; 114	'r'
      0000F1 73                     302 	.db #0x73	; 115	's'
      0000F2 74                     303 	.db #0x74	; 116	't'
      0000F3 75                     304 	.db #0x75	; 117	'u'
      0000F4 76                     305 	.db #0x76	; 118	'v'
      0000F5 77                     306 	.db #0x77	; 119	'w'
      0000F6 78                     307 	.db #0x78	; 120	'x'
      0000F7 79                     308 	.db #0x79	; 121	'y'
      0000F8 7A                     309 	.db #0x7a	; 122	'z'
      0000F9 7B                     310 	.db #0x7b	; 123
      0000FA 7C                     311 	.db #0x7c	; 124
      0000FB 7D                     312 	.db #0x7d	; 125
      0000FC 7E                     313 	.db #0x7e	; 126
      0000FD 78                     314 	.db #0x78	; 120	'x'
      0000FE 78                     315 	.db #0x78	; 120	'x'
      0000FF 78                     316 	.db #0x78	; 120	'x'
      000100 78                     317 	.db #0x78	; 120	'x'
      000101 78                     318 	.db #0x78	; 120	'x'
      000102 78                     319 	.db #0x78	; 120	'x'
      000103 78                     320 	.db #0x78	; 120	'x'
      000104 78                     321 	.db #0x78	; 120	'x'
      000105 7F                     322 	.db #0x7f	; 127
      000106 80                     323 	.db #0x80	; 128
      000107 81                     324 	.db #0x81	; 129
      000108 82                     325 	.db #0x82	; 130
      000109 78                     326 	.db #0x78	; 120	'x'
      00010A 78                     327 	.db #0x78	; 120	'x'
      00010B 78                     328 	.db #0x78	; 120	'x'
      00010C 78                     329 	.db #0x78	; 120	'x'
      00010D 78                     330 	.db #0x78	; 120	'x'
      00010E 83                     331 	.db #0x83	; 131
      00010F 84                     332 	.db #0x84	; 132
      000110 85                     333 	.db #0x85	; 133
      000111 78                     334 	.db #0x78	; 120	'x'
      000112 78                     335 	.db #0x78	; 120	'x'
      000113 78                     336 	.db #0x78	; 120	'x'
      000114 78                     337 	.db #0x78	; 120	'x'
      000115 78                     338 	.db #0x78	; 120	'x'
      000116 78                     339 	.db #0x78	; 120	'x'
      000117 78                     340 	.db #0x78	; 120	'x'
      000118 78                     341 	.db #0x78	; 120	'x'
      000119 78                     342 	.db #0x78	; 120	'x'
      00011A 78                     343 	.db #0x78	; 120	'x'
      00011B 78                     344 	.db #0x78	; 120	'x'
      00011C 78                     345 	.db #0x78	; 120	'x'
      00011D 78                     346 	.db #0x78	; 120	'x'
      00011E 78                     347 	.db #0x78	; 120	'x'
      00011F 78                     348 	.db #0x78	; 120	'x'
      000120 78                     349 	.db #0x78	; 120	'x'
      000121 78                     350 	.db #0x78	; 120	'x'
      000122 78                     351 	.db #0x78	; 120	'x'
      000123 78                     352 	.db #0x78	; 120	'x'
      000124 78                     353 	.db #0x78	; 120	'x'
      000125 78                     354 	.db #0x78	; 120	'x'
      000126 78                     355 	.db #0x78	; 120	'x'
      000127 78                     356 	.db #0x78	; 120	'x'
      000128 78                     357 	.db #0x78	; 120	'x'
      000129 78                     358 	.db #0x78	; 120	'x'
      00012A 78                     359 	.db #0x78	; 120	'x'
      00012B 78                     360 	.db #0x78	; 120	'x'
      00012C 78                     361 	.db #0x78	; 120	'x'
      00012D 78                     362 	.db #0x78	; 120	'x'
      00012E 78                     363 	.db #0x78	; 120	'x'
      00012F 78                     364 	.db #0x78	; 120	'x'
      000130 78                     365 	.db #0x78	; 120	'x'
      000131 78                     366 	.db #0x78	; 120	'x'
      000132 78                     367 	.db #0x78	; 120	'x'
      000133 78                     368 	.db #0x78	; 120	'x'
      000134 78                     369 	.db #0x78	; 120	'x'
      000135 78                     370 	.db #0x78	; 120	'x'
      000136 78                     371 	.db #0x78	; 120	'x'
      000137 78                     372 	.db #0x78	; 120	'x'
      000138 78                     373 	.db #0x78	; 120	'x'
      000139 78                     374 	.db #0x78	; 120	'x'
      00013A 78                     375 	.db #0x78	; 120	'x'
      00013B 78                     376 	.db #0x78	; 120	'x'
      00013C 78                     377 	.db #0x78	; 120	'x'
      00013D 78                     378 	.db #0x78	; 120	'x'
      00013E 78                     379 	.db #0x78	; 120	'x'
      00013F 78                     380 	.db #0x78	; 120	'x'
      000140 78                     381 	.db #0x78	; 120	'x'
      000141 78                     382 	.db #0x78	; 120	'x'
      000142 78                     383 	.db #0x78	; 120	'x'
      000143 78                     384 	.db #0x78	; 120	'x'
      000144 78                     385 	.db #0x78	; 120	'x'
      000145 78                     386 	.db #0x78	; 120	'x'
      000146 78                     387 	.db #0x78	; 120	'x'
      000147 78                     388 	.db #0x78	; 120	'x'
      000148 78                     389 	.db #0x78	; 120	'x'
      000149 78                     390 	.db #0x78	; 120	'x'
      00014A 78                     391 	.db #0x78	; 120	'x'
      00014B 78                     392 	.db #0x78	; 120	'x'
      00014C 78                     393 	.db #0x78	; 120	'x'
      00014D 78                     394 	.db #0x78	; 120	'x'
      00014E 78                     395 	.db #0x78	; 120	'x'
      00014F 78                     396 	.db #0x78	; 120	'x'
      000150 78                     397 	.db #0x78	; 120	'x'
      000151 78                     398 	.db #0x78	; 120	'x'
      000152 78                     399 	.db #0x78	; 120	'x'
      000153 78                     400 	.db #0x78	; 120	'x'
      000154 78                     401 	.db #0x78	; 120	'x'
      000155 78                     402 	.db #0x78	; 120	'x'
      000156 78                     403 	.db #0x78	; 120	'x'
      000157 78                     404 	.db #0x78	; 120	'x'
      000158 78                     405 	.db #0x78	; 120	'x'
      000159 78                     406 	.db #0x78	; 120	'x'
      00015A 78                     407 	.db #0x78	; 120	'x'
      00015B 78                     408 	.db #0x78	; 120	'x'
      00015C 78                     409 	.db #0x78	; 120	'x'
      00015D 78                     410 	.db #0x78	; 120	'x'
      00015E 78                     411 	.db #0x78	; 120	'x'
      00015F 78                     412 	.db #0x78	; 120	'x'
      000160 78                     413 	.db #0x78	; 120	'x'
      000161 78                     414 	.db #0x78	; 120	'x'
      000162 78                     415 	.db #0x78	; 120	'x'
      000163 78                     416 	.db #0x78	; 120	'x'
      000164 78                     417 	.db #0x78	; 120	'x'
      000165 78                     418 	.db #0x78	; 120	'x'
      000166 78                     419 	.db #0x78	; 120	'x'
      000167 78                     420 	.db #0x78	; 120	'x'
                                    421 	.area _INITIALIZER
                                    422 	.area _CABS (ABS)
