                                      1 ;--------------------------------------------------------
                                      2 ; File Created by SDCC : free open source ISO C Compiler 
                                      3 ; Version 4.2.2 #13350 (Linux)
                                      4 ;--------------------------------------------------------
                                      5 	.module Toggle1x2
                                      6 	.optsdcc -msm83
                                      7 	
                                      8 ;--------------------------------------------------------
                                      9 ; Public variables in this module
                                     10 ;--------------------------------------------------------
                                     11 	.globl _Toggle1x2_tiles
                                     12 	.globl b___func_Toggle1x2_bank
                                     13 	.globl ___func_Toggle1x2_bank
                                     14 ;--------------------------------------------------------
                                     15 ; special function registers
                                     16 ;--------------------------------------------------------
                                     17 ;--------------------------------------------------------
                                     18 ; ram data
                                     19 ;--------------------------------------------------------
                                     20 	.area _DATA
                                     21 ;--------------------------------------------------------
                                     22 ; ram data
                                     23 ;--------------------------------------------------------
                                     24 	.area _INITIALIZED
                                     25 ;--------------------------------------------------------
                                     26 ; absolute external ram data
                                     27 ;--------------------------------------------------------
                                     28 	.area _DABS (ABS)
                                     29 ;--------------------------------------------------------
                                     30 ; global & static initialisations
                                     31 ;--------------------------------------------------------
                                     32 	.area _HOME
                                     33 	.area _GSINIT
                                     34 	.area _GSFINAL
                                     35 	.area _GSINIT
                                     36 ;--------------------------------------------------------
                                     37 ; Home
                                     38 ;--------------------------------------------------------
                                     39 	.area _HOME
                                     40 	.area _HOME
                                     41 ;--------------------------------------------------------
                                     42 ; code
                                     43 ;--------------------------------------------------------
                                     44 	.area _CODE
                           000000    45 	G$__func_Toggle1x2_bank$0$0	= .
                                     46 	.globl	G$__func_Toggle1x2_bank$0$0
                           000000    47 	C$Toggle1x2.c$7$0_0$119	= .
                                     48 	.globl	C$Toggle1x2.c$7$0_0$119
                                     49 ;res/Toggle1x2.c:7: BANKREF(Toggle1x2_bank)
                                     50 ;	---------------------------------
                                     51 ; Function __func_Toggle1x2_bank
                                     52 ; ---------------------------------
                           000000    53 	b___func_Toggle1x2_bank	= 0
      000000                         54 ___func_Toggle1x2_bank::
                                     55 	.local b___func_Toggle1x2_bank 
                           000000    56 	___bank_Toggle1x2_bank = b___func_Toggle1x2_bank 
                                     57 	.globl ___bank_Toggle1x2_bank 
                                     58 	.area _CODE
                           000000    59 G$Toggle1x2_tiles$0_0$0 == .
      000000                         60 _Toggle1x2_tiles:
      000000 00                      61 	.db #0x00	; 0
      000001 FF                      62 	.db #0xff	; 255
      000002 7F                      63 	.db #0x7f	; 127
      000003 80                      64 	.db #0x80	; 128
      000004 71                      65 	.db #0x71	; 113	'q'
      000005 80                      66 	.db #0x80	; 128
      000006 75                      67 	.db #0x75	; 117	'u'
      000007 80                      68 	.db #0x80	; 128
      000008 75                      69 	.db #0x75	; 117	'u'
      000009 80                      70 	.db #0x80	; 128
      00000A 71                      71 	.db #0x71	; 113	'q'
      00000B 80                      72 	.db #0x80	; 128
      00000C 7F                      73 	.db #0x7f	; 127
      00000D 80                      74 	.db #0x80	; 128
      00000E 00                      75 	.db #0x00	; 0
      00000F FF                      76 	.db #0xff	; 255
      000010 00                      77 	.db #0x00	; 0
      000011 FF                      78 	.db #0xff	; 255
      000012 FE                      79 	.db #0xfe	; 254
      000013 01                      80 	.db #0x01	; 1
      000014 B6                      81 	.db #0xb6	; 182
      000015 01                      82 	.db #0x01	; 1
      000016 96                      83 	.db #0x96	; 150
      000017 01                      84 	.db #0x01	; 1
      000018 A6                      85 	.db #0xa6	; 166
      000019 01                      86 	.db #0x01	; 1
      00001A B6                      87 	.db #0xb6	; 182
      00001B 01                      88 	.db #0x01	; 1
      00001C FE                      89 	.db #0xfe	; 254
      00001D 01                      90 	.db #0x01	; 1
      00001E 00                      91 	.db #0x00	; 0
      00001F FF                      92 	.db #0xff	; 255
      000020 00                      93 	.db #0x00	; 0
      000021 FF                      94 	.db #0xff	; 255
      000022 7F                      95 	.db #0x7f	; 127
      000023 FF                      96 	.db #0xff	; 255
      000024 7F                      97 	.db #0x7f	; 127
      000025 C4                      98 	.db #0xc4	; 196
      000026 7F                      99 	.db #0x7f	; 127
      000027 D5                     100 	.db #0xd5	; 213
      000028 7F                     101 	.db #0x7f	; 127
      000029 D4                     102 	.db #0xd4	; 212
      00002A 7F                     103 	.db #0x7f	; 127
      00002B C5                     104 	.db #0xc5	; 197
      00002C 7F                     105 	.db #0x7f	; 127
      00002D FF                     106 	.db #0xff	; 255
      00002E 00                     107 	.db #0x00	; 0
      00002F FF                     108 	.db #0xff	; 255
      000030 00                     109 	.db #0x00	; 0
      000031 FF                     110 	.db #0xff	; 255
      000032 FE                     111 	.db #0xfe	; 254
      000033 FF                     112 	.db #0xff	; 255
      000034 FE                     113 	.db #0xfe	; 254
      000035 47                     114 	.db #0x47	; 71	'G'
      000036 FE                     115 	.db #0xfe	; 254
      000037 DF                     116 	.db #0xdf	; 223
      000038 FE                     117 	.db #0xfe	; 254
      000039 CF                     118 	.db #0xcf	; 207
      00003A FE                     119 	.db #0xfe	; 254
      00003B DF                     120 	.db #0xdf	; 223
      00003C FE                     121 	.db #0xfe	; 254
      00003D FF                     122 	.db #0xff	; 255
      00003E 00                     123 	.db #0x00	; 0
      00003F FF                     124 	.db #0xff	; 255
      000040 FF                     125 	.db #0xff	; 255
      000041 FF                     126 	.db #0xff	; 255
      000042 FF                     127 	.db #0xff	; 255
      000043 FF                     128 	.db #0xff	; 255
      000044 B1                     129 	.db #0xb1	; 177
      000045 FF                     130 	.db #0xff	; 255
      000046 B7                     131 	.db #0xb7	; 183
      000047 FF                     132 	.db #0xff	; 255
      000048 B3                     133 	.db #0xb3	; 179
      000049 FF                     134 	.db #0xff	; 255
      00004A 91                     135 	.db #0x91	; 145
      00004B FF                     136 	.db #0xff	; 255
      00004C FF                     137 	.db #0xff	; 255
      00004D FF                     138 	.db #0xff	; 255
      00004E FF                     139 	.db #0xff	; 255
      00004F FF                     140 	.db #0xff	; 255
      000050 FF                     141 	.db #0xff	; 255
      000051 FF                     142 	.db #0xff	; 255
      000052 FF                     143 	.db #0xff	; 255
      000053 FF                     144 	.db #0xff	; 255
      000054 11                     145 	.db #0x11	; 17
      000055 FF                     146 	.db #0xff	; 255
      000056 77                     147 	.db #0x77	; 119	'w'
      000057 FF                     148 	.db #0xff	; 255
      000058 59                     149 	.db #0x59	; 89	'Y'
      000059 FF                     150 	.db #0xff	; 255
      00005A 11                     151 	.db #0x11	; 17
      00005B FF                     152 	.db #0xff	; 255
      00005C FF                     153 	.db #0xff	; 255
      00005D FF                     154 	.db #0xff	; 255
      00005E FF                     155 	.db #0xff	; 255
      00005F FF                     156 	.db #0xff	; 255
      000060 FF                     157 	.db #0xff	; 255
      000061 FF                     158 	.db #0xff	; 255
      000062 FF                     159 	.db #0xff	; 255
      000063 FF                     160 	.db #0xff	; 255
      000064 A8                     161 	.db #0xa8	; 168
      000065 FF                     162 	.db #0xff	; 255
      000066 8B                     163 	.db #0x8b	; 139
      000067 FF                     164 	.db #0xff	; 255
      000068 A9                     165 	.db #0xa9	; 169
      000069 FF                     166 	.db #0xff	; 255
      00006A A8                     167 	.db #0xa8	; 168
      00006B FF                     168 	.db #0xff	; 255
      00006C FF                     169 	.db #0xff	; 255
      00006D FF                     170 	.db #0xff	; 255
      00006E FF                     171 	.db #0xff	; 255
      00006F FF                     172 	.db #0xff	; 255
      000070 FF                     173 	.db #0xff	; 255
      000071 FF                     174 	.db #0xff	; 255
      000072 FF                     175 	.db #0xff	; 255
      000073 FF                     176 	.db #0xff	; 255
      000074 89                     177 	.db #0x89	; 137
      000075 FF                     178 	.db #0xff	; 255
      000076 AA                     179 	.db #0xaa	; 170
      000077 FF                     180 	.db #0xff	; 255
      000078 8A                     181 	.db #0x8a	; 138
      000079 FF                     182 	.db #0xff	; 255
      00007A A9                     183 	.db #0xa9	; 169
      00007B FF                     184 	.db #0xff	; 255
      00007C FF                     185 	.db #0xff	; 255
      00007D FF                     186 	.db #0xff	; 255
      00007E FF                     187 	.db #0xff	; 255
      00007F FF                     188 	.db #0xff	; 255
                                    189 	.area _INITIALIZER
                                    190 	.area _CABS (ABS)
