                                      1 ;--------------------------------------------------------
                                      2 ; File Created by SDCC : free open source ISO C Compiler 
                                      3 ; Version 4.2.2 #13350 (Linux)
                                      4 ;--------------------------------------------------------
                                      5 	.module WindowBorders
                                      6 	.optsdcc -msm83
                                      7 	
                                      8 ;--------------------------------------------------------
                                      9 ; Public variables in this module
                                     10 ;--------------------------------------------------------
                                     11 	.globl _WindowBorders
                                     12 	.globl b___func_WindowBorders_bank
                                     13 	.globl ___func_WindowBorders_bank
                                     14 ;--------------------------------------------------------
                                     15 ; special function registers
                                     16 ;--------------------------------------------------------
                                     17 ;--------------------------------------------------------
                                     18 ; ram data
                                     19 ;--------------------------------------------------------
                                     20 	.area _DATA
                                     21 ;--------------------------------------------------------
                                     22 ; ram data
                                     23 ;--------------------------------------------------------
                                     24 	.area _INITIALIZED
                                     25 ;--------------------------------------------------------
                                     26 ; absolute external ram data
                                     27 ;--------------------------------------------------------
                                     28 	.area _DABS (ABS)
                                     29 ;--------------------------------------------------------
                                     30 ; global & static initialisations
                                     31 ;--------------------------------------------------------
                                     32 	.area _HOME
                                     33 	.area _GSINIT
                                     34 	.area _GSFINAL
                                     35 	.area _GSINIT
                                     36 ;--------------------------------------------------------
                                     37 ; Home
                                     38 ;--------------------------------------------------------
                                     39 	.area _HOME
                                     40 	.area _HOME
                                     41 ;--------------------------------------------------------
                                     42 ; code
                                     43 ;--------------------------------------------------------
                                     44 	.area _CODE_255
                           000000    45 	G$__func_WindowBorders_bank$0$0	= .
                                     46 	.globl	G$__func_WindowBorders_bank$0$0
                           000000    47 	C$WindowBorders.c$28$0_0$98	= .
                                     48 	.globl	C$WindowBorders.c$28$0_0$98
                                     49 ;res/WindowBorders.c:28: BANKREF(WindowBorders_bank)
                                     50 ;	---------------------------------
                                     51 ; Function __func_WindowBorders_bank
                                     52 ; ---------------------------------
                           0000FF    53 	b___func_WindowBorders_bank	= 255
      000000                         54 ___func_WindowBorders_bank::
                                     55 	.local b___func_WindowBorders_bank 
                           0000FF    56 	___bank_WindowBorders_bank = b___func_WindowBorders_bank 
                                     57 	.globl ___bank_WindowBorders_bank 
                                     58 	.area _CODE_255
                           000000    59 G$WindowBorders$0_0$0 == .
      000000                         60 _WindowBorders:
      000000 00                      61 	.db #0x00	; 0
      000001 FF                      62 	.db #0xff	; 255
      000002 00                      63 	.db #0x00	; 0
      000003 80                      64 	.db #0x80	; 128
      000004 00                      65 	.db #0x00	; 0
      000005 80                      66 	.db #0x80	; 128
      000006 00                      67 	.db #0x00	; 0
      000007 80                      68 	.db #0x80	; 128
      000008 00                      69 	.db #0x00	; 0
      000009 80                      70 	.db #0x80	; 128
      00000A 00                      71 	.db #0x00	; 0
      00000B 80                      72 	.db #0x80	; 128
      00000C 00                      73 	.db #0x00	; 0
      00000D 80                      74 	.db #0x80	; 128
      00000E 00                      75 	.db #0x00	; 0
      00000F 80                      76 	.db #0x80	; 128
      000010 00                      77 	.db #0x00	; 0
      000011 FF                      78 	.db #0xff	; 255
      000012 00                      79 	.db #0x00	; 0
      000013 01                      80 	.db #0x01	; 1
      000014 00                      81 	.db #0x00	; 0
      000015 01                      82 	.db #0x01	; 1
      000016 00                      83 	.db #0x00	; 0
      000017 01                      84 	.db #0x01	; 1
      000018 00                      85 	.db #0x00	; 0
      000019 01                      86 	.db #0x01	; 1
      00001A 00                      87 	.db #0x00	; 0
      00001B 01                      88 	.db #0x01	; 1
      00001C 00                      89 	.db #0x00	; 0
      00001D 01                      90 	.db #0x01	; 1
      00001E 00                      91 	.db #0x00	; 0
      00001F 01                      92 	.db #0x01	; 1
      000020 00                      93 	.db #0x00	; 0
      000021 80                      94 	.db #0x80	; 128
      000022 00                      95 	.db #0x00	; 0
      000023 80                      96 	.db #0x80	; 128
      000024 00                      97 	.db #0x00	; 0
      000025 80                      98 	.db #0x80	; 128
      000026 00                      99 	.db #0x00	; 0
      000027 80                     100 	.db #0x80	; 128
      000028 00                     101 	.db #0x00	; 0
      000029 80                     102 	.db #0x80	; 128
      00002A 00                     103 	.db #0x00	; 0
      00002B 80                     104 	.db #0x80	; 128
      00002C 00                     105 	.db #0x00	; 0
      00002D 80                     106 	.db #0x80	; 128
      00002E 00                     107 	.db #0x00	; 0
      00002F FF                     108 	.db #0xff	; 255
      000030 00                     109 	.db #0x00	; 0
      000031 01                     110 	.db #0x01	; 1
      000032 00                     111 	.db #0x00	; 0
      000033 01                     112 	.db #0x01	; 1
      000034 00                     113 	.db #0x00	; 0
      000035 01                     114 	.db #0x01	; 1
      000036 00                     115 	.db #0x00	; 0
      000037 01                     116 	.db #0x01	; 1
      000038 00                     117 	.db #0x00	; 0
      000039 01                     118 	.db #0x01	; 1
      00003A 00                     119 	.db #0x00	; 0
      00003B 01                     120 	.db #0x01	; 1
      00003C 00                     121 	.db #0x00	; 0
      00003D 01                     122 	.db #0x01	; 1
      00003E 00                     123 	.db #0x00	; 0
      00003F FF                     124 	.db #0xff	; 255
      000040 00                     125 	.db #0x00	; 0
      000041 FF                     126 	.db #0xff	; 255
      000042 00                     127 	.db #0x00	; 0
      000043 00                     128 	.db #0x00	; 0
      000044 00                     129 	.db #0x00	; 0
      000045 00                     130 	.db #0x00	; 0
      000046 00                     131 	.db #0x00	; 0
      000047 00                     132 	.db #0x00	; 0
      000048 00                     133 	.db #0x00	; 0
      000049 00                     134 	.db #0x00	; 0
      00004A 00                     135 	.db #0x00	; 0
      00004B 00                     136 	.db #0x00	; 0
      00004C 00                     137 	.db #0x00	; 0
      00004D 00                     138 	.db #0x00	; 0
      00004E 00                     139 	.db #0x00	; 0
      00004F 00                     140 	.db #0x00	; 0
      000050 00                     141 	.db #0x00	; 0
      000051 80                     142 	.db #0x80	; 128
      000052 00                     143 	.db #0x00	; 0
      000053 80                     144 	.db #0x80	; 128
      000054 00                     145 	.db #0x00	; 0
      000055 80                     146 	.db #0x80	; 128
      000056 00                     147 	.db #0x00	; 0
      000057 80                     148 	.db #0x80	; 128
      000058 00                     149 	.db #0x00	; 0
      000059 80                     150 	.db #0x80	; 128
      00005A 00                     151 	.db #0x00	; 0
      00005B 80                     152 	.db #0x80	; 128
      00005C 00                     153 	.db #0x00	; 0
      00005D 80                     154 	.db #0x80	; 128
      00005E 00                     155 	.db #0x00	; 0
      00005F 80                     156 	.db #0x80	; 128
      000060 00                     157 	.db #0x00	; 0
      000061 01                     158 	.db #0x01	; 1
      000062 00                     159 	.db #0x00	; 0
      000063 01                     160 	.db #0x01	; 1
      000064 00                     161 	.db #0x00	; 0
      000065 01                     162 	.db #0x01	; 1
      000066 00                     163 	.db #0x00	; 0
      000067 01                     164 	.db #0x01	; 1
      000068 00                     165 	.db #0x00	; 0
      000069 01                     166 	.db #0x01	; 1
      00006A 00                     167 	.db #0x00	; 0
      00006B 01                     168 	.db #0x01	; 1
      00006C 00                     169 	.db #0x00	; 0
      00006D 01                     170 	.db #0x01	; 1
      00006E 00                     171 	.db #0x00	; 0
      00006F 01                     172 	.db #0x01	; 1
      000070 00                     173 	.db #0x00	; 0
      000071 00                     174 	.db #0x00	; 0
      000072 00                     175 	.db #0x00	; 0
      000073 00                     176 	.db #0x00	; 0
      000074 00                     177 	.db #0x00	; 0
      000075 00                     178 	.db #0x00	; 0
      000076 00                     179 	.db #0x00	; 0
      000077 00                     180 	.db #0x00	; 0
      000078 00                     181 	.db #0x00	; 0
      000079 00                     182 	.db #0x00	; 0
      00007A 00                     183 	.db #0x00	; 0
      00007B 00                     184 	.db #0x00	; 0
      00007C 00                     185 	.db #0x00	; 0
      00007D 00                     186 	.db #0x00	; 0
      00007E 00                     187 	.db #0x00	; 0
      00007F FF                     188 	.db #0xff	; 255
                                    189 	.area _INITIALIZER
                                    190 	.area _CABS (ABS)
